2019-05-25 14:52:09,876:INFO: Loaded config:

2019-05-25 14:52:09,877:INFO: ==============================

2019-05-25 14:52:09,877:INFO: name: Arithmetic NTM

task:
  name: arithmetic
  min_len: 3
  max_len: 20
  batch_size: 16
  task: "+"

model:
  name: ntm
  mem_word_length: 20
  mem_cells_count: 128
  n_writes: 1
  n_reads: 1
  controller_n_hidden: 100
  controller_n_layers: 1
  clip_value: 20
  dropout: 0
  controller: feedforward
  layer_sizes: [150, 150, 150]
  controller_output: 100

curriculum: null

gpu: true
seed: 1

scheduler: null

optimizer: rmsprop
learning_rate: 0.001
momentum: 0.9
gradient_clipping: 10.0
gpu: true

checkpoint_interval: 500
report_interval: 200
verbose_interval: 10
exit_after: null

2019-05-25 14:52:09,877:INFO: ==============================

2019-05-25 14:52:09,877:INFO: Start training
2019-05-25 14:52:16,913:INFO: Loaded model
2019-05-25 14:52:16,913:INFO: Total number of parameters 74226
2019-05-25 14:52:20,971:INFO: Iter: 10, Sequences: 160, loss: 22.47, cost: 4.99, (405.71 ms/iter)
2019-05-25 14:52:24,726:INFO: Iter: 20, Sequences: 320, loss: 8.57, cost: 4.48, (375.44 ms/iter)
2019-05-25 14:52:28,627:INFO: Iter: 30, Sequences: 480, loss: 9.04, cost: 5.03, (390.12 ms/iter)
2019-05-25 14:52:32,523:INFO: Iter: 40, Sequences: 640, loss: 8.05, cost: 4.47, (389.57 ms/iter)
2019-05-25 14:52:36,345:INFO: Iter: 50, Sequences: 800, loss: 7.09, cost: 4.01, (382.28 ms/iter)
2019-05-25 14:52:40,286:INFO: Iter: 60, Sequences: 960, loss: 7.47, cost: 4.17, (394.10 ms/iter)
2019-05-25 14:52:44,119:INFO: Iter: 70, Sequences: 1120, loss: 7.37, cost: 4.44, (383.23 ms/iter)
2019-05-25 14:52:47,976:INFO: Iter: 80, Sequences: 1280, loss: 7.01, cost: 4.11, (385.72 ms/iter)
2019-05-25 14:52:51,758:INFO: Iter: 90, Sequences: 1440, loss: 7.29, cost: 4.10, (378.18 ms/iter)
2019-05-25 14:52:55,552:INFO: Iter: 100, Sequences: 1600, loss: 7.21, cost: 4.03, (379.47 ms/iter)
2019-05-25 14:52:59,442:INFO: Iter: 110, Sequences: 1760, loss: 6.57, cost: 3.88, (389.00 ms/iter)
2019-05-25 14:53:03,233:INFO: Iter: 120, Sequences: 1920, loss: 6.51, cost: 3.84, (379.05 ms/iter)
2019-05-25 14:53:07,124:INFO: Iter: 130, Sequences: 2080, loss: 7.01, cost: 4.11, (389.08 ms/iter)
2019-05-25 14:53:11,072:INFO: Iter: 140, Sequences: 2240, loss: 6.82, cost: 4.17, (394.82 ms/iter)
2019-05-25 14:53:14,889:INFO: Iter: 150, Sequences: 2400, loss: 6.47, cost: 4.18, (381.69 ms/iter)
2019-05-25 14:53:18,771:INFO: Iter: 160, Sequences: 2560, loss: 6.58, cost: 4.12, (388.23 ms/iter)
2019-05-25 14:53:22,625:INFO: Iter: 170, Sequences: 2720, loss: 6.54, cost: 4.05, (385.44 ms/iter)
2019-05-25 14:53:26,519:INFO: Iter: 180, Sequences: 2880, loss: 6.70, cost: 4.24, (389.34 ms/iter)
2019-05-25 14:53:30,413:INFO: Iter: 190, Sequences: 3040, loss: 6.65, cost: 4.07, (389.37 ms/iter)
2019-05-25 14:53:34,254:INFO: Iter: 200, Sequences: 3200, loss: 6.54, cost: 4.11, (384.13 ms/iter)
2019-05-25 14:53:38,060:INFO: Iter: 210, Sequences: 3360, loss: 6.33, cost: 3.61, (380.63 ms/iter)
2019-05-25 14:53:41,978:INFO: Iter: 220, Sequences: 3520, loss: 6.84, cost: 4.25, (391.74 ms/iter)
2019-05-25 14:53:45,837:INFO: Iter: 230, Sequences: 3680, loss: 6.69, cost: 4.03, (385.90 ms/iter)
2019-05-25 14:53:49,707:INFO: Iter: 240, Sequences: 3840, loss: 7.10, cost: 4.34, (387.02 ms/iter)
2019-05-25 14:53:53,566:INFO: Iter: 250, Sequences: 4000, loss: 6.31, cost: 3.89, (385.94 ms/iter)
2019-05-25 14:53:57,389:INFO: Iter: 260, Sequences: 4160, loss: 6.01, cost: 3.76, (382.26 ms/iter)
2019-05-25 14:54:01,283:INFO: Iter: 270, Sequences: 4320, loss: 6.69, cost: 4.32, (389.43 ms/iter)
2019-05-25 14:54:05,130:INFO: Iter: 280, Sequences: 4480, loss: 6.72, cost: 4.17, (384.70 ms/iter)
2019-05-25 14:54:09,027:INFO: Iter: 290, Sequences: 4640, loss: 6.35, cost: 3.87, (389.65 ms/iter)
2019-05-25 14:54:12,830:INFO: Iter: 300, Sequences: 4800, loss: 6.40, cost: 4.24, (380.35 ms/iter)
2019-05-25 14:54:16,696:INFO: Iter: 310, Sequences: 4960, loss: 6.20, cost: 3.71, (386.62 ms/iter)
2019-05-25 14:54:20,800:INFO: Iter: 320, Sequences: 5120, loss: 7.19, cost: 4.29, (410.31 ms/iter)
2019-05-25 14:54:24,607:INFO: Iter: 330, Sequences: 5280, loss: 6.49, cost: 4.12, (380.78 ms/iter)
2019-05-25 14:54:28,440:INFO: Iter: 340, Sequences: 5440, loss: 6.76, cost: 4.06, (383.28 ms/iter)
2019-05-25 14:54:32,366:INFO: Iter: 350, Sequences: 5600, loss: 6.44, cost: 4.09, (392.55 ms/iter)
2019-05-25 14:54:36,136:INFO: Iter: 360, Sequences: 5760, loss: 5.88, cost: 3.61, (377.07 ms/iter)
2019-05-25 14:54:40,020:INFO: Iter: 370, Sequences: 5920, loss: 6.23, cost: 3.90, (388.32 ms/iter)
2019-05-25 14:54:43,833:INFO: Iter: 380, Sequences: 6080, loss: 6.16, cost: 3.84, (381.30 ms/iter)
2019-05-25 14:54:47,602:INFO: Iter: 390, Sequences: 6240, loss: 6.07, cost: 3.61, (376.97 ms/iter)
2019-05-25 14:54:51,497:INFO: Iter: 400, Sequences: 6400, loss: 6.76, cost: 4.14, (389.51 ms/iter)
2019-05-25 14:54:55,426:INFO: Iter: 410, Sequences: 6560, loss: 6.36, cost: 4.06, (392.90 ms/iter)
2019-05-25 14:54:59,180:INFO: Iter: 420, Sequences: 6720, loss: 6.17, cost: 3.91, (375.37 ms/iter)
2019-05-25 14:55:03,124:INFO: Iter: 430, Sequences: 6880, loss: 7.52, cost: 4.31, (394.40 ms/iter)
2019-05-25 14:55:07,037:INFO: Iter: 440, Sequences: 7040, loss: 6.94, cost: 4.22, (391.31 ms/iter)
2019-05-25 14:55:10,885:INFO: Iter: 450, Sequences: 7200, loss: 6.19, cost: 3.86, (384.78 ms/iter)
2019-05-25 14:55:14,837:INFO: Iter: 460, Sequences: 7360, loss: 6.38, cost: 3.81, (395.16 ms/iter)
2019-05-25 14:55:18,789:INFO: Iter: 470, Sequences: 7520, loss: 6.37, cost: 4.05, (395.24 ms/iter)
2019-05-25 14:55:22,715:INFO: Iter: 480, Sequences: 7680, loss: 6.56, cost: 3.98, (392.57 ms/iter)
2019-05-25 14:55:26,688:INFO: Iter: 490, Sequences: 7840, loss: 6.21, cost: 3.98, (397.30 ms/iter)
2019-05-25 14:55:30,590:INFO: Iter: 500, Sequences: 8000, loss: 6.53, cost: 3.94, (390.21 ms/iter)
2019-05-25 14:55:30,590:INFO: Saving checkpoint
2019-05-25 14:55:30,594:INFO: Validating model on longer sequences
2019-05-25 14:55:35,665:INFO: Iter: 510, Sequences: 8160, loss: 7.03, cost: 4.22, (507.52 ms/iter)
2019-05-25 14:55:39,570:INFO: Iter: 520, Sequences: 8320, loss: 6.63, cost: 4.11, (390.51 ms/iter)
2019-05-25 14:55:43,554:INFO: Iter: 530, Sequences: 8480, loss: 6.25, cost: 4.11, (398.41 ms/iter)
2019-05-25 14:55:47,529:INFO: Iter: 540, Sequences: 8640, loss: 6.46, cost: 4.08, (397.47 ms/iter)
2019-05-25 14:55:51,540:INFO: Iter: 550, Sequences: 8800, loss: 6.34, cost: 3.87, (401.11 ms/iter)
2019-05-25 14:55:55,488:INFO: Iter: 560, Sequences: 8960, loss: 5.92, cost: 3.94, (394.82 ms/iter)
2019-05-25 14:55:59,500:INFO: Iter: 570, Sequences: 9120, loss: 6.34, cost: 3.92, (401.16 ms/iter)
2019-05-25 14:56:03,409:INFO: Iter: 580, Sequences: 9280, loss: 6.10, cost: 3.98, (390.91 ms/iter)
2019-05-25 14:56:07,341:INFO: Iter: 590, Sequences: 9440, loss: 6.12, cost: 3.92, (393.23 ms/iter)
2019-05-25 14:56:11,378:INFO: Iter: 600, Sequences: 9600, loss: 6.01, cost: 3.86, (403.69 ms/iter)
2019-05-25 14:56:15,347:INFO: Iter: 610, Sequences: 9760, loss: 6.62, cost: 3.92, (396.95 ms/iter)
2019-05-25 14:56:19,255:INFO: Iter: 620, Sequences: 9920, loss: 6.27, cost: 4.03, (390.79 ms/iter)
2019-05-25 14:56:23,240:INFO: Iter: 630, Sequences: 10080, loss: 5.97, cost: 3.66, (398.51 ms/iter)
2019-05-25 14:56:27,126:INFO: Iter: 640, Sequences: 10240, loss: 6.24, cost: 4.08, (388.57 ms/iter)
2019-05-25 14:56:31,163:INFO: Iter: 650, Sequences: 10400, loss: 6.57, cost: 4.19, (403.70 ms/iter)
2019-05-25 14:56:35,114:INFO: Iter: 660, Sequences: 10560, loss: 6.41, cost: 3.81, (395.07 ms/iter)
2019-05-25 14:56:39,098:INFO: Iter: 670, Sequences: 10720, loss: 6.31, cost: 3.91, (398.42 ms/iter)
2019-05-25 14:56:43,115:INFO: Iter: 680, Sequences: 10880, loss: 6.09, cost: 3.79, (401.72 ms/iter)
2019-05-25 14:56:47,025:INFO: Iter: 690, Sequences: 11040, loss: 5.80, cost: 3.60, (390.94 ms/iter)
2019-05-25 14:56:50,934:INFO: Iter: 700, Sequences: 11200, loss: 5.84, cost: 3.47, (390.95 ms/iter)
2019-05-25 14:56:54,824:INFO: Iter: 710, Sequences: 11360, loss: 6.57, cost: 4.05, (389.02 ms/iter)
2019-05-25 14:56:58,795:INFO: Iter: 720, Sequences: 11520, loss: 6.33, cost: 3.76, (397.07 ms/iter)
2019-05-25 14:57:02,775:INFO: Iter: 730, Sequences: 11680, loss: 6.21, cost: 4.06, (398.01 ms/iter)
2019-05-25 14:57:06,562:INFO: Iter: 740, Sequences: 11840, loss: 5.87, cost: 3.70, (378.71 ms/iter)
2019-05-25 14:57:10,507:INFO: Iter: 750, Sequences: 12000, loss: 5.90, cost: 3.82, (394.47 ms/iter)
2019-05-25 14:57:14,521:INFO: Iter: 760, Sequences: 12160, loss: 5.99, cost: 3.73, (401.40 ms/iter)
2019-05-25 14:57:18,637:INFO: Iter: 770, Sequences: 12320, loss: 6.52, cost: 4.00, (411.65 ms/iter)
2019-05-25 14:57:22,594:INFO: Iter: 780, Sequences: 12480, loss: 6.31, cost: 4.14, (395.71 ms/iter)
2019-05-25 14:57:26,460:INFO: Iter: 790, Sequences: 12640, loss: 5.97, cost: 3.61, (386.57 ms/iter)
2019-05-25 14:57:30,454:INFO: Iter: 800, Sequences: 12800, loss: 6.26, cost: 3.92, (399.38 ms/iter)
2019-05-25 14:57:34,398:INFO: Iter: 810, Sequences: 12960, loss: 6.27, cost: 4.02, (394.36 ms/iter)
2019-05-25 14:57:38,370:INFO: Iter: 820, Sequences: 13120, loss: 6.45, cost: 3.89, (397.21 ms/iter)
2019-05-25 14:57:42,150:INFO: Iter: 830, Sequences: 13280, loss: 6.31, cost: 3.86, (378.07 ms/iter)
2019-05-25 14:57:46,001:INFO: Iter: 840, Sequences: 13440, loss: 5.82, cost: 3.88, (385.10 ms/iter)
2019-05-25 14:57:49,719:INFO: Iter: 850, Sequences: 13600, loss: 6.10, cost: 3.68, (371.73 ms/iter)
2019-05-25 14:57:53,561:INFO: Iter: 860, Sequences: 13760, loss: 6.04, cost: 3.83, (384.29 ms/iter)
2019-05-25 14:57:57,327:INFO: Iter: 870, Sequences: 13920, loss: 6.18, cost: 4.04, (376.53 ms/iter)
2019-05-25 14:58:01,201:INFO: Iter: 880, Sequences: 14080, loss: 5.59, cost: 3.42, (387.43 ms/iter)
2019-05-25 14:58:05,134:INFO: Iter: 890, Sequences: 14240, loss: 5.52, cost: 3.50, (393.27 ms/iter)
2019-05-25 14:58:09,008:INFO: Iter: 900, Sequences: 14400, loss: 6.47, cost: 4.22, (387.42 ms/iter)
2019-05-25 14:58:12,911:INFO: Iter: 910, Sequences: 14560, loss: 6.25, cost: 4.05, (390.32 ms/iter)
2019-05-25 14:58:16,785:INFO: Iter: 920, Sequences: 14720, loss: 6.35, cost: 4.11, (387.38 ms/iter)
2019-05-25 14:58:20,702:INFO: Iter: 930, Sequences: 14880, loss: 6.43, cost: 4.12, (391.76 ms/iter)
2019-05-25 14:58:24,493:INFO: Iter: 940, Sequences: 15040, loss: 6.20, cost: 3.96, (379.02 ms/iter)
2019-05-25 14:58:28,386:INFO: Iter: 950, Sequences: 15200, loss: 6.54, cost: 4.07, (389.32 ms/iter)
2019-05-25 14:58:32,276:INFO: Iter: 960, Sequences: 15360, loss: 5.95, cost: 3.86, (388.99 ms/iter)
2019-05-25 14:58:36,130:INFO: Iter: 970, Sequences: 15520, loss: 5.61, cost: 3.54, (385.47 ms/iter)
2019-05-25 14:58:40,070:INFO: Iter: 980, Sequences: 15680, loss: 6.10, cost: 3.83, (393.99 ms/iter)
2019-05-25 14:58:43,981:INFO: Iter: 990, Sequences: 15840, loss: 6.14, cost: 3.73, (391.08 ms/iter)
2019-05-25 14:58:47,878:INFO: Iter: 1000, Sequences: 16000, loss: 6.41, cost: 3.96, (389.66 ms/iter)
2019-05-25 14:58:47,878:INFO: Saving checkpoint
2019-05-25 14:58:47,882:INFO: Validating model on longer sequences
2019-05-25 14:58:52,976:INFO: Iter: 1010, Sequences: 16160, loss: 6.79, cost: 4.28, (509.87 ms/iter)
2019-05-25 14:58:56,907:INFO: Iter: 1020, Sequences: 16320, loss: 6.00, cost: 3.88, (393.07 ms/iter)
2019-05-25 14:59:00,887:INFO: Iter: 1030, Sequences: 16480, loss: 6.47, cost: 4.26, (398.04 ms/iter)
2019-05-25 14:59:04,870:INFO: Iter: 1040, Sequences: 16640, loss: 6.23, cost: 3.98, (398.26 ms/iter)
2019-05-25 14:59:08,843:INFO: Iter: 1050, Sequences: 16800, loss: 6.60, cost: 4.36, (397.31 ms/iter)
2019-05-25 14:59:12,715:INFO: Iter: 1060, Sequences: 16960, loss: 6.22, cost: 3.81, (387.23 ms/iter)
2019-05-25 14:59:16,539:INFO: Iter: 1070, Sequences: 17120, loss: 6.01, cost: 3.81, (382.41 ms/iter)
2019-05-25 14:59:20,441:INFO: Iter: 1080, Sequences: 17280, loss: 6.27, cost: 3.97, (390.11 ms/iter)
2019-05-25 14:59:24,374:INFO: Iter: 1090, Sequences: 17440, loss: 6.39, cost: 3.99, (393.35 ms/iter)
2019-05-25 14:59:28,304:INFO: Iter: 1100, Sequences: 17600, loss: 5.88, cost: 3.58, (393.03 ms/iter)
2019-05-25 14:59:32,186:INFO: Iter: 1110, Sequences: 17760, loss: 6.06, cost: 3.79, (388.16 ms/iter)
2019-05-25 14:59:36,098:INFO: Iter: 1120, Sequences: 17920, loss: 6.29, cost: 3.96, (391.20 ms/iter)
2019-05-25 14:59:39,982:INFO: Iter: 1130, Sequences: 18080, loss: 6.11, cost: 3.85, (388.41 ms/iter)
2019-05-25 14:59:43,897:INFO: Iter: 1140, Sequences: 18240, loss: 6.12, cost: 3.78, (391.50 ms/iter)
2019-05-25 14:59:47,772:INFO: Iter: 1150, Sequences: 18400, loss: 5.99, cost: 3.73, (387.52 ms/iter)
2019-05-25 14:59:51,736:INFO: Iter: 1160, Sequences: 18560, loss: 6.06, cost: 3.88, (396.41 ms/iter)
2019-05-25 14:59:55,550:INFO: Iter: 1170, Sequences: 18720, loss: 6.14, cost: 3.91, (381.38 ms/iter)
2019-05-25 14:59:59,396:INFO: Iter: 1180, Sequences: 18880, loss: 6.02, cost: 3.74, (384.65 ms/iter)
2019-05-25 15:00:03,403:INFO: Iter: 1190, Sequences: 19040, loss: 6.63, cost: 4.13, (400.68 ms/iter)
2019-05-25 15:00:07,349:INFO: Iter: 1200, Sequences: 19200, loss: 6.51, cost: 4.03, (394.56 ms/iter)
2019-05-25 15:00:11,270:INFO: Iter: 1210, Sequences: 19360, loss: 6.28, cost: 3.96, (392.09 ms/iter)
2019-05-25 15:00:15,227:INFO: Iter: 1220, Sequences: 19520, loss: 6.12, cost: 3.89, (395.72 ms/iter)
2019-05-25 15:00:19,168:INFO: Iter: 1230, Sequences: 19680, loss: 6.53, cost: 4.03, (394.11 ms/iter)
2019-05-25 15:00:22,932:INFO: Iter: 1240, Sequences: 19840, loss: 6.07, cost: 3.92, (376.42 ms/iter)
2019-05-25 15:00:26,829:INFO: Iter: 1250, Sequences: 20000, loss: 6.20, cost: 3.82, (389.66 ms/iter)
2019-05-25 15:00:30,761:INFO: Iter: 1260, Sequences: 20160, loss: 6.19, cost: 4.14, (393.18 ms/iter)
2019-05-25 15:00:34,730:INFO: Iter: 1270, Sequences: 20320, loss: 6.14, cost: 3.88, (396.95 ms/iter)
2019-05-25 15:00:38,644:INFO: Iter: 1280, Sequences: 20480, loss: 6.40, cost: 3.96, (391.35 ms/iter)
2019-05-25 15:00:42,522:INFO: Iter: 1290, Sequences: 20640, loss: 5.96, cost: 3.86, (387.83 ms/iter)
2019-05-25 15:00:46,453:INFO: Iter: 1300, Sequences: 20800, loss: 6.06, cost: 3.97, (393.12 ms/iter)
2019-05-25 15:00:50,338:INFO: Iter: 1310, Sequences: 20960, loss: 6.03, cost: 3.75, (388.43 ms/iter)
2019-05-25 15:00:54,193:INFO: Iter: 1320, Sequences: 21120, loss: 6.06, cost: 3.69, (385.51 ms/iter)
2019-05-25 15:00:58,098:INFO: Iter: 1330, Sequences: 21280, loss: 6.12, cost: 3.79, (390.51 ms/iter)
2019-05-25 15:01:01,992:INFO: Iter: 1340, Sequences: 21440, loss: 6.00, cost: 3.75, (389.47 ms/iter)
2019-05-25 15:01:05,974:INFO: Iter: 1350, Sequences: 21600, loss: 6.33, cost: 3.97, (398.15 ms/iter)
2019-05-25 15:01:09,893:INFO: Iter: 1360, Sequences: 21760, loss: 5.94, cost: 3.75, (391.93 ms/iter)
2019-05-25 15:01:13,772:INFO: Iter: 1370, Sequences: 21920, loss: 6.08, cost: 3.73, (387.93 ms/iter)
2019-05-25 15:01:17,784:INFO: Iter: 1380, Sequences: 22080, loss: 5.81, cost: 3.42, (401.20 ms/iter)
2019-05-25 15:01:21,757:INFO: Iter: 1390, Sequences: 22240, loss: 5.96, cost: 3.67, (397.30 ms/iter)
2019-05-25 15:01:25,604:INFO: Iter: 1400, Sequences: 22400, loss: 6.37, cost: 4.24, (384.63 ms/iter)
2019-05-25 15:01:29,454:INFO: Iter: 1410, Sequences: 22560, loss: 5.78, cost: 3.61, (385.03 ms/iter)
2019-05-25 15:01:33,356:INFO: Iter: 1420, Sequences: 22720, loss: 6.02, cost: 3.68, (390.25 ms/iter)
2019-05-25 15:01:37,296:INFO: Iter: 1430, Sequences: 22880, loss: 6.07, cost: 3.74, (393.99 ms/iter)
2019-05-25 15:01:41,337:INFO: Iter: 1440, Sequences: 23040, loss: 6.13, cost: 3.84, (404.05 ms/iter)
2019-05-25 15:01:45,301:INFO: Iter: 1450, Sequences: 23200, loss: 5.98, cost: 3.91, (396.46 ms/iter)
2019-05-25 15:01:49,220:INFO: Iter: 1460, Sequences: 23360, loss: 5.80, cost: 3.55, (391.87 ms/iter)
2019-05-25 15:01:53,095:INFO: Iter: 1470, Sequences: 23520, loss: 5.94, cost: 3.61, (387.45 ms/iter)
2019-05-25 15:01:57,027:INFO: Iter: 1480, Sequences: 23680, loss: 6.04, cost: 3.81, (393.29 ms/iter)
2019-05-25 15:02:00,929:INFO: Iter: 1490, Sequences: 23840, loss: 5.96, cost: 3.83, (390.14 ms/iter)
2019-05-25 15:02:04,855:INFO: Iter: 1500, Sequences: 24000, loss: 6.61, cost: 4.09, (392.59 ms/iter)
2019-05-25 15:02:04,856:INFO: Saving checkpoint
2019-05-25 15:02:04,859:INFO: Validating model on longer sequences
2019-05-25 15:02:09,938:INFO: Iter: 1510, Sequences: 24160, loss: 6.26, cost: 3.93, (508.30 ms/iter)
2019-05-25 15:02:13,868:INFO: Iter: 1520, Sequences: 24320, loss: 6.43, cost: 3.83, (393.05 ms/iter)
2019-05-25 15:02:17,799:INFO: Iter: 1530, Sequences: 24480, loss: 6.47, cost: 3.92, (393.09 ms/iter)
2019-05-25 15:02:21,751:INFO: Iter: 1540, Sequences: 24640, loss: 5.89, cost: 3.60, (395.21 ms/iter)
2019-05-25 15:02:25,631:INFO: Iter: 1550, Sequences: 24800, loss: 6.01, cost: 3.93, (387.99 ms/iter)
2019-05-25 15:02:29,619:INFO: Iter: 1560, Sequences: 24960, loss: 6.40, cost: 3.95, (398.83 ms/iter)
2019-05-25 15:02:33,464:INFO: Iter: 1570, Sequences: 25120, loss: 6.13, cost: 3.88, (384.48 ms/iter)
2019-05-25 15:02:37,401:INFO: Iter: 1580, Sequences: 25280, loss: 5.89, cost: 3.76, (393.65 ms/iter)
2019-05-25 15:02:41,300:INFO: Iter: 1590, Sequences: 25440, loss: 6.14, cost: 3.93, (389.93 ms/iter)
2019-05-25 15:02:45,222:INFO: Iter: 1600, Sequences: 25600, loss: 5.83, cost: 3.73, (392.17 ms/iter)
2019-05-25 15:02:49,105:INFO: Iter: 1610, Sequences: 25760, loss: 6.22, cost: 3.91, (388.37 ms/iter)
2019-05-25 15:02:53,044:INFO: Iter: 1620, Sequences: 25920, loss: 6.65, cost: 4.11, (393.88 ms/iter)
2019-05-25 15:02:56,997:INFO: Iter: 1630, Sequences: 26080, loss: 6.07, cost: 3.61, (395.27 ms/iter)
2019-05-25 15:03:00,851:INFO: Iter: 1640, Sequences: 26240, loss: 6.01, cost: 3.49, (385.38 ms/iter)
2019-05-25 15:03:04,742:INFO: Iter: 1650, Sequences: 26400, loss: 6.18, cost: 3.88, (389.10 ms/iter)
2019-05-25 15:03:08,587:INFO: Iter: 1660, Sequences: 26560, loss: 5.88, cost: 3.67, (384.56 ms/iter)
2019-05-25 15:03:12,461:INFO: Iter: 1670, Sequences: 26720, loss: 5.75, cost: 3.62, (387.32 ms/iter)
2019-05-25 15:03:16,137:INFO: Iter: 1680, Sequences: 26880, loss: 6.01, cost: 3.69, (367.60 ms/iter)
2019-05-25 15:03:20,089:INFO: Iter: 1690, Sequences: 27040, loss: 6.10, cost: 3.93, (395.27 ms/iter)
2019-05-25 15:03:23,998:INFO: Iter: 1700, Sequences: 27200, loss: 6.37, cost: 4.12, (390.83 ms/iter)
2019-05-25 15:03:27,897:INFO: Iter: 1710, Sequences: 27360, loss: 6.42, cost: 4.13, (389.92 ms/iter)
2019-05-25 15:03:31,873:INFO: Iter: 1720, Sequences: 27520, loss: 6.45, cost: 4.26, (397.59 ms/iter)
2019-05-25 15:03:35,804:INFO: Iter: 1730, Sequences: 27680, loss: 6.12, cost: 3.86, (393.12 ms/iter)
2019-05-25 15:03:39,630:INFO: Iter: 1740, Sequences: 27840, loss: 5.98, cost: 3.88, (382.57 ms/iter)
2019-05-25 15:03:43,590:INFO: Iter: 1750, Sequences: 28000, loss: 6.35, cost: 3.98, (396.07 ms/iter)
2019-05-25 15:03:47,530:INFO: Iter: 1760, Sequences: 28160, loss: 6.49, cost: 4.11, (393.96 ms/iter)
2019-05-25 15:03:51,378:INFO: Iter: 1770, Sequences: 28320, loss: 6.14, cost: 3.74, (384.85 ms/iter)
2019-05-25 15:03:55,213:INFO: Iter: 1780, Sequences: 28480, loss: 5.92, cost: 3.61, (383.48 ms/iter)
2019-05-25 15:03:59,122:INFO: Iter: 1790, Sequences: 28640, loss: 7.57, cost: 4.19, (390.88 ms/iter)
2019-05-25 15:04:02,980:INFO: Iter: 1800, Sequences: 28800, loss: 6.88, cost: 4.24, (385.84 ms/iter)
2019-05-25 15:04:06,844:INFO: Iter: 1810, Sequences: 28960, loss: 6.64, cost: 4.08, (386.40 ms/iter)
2019-05-25 15:04:10,707:INFO: Iter: 1820, Sequences: 29120, loss: 6.29, cost: 3.79, (386.29 ms/iter)
2019-05-25 15:04:14,515:INFO: Iter: 1830, Sequences: 29280, loss: 6.85, cost: 3.77, (380.80 ms/iter)
2019-05-25 15:04:18,325:INFO: Iter: 1840, Sequences: 29440, loss: 6.44, cost: 3.90, (381.02 ms/iter)
2019-05-25 15:04:22,176:INFO: Iter: 1850, Sequences: 29600, loss: 6.60, cost: 4.05, (385.04 ms/iter)
2019-05-25 15:04:26,096:INFO: Iter: 1860, Sequences: 29760, loss: 7.02, cost: 4.17, (391.97 ms/iter)
2019-05-25 15:04:29,826:INFO: Iter: 1870, Sequences: 29920, loss: 5.78, cost: 3.66, (373.02 ms/iter)
2019-05-25 15:04:33,779:INFO: Iter: 1880, Sequences: 30080, loss: 6.38, cost: 4.06, (395.30 ms/iter)
2019-05-25 15:04:37,634:INFO: Iter: 1890, Sequences: 30240, loss: 6.08, cost: 3.98, (385.55 ms/iter)
2019-05-25 15:04:41,599:INFO: Iter: 1900, Sequences: 30400, loss: 6.14, cost: 3.89, (396.52 ms/iter)
2019-05-25 15:04:45,585:INFO: Iter: 1910, Sequences: 30560, loss: 5.95, cost: 3.79, (398.50 ms/iter)
2019-05-25 15:04:49,548:INFO: Iter: 1920, Sequences: 30720, loss: 6.74, cost: 4.25, (396.35 ms/iter)
2019-05-25 15:04:53,491:INFO: Iter: 1930, Sequences: 30880, loss: 6.09, cost: 3.82, (394.25 ms/iter)
2019-05-25 15:04:57,305:INFO: Iter: 1940, Sequences: 31040, loss: 5.75, cost: 3.58, (381.44 ms/iter)
2019-05-25 15:05:01,182:INFO: Iter: 1950, Sequences: 31200, loss: 6.44, cost: 4.19, (387.70 ms/iter)
2019-05-25 15:05:04,978:INFO: Iter: 1960, Sequences: 31360, loss: 5.91, cost: 3.70, (379.61 ms/iter)
2019-05-25 15:05:08,983:INFO: Iter: 1970, Sequences: 31520, loss: 6.44, cost: 4.12, (400.49 ms/iter)
2019-05-25 15:05:12,901:INFO: Iter: 1980, Sequences: 31680, loss: 6.27, cost: 4.08, (391.81 ms/iter)
2019-05-25 15:05:16,733:INFO: Iter: 1990, Sequences: 31840, loss: 7.13, cost: 3.99, (383.20 ms/iter)
2019-05-25 15:05:20,609:INFO: Iter: 2000, Sequences: 32000, loss: 6.87, cost: 4.46, (387.57 ms/iter)
2019-05-25 15:05:20,609:INFO: Saving checkpoint
2019-05-25 15:05:20,613:INFO: Validating model on longer sequences
2019-05-25 15:05:25,588:INFO: Iter: 2010, Sequences: 32160, loss: 6.29, cost: 4.04, (497.89 ms/iter)
2019-05-25 15:05:29,461:INFO: Iter: 2020, Sequences: 32320, loss: 6.51, cost: 4.21, (387.32 ms/iter)
2019-05-25 15:05:33,349:INFO: Iter: 2030, Sequences: 32480, loss: 6.20, cost: 4.01, (388.86 ms/iter)
2019-05-25 15:05:37,212:INFO: Iter: 2040, Sequences: 32640, loss: 6.34, cost: 4.12, (386.25 ms/iter)
2019-05-25 15:05:41,149:INFO: Iter: 2050, Sequences: 32800, loss: 6.41, cost: 4.22, (393.71 ms/iter)
2019-05-25 15:05:45,141:INFO: Iter: 2060, Sequences: 32960, loss: 6.38, cost: 4.11, (399.21 ms/iter)
2019-05-25 15:05:48,988:INFO: Iter: 2070, Sequences: 33120, loss: 5.95, cost: 4.01, (384.65 ms/iter)
2019-05-25 15:05:52,849:INFO: Iter: 2080, Sequences: 33280, loss: 6.26, cost: 4.07, (386.16 ms/iter)
2019-05-25 15:05:56,682:INFO: Iter: 2090, Sequences: 33440, loss: 6.04, cost: 3.78, (383.29 ms/iter)
2019-05-25 15:06:00,678:INFO: Iter: 2100, Sequences: 33600, loss: 6.17, cost: 4.04, (399.55 ms/iter)
2019-05-25 15:06:04,509:INFO: Iter: 2110, Sequences: 33760, loss: 5.72, cost: 3.56, (383.12 ms/iter)
2019-05-25 15:06:08,455:INFO: Iter: 2120, Sequences: 33920, loss: 6.31, cost: 4.32, (394.62 ms/iter)
2019-05-25 15:06:12,430:INFO: Iter: 2130, Sequences: 34080, loss: 6.27, cost: 3.94, (397.52 ms/iter)
2019-05-25 15:06:16,357:INFO: Iter: 2140, Sequences: 34240, loss: 6.29, cost: 4.03, (392.68 ms/iter)
2019-05-25 15:06:20,235:INFO: Iter: 2150, Sequences: 34400, loss: 6.56, cost: 4.03, (387.76 ms/iter)
2019-05-25 15:06:24,077:INFO: Iter: 2160, Sequences: 34560, loss: 6.01, cost: 3.85, (384.20 ms/iter)
2019-05-25 15:06:28,048:INFO: Iter: 2170, Sequences: 34720, loss: 6.45, cost: 4.12, (397.14 ms/iter)
2019-05-25 15:06:31,918:INFO: Iter: 2180, Sequences: 34880, loss: 6.38, cost: 4.09, (386.99 ms/iter)
2019-05-25 15:06:35,933:INFO: Iter: 2190, Sequences: 35040, loss: 6.18, cost: 4.01, (401.49 ms/iter)
2019-05-25 15:06:39,917:INFO: Iter: 2200, Sequences: 35200, loss: 6.16, cost: 4.09, (398.43 ms/iter)
2019-05-25 15:06:43,862:INFO: Iter: 2210, Sequences: 35360, loss: 6.53, cost: 4.48, (394.45 ms/iter)
2019-05-25 15:06:47,782:INFO: Iter: 2220, Sequences: 35520, loss: 6.38, cost: 4.09, (392.05 ms/iter)
2019-05-25 15:06:51,688:INFO: Iter: 2230, Sequences: 35680, loss: 6.34, cost: 4.28, (390.56 ms/iter)
2019-05-25 15:06:55,580:INFO: Iter: 2240, Sequences: 35840, loss: 6.13, cost: 3.89, (389.27 ms/iter)
2019-05-25 15:06:59,539:INFO: Iter: 2250, Sequences: 36000, loss: 6.41, cost: 4.19, (395.84 ms/iter)
2019-05-25 15:07:03,458:INFO: Iter: 2260, Sequences: 36160, loss: 6.04, cost: 3.92, (391.92 ms/iter)
2019-05-25 15:07:07,373:INFO: Iter: 2270, Sequences: 36320, loss: 6.27, cost: 4.00, (391.46 ms/iter)
2019-05-25 15:07:11,312:INFO: Iter: 2280, Sequences: 36480, loss: 6.28, cost: 4.01, (393.91 ms/iter)
2019-05-25 15:07:15,190:INFO: Iter: 2290, Sequences: 36640, loss: 6.14, cost: 3.94, (387.78 ms/iter)
2019-05-25 15:07:19,103:INFO: Iter: 2300, Sequences: 36800, loss: 6.35, cost: 4.19, (391.34 ms/iter)
2019-05-25 15:07:23,024:INFO: Iter: 2310, Sequences: 36960, loss: 6.05, cost: 4.05, (392.12 ms/iter)
2019-05-25 15:07:26,902:INFO: Iter: 2320, Sequences: 37120, loss: 5.73, cost: 3.75, (387.75 ms/iter)
2019-05-25 15:07:30,774:INFO: Iter: 2330, Sequences: 37280, loss: 6.23, cost: 3.83, (387.28 ms/iter)
2019-05-25 15:07:34,624:INFO: Iter: 2340, Sequences: 37440, loss: 6.35, cost: 4.05, (384.94 ms/iter)
2019-05-25 15:07:38,652:INFO: Iter: 2350, Sequences: 37600, loss: 6.22, cost: 3.89, (402.79 ms/iter)
2019-05-25 15:07:42,634:INFO: Iter: 2360, Sequences: 37760, loss: 6.41, cost: 4.19, (398.24 ms/iter)
2019-05-25 15:07:46,427:INFO: Iter: 2370, Sequences: 37920, loss: 5.60, cost: 3.81, (379.32 ms/iter)
2019-05-25 15:07:50,322:INFO: Iter: 2380, Sequences: 38080, loss: 6.42, cost: 4.13, (389.42 ms/iter)
2019-05-25 15:07:54,333:INFO: Iter: 2390, Sequences: 38240, loss: 6.45, cost: 4.18, (401.12 ms/iter)
2019-05-25 15:07:58,255:INFO: Iter: 2400, Sequences: 38400, loss: 6.41, cost: 4.12, (392.23 ms/iter)
2019-05-25 15:08:02,180:INFO: Iter: 2410, Sequences: 38560, loss: 6.50, cost: 4.18, (392.50 ms/iter)
2019-05-25 15:08:05,953:INFO: Iter: 2420, Sequences: 38720, loss: 6.05, cost: 3.91, (377.26 ms/iter)
2019-05-25 15:08:09,937:INFO: Iter: 2430, Sequences: 38880, loss: 6.33, cost: 4.14, (398.43 ms/iter)
2019-05-25 15:08:13,886:INFO: Iter: 2440, Sequences: 39040, loss: 6.86, cost: 4.57, (394.89 ms/iter)
2019-05-25 15:08:17,787:INFO: Iter: 2450, Sequences: 39200, loss: 6.54, cost: 4.21, (390.06 ms/iter)
2019-05-25 15:08:21,753:INFO: Iter: 2460, Sequences: 39360, loss: 6.50, cost: 4.13, (396.68 ms/iter)
2019-05-25 15:08:25,618:INFO: Iter: 2470, Sequences: 39520, loss: 5.98, cost: 3.81, (386.45 ms/iter)
2019-05-25 15:08:29,559:INFO: Iter: 2480, Sequences: 39680, loss: 5.89, cost: 3.91, (394.11 ms/iter)
2019-05-25 15:08:33,489:INFO: Iter: 2490, Sequences: 39840, loss: 6.45, cost: 4.21, (392.97 ms/iter)
2019-05-25 15:08:37,501:INFO: Iter: 2500, Sequences: 40000, loss: 5.93, cost: 4.05, (401.25 ms/iter)
2019-05-25 15:08:37,502:INFO: Saving checkpoint
2019-05-25 15:08:37,505:INFO: Validating model on longer sequences
2019-05-25 15:08:42,417:INFO: Iter: 2510, Sequences: 40160, loss: 6.38, cost: 4.09, (491.58 ms/iter)
2019-05-25 15:08:46,255:INFO: Iter: 2520, Sequences: 40320, loss: 6.34, cost: 4.03, (383.85 ms/iter)
2019-05-25 15:08:50,179:INFO: Iter: 2530, Sequences: 40480, loss: 6.17, cost: 4.01, (392.37 ms/iter)
2019-05-25 15:08:54,033:INFO: Iter: 2540, Sequences: 40640, loss: 6.32, cost: 3.98, (385.42 ms/iter)
2019-05-25 15:08:57,961:INFO: Iter: 2550, Sequences: 40800, loss: 6.53, cost: 4.23, (392.79 ms/iter)
2019-05-25 15:09:01,765:INFO: Iter: 2560, Sequences: 40960, loss: 6.10, cost: 3.89, (380.36 ms/iter)
2019-05-25 15:09:05,529:INFO: Iter: 2570, Sequences: 41120, loss: 6.04, cost: 3.97, (376.40 ms/iter)
2019-05-25 15:09:09,317:INFO: Iter: 2580, Sequences: 41280, loss: 6.28, cost: 3.92, (378.76 ms/iter)
2019-05-25 15:09:13,118:INFO: Iter: 2590, Sequences: 41440, loss: 5.68, cost: 3.61, (380.16 ms/iter)
2019-05-25 15:09:16,952:INFO: Iter: 2600, Sequences: 41600, loss: 6.08, cost: 3.81, (383.42 ms/iter)
2019-05-25 15:09:20,734:INFO: Iter: 2610, Sequences: 41760, loss: 6.30, cost: 3.92, (378.19 ms/iter)
2019-05-25 15:09:24,505:INFO: Iter: 2620, Sequences: 41920, loss: 6.31, cost: 3.96, (377.06 ms/iter)
2019-05-25 15:09:28,322:INFO: Iter: 2630, Sequences: 42080, loss: 6.64, cost: 4.23, (381.69 ms/iter)
2019-05-25 15:09:32,132:INFO: Iter: 2640, Sequences: 42240, loss: 6.07, cost: 3.88, (381.03 ms/iter)
2019-05-25 15:09:35,925:INFO: Iter: 2650, Sequences: 42400, loss: 6.11, cost: 3.80, (379.32 ms/iter)
2019-05-25 15:09:39,726:INFO: Iter: 2660, Sequences: 42560, loss: 6.11, cost: 3.94, (380.03 ms/iter)
2019-05-25 15:09:43,504:INFO: Iter: 2670, Sequences: 42720, loss: 5.84, cost: 3.79, (377.87 ms/iter)
2019-05-25 15:09:47,275:INFO: Iter: 2680, Sequences: 42880, loss: 6.21, cost: 3.96, (377.05 ms/iter)
2019-05-25 15:09:51,042:INFO: Iter: 2690, Sequences: 43040, loss: 5.99, cost: 3.78, (376.70 ms/iter)
2019-05-25 15:09:54,868:INFO: Iter: 2700, Sequences: 43200, loss: 6.22, cost: 4.01, (382.58 ms/iter)
2019-05-25 15:09:58,637:INFO: Iter: 2710, Sequences: 43360, loss: 5.72, cost: 3.65, (376.92 ms/iter)
2019-05-25 15:10:02,492:INFO: Iter: 2720, Sequences: 43520, loss: 6.38, cost: 3.98, (385.57 ms/iter)
2019-05-25 15:10:06,267:INFO: Iter: 2730, Sequences: 43680, loss: 5.97, cost: 3.78, (377.49 ms/iter)
2019-05-25 15:10:10,135:INFO: Iter: 2740, Sequences: 43840, loss: 6.36, cost: 4.08, (386.76 ms/iter)
2019-05-25 15:10:13,959:INFO: Iter: 2750, Sequences: 44000, loss: 6.20, cost: 4.07, (382.42 ms/iter)
2019-05-25 15:10:17,724:INFO: Iter: 2760, Sequences: 44160, loss: 6.09, cost: 3.91, (376.52 ms/iter)
2019-05-25 15:10:21,526:INFO: Iter: 2770, Sequences: 44320, loss: 6.04, cost: 3.74, (380.16 ms/iter)
2019-05-25 15:10:25,315:INFO: Iter: 2780, Sequences: 44480, loss: 5.83, cost: 3.65, (378.90 ms/iter)
2019-05-25 15:10:29,164:INFO: Iter: 2790, Sequences: 44640, loss: 6.61, cost: 4.13, (384.92 ms/iter)
2019-05-25 15:10:33,004:INFO: Iter: 2800, Sequences: 44800, loss: 6.59, cost: 4.39, (384.02 ms/iter)
2019-05-25 15:10:36,726:INFO: Iter: 2810, Sequences: 44960, loss: 6.13, cost: 3.89, (372.19 ms/iter)
2019-05-25 15:10:40,363:INFO: Iter: 2820, Sequences: 45120, loss: 6.20, cost: 3.98, (363.66 ms/iter)
2019-05-25 15:10:44,199:INFO: Iter: 2830, Sequences: 45280, loss: 6.63, cost: 4.24, (383.63 ms/iter)
2019-05-25 15:10:47,979:INFO: Iter: 2840, Sequences: 45440, loss: 6.12, cost: 3.87, (377.94 ms/iter)
2019-05-25 15:10:51,561:INFO: Iter: 2850, Sequences: 45600, loss: 5.55, cost: 3.60, (358.25 ms/iter)
2019-05-25 15:10:55,373:INFO: Iter: 2860, Sequences: 45760, loss: 6.06, cost: 3.96, (381.17 ms/iter)
2019-05-25 15:10:59,208:INFO: Iter: 2870, Sequences: 45920, loss: 6.37, cost: 4.03, (383.50 ms/iter)
2019-05-25 15:11:03,000:INFO: Iter: 2880, Sequences: 46080, loss: 6.29, cost: 4.03, (379.18 ms/iter)
2019-05-25 15:11:06,816:INFO: Iter: 2890, Sequences: 46240, loss: 6.42, cost: 4.09, (381.59 ms/iter)
2019-05-25 15:11:10,625:INFO: Iter: 2900, Sequences: 46400, loss: 6.56, cost: 4.18, (380.93 ms/iter)
2019-05-25 15:11:14,410:INFO: Iter: 2910, Sequences: 46560, loss: 6.37, cost: 4.06, (378.53 ms/iter)
2019-05-25 15:11:18,146:INFO: Iter: 2920, Sequences: 46720, loss: 6.54, cost: 4.29, (373.60 ms/iter)
2019-05-25 15:11:22,025:INFO: Iter: 2930, Sequences: 46880, loss: 10.29, cost: 4.22, (387.83 ms/iter)
2019-05-25 15:11:25,826:INFO: Iter: 2940, Sequences: 47040, loss: 6.99, cost: 4.00, (380.20 ms/iter)
2019-05-25 15:11:29,673:INFO: Iter: 2950, Sequences: 47200, loss: 6.02, cost: 3.79, (384.70 ms/iter)
2019-05-25 15:11:33,425:INFO: Iter: 2960, Sequences: 47360, loss: 6.69, cost: 3.98, (375.11 ms/iter)
2019-05-25 15:11:37,167:INFO: Iter: 2970, Sequences: 47520, loss: 6.40, cost: 4.04, (374.23 ms/iter)
2019-05-25 15:11:40,932:INFO: Iter: 2980, Sequences: 47680, loss: 7.23, cost: 3.99, (376.47 ms/iter)
2019-05-25 15:11:44,712:INFO: Iter: 2990, Sequences: 47840, loss: 7.91, cost: 4.29, (378.09 ms/iter)
2019-05-25 15:11:48,511:INFO: Iter: 3000, Sequences: 48000, loss: 6.54, cost: 3.95, (379.91 ms/iter)
2019-05-25 15:11:48,512:INFO: Saving checkpoint
2019-05-25 15:11:48,515:INFO: Validating model on longer sequences
2019-05-25 15:11:53,429:INFO: Iter: 3010, Sequences: 48160, loss: 6.50, cost: 4.14, (491.77 ms/iter)
2019-05-25 15:11:57,204:INFO: Iter: 3020, Sequences: 48320, loss: 6.33, cost: 3.77, (377.51 ms/iter)
2019-05-25 15:12:00,842:INFO: Iter: 3030, Sequences: 48480, loss: 5.65, cost: 3.66, (363.82 ms/iter)
2019-05-25 15:12:04,620:INFO: Iter: 3040, Sequences: 48640, loss: 6.77, cost: 4.08, (377.79 ms/iter)
2019-05-25 15:12:08,450:INFO: Iter: 3050, Sequences: 48800, loss: 6.31, cost: 3.76, (382.94 ms/iter)
2019-05-25 15:12:12,210:INFO: Iter: 3060, Sequences: 48960, loss: 5.86, cost: 3.77, (376.00 ms/iter)
2019-05-25 15:12:15,993:INFO: Iter: 3070, Sequences: 49120, loss: 6.47, cost: 4.11, (378.29 ms/iter)
2019-05-25 15:12:19,829:INFO: Iter: 3080, Sequences: 49280, loss: 6.65, cost: 4.53, (383.60 ms/iter)
2019-05-25 15:12:23,669:INFO: Iter: 3090, Sequences: 49440, loss: 5.61, cost: 3.57, (384.01 ms/iter)
2019-05-25 15:12:27,454:INFO: Iter: 3100, Sequences: 49600, loss: 5.81, cost: 3.71, (378.50 ms/iter)
2019-05-25 15:12:31,181:INFO: Iter: 3110, Sequences: 49760, loss: 5.87, cost: 3.72, (372.75 ms/iter)
2019-05-25 15:12:34,965:INFO: Iter: 3120, Sequences: 49920, loss: 6.01, cost: 3.71, (378.41 ms/iter)
2019-05-25 15:12:38,776:INFO: Iter: 3130, Sequences: 50080, loss: 6.11, cost: 3.99, (381.08 ms/iter)
2019-05-25 15:12:42,440:INFO: Iter: 3140, Sequences: 50240, loss: 6.10, cost: 4.08, (366.39 ms/iter)
2019-05-25 15:12:46,143:INFO: Iter: 3150, Sequences: 50400, loss: 6.01, cost: 3.94, (370.34 ms/iter)
2019-05-25 15:12:49,939:INFO: Iter: 3160, Sequences: 50560, loss: 6.26, cost: 4.08, (379.51 ms/iter)
2019-05-25 15:12:53,702:INFO: Iter: 3170, Sequences: 50720, loss: 5.63, cost: 3.77, (376.31 ms/iter)
2019-05-25 15:12:57,359:INFO: Iter: 3180, Sequences: 50880, loss: 6.11, cost: 3.99, (365.75 ms/iter)
2019-05-25 15:13:01,216:INFO: Iter: 3190, Sequences: 51040, loss: 6.24, cost: 4.16, (385.65 ms/iter)
2019-05-25 15:13:04,863:INFO: Iter: 3200, Sequences: 51200, loss: 5.74, cost: 3.46, (364.78 ms/iter)
2019-05-25 15:13:08,559:INFO: Iter: 3210, Sequences: 51360, loss: 6.38, cost: 4.11, (369.55 ms/iter)
2019-05-25 15:13:12,295:INFO: Iter: 3220, Sequences: 51520, loss: 6.30, cost: 3.95, (373.57 ms/iter)
2019-05-25 15:13:16,002:INFO: Iter: 3230, Sequences: 51680, loss: 10.44, cost: 3.83, (370.78 ms/iter)
2019-05-25 15:13:19,725:INFO: Iter: 3240, Sequences: 51840, loss: 7.10, cost: 4.38, (372.23 ms/iter)
2019-05-25 15:13:23,581:INFO: Iter: 3250, Sequences: 52000, loss: 6.85, cost: 4.06, (385.62 ms/iter)
2019-05-25 15:13:27,316:INFO: Iter: 3260, Sequences: 52160, loss: 6.47, cost: 3.91, (373.52 ms/iter)
2019-05-25 15:13:30,978:INFO: Iter: 3270, Sequences: 52320, loss: 6.84, cost: 4.12, (366.24 ms/iter)
2019-05-25 15:13:34,799:INFO: Iter: 3280, Sequences: 52480, loss: 6.71, cost: 3.96, (382.11 ms/iter)
2019-05-25 15:13:38,503:INFO: Iter: 3290, Sequences: 52640, loss: 6.63, cost: 4.06, (370.31 ms/iter)
2019-05-25 15:13:42,331:INFO: Iter: 3300, Sequences: 52800, loss: 6.51, cost: 3.89, (382.89 ms/iter)
2019-05-25 15:13:46,064:INFO: Iter: 3310, Sequences: 52960, loss: 6.18, cost: 3.74, (373.22 ms/iter)
2019-05-25 15:13:49,793:INFO: Iter: 3320, Sequences: 53120, loss: 6.47, cost: 3.84, (372.96 ms/iter)
2019-05-25 15:13:53,563:INFO: Iter: 3330, Sequences: 53280, loss: 6.72, cost: 3.98, (376.99 ms/iter)
2019-05-25 15:13:57,334:INFO: Iter: 3340, Sequences: 53440, loss: 6.48, cost: 4.01, (377.07 ms/iter)
2019-05-25 15:14:01,158:INFO: Iter: 3350, Sequences: 53600, loss: 6.36, cost: 3.81, (382.41 ms/iter)
2019-05-25 15:14:04,901:INFO: Iter: 3360, Sequences: 53760, loss: 6.91, cost: 4.04, (374.30 ms/iter)
2019-05-25 15:14:08,688:INFO: Iter: 3370, Sequences: 53920, loss: 6.85, cost: 4.27, (378.70 ms/iter)
2019-05-25 15:14:12,414:INFO: Iter: 3380, Sequences: 54080, loss: 7.16, cost: 4.42, (372.62 ms/iter)
2019-05-25 15:14:16,204:INFO: Iter: 3390, Sequences: 54240, loss: 6.75, cost: 4.09, (379.03 ms/iter)
2019-05-25 15:14:19,842:INFO: Iter: 3400, Sequences: 54400, loss: 6.98, cost: 4.24, (363.72 ms/iter)
2019-05-25 15:14:23,559:INFO: Iter: 3410, Sequences: 54560, loss: 6.92, cost: 4.43, (371.73 ms/iter)
2019-05-25 15:14:27,318:INFO: Iter: 3420, Sequences: 54720, loss: 6.85, cost: 4.26, (375.87 ms/iter)
2019-05-25 15:14:31,053:INFO: Iter: 3430, Sequences: 54880, loss: 6.30, cost: 3.83, (373.48 ms/iter)
2019-05-25 15:14:34,792:INFO: Iter: 3440, Sequences: 55040, loss: 6.57, cost: 3.92, (373.89 ms/iter)
2019-05-25 15:14:38,667:INFO: Iter: 3450, Sequences: 55200, loss: 6.49, cost: 3.95, (387.56 ms/iter)
2019-05-25 15:14:42,444:INFO: Iter: 3460, Sequences: 55360, loss: 6.69, cost: 4.34, (377.66 ms/iter)
2019-05-25 15:14:46,172:INFO: Iter: 3470, Sequences: 55520, loss: 5.92, cost: 3.62, (372.84 ms/iter)
2019-05-25 15:14:49,900:INFO: Iter: 3480, Sequences: 55680, loss: 6.22, cost: 3.99, (372.82 ms/iter)
2019-05-25 15:14:53,750:INFO: Iter: 3490, Sequences: 55840, loss: 6.43, cost: 4.30, (384.96 ms/iter)
2019-05-25 15:14:57,430:INFO: Iter: 3500, Sequences: 56000, loss: 5.81, cost: 3.73, (368.02 ms/iter)
2019-05-25 15:14:57,430:INFO: Saving checkpoint
2019-05-25 15:14:57,434:INFO: Validating model on longer sequences
2019-05-25 15:15:02,265:INFO: Iter: 3510, Sequences: 56160, loss: 6.27, cost: 3.99, (483.50 ms/iter)
2019-05-25 15:15:06,095:INFO: Iter: 3520, Sequences: 56320, loss: 6.39, cost: 4.11, (382.95 ms/iter)
2019-05-25 15:15:09,751:INFO: Iter: 3530, Sequences: 56480, loss: 5.87, cost: 3.79, (365.65 ms/iter)
2019-05-25 15:15:13,329:INFO: Iter: 3540, Sequences: 56640, loss: 5.65, cost: 3.61, (357.75 ms/iter)
2019-05-25 15:15:17,051:INFO: Iter: 3550, Sequences: 56800, loss: 6.57, cost: 4.17, (372.28 ms/iter)
2019-05-25 15:15:20,849:INFO: Iter: 3560, Sequences: 56960, loss: 6.76, cost: 4.35, (379.72 ms/iter)
2019-05-25 15:15:24,596:INFO: Iter: 3570, Sequences: 57120, loss: 6.59, cost: 4.04, (374.71 ms/iter)
2019-05-25 15:15:28,386:INFO: Iter: 3580, Sequences: 57280, loss: 6.21, cost: 4.01, (379.01 ms/iter)
2019-05-25 15:15:32,087:INFO: Iter: 3590, Sequences: 57440, loss: 6.43, cost: 4.12, (370.17 ms/iter)
2019-05-25 15:15:35,803:INFO: Iter: 3600, Sequences: 57600, loss: 6.12, cost: 3.84, (371.58 ms/iter)
2019-05-25 15:15:39,551:INFO: Iter: 3610, Sequences: 57760, loss: 6.42, cost: 4.26, (374.82 ms/iter)
2019-05-25 15:15:43,374:INFO: Iter: 3620, Sequences: 57920, loss: 6.01, cost: 3.76, (382.26 ms/iter)
2019-05-25 15:15:47,206:INFO: Iter: 3630, Sequences: 58080, loss: 6.52, cost: 4.17, (383.18 ms/iter)
2019-05-25 15:15:50,957:INFO: Iter: 3640, Sequences: 58240, loss: 6.07, cost: 3.66, (375.08 ms/iter)
2019-05-25 15:15:54,777:INFO: Iter: 3650, Sequences: 58400, loss: 6.01, cost: 3.83, (382.05 ms/iter)
2019-05-25 15:15:58,494:INFO: Iter: 3660, Sequences: 58560, loss: 5.71, cost: 3.71, (371.66 ms/iter)
2019-05-25 15:16:02,288:INFO: Iter: 3670, Sequences: 58720, loss: 6.25, cost: 3.93, (379.39 ms/iter)
2019-05-25 15:16:06,104:INFO: Iter: 3680, Sequences: 58880, loss: 6.36, cost: 3.93, (381.69 ms/iter)
2019-05-25 15:16:09,850:INFO: Iter: 3690, Sequences: 59040, loss: 6.07, cost: 3.74, (374.52 ms/iter)
2019-05-25 15:16:13,685:INFO: Iter: 3700, Sequences: 59200, loss: 7.86, cost: 4.26, (383.57 ms/iter)
2019-05-25 15:16:17,478:INFO: Iter: 3710, Sequences: 59360, loss: 6.61, cost: 4.17, (379.28 ms/iter)
2019-05-25 15:16:21,192:INFO: Iter: 3720, Sequences: 59520, loss: 6.15, cost: 3.94, (371.40 ms/iter)
2019-05-25 15:16:24,955:INFO: Iter: 3730, Sequences: 59680, loss: 6.71, cost: 4.20, (376.29 ms/iter)
2019-05-25 15:16:28,693:INFO: Iter: 3740, Sequences: 59840, loss: 5.96, cost: 3.78, (373.85 ms/iter)
2019-05-25 15:16:32,500:INFO: Iter: 3750, Sequences: 60000, loss: 6.38, cost: 3.94, (380.64 ms/iter)
2019-05-25 15:16:36,271:INFO: Iter: 3760, Sequences: 60160, loss: 6.25, cost: 4.09, (377.09 ms/iter)
2019-05-25 15:16:40,055:INFO: Iter: 3770, Sequences: 60320, loss: 6.33, cost: 4.08, (378.43 ms/iter)
2019-05-25 15:16:43,732:INFO: Iter: 3780, Sequences: 60480, loss: 5.86, cost: 3.86, (367.65 ms/iter)
2019-05-25 15:16:47,473:INFO: Iter: 3790, Sequences: 60640, loss: 6.12, cost: 3.86, (374.14 ms/iter)
2019-05-25 15:16:51,234:INFO: Iter: 3800, Sequences: 60800, loss: 6.50, cost: 4.03, (376.06 ms/iter)
2019-05-25 15:16:54,955:INFO: Iter: 3810, Sequences: 60960, loss: 5.95, cost: 3.78, (372.15 ms/iter)
2019-05-25 15:16:58,605:INFO: Iter: 3820, Sequences: 61120, loss: 6.08, cost: 3.91, (364.95 ms/iter)
2019-05-25 15:17:02,321:INFO: Iter: 3830, Sequences: 61280, loss: 5.64, cost: 3.67, (371.67 ms/iter)
2019-05-25 15:17:05,975:INFO: Iter: 3840, Sequences: 61440, loss: 6.07, cost: 3.69, (365.41 ms/iter)
2019-05-25 15:17:09,753:INFO: Iter: 3850, Sequences: 61600, loss: 6.22, cost: 3.74, (377.80 ms/iter)
2019-05-25 15:17:13,496:INFO: Iter: 3860, Sequences: 61760, loss: 6.44, cost: 4.21, (374.30 ms/iter)
2019-05-25 15:17:17,231:INFO: Iter: 3870, Sequences: 61920, loss: 6.46, cost: 4.22, (373.47 ms/iter)
2019-05-25 15:17:21,002:INFO: Iter: 3880, Sequences: 62080, loss: 6.56, cost: 4.16, (377.09 ms/iter)
2019-05-25 15:17:24,722:INFO: Iter: 3890, Sequences: 62240, loss: 5.86, cost: 3.71, (372.02 ms/iter)
2019-05-25 15:17:28,424:INFO: Iter: 3900, Sequences: 62400, loss: 6.31, cost: 4.20, (370.20 ms/iter)
2019-05-25 15:17:32,179:INFO: Iter: 3910, Sequences: 62560, loss: 5.72, cost: 3.71, (375.46 ms/iter)
2019-05-25 15:17:35,884:INFO: Iter: 3920, Sequences: 62720, loss: 6.03, cost: 3.83, (370.53 ms/iter)
2019-05-25 15:17:39,735:INFO: Iter: 3930, Sequences: 62880, loss: 6.78, cost: 4.40, (385.04 ms/iter)
2019-05-25 15:17:43,539:INFO: Iter: 3940, Sequences: 63040, loss: 6.19, cost: 3.96, (380.49 ms/iter)
2019-05-25 15:17:47,418:INFO: Iter: 3950, Sequences: 63200, loss: 6.48, cost: 4.07, (387.84 ms/iter)
2019-05-25 15:17:51,245:INFO: Iter: 3960, Sequences: 63360, loss: 5.68, cost: 3.43, (382.77 ms/iter)
2019-05-25 15:17:55,055:INFO: Iter: 3970, Sequences: 63520, loss: 6.19, cost: 3.78, (380.92 ms/iter)
2019-05-25 15:17:58,884:INFO: Iter: 3980, Sequences: 63680, loss: 6.24, cost: 4.03, (382.90 ms/iter)
2019-05-25 15:18:02,622:INFO: Iter: 3990, Sequences: 63840, loss: 6.35, cost: 3.96, (373.85 ms/iter)
2019-05-25 15:18:06,447:INFO: Iter: 4000, Sequences: 64000, loss: 6.32, cost: 4.03, (382.46 ms/iter)
2019-05-25 15:18:06,447:INFO: Saving checkpoint
2019-05-25 15:18:06,451:INFO: Validating model on longer sequences
2019-05-25 15:18:11,241:INFO: Iter: 4010, Sequences: 64160, loss: 6.10, cost: 3.91, (479.42 ms/iter)
2019-05-25 15:18:14,910:INFO: Iter: 4020, Sequences: 64320, loss: 6.17, cost: 3.92, (366.90 ms/iter)
2019-05-25 15:18:18,730:INFO: Iter: 4030, Sequences: 64480, loss: 6.22, cost: 3.98, (381.96 ms/iter)
2019-05-25 15:18:22,536:INFO: Iter: 4040, Sequences: 64640, loss: 6.93, cost: 4.47, (380.62 ms/iter)
2019-05-25 15:18:26,281:INFO: Iter: 4050, Sequences: 64800, loss: 6.22, cost: 3.98, (374.53 ms/iter)
2019-05-25 15:18:30,040:INFO: Iter: 4060, Sequences: 64960, loss: 6.26, cost: 3.93, (375.85 ms/iter)
2019-05-25 15:18:33,786:INFO: Iter: 4070, Sequences: 65120, loss: 6.27, cost: 3.93, (374.64 ms/iter)
2019-05-25 15:18:37,562:INFO: Iter: 4080, Sequences: 65280, loss: 6.75, cost: 4.21, (377.64 ms/iter)
2019-05-25 15:18:41,369:INFO: Iter: 4090, Sequences: 65440, loss: 7.01, cost: 4.33, (380.70 ms/iter)
2019-05-25 15:18:45,122:INFO: Iter: 4100, Sequences: 65600, loss: 5.91, cost: 3.90, (375.28 ms/iter)
2019-05-25 15:18:48,842:INFO: Iter: 4110, Sequences: 65760, loss: 6.24, cost: 4.02, (371.99 ms/iter)
2019-05-25 15:18:52,535:INFO: Iter: 4120, Sequences: 65920, loss: 6.03, cost: 3.96, (369.26 ms/iter)
2019-05-25 15:18:56,332:INFO: Iter: 4130, Sequences: 66080, loss: 6.14, cost: 3.89, (379.69 ms/iter)
2019-05-25 15:19:00,139:INFO: Iter: 4140, Sequences: 66240, loss: 5.99, cost: 3.85, (380.76 ms/iter)
2019-05-25 15:19:03,919:INFO: Iter: 4150, Sequences: 66400, loss: 6.48, cost: 4.15, (377.96 ms/iter)
2019-05-25 15:19:07,702:INFO: Iter: 4160, Sequences: 66560, loss: 6.61, cost: 4.22, (378.32 ms/iter)
2019-05-25 15:19:11,412:INFO: Iter: 4170, Sequences: 66720, loss: 5.84, cost: 3.55, (371.05 ms/iter)
2019-05-25 15:19:15,179:INFO: Iter: 4180, Sequences: 66880, loss: 6.32, cost: 4.01, (376.65 ms/iter)
2019-05-25 15:19:19,024:INFO: Iter: 4190, Sequences: 67040, loss: 6.30, cost: 3.98, (384.51 ms/iter)
2019-05-25 15:19:22,779:INFO: Iter: 4200, Sequences: 67200, loss: 6.10, cost: 4.03, (375.48 ms/iter)
2019-05-25 15:19:26,579:INFO: Iter: 4210, Sequences: 67360, loss: 6.04, cost: 3.59, (379.98 ms/iter)
2019-05-25 15:19:30,350:INFO: Iter: 4220, Sequences: 67520, loss: 6.50, cost: 4.13, (377.12 ms/iter)
2019-05-25 15:19:34,169:INFO: Iter: 4230, Sequences: 67680, loss: 6.21, cost: 3.84, (381.92 ms/iter)
2019-05-25 15:19:37,919:INFO: Iter: 4240, Sequences: 67840, loss: 5.60, cost: 3.61, (374.96 ms/iter)
2019-05-25 15:19:41,689:INFO: Iter: 4250, Sequences: 68000, loss: 6.25, cost: 3.96, (377.01 ms/iter)
2019-05-25 15:19:45,456:INFO: Iter: 4260, Sequences: 68160, loss: 6.25, cost: 3.98, (376.78 ms/iter)
2019-05-25 15:19:49,212:INFO: Iter: 4270, Sequences: 68320, loss: 6.45, cost: 4.07, (375.51 ms/iter)
2019-05-25 15:19:53,029:INFO: Iter: 4280, Sequences: 68480, loss: 6.44, cost: 4.10, (381.79 ms/iter)
2019-05-25 15:19:56,854:INFO: Iter: 4290, Sequences: 68640, loss: 6.12, cost: 3.85, (382.45 ms/iter)
2019-05-25 15:20:00,512:INFO: Iter: 4300, Sequences: 68800, loss: 6.02, cost: 3.51, (365.77 ms/iter)
2019-05-25 15:20:04,334:INFO: Iter: 4310, Sequences: 68960, loss: 6.25, cost: 4.00, (382.20 ms/iter)
2019-05-25 15:20:07,997:INFO: Iter: 4320, Sequences: 69120, loss: 5.43, cost: 3.45, (366.36 ms/iter)
2019-05-25 15:20:11,617:INFO: Iter: 4330, Sequences: 69280, loss: 6.39, cost: 3.95, (362.02 ms/iter)
2019-05-25 15:20:15,327:INFO: Iter: 4340, Sequences: 69440, loss: 6.07, cost: 3.79, (370.99 ms/iter)
2019-05-25 15:20:19,140:INFO: Iter: 4350, Sequences: 69600, loss: 6.41, cost: 4.08, (381.22 ms/iter)
2019-05-25 15:20:22,934:INFO: Iter: 4360, Sequences: 69760, loss: 6.04, cost: 3.89, (379.45 ms/iter)
2019-05-25 15:20:26,717:INFO: Iter: 4370, Sequences: 69920, loss: 6.22, cost: 4.03, (378.30 ms/iter)
2019-05-25 15:20:30,446:INFO: Iter: 4380, Sequences: 70080, loss: 5.74, cost: 3.78, (372.91 ms/iter)
2019-05-25 15:20:34,298:INFO: Iter: 4390, Sequences: 70240, loss: 6.25, cost: 3.99, (385.19 ms/iter)
2019-05-25 15:20:38,033:INFO: Iter: 4400, Sequences: 70400, loss: 5.52, cost: 3.43, (373.50 ms/iter)
2019-05-25 15:20:41,800:INFO: Iter: 4410, Sequences: 70560, loss: 6.03, cost: 3.96, (376.71 ms/iter)
2019-05-25 15:20:45,602:INFO: Iter: 4420, Sequences: 70720, loss: 6.38, cost: 3.95, (380.23 ms/iter)
2019-05-25 15:20:49,351:INFO: Iter: 4430, Sequences: 70880, loss: 6.44, cost: 3.92, (374.82 ms/iter)
2019-05-25 15:20:53,075:INFO: Iter: 4440, Sequences: 71040, loss: 6.65, cost: 4.08, (372.48 ms/iter)
2019-05-25 15:20:56,981:INFO: Iter: 4450, Sequences: 71200, loss: 6.10, cost: 3.85, (390.57 ms/iter)
2019-05-25 15:21:00,709:INFO: Iter: 4460, Sequences: 71360, loss: 8.77, cost: 3.83, (372.78 ms/iter)
2019-05-25 15:21:04,510:INFO: Iter: 4470, Sequences: 71520, loss: 9.60, cost: 4.26, (380.15 ms/iter)
2019-05-25 15:21:08,258:INFO: Iter: 4480, Sequences: 71680, loss: 6.75, cost: 4.11, (374.73 ms/iter)
2019-05-25 15:21:12,072:INFO: Iter: 4490, Sequences: 71840, loss: 6.41, cost: 3.92, (381.43 ms/iter)
2019-05-25 15:21:15,932:INFO: Iter: 4500, Sequences: 72000, loss: 6.10, cost: 3.62, (386.00 ms/iter)
2019-05-25 15:21:15,932:INFO: Saving checkpoint
2019-05-25 15:21:15,936:INFO: Validating model on longer sequences
2019-05-25 15:21:20,679:INFO: Iter: 4510, Sequences: 72160, loss: 5.96, cost: 3.74, (474.69 ms/iter)
2019-05-25 15:21:24,479:INFO: Iter: 4520, Sequences: 72320, loss: 6.35, cost: 3.98, (380.01 ms/iter)
2019-05-25 15:21:28,204:INFO: Iter: 4530, Sequences: 72480, loss: 6.42, cost: 4.19, (372.55 ms/iter)
2019-05-25 15:21:32,008:INFO: Iter: 4540, Sequences: 72640, loss: 6.75, cost: 4.37, (380.39 ms/iter)
2019-05-25 15:21:35,698:INFO: Iter: 4550, Sequences: 72800, loss: 5.89, cost: 3.91, (369.01 ms/iter)
2019-05-25 15:21:39,303:INFO: Iter: 4560, Sequences: 72960, loss: 5.62, cost: 3.54, (360.49 ms/iter)
2019-05-25 15:21:42,960:INFO: Iter: 4570, Sequences: 73120, loss: 5.66, cost: 3.86, (365.69 ms/iter)
2019-05-25 15:21:46,605:INFO: Iter: 4580, Sequences: 73280, loss: 6.03, cost: 3.81, (364.53 ms/iter)
2019-05-25 15:21:50,278:INFO: Iter: 4590, Sequences: 73440, loss: 6.07, cost: 3.74, (367.31 ms/iter)
2019-05-25 15:21:54,007:INFO: Iter: 4600, Sequences: 73600, loss: 5.94, cost: 3.68, (372.83 ms/iter)
2019-05-25 15:21:57,717:INFO: Iter: 4610, Sequences: 73760, loss: 5.83, cost: 3.62, (371.06 ms/iter)
2019-05-25 15:22:01,391:INFO: Iter: 4620, Sequences: 73920, loss: 6.11, cost: 3.88, (367.36 ms/iter)
2019-05-25 15:22:05,212:INFO: Iter: 4630, Sequences: 74080, loss: 6.07, cost: 3.92, (382.13 ms/iter)
2019-05-25 15:22:09,043:INFO: Iter: 4640, Sequences: 74240, loss: 6.42, cost: 3.96, (383.05 ms/iter)
2019-05-25 15:22:12,829:INFO: Iter: 4650, Sequences: 74400, loss: 5.91, cost: 3.94, (378.60 ms/iter)
2019-05-25 15:22:16,522:INFO: Iter: 4660, Sequences: 74560, loss: 6.13, cost: 3.91, (369.28 ms/iter)
2019-05-25 15:22:20,308:INFO: Iter: 4670, Sequences: 74720, loss: 6.11, cost: 3.86, (378.66 ms/iter)
2019-05-25 15:22:24,035:INFO: Iter: 4680, Sequences: 74880, loss: 6.02, cost: 4.04, (372.68 ms/iter)
2019-05-25 15:22:27,924:INFO: Iter: 4690, Sequences: 75040, loss: 6.27, cost: 3.92, (388.95 ms/iter)
2019-05-25 15:22:31,686:INFO: Iter: 4700, Sequences: 75200, loss: 6.12, cost: 3.87, (376.13 ms/iter)
2019-05-25 15:22:35,459:INFO: Iter: 4710, Sequences: 75360, loss: 6.38, cost: 4.09, (377.30 ms/iter)
2019-05-25 15:22:39,194:INFO: Iter: 4720, Sequences: 75520, loss: 6.15, cost: 3.92, (373.57 ms/iter)
2019-05-25 15:22:42,993:INFO: Iter: 4730, Sequences: 75680, loss: 6.02, cost: 3.85, (379.86 ms/iter)
2019-05-25 15:22:46,746:INFO: Iter: 4740, Sequences: 75840, loss: 6.21, cost: 3.95, (375.33 ms/iter)
2019-05-25 15:22:50,499:INFO: Iter: 4750, Sequences: 76000, loss: 6.15, cost: 3.92, (375.23 ms/iter)
2019-05-25 15:22:54,322:INFO: Iter: 4760, Sequences: 76160, loss: 5.99, cost: 3.92, (382.31 ms/iter)
2019-05-25 15:22:58,057:INFO: Iter: 4770, Sequences: 76320, loss: 6.62, cost: 4.19, (373.51 ms/iter)
2019-05-25 15:23:01,839:INFO: Iter: 4780, Sequences: 76480, loss: 6.09, cost: 4.01, (378.24 ms/iter)
2019-05-25 15:23:05,636:INFO: Iter: 4790, Sequences: 76640, loss: 6.22, cost: 3.89, (379.64 ms/iter)
2019-05-25 15:23:09,402:INFO: Iter: 4800, Sequences: 76800, loss: 6.48, cost: 4.17, (376.65 ms/iter)
2019-05-25 15:23:13,190:INFO: Iter: 4810, Sequences: 76960, loss: 6.13, cost: 3.99, (378.78 ms/iter)
2019-05-25 15:23:16,913:INFO: Iter: 4820, Sequences: 77120, loss: 6.05, cost: 3.94, (372.33 ms/iter)
2019-05-25 15:23:20,658:INFO: Iter: 4830, Sequences: 77280, loss: 6.41, cost: 4.20, (374.43 ms/iter)
2019-05-25 15:23:24,379:INFO: Iter: 4840, Sequences: 77440, loss: 6.19, cost: 3.92, (372.11 ms/iter)
2019-05-25 15:23:28,096:INFO: Iter: 4850, Sequences: 77600, loss: 6.17, cost: 4.03, (371.71 ms/iter)
2019-05-25 15:23:31,731:INFO: Iter: 4860, Sequences: 77760, loss: 5.84, cost: 3.85, (363.51 ms/iter)
2019-05-25 15:23:35,522:INFO: Iter: 4870, Sequences: 77920, loss: 5.98, cost: 3.81, (379.14 ms/iter)
2019-05-25 15:23:39,275:INFO: Iter: 4880, Sequences: 78080, loss: 6.27, cost: 3.91, (375.22 ms/iter)
2019-05-25 15:23:43,014:INFO: Iter: 4890, Sequences: 78240, loss: 6.12, cost: 4.02, (373.91 ms/iter)
2019-05-25 15:23:46,587:INFO: Iter: 4900, Sequences: 78400, loss: 5.78, cost: 3.62, (357.35 ms/iter)
2019-05-25 15:23:50,270:INFO: Iter: 4910, Sequences: 78560, loss: 5.84, cost: 3.75, (368.29 ms/iter)
2019-05-25 15:23:54,009:INFO: Iter: 4920, Sequences: 78720, loss: 6.53, cost: 4.22, (373.91 ms/iter)
2019-05-25 15:23:57,765:INFO: Iter: 4930, Sequences: 78880, loss: 6.01, cost: 3.91, (375.59 ms/iter)
2019-05-25 15:24:01,552:INFO: Iter: 4940, Sequences: 79040, loss: 5.83, cost: 3.66, (378.70 ms/iter)
2019-05-25 15:24:05,239:INFO: Iter: 4950, Sequences: 79200, loss: 6.91, cost: 4.43, (368.74 ms/iter)
2019-05-25 15:24:08,983:INFO: Iter: 4960, Sequences: 79360, loss: 5.98, cost: 3.98, (374.40 ms/iter)
2019-05-25 15:24:12,809:INFO: Iter: 4970, Sequences: 79520, loss: 6.39, cost: 3.98, (382.54 ms/iter)
2019-05-25 15:24:16,599:INFO: Iter: 4980, Sequences: 79680, loss: 5.89, cost: 3.77, (379.04 ms/iter)
2019-05-25 15:24:20,393:INFO: Iter: 4990, Sequences: 79840, loss: 6.24, cost: 4.11, (379.38 ms/iter)
2019-05-25 15:24:24,189:INFO: Iter: 5000, Sequences: 80000, loss: 6.36, cost: 3.95, (379.59 ms/iter)
2019-05-25 15:24:24,189:INFO: Saving checkpoint
2019-05-25 15:24:24,193:INFO: Validating model on longer sequences
2019-05-25 15:24:29,069:INFO: Iter: 5010, Sequences: 80160, loss: 6.46, cost: 4.22, (488.01 ms/iter)
2019-05-25 15:24:32,762:INFO: Iter: 5020, Sequences: 80320, loss: 5.96, cost: 3.66, (369.30 ms/iter)
2019-05-25 15:24:36,330:INFO: Iter: 5030, Sequences: 80480, loss: 5.93, cost: 3.66, (356.84 ms/iter)
2019-05-25 15:24:40,003:INFO: Iter: 5040, Sequences: 80640, loss: 5.73, cost: 3.62, (367.29 ms/iter)
2019-05-25 15:24:43,724:INFO: Iter: 5050, Sequences: 80800, loss: 6.56, cost: 4.33, (372.02 ms/iter)
2019-05-25 15:24:47,376:INFO: Iter: 5060, Sequences: 80960, loss: 6.19, cost: 3.95, (365.30 ms/iter)
2019-05-25 15:24:51,128:INFO: Iter: 5070, Sequences: 81120, loss: 6.04, cost: 3.65, (375.16 ms/iter)
2019-05-25 15:24:54,919:INFO: Iter: 5080, Sequences: 81280, loss: 6.45, cost: 4.12, (379.12 ms/iter)
2019-05-25 15:24:58,734:INFO: Iter: 5090, Sequences: 81440, loss: 6.64, cost: 4.14, (381.47 ms/iter)
2019-05-25 15:25:02,473:INFO: Iter: 5100, Sequences: 81600, loss: 5.91, cost: 3.80, (373.89 ms/iter)
2019-05-25 15:25:06,227:INFO: Iter: 5110, Sequences: 81760, loss: 7.11, cost: 4.24, (375.42 ms/iter)
2019-05-25 15:25:09,949:INFO: Iter: 5120, Sequences: 81920, loss: 6.18, cost: 3.90, (372.20 ms/iter)
2019-05-25 15:25:13,611:INFO: Iter: 5130, Sequences: 82080, loss: 5.66, cost: 3.49, (366.19 ms/iter)
2019-05-25 15:25:17,344:INFO: Iter: 5140, Sequences: 82240, loss: 6.12, cost: 3.83, (373.26 ms/iter)
2019-05-25 15:25:21,064:INFO: Iter: 5150, Sequences: 82400, loss: 5.97, cost: 3.74, (372.06 ms/iter)
2019-05-25 15:25:24,895:INFO: Iter: 5160, Sequences: 82560, loss: 5.78, cost: 3.77, (383.05 ms/iter)
2019-05-25 15:25:28,611:INFO: Iter: 5170, Sequences: 82720, loss: 6.35, cost: 4.08, (371.61 ms/iter)
2019-05-25 15:25:32,225:INFO: Iter: 5180, Sequences: 82880, loss: 5.96, cost: 3.81, (361.39 ms/iter)
2019-05-25 15:25:35,946:INFO: Iter: 5190, Sequences: 83040, loss: 6.31, cost: 4.08, (372.17 ms/iter)
2019-05-25 15:25:39,640:INFO: Iter: 5200, Sequences: 83200, loss: 5.91, cost: 3.81, (369.41 ms/iter)
2019-05-25 15:25:43,402:INFO: Iter: 5210, Sequences: 83360, loss: 6.41, cost: 4.01, (376.14 ms/iter)
2019-05-25 15:25:47,081:INFO: Iter: 5220, Sequences: 83520, loss: 5.89, cost: 3.84, (367.94 ms/iter)
2019-05-25 15:25:50,872:INFO: Iter: 5230, Sequences: 83680, loss: 6.03, cost: 3.72, (379.09 ms/iter)
2019-05-25 15:25:54,703:INFO: Iter: 5240, Sequences: 83840, loss: 6.41, cost: 4.03, (383.12 ms/iter)
2019-05-25 15:25:58,554:INFO: Iter: 5250, Sequences: 84000, loss: 6.24, cost: 3.98, (385.02 ms/iter)
2019-05-25 15:26:02,377:INFO: Iter: 5260, Sequences: 84160, loss: 6.07, cost: 3.97, (382.34 ms/iter)
2019-05-25 15:26:06,251:INFO: Iter: 5270, Sequences: 84320, loss: 6.51, cost: 4.26, (387.37 ms/iter)
2019-05-25 15:26:09,952:INFO: Iter: 5280, Sequences: 84480, loss: 6.29, cost: 4.06, (370.14 ms/iter)
2019-05-25 15:26:13,821:INFO: Iter: 5290, Sequences: 84640, loss: 6.10, cost: 3.80, (386.90 ms/iter)
2019-05-25 15:26:17,508:INFO: Iter: 5300, Sequences: 84800, loss: 5.64, cost: 3.59, (368.73 ms/iter)
2019-05-25 15:26:21,278:INFO: Iter: 5310, Sequences: 84960, loss: 5.77, cost: 3.89, (376.96 ms/iter)
2019-05-25 15:26:25,119:INFO: Iter: 5320, Sequences: 85120, loss: 6.18, cost: 4.12, (384.07 ms/iter)
2019-05-25 15:26:28,875:INFO: Iter: 5330, Sequences: 85280, loss: 6.41, cost: 4.03, (375.65 ms/iter)
2019-05-25 15:26:32,711:INFO: Iter: 5340, Sequences: 85440, loss: 6.92, cost: 4.53, (383.63 ms/iter)
2019-05-25 15:26:36,428:INFO: Iter: 5350, Sequences: 85600, loss: 5.59, cost: 3.55, (371.66 ms/iter)
2019-05-25 15:26:40,250:INFO: Iter: 5360, Sequences: 85760, loss: 6.57, cost: 4.19, (382.20 ms/iter)
2019-05-25 15:26:44,111:INFO: Iter: 5370, Sequences: 85920, loss: 6.40, cost: 4.02, (386.09 ms/iter)
2019-05-25 15:26:47,840:INFO: Iter: 5380, Sequences: 86080, loss: 6.18, cost: 4.16, (372.94 ms/iter)
2019-05-25 15:26:51,673:INFO: Iter: 5390, Sequences: 86240, loss: 6.67, cost: 4.26, (383.26 ms/iter)
2019-05-25 15:26:55,347:INFO: Iter: 5400, Sequences: 86400, loss: 6.13, cost: 3.83, (367.43 ms/iter)
2019-05-25 15:26:59,098:INFO: Iter: 5410, Sequences: 86560, loss: 6.39, cost: 4.09, (375.12 ms/iter)
2019-05-25 15:27:02,815:INFO: Iter: 5420, Sequences: 86720, loss: 6.47, cost: 4.25, (371.61 ms/iter)
2019-05-25 15:27:06,862:INFO: Iter: 5430, Sequences: 86880, loss: 6.54, cost: 4.28, (404.75 ms/iter)
2019-05-25 15:27:10,660:INFO: Iter: 5440, Sequences: 87040, loss: 6.32, cost: 4.04, (379.79 ms/iter)
2019-05-25 15:27:14,441:INFO: Iter: 5450, Sequences: 87200, loss: 6.42, cost: 4.06, (378.05 ms/iter)
2019-05-25 15:27:18,242:INFO: Iter: 5460, Sequences: 87360, loss: 6.46, cost: 4.31, (380.18 ms/iter)
2019-05-25 15:27:22,024:INFO: Iter: 5470, Sequences: 87520, loss: 6.39, cost: 4.12, (378.20 ms/iter)
2019-05-25 15:27:25,895:INFO: Iter: 5480, Sequences: 87680, loss: 6.46, cost: 4.29, (387.12 ms/iter)
2019-05-25 15:27:29,658:INFO: Iter: 5490, Sequences: 87840, loss: 6.01, cost: 3.79, (376.25 ms/iter)
2019-05-25 15:27:33,422:INFO: Iter: 5500, Sequences: 88000, loss: 5.92, cost: 4.03, (376.36 ms/iter)
2019-05-25 15:27:33,422:INFO: Saving checkpoint
2019-05-25 15:27:33,425:INFO: Validating model on longer sequences
2019-05-25 15:27:38,155:INFO: Iter: 5510, Sequences: 88160, loss: 6.43, cost: 4.01, (473.33 ms/iter)
2019-05-25 15:27:41,944:INFO: Iter: 5520, Sequences: 88320, loss: 6.11, cost: 3.86, (378.93 ms/iter)
2019-05-25 15:27:45,745:INFO: Iter: 5530, Sequences: 88480, loss: 6.33, cost: 4.14, (380.13 ms/iter)
2019-05-25 15:27:49,490:INFO: Iter: 5540, Sequences: 88640, loss: 6.27, cost: 3.97, (374.47 ms/iter)
2019-05-25 15:27:53,237:INFO: Iter: 5550, Sequences: 88800, loss: 6.93, cost: 4.45, (374.67 ms/iter)
2019-05-25 15:27:56,957:INFO: Iter: 5560, Sequences: 88960, loss: 5.62, cost: 3.39, (371.97 ms/iter)
2019-05-25 15:28:00,787:INFO: Iter: 5570, Sequences: 89120, loss: 6.35, cost: 4.03, (383.01 ms/iter)
2019-05-25 15:28:04,527:INFO: Iter: 5580, Sequences: 89280, loss: 6.08, cost: 4.06, (374.09 ms/iter)
2019-05-25 15:28:08,404:INFO: Iter: 5590, Sequences: 89440, loss: 6.34, cost: 4.41, (387.70 ms/iter)
2019-05-25 15:28:12,242:INFO: Iter: 5600, Sequences: 89600, loss: 5.87, cost: 3.71, (383.71 ms/iter)
2019-05-25 15:28:15,943:INFO: Iter: 5610, Sequences: 89760, loss: 5.97, cost: 3.98, (370.17 ms/iter)
2019-05-25 15:28:19,667:INFO: Iter: 5620, Sequences: 89920, loss: 6.27, cost: 4.06, (372.32 ms/iter)
2019-05-25 15:28:23,441:INFO: Iter: 5630, Sequences: 90080, loss: 6.25, cost: 3.97, (377.45 ms/iter)
2019-05-25 15:28:27,137:INFO: Iter: 5640, Sequences: 90240, loss: 5.82, cost: 3.65, (369.58 ms/iter)
2019-05-25 15:28:30,885:INFO: Iter: 5650, Sequences: 90400, loss: 5.76, cost: 3.48, (374.85 ms/iter)
2019-05-25 15:28:34,596:INFO: Iter: 5660, Sequences: 90560, loss: 6.50, cost: 4.14, (371.11 ms/iter)
2019-05-25 15:28:38,381:INFO: Iter: 5670, Sequences: 90720, loss: 6.05, cost: 3.92, (378.42 ms/iter)
2019-05-25 15:28:42,031:INFO: Iter: 5680, Sequences: 90880, loss: 6.09, cost: 3.99, (364.99 ms/iter)
2019-05-25 15:28:45,741:INFO: Iter: 5690, Sequences: 91040, loss: 5.92, cost: 3.73, (371.01 ms/iter)
2019-05-25 15:28:49,489:INFO: Iter: 5700, Sequences: 91200, loss: 5.87, cost: 3.71, (374.80 ms/iter)
2019-05-25 15:28:53,257:INFO: Iter: 5710, Sequences: 91360, loss: 6.08, cost: 3.66, (376.82 ms/iter)
2019-05-25 15:28:56,999:INFO: Iter: 5720, Sequences: 91520, loss: 6.15, cost: 3.81, (374.22 ms/iter)
2019-05-25 15:29:00,802:INFO: Iter: 5730, Sequences: 91680, loss: 6.37, cost: 4.06, (380.32 ms/iter)
2019-05-25 15:29:04,563:INFO: Iter: 5740, Sequences: 91840, loss: 6.01, cost: 3.81, (376.09 ms/iter)
2019-05-25 15:29:08,310:INFO: Iter: 5750, Sequences: 92000, loss: 6.35, cost: 4.11, (374.63 ms/iter)
2019-05-25 15:29:12,096:INFO: Iter: 5760, Sequences: 92160, loss: 6.26, cost: 4.23, (378.69 ms/iter)
2019-05-25 15:29:15,909:INFO: Iter: 5770, Sequences: 92320, loss: 6.14, cost: 3.75, (381.24 ms/iter)
2019-05-25 15:29:19,582:INFO: Iter: 5780, Sequences: 92480, loss: 6.06, cost: 3.95, (367.35 ms/iter)
2019-05-25 15:29:23,382:INFO: Iter: 5790, Sequences: 92640, loss: 6.15, cost: 3.99, (379.98 ms/iter)
2019-05-25 15:29:27,170:INFO: Iter: 5800, Sequences: 92800, loss: 6.31, cost: 4.17, (378.82 ms/iter)
2019-05-25 15:29:30,881:INFO: Iter: 5810, Sequences: 92960, loss: 5.92, cost: 3.88, (371.10 ms/iter)
2019-05-25 15:29:34,605:INFO: Iter: 5820, Sequences: 93120, loss: 6.04, cost: 4.03, (372.38 ms/iter)
2019-05-25 15:29:38,410:INFO: Iter: 5830, Sequences: 93280, loss: 6.35, cost: 4.10, (380.47 ms/iter)
2019-05-25 15:29:42,124:INFO: Iter: 5840, Sequences: 93440, loss: 5.82, cost: 3.78, (371.41 ms/iter)
2019-05-25 15:29:45,788:INFO: Iter: 5850, Sequences: 93600, loss: 5.83, cost: 3.81, (366.45 ms/iter)
2019-05-25 15:29:49,598:INFO: Iter: 5860, Sequences: 93760, loss: 6.75, cost: 4.16, (380.94 ms/iter)
2019-05-25 15:29:53,236:INFO: Iter: 5870, Sequences: 93920, loss: 5.77, cost: 3.67, (363.86 ms/iter)
2019-05-25 15:29:56,968:INFO: Iter: 5880, Sequences: 94080, loss: 5.71, cost: 3.79, (373.17 ms/iter)
2019-05-25 15:30:00,744:INFO: Iter: 5890, Sequences: 94240, loss: 6.26, cost: 4.05, (377.60 ms/iter)
2019-05-25 15:30:04,442:INFO: Iter: 5900, Sequences: 94400, loss: 6.01, cost: 3.92, (369.74 ms/iter)
2019-05-25 15:30:08,130:INFO: Iter: 5910, Sequences: 94560, loss: 6.27, cost: 3.96, (368.82 ms/iter)
2019-05-25 15:30:11,765:INFO: Iter: 5920, Sequences: 94720, loss: 5.84, cost: 3.54, (363.51 ms/iter)
2019-05-25 15:30:15,494:INFO: Iter: 5930, Sequences: 94880, loss: 6.42, cost: 4.15, (372.93 ms/iter)
2019-05-25 15:30:19,235:INFO: Iter: 5940, Sequences: 95040, loss: 6.25, cost: 4.05, (374.06 ms/iter)
2019-05-25 15:30:22,895:INFO: Iter: 5950, Sequences: 95200, loss: 6.68, cost: 4.31, (366.01 ms/iter)
2019-05-25 15:30:26,635:INFO: Iter: 5960, Sequences: 95360, loss: 6.09, cost: 4.05, (373.98 ms/iter)
2019-05-25 15:30:30,344:INFO: Iter: 5970, Sequences: 95520, loss: 5.69, cost: 3.73, (370.94 ms/iter)
2019-05-25 15:30:34,059:INFO: Iter: 5980, Sequences: 95680, loss: 6.13, cost: 3.93, (371.47 ms/iter)
2019-05-25 15:30:37,834:INFO: Iter: 5990, Sequences: 95840, loss: 6.54, cost: 4.33, (377.53 ms/iter)
2019-05-25 15:30:41,515:INFO: Iter: 6000, Sequences: 96000, loss: 6.01, cost: 3.73, (368.07 ms/iter)
2019-05-25 15:30:41,515:INFO: Saving checkpoint
2019-05-25 15:30:41,519:INFO: Validating model on longer sequences
2019-05-25 15:30:46,304:INFO: Iter: 6010, Sequences: 96160, loss: 6.16, cost: 3.86, (478.88 ms/iter)
2019-05-25 15:30:50,081:INFO: Iter: 6020, Sequences: 96320, loss: 6.03, cost: 4.17, (377.75 ms/iter)
2019-05-25 15:30:53,878:INFO: Iter: 6030, Sequences: 96480, loss: 6.35, cost: 3.88, (379.67 ms/iter)
2019-05-25 15:30:57,506:INFO: Iter: 6040, Sequences: 96640, loss: 5.99, cost: 3.78, (362.78 ms/iter)
2019-05-25 15:31:01,297:INFO: Iter: 6050, Sequences: 96800, loss: 6.35, cost: 4.16, (379.09 ms/iter)
2019-05-25 15:31:05,043:INFO: Iter: 6060, Sequences: 96960, loss: 5.53, cost: 3.64, (374.61 ms/iter)
2019-05-25 15:31:08,865:INFO: Iter: 6070, Sequences: 97120, loss: 6.37, cost: 4.21, (382.25 ms/iter)
2019-05-25 15:31:12,621:INFO: Iter: 6080, Sequences: 97280, loss: 6.06, cost: 3.66, (375.57 ms/iter)
2019-05-25 15:31:16,380:INFO: Iter: 6090, Sequences: 97440, loss: 6.18, cost: 3.92, (375.87 ms/iter)
2019-05-25 15:31:20,162:INFO: Iter: 6100, Sequences: 97600, loss: 5.94, cost: 3.86, (378.20 ms/iter)
2019-05-25 15:31:23,877:INFO: Iter: 6110, Sequences: 97760, loss: 6.16, cost: 3.87, (371.54 ms/iter)
2019-05-25 15:31:27,613:INFO: Iter: 6120, Sequences: 97920, loss: 5.90, cost: 3.90, (373.57 ms/iter)
2019-05-25 15:31:31,375:INFO: Iter: 6130, Sequences: 98080, loss: 6.01, cost: 3.94, (376.26 ms/iter)
2019-05-25 15:31:35,050:INFO: Iter: 6140, Sequences: 98240, loss: 5.80, cost: 3.88, (367.50 ms/iter)
2019-05-25 15:31:38,847:INFO: Iter: 6150, Sequences: 98400, loss: 6.29, cost: 3.98, (379.66 ms/iter)
2019-05-25 15:31:42,557:INFO: Iter: 6160, Sequences: 98560, loss: 5.97, cost: 3.76, (371.05 ms/iter)
2019-05-25 15:31:46,340:INFO: Iter: 6170, Sequences: 98720, loss: 6.25, cost: 4.11, (378.23 ms/iter)
2019-05-25 15:31:50,074:INFO: Iter: 6180, Sequences: 98880, loss: 6.06, cost: 3.82, (373.44 ms/iter)
2019-05-25 15:31:53,889:INFO: Iter: 6190, Sequences: 99040, loss: 6.27, cost: 4.10, (381.52 ms/iter)
2019-05-25 15:31:57,617:INFO: Iter: 6200, Sequences: 99200, loss: 5.90, cost: 3.86, (372.77 ms/iter)
2019-05-25 15:32:01,349:INFO: Iter: 6210, Sequences: 99360, loss: 6.02, cost: 3.98, (373.22 ms/iter)
2019-05-25 15:32:05,079:INFO: Iter: 6220, Sequences: 99520, loss: 6.24, cost: 4.14, (373.02 ms/iter)
2019-05-25 15:32:08,788:INFO: Iter: 6230, Sequences: 99680, loss: 6.11, cost: 3.99, (370.89 ms/iter)
2019-05-25 15:32:12,647:INFO: Iter: 6240, Sequences: 99840, loss: 6.22, cost: 3.92, (385.88 ms/iter)
2019-05-25 15:32:16,494:INFO: Iter: 6250, Sequences: 100000, loss: 6.42, cost: 3.92, (384.73 ms/iter)
2019-05-25 15:32:20,376:INFO: Iter: 6260, Sequences: 100160, loss: 6.22, cost: 4.03, (388.19 ms/iter)
2019-05-25 15:32:24,176:INFO: Iter: 6270, Sequences: 100320, loss: 5.89, cost: 3.76, (380.02 ms/iter)
2019-05-25 15:32:28,018:INFO: Iter: 6280, Sequences: 100480, loss: 5.95, cost: 3.69, (384.11 ms/iter)
2019-05-25 15:32:31,755:INFO: Iter: 6290, Sequences: 100640, loss: 6.00, cost: 3.79, (373.79 ms/iter)
2019-05-25 15:32:35,409:INFO: Iter: 6300, Sequences: 100800, loss: 6.14, cost: 3.99, (365.37 ms/iter)
2019-05-25 15:32:39,046:INFO: Iter: 6310, Sequences: 100960, loss: 6.09, cost: 4.14, (363.66 ms/iter)
2019-05-25 15:32:42,758:INFO: Iter: 6320, Sequences: 101120, loss: 6.31, cost: 4.06, (371.20 ms/iter)
2019-05-25 15:32:46,527:INFO: Iter: 6330, Sequences: 101280, loss: 6.03, cost: 3.99, (376.96 ms/iter)
2019-05-25 15:32:50,300:INFO: Iter: 6340, Sequences: 101440, loss: 13.77, cost: 4.12, (377.26 ms/iter)
2019-05-25 15:32:54,139:INFO: Iter: 6350, Sequences: 101600, loss: 7.00, cost: 4.12, (383.88 ms/iter)
2019-05-25 15:32:57,868:INFO: Iter: 6360, Sequences: 101760, loss: 6.65, cost: 3.81, (372.90 ms/iter)
2019-05-25 15:33:01,721:INFO: Iter: 6370, Sequences: 101920, loss: 6.85, cost: 4.10, (385.35 ms/iter)
2019-05-25 15:33:05,545:INFO: Iter: 6380, Sequences: 102080, loss: 7.16, cost: 4.10, (382.41 ms/iter)
2019-05-25 15:33:09,158:INFO: Iter: 6390, Sequences: 102240, loss: 6.61, cost: 3.74, (361.25 ms/iter)
2019-05-25 15:33:12,959:INFO: Iter: 6400, Sequences: 102400, loss: 7.03, cost: 4.28, (380.15 ms/iter)
2019-05-25 15:33:16,787:INFO: Iter: 6410, Sequences: 102560, loss: 7.46, cost: 4.43, (382.82 ms/iter)
2019-05-25 15:33:20,551:INFO: Iter: 6420, Sequences: 102720, loss: 6.65, cost: 4.00, (376.38 ms/iter)
2019-05-25 15:33:24,215:INFO: Iter: 6430, Sequences: 102880, loss: 6.31, cost: 3.69, (366.35 ms/iter)
2019-05-25 15:33:28,046:INFO: Iter: 6440, Sequences: 103040, loss: 7.03, cost: 4.15, (383.12 ms/iter)
2019-05-25 15:33:31,719:INFO: Iter: 6450, Sequences: 103200, loss: 5.98, cost: 3.46, (367.27 ms/iter)
2019-05-25 15:33:35,610:INFO: Iter: 6460, Sequences: 103360, loss: 7.13, cost: 4.24, (389.09 ms/iter)
2019-05-25 15:33:39,385:INFO: Iter: 6470, Sequences: 103520, loss: 6.47, cost: 3.97, (377.50 ms/iter)
2019-05-25 15:33:43,196:INFO: Iter: 6480, Sequences: 103680, loss: 6.25, cost: 3.86, (381.16 ms/iter)
2019-05-25 15:33:46,824:INFO: Iter: 6490, Sequences: 103840, loss: 6.69, cost: 4.30, (362.76 ms/iter)
2019-05-25 15:33:50,584:INFO: Iter: 6500, Sequences: 104000, loss: 6.79, cost: 4.21, (375.98 ms/iter)
2019-05-25 15:33:50,584:INFO: Saving checkpoint
2019-05-25 15:33:50,588:INFO: Validating model on longer sequences
2019-05-25 15:33:55,472:INFO: Iter: 6510, Sequences: 104160, loss: 7.27, cost: 4.60, (488.83 ms/iter)
2019-05-25 15:33:59,070:INFO: Iter: 6520, Sequences: 104320, loss: 6.47, cost: 3.89, (359.83 ms/iter)
2019-05-25 15:34:02,749:INFO: Iter: 6530, Sequences: 104480, loss: 6.78, cost: 4.29, (367.86 ms/iter)
2019-05-25 15:34:06,487:INFO: Iter: 6540, Sequences: 104640, loss: 6.47, cost: 4.04, (373.83 ms/iter)
2019-05-25 15:34:10,150:INFO: Iter: 6550, Sequences: 104800, loss: 6.57, cost: 4.03, (366.26 ms/iter)
2019-05-25 15:34:13,873:INFO: Iter: 6560, Sequences: 104960, loss: 6.53, cost: 4.08, (372.33 ms/iter)
2019-05-25 15:34:17,590:INFO: Iter: 6570, Sequences: 105120, loss: 6.29, cost: 3.92, (371.73 ms/iter)
2019-05-25 15:34:21,184:INFO: Iter: 6580, Sequences: 105280, loss: 6.64, cost: 4.03, (359.38 ms/iter)
2019-05-25 15:34:24,812:INFO: Iter: 6590, Sequences: 105440, loss: 6.34, cost: 3.89, (362.79 ms/iter)
2019-05-25 15:34:28,549:INFO: Iter: 6600, Sequences: 105600, loss: 6.09, cost: 3.65, (373.74 ms/iter)
2019-05-25 15:34:32,289:INFO: Iter: 6610, Sequences: 105760, loss: 6.18, cost: 3.85, (373.95 ms/iter)
2019-05-25 15:34:36,082:INFO: Iter: 6620, Sequences: 105920, loss: 6.52, cost: 4.00, (379.28 ms/iter)
2019-05-25 15:34:39,874:INFO: Iter: 6630, Sequences: 106080, loss: 6.69, cost: 4.03, (379.20 ms/iter)
2019-05-25 15:34:43,572:INFO: Iter: 6640, Sequences: 106240, loss: 5.97, cost: 3.79, (369.79 ms/iter)
2019-05-25 15:34:47,328:INFO: Iter: 6650, Sequences: 106400, loss: 6.66, cost: 4.19, (375.59 ms/iter)
2019-05-25 15:34:51,174:INFO: Iter: 6660, Sequences: 106560, loss: 6.43, cost: 3.98, (384.69 ms/iter)
2019-05-25 15:34:54,946:INFO: Iter: 6670, Sequences: 106720, loss: 6.56, cost: 4.04, (377.20 ms/iter)
2019-05-25 15:34:58,647:INFO: Iter: 6680, Sequences: 106880, loss: 6.24, cost: 3.90, (370.04 ms/iter)
2019-05-25 15:35:02,440:INFO: Iter: 6690, Sequences: 107040, loss: 6.18, cost: 4.01, (379.35 ms/iter)
2019-05-25 15:35:06,259:INFO: Iter: 6700, Sequences: 107200, loss: 6.84, cost: 4.41, (381.83 ms/iter)
2019-05-25 15:35:10,021:INFO: Iter: 6710, Sequences: 107360, loss: 6.70, cost: 4.12, (376.25 ms/iter)
2019-05-25 15:35:13,766:INFO: Iter: 6720, Sequences: 107520, loss: 6.59, cost: 4.19, (374.53 ms/iter)
2019-05-25 15:35:17,437:INFO: Iter: 6730, Sequences: 107680, loss: 6.65, cost: 4.20, (367.01 ms/iter)
2019-05-25 15:35:21,114:INFO: Iter: 6740, Sequences: 107840, loss: 6.36, cost: 4.06, (367.77 ms/iter)
2019-05-25 15:35:24,910:INFO: Iter: 6750, Sequences: 108000, loss: 6.32, cost: 3.93, (379.56 ms/iter)
2019-05-25 15:35:28,672:INFO: Iter: 6760, Sequences: 108160, loss: 6.18, cost: 3.98, (376.17 ms/iter)
2019-05-25 15:35:32,347:INFO: Iter: 6770, Sequences: 108320, loss: 6.23, cost: 4.11, (367.55 ms/iter)
2019-05-25 15:35:36,111:INFO: Iter: 6780, Sequences: 108480, loss: 6.79, cost: 4.17, (376.38 ms/iter)
2019-05-25 15:35:39,925:INFO: Iter: 6790, Sequences: 108640, loss: 6.64, cost: 4.25, (381.41 ms/iter)
2019-05-25 15:35:43,735:INFO: Iter: 6800, Sequences: 108800, loss: 6.79, cost: 4.17, (381.01 ms/iter)
2019-05-25 15:35:47,511:INFO: Iter: 6810, Sequences: 108960, loss: 6.37, cost: 4.02, (377.62 ms/iter)
2019-05-25 15:35:51,244:INFO: Iter: 6820, Sequences: 109120, loss: 6.24, cost: 4.15, (373.27 ms/iter)
2019-05-25 15:35:54,995:INFO: Iter: 6830, Sequences: 109280, loss: 6.29, cost: 3.92, (375.06 ms/iter)
2019-05-25 15:35:58,692:INFO: Iter: 6840, Sequences: 109440, loss: 6.17, cost: 3.94, (369.71 ms/iter)
2019-05-25 15:36:02,399:INFO: Iter: 6850, Sequences: 109600, loss: 5.94, cost: 3.69, (370.70 ms/iter)
2019-05-25 15:36:06,211:INFO: Iter: 6860, Sequences: 109760, loss: 6.05, cost: 3.89, (381.27 ms/iter)
2019-05-25 15:36:09,864:INFO: Iter: 6870, Sequences: 109920, loss: 6.28, cost: 4.06, (365.33 ms/iter)
2019-05-25 15:36:13,624:INFO: Iter: 6880, Sequences: 110080, loss: 6.35, cost: 4.06, (375.95 ms/iter)
2019-05-25 15:36:17,385:INFO: Iter: 6890, Sequences: 110240, loss: 6.24, cost: 4.01, (376.07 ms/iter)
2019-05-25 15:36:21,168:INFO: Iter: 6900, Sequences: 110400, loss: 6.17, cost: 3.95, (378.29 ms/iter)
2019-05-25 15:36:24,948:INFO: Iter: 6910, Sequences: 110560, loss: 6.18, cost: 3.80, (378.01 ms/iter)
2019-05-25 15:36:28,759:INFO: Iter: 6920, Sequences: 110720, loss: 6.89, cost: 4.31, (381.14 ms/iter)
2019-05-25 15:36:32,449:INFO: Iter: 6930, Sequences: 110880, loss: 6.20, cost: 3.86, (369.01 ms/iter)
2019-05-25 15:36:36,587:INFO: Iter: 6940, Sequences: 111040, loss: 6.54, cost: 4.29, (413.79 ms/iter)
2019-05-25 15:36:40,524:INFO: Iter: 6950, Sequences: 111200, loss: 6.12, cost: 3.92, (393.69 ms/iter)
2019-05-25 15:36:44,253:INFO: Iter: 6960, Sequences: 111360, loss: 6.69, cost: 4.21, (372.90 ms/iter)
2019-05-25 15:36:47,844:INFO: Iter: 6970, Sequences: 111520, loss: 5.95, cost: 3.74, (359.12 ms/iter)
2019-05-25 15:36:51,575:INFO: Iter: 6980, Sequences: 111680, loss: 6.53, cost: 4.08, (373.11 ms/iter)
2019-05-25 15:36:55,415:INFO: Iter: 6990, Sequences: 111840, loss: 6.09, cost: 3.66, (383.97 ms/iter)
2019-05-25 15:36:59,112:INFO: Iter: 7000, Sequences: 112000, loss: 6.40, cost: 3.86, (369.74 ms/iter)
2019-05-25 15:36:59,113:INFO: Saving checkpoint
2019-05-25 15:36:59,117:INFO: Validating model on longer sequences
2019-05-25 15:37:03,913:INFO: Iter: 7010, Sequences: 112160, loss: 5.69, cost: 3.68, (480.09 ms/iter)
2019-05-25 15:37:07,651:INFO: Iter: 7020, Sequences: 112320, loss: 6.73, cost: 4.48, (373.79 ms/iter)
2019-05-25 15:37:11,374:INFO: Iter: 7030, Sequences: 112480, loss: 6.59, cost: 4.26, (372.24 ms/iter)
2019-05-25 15:37:15,227:INFO: Iter: 7040, Sequences: 112640, loss: 6.67, cost: 4.24, (385.30 ms/iter)
2019-05-25 15:37:19,026:INFO: Iter: 7050, Sequences: 112800, loss: 6.34, cost: 4.09, (379.92 ms/iter)
2019-05-25 15:37:22,843:INFO: Iter: 7060, Sequences: 112960, loss: 6.50, cost: 4.09, (381.69 ms/iter)
2019-05-25 15:37:26,630:INFO: Iter: 7070, Sequences: 113120, loss: 6.37, cost: 3.94, (378.76 ms/iter)
2019-05-25 15:37:30,396:INFO: Iter: 7080, Sequences: 113280, loss: 6.35, cost: 4.14, (376.63 ms/iter)
2019-05-25 15:37:34,179:INFO: Iter: 7090, Sequences: 113440, loss: 6.24, cost: 3.89, (378.24 ms/iter)
2019-05-25 15:37:37,909:INFO: Iter: 7100, Sequences: 113600, loss: 6.16, cost: 3.96, (373.05 ms/iter)
2019-05-25 15:37:41,704:INFO: Iter: 7110, Sequences: 113760, loss: 6.62, cost: 3.94, (379.50 ms/iter)
2019-05-25 15:37:45,438:INFO: Iter: 7120, Sequences: 113920, loss: 6.71, cost: 4.03, (373.32 ms/iter)
2019-05-25 15:37:49,193:INFO: Iter: 7130, Sequences: 114080, loss: 7.11, cost: 3.99, (375.56 ms/iter)
2019-05-25 15:37:53,016:INFO: Iter: 7140, Sequences: 114240, loss: 11.15, cost: 4.57, (382.25 ms/iter)
2019-05-25 15:37:56,742:INFO: Iter: 7150, Sequences: 114400, loss: 8.80, cost: 4.67, (372.58 ms/iter)
2019-05-25 15:38:00,511:INFO: Iter: 7160, Sequences: 114560, loss: 7.33, cost: 4.31, (376.91 ms/iter)
2019-05-25 15:38:04,248:INFO: Iter: 7170, Sequences: 114720, loss: 7.20, cost: 4.11, (373.77 ms/iter)
2019-05-25 15:38:07,978:INFO: Iter: 7180, Sequences: 114880, loss: 7.12, cost: 3.87, (372.99 ms/iter)
2019-05-25 15:38:11,797:INFO: Iter: 7190, Sequences: 115040, loss: 6.16, cost: 3.59, (381.85 ms/iter)
2019-05-25 15:38:15,547:INFO: Iter: 7200, Sequences: 115200, loss: 6.62, cost: 3.99, (375.04 ms/iter)
2019-05-25 15:38:19,253:INFO: Iter: 7210, Sequences: 115360, loss: 6.57, cost: 3.80, (370.55 ms/iter)
2019-05-25 15:38:22,994:INFO: Iter: 7220, Sequences: 115520, loss: 6.34, cost: 3.94, (374.19 ms/iter)
2019-05-25 15:38:26,709:INFO: Iter: 7230, Sequences: 115680, loss: 6.50, cost: 3.98, (371.45 ms/iter)
2019-05-25 15:38:30,402:INFO: Iter: 7240, Sequences: 115840, loss: 6.09, cost: 3.69, (369.34 ms/iter)
2019-05-25 15:38:34,039:INFO: Iter: 7250, Sequences: 116000, loss: 6.27, cost: 3.83, (363.70 ms/iter)
2019-05-25 15:38:37,766:INFO: Iter: 7260, Sequences: 116160, loss: 6.40, cost: 3.73, (372.68 ms/iter)
2019-05-25 15:38:41,492:INFO: Iter: 7270, Sequences: 116320, loss: 6.12, cost: 3.66, (372.62 ms/iter)
2019-05-25 15:38:45,090:INFO: Iter: 7280, Sequences: 116480, loss: 6.41, cost: 3.82, (359.76 ms/iter)
2019-05-25 15:38:48,769:INFO: Iter: 7290, Sequences: 116640, loss: 5.99, cost: 3.78, (367.93 ms/iter)
2019-05-25 15:38:52,525:INFO: Iter: 7300, Sequences: 116800, loss: 6.57, cost: 3.98, (375.53 ms/iter)
2019-05-25 15:38:56,218:INFO: Iter: 7310, Sequences: 116960, loss: 6.21, cost: 3.87, (369.31 ms/iter)
2019-05-25 15:38:59,982:INFO: Iter: 7320, Sequences: 117120, loss: 6.35, cost: 4.06, (376.47 ms/iter)
2019-05-25 15:39:03,751:INFO: Iter: 7330, Sequences: 117280, loss: 6.26, cost: 3.76, (376.85 ms/iter)
2019-05-25 15:39:07,367:INFO: Iter: 7340, Sequences: 117440, loss: 6.16, cost: 3.80, (361.63 ms/iter)
2019-05-25 15:39:11,030:INFO: Iter: 7350, Sequences: 117600, loss: 6.45, cost: 4.11, (366.29 ms/iter)
2019-05-25 15:39:14,815:INFO: Iter: 7360, Sequences: 117760, loss: 6.41, cost: 3.91, (378.50 ms/iter)
2019-05-25 15:39:18,563:INFO: Iter: 7370, Sequences: 117920, loss: 6.50, cost: 4.20, (374.84 ms/iter)
2019-05-25 15:39:22,265:INFO: Iter: 7380, Sequences: 118080, loss: 6.36, cost: 3.99, (370.20 ms/iter)
2019-05-25 15:39:26,045:INFO: Iter: 7390, Sequences: 118240, loss: 6.41, cost: 4.03, (377.92 ms/iter)
2019-05-25 15:39:29,760:INFO: Iter: 7400, Sequences: 118400, loss: 6.54, cost: 3.84, (371.53 ms/iter)
2019-05-25 15:39:33,531:INFO: Iter: 7410, Sequences: 118560, loss: 6.35, cost: 3.92, (377.08 ms/iter)
2019-05-25 15:39:37,223:INFO: Iter: 7420, Sequences: 118720, loss: 6.07, cost: 3.61, (369.21 ms/iter)
2019-05-25 15:39:40,985:INFO: Iter: 7430, Sequences: 118880, loss: 6.01, cost: 3.86, (376.22 ms/iter)
2019-05-25 15:39:44,758:INFO: Iter: 7440, Sequences: 119040, loss: 6.43, cost: 3.89, (377.33 ms/iter)
2019-05-25 15:39:48,482:INFO: Iter: 7450, Sequences: 119200, loss: 6.23, cost: 3.76, (372.40 ms/iter)
2019-05-25 15:39:52,268:INFO: Iter: 7460, Sequences: 119360, loss: 6.37, cost: 3.94, (378.55 ms/iter)
2019-05-25 15:39:55,999:INFO: Iter: 7470, Sequences: 119520, loss: 6.58, cost: 4.01, (373.08 ms/iter)
2019-05-25 15:39:59,778:INFO: Iter: 7480, Sequences: 119680, loss: 6.29, cost: 4.12, (377.93 ms/iter)
2019-05-25 15:40:03,658:INFO: Iter: 7490, Sequences: 119840, loss: 6.13, cost: 3.81, (388.03 ms/iter)
2019-05-25 15:40:07,452:INFO: Iter: 7500, Sequences: 120000, loss: 6.58, cost: 4.13, (379.36 ms/iter)
2019-05-25 15:40:07,452:INFO: Saving checkpoint
2019-05-25 15:40:07,456:INFO: Validating model on longer sequences
2019-05-25 15:40:12,270:INFO: Iter: 7510, Sequences: 120160, loss: 8.20, cost: 4.17, (481.80 ms/iter)
2019-05-25 15:40:15,960:INFO: Iter: 7520, Sequences: 120320, loss: 8.58, cost: 4.20, (369.01 ms/iter)
2019-05-25 15:40:19,778:INFO: Iter: 7530, Sequences: 120480, loss: 6.91, cost: 4.24, (381.78 ms/iter)
2019-05-25 15:40:23,523:INFO: Iter: 7540, Sequences: 120640, loss: 6.57, cost: 4.17, (374.52 ms/iter)
2019-05-25 15:40:27,243:INFO: Iter: 7550, Sequences: 120800, loss: 6.75, cost: 4.26, (372.01 ms/iter)
2019-05-25 15:40:31,055:INFO: Iter: 7560, Sequences: 120960, loss: 6.63, cost: 4.16, (381.19 ms/iter)
2019-05-25 15:40:34,766:INFO: Iter: 7570, Sequences: 121120, loss: 5.95, cost: 3.61, (371.13 ms/iter)
2019-05-25 15:40:38,519:INFO: Iter: 7580, Sequences: 121280, loss: 6.33, cost: 3.68, (375.25 ms/iter)
2019-05-25 15:40:42,187:INFO: Iter: 7590, Sequences: 121440, loss: 6.56, cost: 4.11, (366.78 ms/iter)
2019-05-25 15:40:45,855:INFO: Iter: 7600, Sequences: 121600, loss: 6.15, cost: 3.89, (366.82 ms/iter)
2019-05-25 15:40:49,583:INFO: Iter: 7610, Sequences: 121760, loss: 6.84, cost: 4.14, (372.83 ms/iter)
2019-05-25 15:40:53,420:INFO: Iter: 7620, Sequences: 121920, loss: 7.63, cost: 4.64, (383.66 ms/iter)
2019-05-25 15:40:57,165:INFO: Iter: 7630, Sequences: 122080, loss: 6.47, cost: 3.89, (374.55 ms/iter)
2019-05-25 15:41:00,874:INFO: Iter: 7640, Sequences: 122240, loss: 6.42, cost: 3.98, (370.90 ms/iter)
2019-05-25 15:41:04,549:INFO: Iter: 7650, Sequences: 122400, loss: 6.31, cost: 3.81, (367.45 ms/iter)
2019-05-25 15:41:08,309:INFO: Iter: 7660, Sequences: 122560, loss: 6.43, cost: 3.97, (375.98 ms/iter)
2019-05-25 15:41:12,034:INFO: Iter: 7670, Sequences: 122720, loss: 5.77, cost: 3.61, (372.52 ms/iter)
2019-05-25 15:41:15,858:INFO: Iter: 7680, Sequences: 122880, loss: 6.38, cost: 3.94, (382.42 ms/iter)
2019-05-25 15:41:19,583:INFO: Iter: 7690, Sequences: 123040, loss: 6.52, cost: 4.02, (372.46 ms/iter)
2019-05-25 15:41:23,161:INFO: Iter: 7700, Sequences: 123200, loss: 5.89, cost: 3.62, (357.86 ms/iter)
2019-05-25 15:41:26,816:INFO: Iter: 7710, Sequences: 123360, loss: 6.35, cost: 4.06, (365.47 ms/iter)
2019-05-25 15:41:30,527:INFO: Iter: 7720, Sequences: 123520, loss: 6.49, cost: 4.23, (371.11 ms/iter)
2019-05-25 15:41:34,328:INFO: Iter: 7730, Sequences: 123680, loss: 6.30, cost: 3.98, (380.12 ms/iter)
2019-05-25 15:41:38,021:INFO: Iter: 7740, Sequences: 123840, loss: 6.57, cost: 4.19, (369.25 ms/iter)
2019-05-25 15:41:41,723:INFO: Iter: 7750, Sequences: 124000, loss: 6.46, cost: 3.96, (370.28 ms/iter)
2019-05-25 15:41:45,439:INFO: Iter: 7760, Sequences: 124160, loss: 6.36, cost: 4.02, (371.59 ms/iter)
2019-05-25 15:41:49,093:INFO: Iter: 7770, Sequences: 124320, loss: 6.40, cost: 3.96, (365.34 ms/iter)
2019-05-25 15:41:52,740:INFO: Iter: 7780, Sequences: 124480, loss: 15.29, cost: 3.87, (364.74 ms/iter)
2019-05-25 15:41:56,453:INFO: Iter: 7790, Sequences: 124640, loss: 7.97, cost: 4.20, (371.31 ms/iter)
2019-05-25 15:42:00,290:INFO: Iter: 7800, Sequences: 124800, loss: 6.93, cost: 4.01, (383.69 ms/iter)
2019-05-25 15:42:04,151:INFO: Iter: 7810, Sequences: 124960, loss: 6.91, cost: 4.08, (386.04 ms/iter)
2019-05-25 15:42:07,923:INFO: Iter: 7820, Sequences: 125120, loss: 6.80, cost: 4.08, (377.28 ms/iter)
2019-05-25 15:42:11,708:INFO: Iter: 7830, Sequences: 125280, loss: 6.49, cost: 3.85, (378.52 ms/iter)
2019-05-25 15:42:15,494:INFO: Iter: 7840, Sequences: 125440, loss: 6.48, cost: 3.99, (378.58 ms/iter)
2019-05-25 15:42:19,239:INFO: Iter: 7850, Sequences: 125600, loss: 6.87, cost: 4.23, (374.43 ms/iter)
2019-05-25 15:42:23,002:INFO: Iter: 7860, Sequences: 125760, loss: 6.43, cost: 3.91, (376.31 ms/iter)
2019-05-25 15:42:26,675:INFO: Iter: 7870, Sequences: 125920, loss: 6.19, cost: 3.73, (367.34 ms/iter)
2019-05-25 15:42:30,529:INFO: Iter: 7880, Sequences: 126080, loss: 6.07, cost: 3.71, (385.36 ms/iter)
2019-05-25 15:42:34,314:INFO: Iter: 7890, Sequences: 126240, loss: 6.37, cost: 4.01, (378.48 ms/iter)
2019-05-25 15:42:38,095:INFO: Iter: 7900, Sequences: 126400, loss: 7.12, cost: 4.54, (378.12 ms/iter)
2019-05-25 15:42:41,858:INFO: Iter: 7910, Sequences: 126560, loss: 6.51, cost: 4.26, (376.33 ms/iter)
2019-05-25 15:42:45,715:INFO: Iter: 7920, Sequences: 126720, loss: 6.43, cost: 4.03, (385.65 ms/iter)
2019-05-25 15:42:49,494:INFO: Iter: 7930, Sequences: 126880, loss: 6.39, cost: 3.93, (377.98 ms/iter)
2019-05-25 15:42:53,227:INFO: Iter: 7940, Sequences: 127040, loss: 6.82, cost: 4.11, (373.24 ms/iter)
2019-05-25 15:42:56,955:INFO: Iter: 7950, Sequences: 127200, loss: 6.63, cost: 3.94, (372.80 ms/iter)
2019-05-25 15:43:00,727:INFO: Iter: 7960, Sequences: 127360, loss: 6.20, cost: 3.76, (377.19 ms/iter)
2019-05-25 15:43:04,435:INFO: Iter: 7970, Sequences: 127520, loss: 6.19, cost: 3.74, (370.85 ms/iter)
2019-05-25 15:43:08,178:INFO: Iter: 7980, Sequences: 127680, loss: 6.43, cost: 4.06, (374.30 ms/iter)
2019-05-25 15:43:11,983:INFO: Iter: 7990, Sequences: 127840, loss: 6.49, cost: 4.00, (380.47 ms/iter)
2019-05-25 15:43:15,738:INFO: Iter: 8000, Sequences: 128000, loss: 6.46, cost: 3.98, (375.51 ms/iter)
2019-05-25 15:43:15,738:INFO: Saving checkpoint
2019-05-25 15:43:15,742:INFO: Validating model on longer sequences
2019-05-25 15:43:20,571:INFO: Iter: 8010, Sequences: 128160, loss: 6.71, cost: 4.19, (483.31 ms/iter)
2019-05-25 15:43:24,316:INFO: Iter: 8020, Sequences: 128320, loss: 6.56, cost: 4.15, (374.49 ms/iter)
2019-05-25 15:43:28,099:INFO: Iter: 8030, Sequences: 128480, loss: 6.49, cost: 3.99, (378.27 ms/iter)
