2019-05-05 22:56:44,710:INFO: Loaded config
2019-05-05 22:56:44,710:INFO: ('name', 'Sort LSTM custom loss')
2019-05-05 22:56:44,710:INFO: ('seed', 1)
2019-05-05 22:56:44,710:INFO: ('gpu', True)
2019-05-05 22:56:44,713:INFO: ('task', {'name': 'sort', 'len_alphabet': 5, 'min_len': 1, 'max_len': 20, 'update_limit': 1.0, 'min_update_iters': 75})
2019-05-05 22:56:44,713:INFO: ('model', {'name': 'lstm', 'n_hidden': 256, 'n_layers': 3})
2019-05-05 22:56:44,713:INFO: ('train', {'checkpoint_interval': 1000, 'report_interval': 100, 'verbose_interval': 25, 'train_iterations': 18000, 'update_interval': 3, 'batch_size': 64, 'loss': 'mse_lsize', 'loss_k_start': 0, 'loss_k_end': 0.25, 'loss_k_decay': 1000})
2019-05-05 22:56:44,713:INFO: ('q_learning', {'gamma': 0.999, 'alpha': 0.75, 'eps_start': 0.9, 'eps_restart': 0.15, 'eps_end': 0.05, 'eps_decay': 150})
2019-05-05 22:56:44,713:INFO: ('validation', {'iterations': 5, 'len_val_seqs': [25, 50, 75, 100, 150]})
2019-05-05 22:56:44,713:INFO: ('optim', {'optimizer': 'adam', 'learning_rate': 0.0001, 'momentum': 0.9, 'gradient_clipping': 15.0})
2019-05-05 22:56:44,714:INFO: ('path', PosixPath('experiments/sort_lstm_loss'))
2019-05-05 22:56:44,715:INFO: ('tensorboard', PosixPath('experiments/sort_lstm_loss/tensorboard'))
2019-05-05 22:56:44,715:INFO: ('checkpoints', PosixPath('experiments/sort_lstm_loss/checkpoints'))
2019-05-05 22:56:44,715:INFO: Start training
2019-05-05 22:56:48,330:INFO: Loaded model
2019-05-05 22:56:48,330:INFO: Total number of parameters 1325319
2019-05-05 22:56:58,864:INFO: Sequences: 0, Mean episode_total_rewards: -0.0103046875, loss_avg: 0.009655235409736633, epsilon: 0.9 curr_temp_size: 1 (421.31 ms/iter), temp_k in loss: 0.0
2019-05-05 22:56:58,865:INFO: Validating model on same-size sequences
2019-05-05 22:56:59,115:INFO: Validating model on longer sequences
2019-05-05 22:57:33,379:INFO: Validating model on same-size sequences
2019-05-05 22:57:56,973:INFO: Validating model on same-size sequences
2019-05-05 22:58:22,459:INFO: Validating model on same-size sequences
2019-05-05 22:58:50,433:INFO: Validating model on same-size sequences
2019-05-05 22:59:15,021:INFO: Validating model on same-size sequences
2019-05-05 22:59:41,710:INFO: Validating model on same-size sequences
2019-05-05 23:00:09,065:INFO: Validating model on same-size sequences
2019-05-05 23:00:35,060:INFO: Validating model on same-size sequences
2019-05-05 23:00:43,984:INFO: Sequences: 1600, Mean episode_total_rewards: -0.005584821428571429, loss_avg: 0.010548837184906006, epsilon: 0.8504998535466114 curr_temp_size: 1 (9004.77 ms/iter), temp_k in loss: 0.006172521992916846
2019-05-05 23:01:02,307:INFO: Validating model on same-size sequences
2019-05-05 23:01:28,032:INFO: Validating model on same-size sequences
2019-05-05 23:01:53,142:INFO: Validating model on same-size sequences
2019-05-05 23:02:19,958:INFO: Validating model on same-size sequences
2019-05-05 23:02:47,160:INFO: Validating model on same-size sequences
2019-05-05 23:03:14,764:INFO: Validating model on same-size sequences
2019-05-05 23:03:39,484:INFO: Validating model on same-size sequences
2019-05-05 23:04:05,447:INFO: Validating model on same-size sequences
2019-05-05 23:04:23,532:INFO: Sequences: 3200, Mean episode_total_rewards: -0.006421874999999999, loss_avg: 0.009878687262535095, epsilon: 0.8089250439167868 curr_temp_size: 1 (8781.94 ms/iter), temp_k in loss: 0.012192643874821496
2019-05-05 23:04:31,836:INFO: Validating model on same-size sequences
2019-05-05 23:04:57,467:INFO: Validating model on same-size sequences
2019-05-05 23:05:24,999:INFO: Validating model on same-size sequences
2019-05-05 23:05:53,897:INFO: Validating model on same-size sequences
2019-05-05 23:06:20,731:INFO: Validating model on same-size sequences
2019-05-05 23:06:47,449:INFO: Validating model on same-size sequences
2019-05-05 23:07:14,085:INFO: Validating model on same-size sequences
2019-05-05 23:07:38,847:INFO: Validating model on same-size sequences
2019-05-05 23:08:07,164:INFO: Sequences: 4800, Mean episode_total_rewards: -0.0043125, loss_avg: 0.011178655624389649, epsilon: 0.769509466157022 curr_temp_size: 1 (8945.27 ms/iter), temp_k in loss: 0.018064128417861786
2019-05-05 23:08:07,164:INFO: Validating model on same-size sequences
2019-05-05 23:08:32,599:INFO: Validating model on same-size sequences
2019-05-05 23:08:56,659:INFO: Validating model on same-size sequences
2019-05-05 23:09:21,895:INFO: Validating model on same-size sequences
2019-05-05 23:09:50,765:INFO: Validating model on same-size sequences
2019-05-05 23:10:16,974:INFO: Validating model on same-size sequences
2019-05-05 23:10:44,854:INFO: Validating model on same-size sequences
2019-05-05 23:11:10,022:INFO: Validating model on same-size sequences
2019-05-05 23:11:37,256:INFO: Validating model on same-size sequences
2019-05-05 23:11:46,380:INFO: Sequences: 6400, Mean episode_total_rewards: -0.005232142857142856, loss_avg: 0.010518437623977661, epsilon: 0.7276084968048195 curr_temp_size: 1 (8768.66 ms/iter), temp_k in loss: 0.02379064549101012
2019-05-05 23:11:46,381:INFO: Validating model on longer sequences
2019-05-05 23:12:19,598:INFO: Validating model on same-size sequences
2019-05-05 23:12:45,926:INFO: Validating model on same-size sequences
2019-05-05 23:13:13,050:INFO: Validating model on same-size sequences
2019-05-05 23:13:39,813:INFO: Validating model on same-size sequences
2019-05-05 23:14:10,145:INFO: Validating model on same-size sequences
2019-05-05 23:14:34,186:INFO: Validating model on same-size sequences
2019-05-05 23:15:01,132:INFO: Validating model on same-size sequences
2019-05-05 23:15:27,297:INFO: Validating model on same-size sequences
2019-05-05 23:15:45,008:INFO: Sequences: 8000, Mean episode_total_rewards: -0.0008113839285714285, loss_avg: 0.011317836046218872, epsilon: 0.6924161802373666 curr_temp_size: 1 (9545.09 ms/iter), temp_k in loss: 0.029375774353851136
2019-05-05 23:15:53,735:INFO: Validating model on same-size sequences
2019-05-05 23:16:20,260:INFO: Validating model on same-size sequences
2019-05-05 23:16:46,497:INFO: Validating model on same-size sequences
2019-05-05 23:17:12,217:INFO: Validating model on same-size sequences
2019-05-05 23:17:39,034:INFO: Validating model on same-size sequences
2019-05-05 23:18:08,433:INFO: Validating model on same-size sequences
2019-05-05 23:18:34,648:INFO: Validating model on same-size sequences
2019-05-05 23:19:02,441:INFO: Validating model on same-size sequences
2019-05-05 23:19:28,660:INFO: Sequences: 9600, Mean episode_total_rewards: -0.005234375, loss_avg: 0.010932333469390869, epsilon: 0.6590516139877209 curr_temp_size: 1 (8946.09 ms/iter), temp_k in loss: 0.03482300589373555
2019-05-05 23:19:28,661:INFO: Validating model on same-size sequences
2019-05-05 23:19:51,933:INFO: Validating model on same-size sequences
2019-05-05 23:20:16,787:INFO: Validating model on same-size sequences
2019-05-05 23:20:41,373:INFO: Validating model on same-size sequences
2019-05-05 23:21:07,018:INFO: Validating model on same-size sequences
2019-05-05 23:21:34,663:INFO: Validating model on same-size sequences
2019-05-05 23:21:59,878:INFO: Validating model on same-size sequences
2019-05-05 23:22:27,162:INFO: Validating model on same-size sequences
2019-05-05 23:22:52,630:INFO: Validating model on same-size sequences
2019-05-05 23:23:01,314:INFO: Sequences: 11200, Mean episode_total_rewards: -0.004834821428571429, loss_avg: 0.011016042232513427, epsilon: 0.6235832091758798 curr_temp_size: 1 (8506.15 ms/iter), temp_k in loss: 0.04013574480769816
2019-05-05 23:23:17,157:INFO: Validating model on same-size sequences
2019-05-05 23:23:39,488:INFO: Validating model on same-size sequences
2019-05-05 23:24:05,200:INFO: Validating model on same-size sequences
2019-05-05 23:24:32,032:INFO: Validating model on same-size sequences
2019-05-05 23:24:57,641:INFO: Validating model on same-size sequences
2019-05-05 23:25:23,936:INFO: Validating model on same-size sequences
2019-05-05 23:25:48,469:INFO: Validating model on same-size sequences
2019-05-05 23:26:11,296:INFO: Validating model on same-size sequences
2019-05-05 23:26:28,976:INFO: Sequences: 12800, Mean episode_total_rewards: -0.002937872023809524, loss_avg: 0.011500313282012939, epsilon: 0.5937935563449658 curr_temp_size: 1 (8306.50 ms/iter), temp_k in loss: 0.045317311730504545
2019-05-05 23:26:28,977:INFO: Validating model on longer sequences
2019-05-05 23:26:52,569:INFO: Validating model on same-size sequences
2019-05-05 23:27:17,153:INFO: Validating model on same-size sequences
2019-05-05 23:27:40,100:INFO: Validating model on same-size sequences
2019-05-05 23:28:07,843:INFO: Validating model on same-size sequences
2019-05-05 23:28:32,159:INFO: Validating model on same-size sequences
2019-05-05 23:28:57,262:INFO: Validating model on same-size sequences
2019-05-05 23:29:21,856:INFO: Validating model on same-size sequences
2019-05-05 23:29:45,491:INFO: Validating model on same-size sequences
2019-05-05 23:30:12,236:INFO: Sequences: 14400, Mean episode_total_rewards: -0.00027827380952380964, loss_avg: 0.011538428068161011, epsilon: 0.5655510607557385 curr_temp_size: 1 (8930.39 ms/iter), temp_k in loss: 0.050370945310155735
2019-05-05 23:30:12,237:INFO: Validating model on same-size sequences
2019-05-05 23:30:38,125:INFO: Validating model on same-size sequences
2019-05-05 23:31:02,963:INFO: Validating model on same-size sequences
2019-05-05 23:31:29,132:INFO: Validating model on same-size sequences
2019-05-05 23:31:54,988:INFO: Validating model on same-size sequences
2019-05-05 23:32:21,837:INFO: Validating model on same-size sequences
2019-05-05 23:32:46,423:INFO: Validating model on same-size sequences
2019-05-05 23:33:13,194:INFO: Validating model on same-size sequences
2019-05-05 23:33:40,044:INFO: Validating model on same-size sequences
2019-05-05 23:33:49,283:INFO: Sequences: 16000, Mean episode_total_rewards: -0.0021577380952380954, loss_avg: 0.012213562726974487, epsilon: 0.5355277042714927 curr_temp_size: 1 (8681.88 ms/iter), temp_k in loss: 0.05529980423214878
2019-05-05 23:34:06,713:INFO: Validating model on same-size sequences
2019-05-05 23:34:30,753:INFO: Validating model on same-size sequences
2019-05-05 23:34:54,794:INFO: Validating model on same-size sequences
2019-05-05 23:35:21,258:INFO: Validating model on same-size sequences
2019-05-05 23:35:46,629:INFO: Validating model on same-size sequences
2019-05-05 23:36:12,096:INFO: Validating model on same-size sequences
2019-05-05 23:36:35,666:INFO: Validating model on same-size sequences
2019-05-05 23:37:03,249:INFO: Validating model on same-size sequences
2019-05-05 23:37:19,454:INFO: Sequences: 17600, Mean episode_total_rewards: -0.0008750000000000002, loss_avg: 0.011016014814376831, epsilon: 0.510311307559288 curr_temp_size: 1 (8406.84 ms/iter), temp_k in loss: 0.06010696919375788
2019-05-05 23:37:28,310:INFO: Validating model on same-size sequences
2019-05-05 23:37:53,998:INFO: Validating model on same-size sequences
2019-05-05 23:38:19,669:INFO: Validating model on same-size sequences
2019-05-05 23:38:46,718:INFO: Validating model on same-size sequences
2019-05-05 23:39:09,949:INFO: Validating model on same-size sequences
2019-05-05 23:39:33,561:INFO: Validating model on same-size sequences
2019-05-05 23:40:02,676:INFO: Validating model on same-size sequences
2019-05-05 23:40:27,033:INFO: Validating model on same-size sequences
2019-05-05 23:40:50,516:INFO: Sequences: 19200, Mean episode_total_rewards: -0.0024363839285714284, loss_avg: 0.011682108640670777, epsilon: 0.4864045511777032 curr_temp_size: 1 (8442.49 ms/iter), temp_k in loss: 0.06479544482957053
2019-05-05 23:40:50,517:INFO: Validating model on same-size sequences
2019-05-05 23:40:50,804:INFO: Validating model on longer sequences
2019-05-05 23:41:29,865:INFO: Validating model on same-size sequences
2019-05-05 23:41:52,813:INFO: Validating model on same-size sequences
2019-05-05 23:42:15,493:INFO: Validating model on same-size sequences
2019-05-05 23:42:40,825:INFO: Validating model on same-size sequences
2019-05-05 23:43:05,234:INFO: Validating model on same-size sequences
2019-05-05 23:43:32,213:INFO: Validating model on same-size sequences
2019-05-05 23:43:59,487:INFO: Validating model on same-size sequences
2019-05-05 23:44:22,725:INFO: Validating model on same-size sequences
2019-05-05 23:44:32,468:INFO: Sequences: 20800, Mean episode_total_rewards: -0.0013805803571428571, loss_avg: 0.01241120219230652, epsilon: 0.46099032859391303 curr_temp_size: 1 (8878.09 ms/iter), temp_k in loss: 0.06936816158948195
2019-05-05 23:44:48,611:INFO: Validating model on same-size sequences
2019-05-05 23:45:14,941:INFO: Validating model on same-size sequences
2019-05-05 23:45:40,420:INFO: Validating model on same-size sequences
2019-05-05 23:46:04,463:INFO: Validating model on same-size sequences
2019-05-05 23:46:28,952:INFO: Validating model on same-size sequences
2019-05-05 23:46:53,320:INFO: Validating model on same-size sequences
2019-05-05 23:47:18,583:INFO: Validating model on same-size sequences
2019-05-05 23:47:44,545:INFO: Validating model on same-size sequences
2019-05-05 23:47:59,829:INFO: Sequences: 22400, Mean episode_total_rewards: 0.002426339285714286, loss_avg: 0.011236199140548707, epsilon: 0.43964510960944 curr_temp_size: 1 (8294.43 ms/iter), temp_k in loss: 0.07382797757032164
2019-05-05 23:48:08,364:INFO: Validating model on same-size sequences
2019-05-05 23:48:32,995:INFO: Validating model on same-size sequences
2019-05-05 23:48:56,675:INFO: Validating model on same-size sequences
2019-05-05 23:49:23,706:INFO: Validating model on same-size sequences
2019-05-05 23:49:47,015:INFO: Validating model on same-size sequences
2019-05-05 23:50:09,214:INFO: Validating model on same-size sequences
2019-05-05 23:50:36,540:INFO: Validating model on same-size sequences
2019-05-05 23:51:01,921:INFO: Validating model on same-size sequences
2019-05-05 23:51:25,527:INFO: Sequences: 24000, Mean episode_total_rewards: -0.0007767857142857143, loss_avg: 0.011763166189193725, epsilon: 0.41940847723101643 curr_temp_size: 1 (8227.93 ms/iter), temp_k in loss: 0.07817768030225694
2019-05-05 23:51:25,528:INFO: Validating model on same-size sequences
2019-05-05 23:51:51,363:INFO: Validating model on same-size sequences
2019-05-05 23:52:17,148:INFO: Validating model on same-size sequences
2019-05-05 23:52:40,984:INFO: Validating model on same-size sequences
2019-05-05 23:53:07,708:INFO: Validating model on same-size sequences
2019-05-05 23:53:32,791:INFO: Validating model on same-size sequences
2019-05-05 23:53:59,208:INFO: Validating model on same-size sequences
2019-05-05 23:54:23,472:INFO: Validating model on same-size sequences
2019-05-05 23:54:49,523:INFO: Validating model on same-size sequences
2019-05-05 23:54:58,051:INFO: Sequences: 25600, Mean episode_total_rewards: -6.696428571428576e-05, loss_avg: 0.010752853155136109, epsilon: 0.39789580226153576 curr_temp_size: 1 (8500.92 ms/iter), temp_k in loss: 0.08241998849109017
2019-05-05 23:54:58,051:INFO: Validating model on longer sequences
2019-05-05 23:55:28,796:INFO: Validating model on same-size sequences
2019-05-05 23:55:53,344:INFO: Validating model on same-size sequences
2019-05-05 23:56:19,333:INFO: Validating model on same-size sequences
2019-05-05 23:56:44,012:INFO: Validating model on same-size sequences
2019-05-05 23:57:07,195:INFO: Validating model on same-size sequences
2019-05-05 23:57:32,718:INFO: Validating model on same-size sequences
2019-05-05 23:57:58,048:INFO: Validating model on same-size sequences
2019-05-05 23:58:22,782:INFO: Validating model on same-size sequences
2019-05-05 23:58:37,881:INFO: Sequences: 27200, Mean episode_total_rewards: 0.00017968750000000005, loss_avg: 0.01112967848777771, epsilon: 0.37982746447739113 curr_temp_size: 1 (8793.23 ms/iter), temp_k in loss: 0.08655755371753818
2019-05-05 23:58:44,428:INFO: Validating model on same-size sequences
2019-05-05 23:59:08,660:INFO: Validating model on same-size sequences
2019-05-05 23:59:32,629:INFO: Validating model on same-size sequences
2019-05-05 23:59:58,154:INFO: Validating model on same-size sequences
2019-05-06 00:00:23,472:INFO: Validating model on same-size sequences
2019-05-06 00:00:50,665:INFO: Validating model on same-size sequences
2019-05-06 00:01:16,458:INFO: Validating model on same-size sequences
2019-05-06 00:01:42,381:INFO: Validating model on same-size sequences
2019-05-06 00:02:08,118:INFO: Sequences: 28800, Mean episode_total_rewards: 0.002371279761904762, loss_avg: 0.013094700574874878, epsilon: 0.36269752499572594 curr_temp_size: 1 (8409.45 ms/iter), temp_k in loss: 0.09059296209455667
2019-05-06 00:02:08,118:INFO: Validating model on same-size sequences
2019-05-06 00:02:32,180:INFO: Validating model on same-size sequences
2019-05-06 00:02:57,470:INFO: Validating model on same-size sequences
2019-05-06 00:03:22,250:INFO: Validating model on same-size sequences
2019-05-06 00:03:46,818:INFO: Validating model on same-size sequences
2019-05-06 00:04:12,941:INFO: Validating model on same-size sequences
2019-05-06 00:04:36,829:INFO: Validating model on same-size sequences
2019-05-06 00:04:59,226:INFO: Validating model on same-size sequences
2019-05-06 00:05:23,022:INFO: Validating model on same-size sequences
2019-05-06 00:05:31,591:INFO: Sequences: 30400, Mean episode_total_rewards: 0.0008281249999999999, loss_avg: 0.01281867265701294, epsilon: 0.34448743878054877 curr_temp_size: 1 (8138.95 ms/iter), temp_k in loss: 0.09452873588374497
2019-05-06 00:05:48,708:INFO: Validating model on same-size sequences
2019-05-06 00:06:13,212:INFO: Validating model on same-size sequences
2019-05-06 00:06:36,898:INFO: Validating model on same-size sequences
2019-05-06 00:07:02,042:INFO: Validating model on same-size sequences
2019-05-06 00:07:26,856:INFO: Validating model on same-size sequences
2019-05-06 00:07:51,580:INFO: Validating model on same-size sequences
2019-05-06 00:08:17,826:INFO: Validating model on same-size sequences
2019-05-06 00:08:44,286:INFO: Validating model on same-size sequences
2019-05-06 00:09:00,156:INFO: Sequences: 32000, Mean episode_total_rewards: -0.002419642857142858, loss_avg: 0.011762861013412475, epsilon: 0.32919292104711984 curr_temp_size: 1 (8342.60 ms/iter), temp_k in loss: 0.09836733507184164
2019-05-06 00:09:00,157:INFO: Validating model on longer sequences
2019-05-06 00:09:22,685:INFO: Validating model on same-size sequences
2019-05-06 00:09:49,157:INFO: Validating model on same-size sequences
2019-05-06 00:10:14,160:INFO: Validating model on same-size sequences
2019-05-06 00:10:39,829:INFO: Validating model on same-size sequences
2019-05-06 00:11:05,743:INFO: Validating model on same-size sequences
2019-05-06 00:11:32,345:INFO: Validating model on same-size sequences
2019-05-06 00:11:57,307:INFO: Validating model on same-size sequences
2019-05-06 00:12:20,711:INFO: Validating model on same-size sequences
2019-05-06 00:12:49,212:INFO: Sequences: 33600, Mean episode_total_rewards: 0.002704613095238095, loss_avg: 0.01276587724685669, epsilon: 0.314692740327408 curr_temp_size: 1 (9162.22 ms/iter), temp_k in loss: 0.10211115890829622
2019-05-06 00:12:49,213:INFO: Validating model on same-size sequences
2019-05-06 00:13:15,028:INFO: Validating model on same-size sequences
2019-05-06 00:13:41,566:INFO: Validating model on same-size sequences
2019-05-06 00:14:05,604:INFO: Validating model on same-size sequences
2019-05-06 00:14:31,902:INFO: Validating model on same-size sequences
2019-05-06 00:14:57,133:INFO: Validating model on same-size sequences
2019-05-06 00:15:22,314:INFO: Validating model on same-size sequences
2019-05-06 00:15:46,515:INFO: Validating model on same-size sequences
2019-05-06 00:16:12,468:INFO: Validating model on same-size sequences
2019-05-06 00:16:19,942:INFO: Sequences: 35200, Mean episode_total_rewards: 0.0040104166666666665, loss_avg: 0.013162366151809692, epsilon: 0.2992782351375781 curr_temp_size: 1 (8429.21 ms/iter), temp_k in loss: 0.10576254740487834
2019-05-06 00:16:36,116:INFO: Validating model on same-size sequences
2019-05-06 00:16:58,553:INFO: Validating model on same-size sequences
2019-05-06 00:17:24,283:INFO: Validating model on same-size sequences
2019-05-06 00:17:46,254:INFO: Validating model on same-size sequences
2019-05-06 00:18:08,102:INFO: Validating model on same-size sequences
2019-05-06 00:18:32,780:INFO: Validating model on same-size sequences
2019-05-06 00:18:57,061:INFO: Validating model on same-size sequences
2019-05-06 00:19:22,844:INFO: Validating model on same-size sequences
2019-05-06 00:19:39,673:INFO: Sequences: 36800, Mean episode_total_rewards: 0.0010915178571428575, loss_avg: 0.01224077582359314, epsilon: 0.286331705385215 curr_temp_size: 1 (7989.24 ms/iter), temp_k in loss: 0.10932378279826108
2019-05-06 00:19:47,883:INFO: Validating model on same-size sequences
2019-05-06 00:20:10,110:INFO: Validating model on same-size sequences
2019-05-06 00:20:34,300:INFO: Validating model on same-size sequences
2019-05-06 00:21:00,121:INFO: Validating model on same-size sequences
2019-05-06 00:21:24,022:INFO: Validating model on same-size sequences
2019-05-06 00:21:46,600:INFO: Validating model on same-size sequences
2019-05-06 00:22:12,773:INFO: Validating model on same-size sequences
2019-05-06 00:22:35,893:INFO: Validating model on same-size sequences
2019-05-06 00:23:00,059:INFO: Sequences: 38400, Mean episode_total_rewards: 0.001640625, loss_avg: 0.011631006002426147, epsilon: 0.27405756739836773 curr_temp_size: 1 (8015.42 ms/iter), temp_k in loss: 0.1127970909764934
2019-05-06 00:23:00,059:INFO: Validating model on same-size sequences
2019-05-06 00:23:00,302:INFO: Validating model on longer sequences
2019-05-06 00:23:38,946:INFO: Validating model on same-size sequences
2019-05-06 00:24:02,007:INFO: Validating model on same-size sequences
2019-05-06 00:24:23,855:INFO: Validating model on same-size sequences
2019-05-06 00:24:46,320:INFO: Validating model on same-size sequences
2019-05-06 00:25:09,796:INFO: Validating model on same-size sequences
2019-05-06 00:25:33,763:INFO: Validating model on same-size sequences
2019-05-06 00:25:59,478:INFO: Validating model on same-size sequences
2019-05-06 00:26:24,450:INFO: Validating model on same-size sequences
2019-05-06 00:26:32,886:INFO: Sequences: 40000, Mean episode_total_rewards: 0.004265625, loss_avg: 0.012355324029922485, epsilon: 0.26100947045694517 curr_temp_size: 1 (8513.09 ms/iter), temp_k in loss: 0.11618464287025243
2019-05-06 00:26:48,374:INFO: Validating model on same-size sequences
2019-05-06 00:27:11,300:INFO: Validating model on same-size sequences
2019-05-06 00:27:35,048:INFO: Validating model on same-size sequences
2019-05-06 00:28:00,023:INFO: Validating model on same-size sequences
2019-05-06 00:28:24,387:INFO: Validating model on same-size sequences
2019-05-06 00:28:47,029:INFO: Validating model on same-size sequences
2019-05-06 00:29:10,242:INFO: Validating model on same-size sequences
2019-05-06 00:29:34,487:INFO: Validating model on same-size sequences
2019-05-06 00:29:50,474:INFO: Sequences: 41600, Mean episode_total_rewards: 0.0019056412337662338, loss_avg: 0.0141530442237854, epsilon: 0.2500504696208172 curr_temp_size: 1 (7903.50 ms/iter), temp_k in loss: 0.11948855580974599
2019-05-06 00:29:58,430:INFO: Validating model on same-size sequences
2019-05-06 00:30:21,138:INFO: Validating model on same-size sequences
2019-05-06 00:30:45,733:INFO: Validating model on same-size sequences
2019-05-06 00:31:10,035:INFO: Validating model on same-size sequences
2019-05-06 00:31:32,555:INFO: Validating model on same-size sequences
2019-05-06 00:31:56,243:INFO: Validating model on same-size sequences
2019-05-06 00:32:20,524:INFO: Validating model on same-size sequences
2019-05-06 00:32:41,147:INFO: Validating model on same-size sequences
2019-05-06 00:33:04,439:INFO: Sequences: 43200, Mean episode_total_rewards: 0.0033046875, loss_avg: 0.012489575147628783, epsilon: 0.23966063612616534 curr_temp_size: 1 (7758.62 ms/iter), temp_k in loss: 0.1227108948481127
2019-05-06 00:33:04,440:INFO: Validating model on same-size sequences
2019-05-06 00:33:27,095:INFO: Validating model on same-size sequences
2019-05-06 00:33:49,105:INFO: Validating model on same-size sequences
2019-05-06 00:34:13,911:INFO: Validating model on same-size sequences
2019-05-06 00:34:35,841:INFO: Validating model on same-size sequences
2019-05-06 00:34:56,577:INFO: Validating model on same-size sequences
2019-05-06 00:35:19,649:INFO: Validating model on same-size sequences
2019-05-06 00:35:43,188:INFO: Validating model on same-size sequences
2019-05-06 00:36:05,633:INFO: Validating model on same-size sequences
2019-05-06 00:36:13,982:INFO: Sequences: 44800, Mean episode_total_rewards: -0.0012051542207792206, loss_avg: 0.013765391111373902, epsilon: 0.22861566052065002 curr_temp_size: 1 (7581.73 ms/iter), temp_k in loss: 0.12585367405214762
2019-05-06 00:36:13,983:INFO: Validating model on longer sequences
2019-05-06 00:36:46,005:INFO: Validating model on same-size sequences
2019-05-06 00:37:09,120:INFO: Validating model on same-size sequences
2019-05-06 00:37:34,195:INFO: Validating model on same-size sequences
2019-05-06 00:37:56,887:INFO: Validating model on same-size sequences
2019-05-06 00:38:19,400:INFO: Validating model on same-size sequences
2019-05-06 00:38:43,936:INFO: Validating model on same-size sequences
2019-05-06 00:39:08,231:INFO: Validating model on same-size sequences
2019-05-06 00:39:32,053:INFO: Validating model on same-size sequences
2019-05-06 00:39:50,399:INFO: Sequences: 46400, Mean episode_total_rewards: 0.0037300459956709953, loss_avg: 0.012519817352294921, epsilon: 0.21933906658980679 curr_temp_size: 1 (8656.66 ms/iter), temp_k in loss: 0.12891885776115938
2019-05-06 00:39:59,299:INFO: Validating model on same-size sequences
2019-05-06 00:40:25,409:INFO: Validating model on same-size sequences
2019-05-06 00:40:51,177:INFO: Validating model on same-size sequences
2019-05-06 00:41:16,666:INFO: Validating model on same-size sequences
2019-05-06 00:41:42,114:INFO: Validating model on same-size sequences
2019-05-06 00:42:06,295:INFO: Validating model on same-size sequences
2019-05-06 00:42:30,917:INFO: Validating model on same-size sequences
2019-05-06 00:42:54,713:INFO: Validating model on same-size sequences
2019-05-06 00:43:21,887:INFO: Sequences: 48000, Mean episode_total_rewards: 0.0041015625, loss_avg: 0.013370547294616699, epsilon: 0.21054426241192753 curr_temp_size: 1 (8459.52 ms/iter), temp_k in loss: 0.13190836181474633
2019-05-06 00:43:21,888:INFO: Validating model on same-size sequences
2019-05-06 00:43:47,437:INFO: Validating model on same-size sequences
2019-05-06 00:44:10,975:INFO: Validating model on same-size sequences
2019-05-06 00:44:34,800:INFO: Validating model on same-size sequences
2019-05-06 00:44:58,147:INFO: Validating model on same-size sequences
2019-05-06 00:45:23,222:INFO: Validating model on same-size sequences
2019-05-06 00:45:49,380:INFO: Validating model on same-size sequences
2019-05-06 00:46:12,699:INFO: Validating model on same-size sequences
2019-05-06 00:46:38,778:INFO: Validating model on same-size sequences
2019-05-06 00:46:47,884:INFO: Sequences: 49600, Mean episode_total_rewards: 0.0009397321428571429, loss_avg: 0.013331477642059325, epsilon: 0.20119489240999622 curr_temp_size: 1 (8239.90 ms/iter), temp_k in loss: 0.13482405475025855
2019-05-06 00:47:04,191:INFO: Validating model on same-size sequences
2019-05-06 00:47:28,617:INFO: Validating model on same-size sequences
2019-05-06 00:47:51,702:INFO: Validating model on same-size sequences
2019-05-06 00:48:18,085:INFO: Validating model on same-size sequences
2019-05-06 00:48:43,633:INFO: Validating model on same-size sequences
2019-05-06 00:49:08,012:INFO: Validating model on same-size sequences
2019-05-06 00:49:34,852:INFO: Validating model on same-size sequences
2019-05-06 00:49:59,865:INFO: Validating model on same-size sequences
2019-05-06 00:50:16,530:INFO: Sequences: 51200, Mean episode_total_rewards: 0.0030546874999999997, loss_avg: 0.01298115611076355, epsilon: 0.1933424251783062 curr_temp_size: 1 (8345.83 ms/iter), temp_k in loss: 0.1376677589706946
2019-05-06 00:50:16,531:INFO: Validating model on longer sequences
2019-05-06 00:50:40,024:INFO: Validating model on same-size sequences
2019-05-06 00:51:04,197:INFO: Validating model on same-size sequences
2019-05-06 00:51:26,725:INFO: Validating model on same-size sequences
2019-05-06 00:51:49,384:INFO: Validating model on same-size sequences
2019-05-06 00:52:13,345:INFO: Validating model on same-size sequences
2019-05-06 00:52:36,322:INFO: Validating model on same-size sequences
2019-05-06 00:53:01,113:INFO: Validating model on same-size sequences
2019-05-06 00:53:31,295:INFO: Validating model on same-size sequences
2019-05-06 00:54:03,787:INFO: Sequences: 52800, Mean episode_total_rewards: 0.005261160714285714, loss_avg: 0.013926644325256348, epsilon: 0.18589778416773983 curr_temp_size: 1 (9090.29 ms/iter), temp_k in loss: 0.1404412518837627
2019-05-06 00:54:03,788:INFO: Validating model on same-size sequences
2019-05-06 00:54:27,523:INFO: Validating model on same-size sequences
2019-05-06 00:54:51,478:INFO: Validating model on same-size sequences
2019-05-06 00:55:16,844:INFO: Validating model on same-size sequences
2019-05-06 00:55:38,663:INFO: Validating model on same-size sequences
2019-05-06 00:56:05,127:INFO: Validating model on same-size sequences
2019-05-06 00:56:29,205:INFO: Validating model on same-size sequences
2019-05-06 00:56:51,729:INFO: Validating model on same-size sequences
2019-05-06 00:57:16,446:INFO: Validating model on same-size sequences
2019-05-06 00:57:24,627:INFO: Sequences: 54400, Mean episode_total_rewards: -0.0004308035714285714, loss_avg: 0.013034911155700683, epsilon: 0.1779837133218644 curr_temp_size: 1 (8033.59 ms/iter), temp_k in loss: 0.14314626701281832
2019-05-06 00:57:39,125:INFO: Validating model on same-size sequences
2019-05-06 00:58:05,143:INFO: Validating model on same-size sequences
2019-05-06 00:58:29,137:INFO: Validating model on same-size sequences
2019-05-06 00:58:51,912:INFO: Validating model on same-size sequences
2019-05-06 00:59:17,233:INFO: Validating model on same-size sequences
2019-05-06 00:59:41,857:INFO: Validating model on same-size sequences
2019-05-06 01:00:07,749:INFO: Validating model on same-size sequences
2019-05-06 01:00:30,464:INFO: Validating model on same-size sequences
2019-05-06 01:00:46,779:INFO: Sequences: 56000, Mean episode_total_rewards: 0.002582589285714286, loss_avg: 0.013619097471237183, epsilon: 0.1713367433149364 curr_temp_size: 1 (8086.06 ms/iter), temp_k in loss: 0.1457844950803729
2019-05-06 01:00:55,787:INFO: Validating model on same-size sequences
2019-05-06 01:01:19,253:INFO: Validating model on same-size sequences
2019-05-06 01:01:42,851:INFO: Validating model on same-size sequences
2019-05-06 01:02:08,444:INFO: Validating model on same-size sequences
2019-05-06 01:02:32,615:INFO: Validating model on same-size sequences
2019-05-06 01:02:56,795:INFO: Validating model on same-size sequences
2019-05-06 01:03:21,929:INFO: Validating model on same-size sequences
2019-05-06 01:03:46,567:INFO: Validating model on same-size sequences
2019-05-06 01:04:11,397:INFO: Sequences: 57600, Mean episode_total_rewards: 0.0042276785714285715, loss_avg: 0.011757923364639282, epsilon: 0.1650349907511208 curr_temp_size: 1 (8184.75 ms/iter), temp_k in loss: 0.14835758506485022
2019-05-06 01:04:11,398:INFO: Validating model on same-size sequences
2019-05-06 01:04:11,646:INFO: Validating model on longer sequences
2019-05-06 01:04:48,385:INFO: Validating model on same-size sequences
2019-05-06 01:05:12,221:INFO: Validating model on same-size sequences
2019-05-06 01:05:35,351:INFO: Validating model on same-size sequences
2019-05-06 01:05:58,821:INFO: Validating model on same-size sequences
2019-05-06 01:06:23,144:INFO: Validating model on same-size sequences
2019-05-06 01:06:49,281:INFO: Validating model on same-size sequences
2019-05-06 01:07:15,270:INFO: Validating model on same-size sequences
2019-05-06 01:07:41,369:INFO: Validating model on same-size sequences
2019-05-06 01:07:50,674:INFO: Sequences: 59200, Mean episode_total_rewards: -0.0028750000000000004, loss_avg: 0.013674185276031495, epsilon: 0.15833587441059763 curr_temp_size: 1 (8771.08 ms/iter), temp_k in loss: 0.15086714523125178
2019-05-06 01:08:04,904:INFO: Validating model on same-size sequences
2019-05-06 01:08:27,167:INFO: Validating model on same-size sequences
2019-05-06 01:08:48,723:INFO: Validating model on same-size sequences
2019-05-06 01:09:12,283:INFO: Validating model on same-size sequences
2019-05-06 01:09:34,587:INFO: Validating model on same-size sequences
2019-05-06 01:09:59,073:INFO: Validating model on same-size sequences
2019-05-06 01:10:23,044:INFO: Validating model on same-size sequences
2019-05-06 01:10:51,789:INFO: Validating model on same-size sequences
2019-05-06 01:11:07,122:INFO: Sequences: 60800, Mean episode_total_rewards: 0.003424107142857143, loss_avg: 0.011503570079803467, epsilon: 0.15270933577383705 curr_temp_size: 1 (7857.43 ms/iter), temp_k in loss: 0.1533147441363747
2019-05-06 01:11:14,634:INFO: Validating model on same-size sequences
2019-05-06 01:11:39,211:INFO: Validating model on same-size sequences
2019-05-06 01:12:04,466:INFO: Validating model on same-size sequences
2019-05-06 01:12:30,939:INFO: Validating model on same-size sequences
2019-05-06 01:12:55,925:INFO: Validating model on same-size sequences
2019-05-06 01:13:19,639:INFO: Validating model on same-size sequences
2019-05-06 01:13:44,768:INFO: Validating model on same-size sequences
2019-05-06 01:14:05,900:INFO: Validating model on same-size sequences
2019-05-06 01:14:29,695:INFO: Sequences: 62400, Mean episode_total_rewards: 0.001464285714285714, loss_avg: 0.012425522804260253, epsilon: 0.14737501739378456 curr_temp_size: 1 (8103.41 ms/iter), temp_k in loss: 0.15570191160921076
2019-05-06 01:14:29,696:INFO: Validating model on same-size sequences
2019-05-06 01:14:54,330:INFO: Validating model on same-size sequences
2019-05-06 01:15:18,093:INFO: Validating model on same-size sequences
2019-05-06 01:15:41,650:INFO: Validating model on same-size sequences
2019-05-06 01:16:07,088:INFO: Validating model on same-size sequences
2019-05-06 01:16:31,311:INFO: Validating model on same-size sequences
2019-05-06 01:16:54,679:INFO: Validating model on same-size sequences
2019-05-06 01:17:16,922:INFO: Validating model on same-size sequences
2019-05-06 01:17:38,714:INFO: Validating model on same-size sequences
2019-05-06 01:17:46,498:INFO: Sequences: 64000, Mean episode_total_rewards: 0.0007530438311688311, loss_avg: 0.013129701614379883, epsilon: 0.14170433783861563 curr_temp_size: 1 (7872.10 ms/iter), temp_k in loss: 0.15803013970713942
2019-05-06 01:17:46,499:INFO: Validating model on longer sequences
2019-05-06 01:18:17,240:INFO: Validating model on same-size sequences
2019-05-06 01:18:40,077:INFO: Validating model on same-size sequences
2019-05-06 01:19:05,253:INFO: Validating model on same-size sequences
2019-05-06 01:19:31,784:INFO: Validating model on same-size sequences
2019-05-06 01:19:57,861:INFO: Validating model on same-size sequences
2019-05-06 01:20:18,752:INFO: Validating model on same-size sequences
2019-05-06 01:20:45,104:INFO: Validating model on same-size sequences
2019-05-06 01:21:11,039:INFO: Validating model on same-size sequences
2019-05-06 01:21:26,892:INFO: Sequences: 65600, Mean episode_total_rewards: 0.0022098214285714286, loss_avg: 0.013579660654067993, epsilon: 0.13694157570820686 curr_temp_size: 1 (8815.78 ms/iter), temp_k in loss: 0.16030088364851208
2019-05-06 01:21:34,591:INFO: Validating model on same-size sequences
2019-05-06 01:22:00,411:INFO: Validating model on same-size sequences
2019-05-06 01:22:23,172:INFO: Validating model on same-size sequences
2019-05-06 01:22:46,511:INFO: Validating model on same-size sequences
2019-05-06 01:23:10,417:INFO: Validating model on same-size sequences
2019-05-06 01:23:32,609:INFO: Validating model on same-size sequences
2019-05-06 01:23:55,532:INFO: Validating model on same-size sequences
2019-05-06 01:24:21,084:INFO: Validating model on same-size sequences
2019-05-06 01:24:46,463:INFO: Sequences: 67200, Mean episode_total_rewards: 0.003453125, loss_avg: 0.013257852792739867, epsilon: 0.1324261726847443 curr_temp_size: 1 (7982.81 ms/iter), temp_k in loss: 0.16251556272221118
2019-05-06 01:24:46,463:INFO: Validating model on same-size sequences
2019-05-06 01:25:13,699:INFO: Validating model on same-size sequences
2019-05-06 01:25:36,404:INFO: Validating model on same-size sequences
2019-05-06 01:26:00,560:INFO: Validating model on same-size sequences
2019-05-06 01:26:25,219:INFO: Validating model on same-size sequences
2019-05-06 01:26:51,832:INFO: Validating model on same-size sequences
2019-05-06 01:27:17,086:INFO: Validating model on same-size sequences
2019-05-06 01:27:39,672:INFO: Validating model on same-size sequences
2019-05-06 01:28:04,910:INFO: Validating model on same-size sequences
2019-05-06 01:28:14,013:INFO: Sequences: 68800, Mean episode_total_rewards: 0.0019322916666666664, loss_avg: 0.013939212560653686, epsilon: 0.12762604607358297 curr_temp_size: 1 (8302.02 ms/iter), temp_k in loss: 0.16467556117475157
2019-05-06 01:28:32,685:INFO: Validating model on same-size sequences
2019-05-06 01:28:59,212:INFO: Validating model on same-size sequences
2019-05-06 01:29:23,482:INFO: Validating model on same-size sequences
2019-05-06 01:29:45,288:INFO: Validating model on same-size sequences
2019-05-06 01:30:06,251:INFO: Validating model on same-size sequences
2019-05-06 01:30:24,724:INFO: Validating model on same-size sequences
2019-05-06 01:30:44,038:INFO: Validating model on same-size sequences
2019-05-06 01:31:05,942:INFO: Validating model on same-size sequences
2019-05-06 01:31:20,186:INFO: Sequences: 70400, Mean episode_total_rewards: 0.0018125000000000003, loss_avg: 0.01434332013130188, epsilon: 0.12359445497019084 curr_temp_size: 1 (7446.92 ms/iter), temp_k in loss: 0.16678222907548013
2019-05-06 01:31:20,187:INFO: Validating model on longer sequences
2019-05-06 01:31:42,131:INFO: Validating model on same-size sequences
2019-05-06 01:32:02,482:INFO: Validating model on same-size sequences
2019-05-06 01:32:23,836:INFO: Validating model on same-size sequences
2019-05-06 01:32:46,843:INFO: Validating model on same-size sequences
2019-05-06 01:33:10,186:INFO: Validating model on same-size sequences
2019-05-06 01:33:31,424:INFO: Validating model on same-size sequences
2019-05-06 01:33:52,562:INFO: Validating model on same-size sequences
2019-05-06 01:34:16,869:INFO: Validating model on same-size sequences
2019-05-06 01:34:40,676:INFO: Sequences: 72000, Mean episode_total_rewards: 0.003926339285714286, loss_avg: 0.011409392356872558, epsilon: 0.11977224883031398 curr_temp_size: 1 (8019.59 ms/iter), temp_k in loss: 0.16883688316041257
2019-05-06 01:34:40,676:INFO: Validating model on same-size sequences
2019-05-06 01:35:04,261:INFO: Validating model on same-size sequences
2019-05-06 01:35:30,109:INFO: Validating model on same-size sequences
2019-05-06 01:35:55,756:INFO: Validating model on same-size sequences
2019-05-06 01:36:18,556:INFO: Validating model on same-size sequences
2019-05-06 01:36:42,106:INFO: Validating model on same-size sequences
2019-05-06 01:37:06,283:INFO: Validating model on same-size sequences
2019-05-06 01:37:29,673:INFO: Validating model on same-size sequences
2019-05-06 01:37:52,652:INFO: Validating model on same-size sequences
2019-05-06 01:38:00,907:INFO: Sequences: 73600, Mean episode_total_rewards: 0.002409598214285715, loss_avg: 0.01352468729019165, epsilon: 0.11570902937680479 curr_temp_size: 1 (8009.26 ms/iter), temp_k in loss: 0.17084080765523668
2019-05-06 01:38:15,841:INFO: Validating model on same-size sequences
2019-05-06 01:38:38,790:INFO: Validating model on same-size sequences
2019-05-06 01:39:02,620:INFO: Validating model on same-size sequences
2019-05-06 01:39:26,388:INFO: Validating model on same-size sequences
2019-05-06 01:39:49,400:INFO: Validating model on same-size sequences
2019-05-06 01:40:11,315:INFO: Validating model on same-size sequences
2019-05-06 01:40:35,283:INFO: Validating model on same-size sequences
2019-05-06 01:40:59,513:INFO: Validating model on same-size sequences
2019-05-06 01:41:13,962:INFO: Sequences: 75200, Mean episode_total_rewards: 0.004908482142857143, loss_avg: 0.012046664953231812, epsilon: 0.11229636118555177 curr_temp_size: 1 (7722.19 ms/iter), temp_k in loss: 0.17279525507799504
2019-05-06 01:41:21,530:INFO: Validating model on same-size sequences
2019-05-06 01:41:47,578:INFO: Validating model on same-size sequences
2019-05-06 01:42:12,932:INFO: Validating model on same-size sequences
2019-05-06 01:42:38,147:INFO: Validating model on same-size sequences
2019-05-06 01:43:03,546:INFO: Validating model on same-size sequences
2019-05-06 01:43:26,393:INFO: Validating model on same-size sequences
2019-05-06 01:43:50,684:INFO: Validating model on same-size sequences
2019-05-06 01:44:14,237:INFO: Validating model on same-size sequences
2019-05-06 01:44:38,174:INFO: Sequences: 76800, Mean episode_total_rewards: 0.007091517857142857, loss_avg: 0.010912829637527465, epsilon: 0.10906093353938132 curr_temp_size: 1 (8168.48 ms/iter), temp_k in loss: 0.17470144702194945
2019-05-06 01:44:38,175:INFO: Validating model on same-size sequences
2019-05-06 01:44:38,432:INFO: Validating model on longer sequences
2019-05-06 01:45:18,276:INFO: Validating model on same-size sequences
2019-05-06 01:45:46,567:INFO: Validating model on same-size sequences
2019-05-06 01:46:10,015:INFO: Validating model on same-size sequences
2019-05-06 01:46:35,905:INFO: Validating model on same-size sequences
2019-05-06 01:47:02,296:INFO: Validating model on same-size sequences
2019-05-06 01:47:27,376:INFO: Validating model on same-size sequences
2019-05-06 01:47:50,952:INFO: Validating model on same-size sequences
2019-05-06 01:48:17,932:INFO: Validating model on same-size sequences
2019-05-06 01:48:26,355:INFO: Sequences: 78400, Mean episode_total_rewards: 0.0034799107142857145, loss_avg: 0.01352126121520996, epsilon: 0.10562149252776576 curr_temp_size: 1 (9127.25 ms/iter), temp_k in loss: 0.1765605749191168
2019-05-06 01:48:42,736:INFO: Validating model on same-size sequences
2019-05-06 01:49:07,191:INFO: Validating model on same-size sequences
2019-05-06 01:49:31,421:INFO: Validating model on same-size sequences
2019-05-06 01:49:59,358:INFO: Validating model on same-size sequences
2019-05-06 01:50:29,105:INFO: Validating model on same-size sequences
2019-05-06 01:50:51,612:INFO: Validating model on same-size sequences
2019-05-06 01:51:16,221:INFO: Validating model on same-size sequences
2019-05-06 01:51:41,580:INFO: Validating model on same-size sequences
2019-05-06 01:51:57,082:INFO: Sequences: 80000, Mean episode_total_rewards: 0.003205357142857143, loss_avg: 0.01257745385169983, epsilon: 0.10273273127075458 curr_temp_size: 1 (8429.06 ms/iter), temp_k in loss: 0.17837380078495246
2019-05-06 01:52:05,430:INFO: Validating model on same-size sequences
2019-05-06 01:52:27,936:INFO: Validating model on same-size sequences
2019-05-06 01:52:54,060:INFO: Validating model on same-size sequences
2019-05-06 01:53:16,037:INFO: Validating model on same-size sequences
2019-05-06 01:53:43,418:INFO: Validating model on same-size sequences
2019-05-06 01:54:07,907:INFO: Validating model on same-size sequences
2019-05-06 01:54:31,608:INFO: Validating model on same-size sequences
2019-05-06 01:54:56,216:INFO: Validating model on same-size sequences
2019-05-06 01:55:20,150:INFO: Sequences: 81600, Mean episode_total_rewards: 0.0015122767857142854, loss_avg: 0.014039182662963867, epsilon: 0.0999940008960654 curr_temp_size: 1 (8122.71 ms/iter), temp_k in loss: 0.18014225794464817
2019-05-06 01:55:20,150:INFO: Validating model on same-size sequences
2019-05-06 01:55:43,566:INFO: Validating model on same-size sequences
2019-05-06 01:56:05,479:INFO: Validating model on same-size sequences
2019-05-06 01:56:28,375:INFO: Validating model on same-size sequences
2019-05-06 01:56:52,007:INFO: Validating model on same-size sequences
2019-05-06 01:57:17,337:INFO: Validating model on same-size sequences
2019-05-06 01:57:39,868:INFO: Validating model on same-size sequences
2019-05-06 01:58:07,121:INFO: Validating model on same-size sequences
2019-05-06 01:58:30,472:INFO: Validating model on same-size sequences
2019-05-06 01:58:39,281:INFO: Sequences: 83200, Mean episode_total_rewards: 0.0025492086038961036, loss_avg: 0.012705804109573364, epsilon: 0.09708257693589353 curr_temp_size: 1 (7965.28 ms/iter), temp_k in loss: 0.18186705174149687
2019-05-06 01:58:39,282:INFO: Validating model on longer sequences
2019-05-06 01:59:08,676:INFO: Validating model on same-size sequences
2019-05-06 01:59:31,999:INFO: Validating model on same-size sequences
2019-05-06 01:59:58,018:INFO: Validating model on same-size sequences
2019-05-06 02:00:21,587:INFO: Validating model on same-size sequences
2019-05-06 02:00:45,477:INFO: Validating model on same-size sequences
2019-05-06 02:01:13,110:INFO: Validating model on same-size sequences
2019-05-06 02:01:33,212:INFO: Validating model on same-size sequences
2019-05-06 02:01:55,933:INFO: Validating model on same-size sequences
2019-05-06 02:02:10,525:INFO: Sequences: 84800, Mean episode_total_rewards: 0.0035580357142857145, loss_avg: 0.013060959577560425, epsilon: 0.09463729332426155 curr_temp_size: 1 (8449.76 ms/iter), temp_k in loss: 0.18354926022776835
2019-05-06 02:02:18,201:INFO: Validating model on same-size sequences
2019-05-06 02:02:40,569:INFO: Validating model on same-size sequences
2019-05-06 02:03:02,889:INFO: Validating model on same-size sequences
2019-05-06 02:03:24,539:INFO: Validating model on same-size sequences
2019-05-06 02:03:48,453:INFO: Validating model on same-size sequences
2019-05-06 02:04:14,788:INFO: Validating model on same-size sequences
2019-05-06 02:04:38,084:INFO: Validating model on same-size sequences
2019-05-06 02:05:00,861:INFO: Validating model on same-size sequences
2019-05-06 02:05:24,816:INFO: Sequences: 86400, Mean episode_total_rewards: 0.005796875, loss_avg: 0.011443549394607544, epsilon: 0.09231900811268436 curr_temp_size: 1 (7771.61 ms/iter), temp_k in loss: 0.18518993483852714
2019-05-06 02:05:24,816:INFO: Validating model on same-size sequences
2019-05-06 02:05:49,611:INFO: Validating model on same-size sequences
2019-05-06 02:06:10,891:INFO: Validating model on same-size sequences
2019-05-06 02:06:35,088:INFO: Validating model on same-size sequences
2019-05-06 02:06:59,263:INFO: Validating model on same-size sequences
2019-05-06 02:07:23,148:INFO: Validating model on same-size sequences
2019-05-06 02:07:50,164:INFO: Validating model on same-size sequences
2019-05-06 02:08:13,598:INFO: Validating model on same-size sequences
2019-05-06 02:08:40,389:INFO: Validating model on same-size sequences
2019-05-06 02:08:47,476:INFO: Sequences: 88000, Mean episode_total_rewards: 0.002884672619047619, loss_avg: 0.014388597011566162, epsilon: 0.08985454093699022 curr_temp_size: 1 (8106.40 ms/iter), temp_k in loss: 0.18679010104881338
2019-05-06 02:09:05,809:INFO: Validating model on same-size sequences
2019-05-06 02:09:30,255:INFO: Validating model on same-size sequences
2019-05-06 02:09:55,150:INFO: Validating model on same-size sequences
2019-05-06 02:10:20,388:INFO: Validating model on same-size sequences
2019-05-06 02:10:43,565:INFO: Validating model on same-size sequences
2019-05-06 02:11:06,411:INFO: Validating model on same-size sequences
2019-05-06 02:11:28,824:INFO: Validating model on same-size sequences
2019-05-06 02:11:49,836:INFO: Validating model on same-size sequences
2019-05-06 02:12:06,162:INFO: Sequences: 89600, Mean episode_total_rewards: 0.0010245535714285717, loss_avg: 0.01393273115158081, epsilon: 0.08778465304756922 curr_temp_size: 1 (7947.47 ms/iter), temp_k in loss: 0.18835075901459838
2019-05-06 02:12:06,163:INFO: Validating model on longer sequences
2019-05-06 02:12:27,249:INFO: Validating model on same-size sequences
2019-05-06 02:12:52,255:INFO: Validating model on same-size sequences
2019-05-06 02:13:16,710:INFO: Validating model on same-size sequences
2019-05-06 02:13:39,293:INFO: Validating model on same-size sequences
2019-05-06 02:13:59,805:INFO: Validating model on same-size sequences
2019-05-06 02:14:25,596:INFO: Validating model on same-size sequences
2019-05-06 02:14:49,903:INFO: Validating model on same-size sequences
2019-05-06 02:15:13,779:INFO: Validating model on same-size sequences
2019-05-06 02:15:36,299:INFO: Sequences: 91200, Mean episode_total_rewards: 0.0011696428571428574, loss_avg: 0.012458417415618896, epsilon: 0.08582226698288495 curr_temp_size: 1 (8405.45 ms/iter), temp_k in loss: 0.18987288419791448
2019-05-06 02:15:36,299:INFO: Validating model on same-size sequences
2019-05-06 02:16:01,304:INFO: Validating model on same-size sequences
2019-05-06 02:16:30,178:INFO: Validating model on same-size sequences
2019-05-06 02:16:54,017:INFO: Validating model on same-size sequences
2019-05-06 02:17:20,842:INFO: Validating model on same-size sequences
2019-05-06 02:17:44,884:INFO: Validating model on same-size sequences
2019-05-06 02:18:10,321:INFO: Validating model on same-size sequences
2019-05-06 02:18:36,163:INFO: Validating model on same-size sequences
2019-05-06 02:19:02,052:INFO: Validating model on same-size sequences
2019-05-06 02:19:11,353:INFO: Sequences: 92800, Mean episode_total_rewards: 0.0008705357142857142, loss_avg: 0.012365100383758544, epsilon: 0.08373614055706707 curr_temp_size: 1 (8602.16 ms/iter), temp_k in loss: 0.1913574279765506
2019-05-06 02:19:31,672:INFO: Validating model on same-size sequences
2019-05-06 02:20:08,862:INFO: Validating model on same-size sequences
2019-05-06 02:20:50,684:INFO: Validating model on same-size sequences
2019-05-06 02:21:32,631:INFO: Validating model on same-size sequences
2019-05-06 02:22:14,648:INFO: Validating model on same-size sequences
2019-05-06 02:22:53,824:INFO: Validating model on same-size sequences
2019-05-06 02:23:34,510:INFO: Validating model on same-size sequences
2019-05-06 02:24:17,457:INFO: Validating model on same-size sequences
2019-05-06 02:24:44,292:INFO: Sequences: 94400, Mean episode_total_rewards: 0.003984375, loss_avg: 0.012722635269165039, epsilon: 0.08198401828609979 curr_temp_size: 1 (13317.59 ms/iter), temp_k in loss: 0.1928053182386944
2019-05-06 02:24:59,914:INFO: Validating model on same-size sequences
2019-05-06 02:25:40,740:INFO: Validating model on same-size sequences
2019-05-06 02:26:21,252:INFO: Validating model on same-size sequences
2019-05-06 02:27:02,932:INFO: Validating model on same-size sequences
2019-05-06 02:27:44,769:INFO: Validating model on same-size sequences
2019-05-06 02:28:22,067:INFO: Validating model on same-size sequences
2019-05-06 02:29:04,209:INFO: Validating model on same-size sequences
2019-05-06 02:29:43,733:INFO: Validating model on same-size sequences
2019-05-06 02:30:22,181:INFO: Sequences: 96000, Mean episode_total_rewards: 0.0007968750000000003, loss_avg: 0.013304873704910278, epsilon: 0.08032289434516454 curr_temp_size: 1 (13515.53 ms/iter), temp_k in loss: 0.19421745996289255
2019-05-06 02:30:22,181:INFO: Validating model on same-size sequences
2019-05-06 02:30:22,532:INFO: Validating model on longer sequences
2019-05-06 02:30:58,233:INFO: Validating model on same-size sequences
2019-05-06 02:31:21,539:INFO: Validating model on same-size sequences
2019-05-06 02:31:46,527:INFO: Validating model on same-size sequences
2019-05-06 02:32:08,092:INFO: Validating model on same-size sequences
2019-05-06 02:32:32,889:INFO: Validating model on same-size sequences
2019-05-06 02:32:56,777:INFO: Validating model on same-size sequences
2019-05-06 02:33:21,768:INFO: Validating model on same-size sequences
2019-05-06 02:33:45,369:INFO: Validating model on same-size sequences
2019-05-06 02:33:52,864:INFO: Sequences: 97600, Mean episode_total_rewards: 0.002333400974025974, loss_avg: 0.012714992761611938, epsilon: 0.07855702644989833 curr_temp_size: 1 (8427.36 ms/iter), temp_k in loss: 0.19559473578369177
2019-05-06 02:34:08,180:INFO: Validating model on same-size sequences
2019-05-06 02:34:31,116:INFO: Validating model on same-size sequences
2019-05-06 02:34:53,467:INFO: Validating model on same-size sequences
2019-05-06 02:35:16,573:INFO: Validating model on same-size sequences
2019-05-06 02:35:39,526:INFO: Validating model on same-size sequences
2019-05-06 02:36:03,389:INFO: Validating model on same-size sequences
2019-05-06 02:36:31,341:INFO: Validating model on same-size sequences
2019-05-06 02:36:56,034:INFO: Validating model on same-size sequences
2019-05-06 02:37:11,794:INFO: Sequences: 99200, Mean episode_total_rewards: 0.00374599358974359, loss_avg: 0.01217989444732666, epsilon: 0.07707388696775068 curr_temp_size: 1 (7957.17 ms/iter), temp_k in loss: 0.19693800654331423
2019-05-06 02:37:19,545:INFO: Validating model on same-size sequences
2019-05-06 02:37:42,140:INFO: Validating model on same-size sequences
2019-05-06 02:38:04,019:INFO: Validating model on same-size sequences
2019-05-06 02:38:26,877:INFO: Validating model on same-size sequences
2019-05-06 02:38:49,656:INFO: Validating model on same-size sequences
2019-05-06 02:39:09,684:INFO: Validating model on same-size sequences
2019-05-06 02:39:32,213:INFO: Validating model on same-size sequences
2019-05-06 02:39:54,966:INFO: Validating model on same-size sequences
2019-05-06 02:40:15,637:INFO: Sequences: 100800, Mean episode_total_rewards: 0.001118303571428571, loss_avg: 0.013199228048324584, epsilon: 0.07566777590897072 curr_temp_size: 1 (7353.74 ms/iter), temp_k in loss: 0.19824811182971183
2019-05-06 02:40:15,638:INFO: Validating model on same-size sequences
2019-05-06 02:40:38,980:INFO: Validating model on same-size sequences
2019-05-06 02:41:02,645:INFO: Validating model on same-size sequences
2019-05-06 02:41:29,407:INFO: Validating model on same-size sequences
2019-05-06 02:41:53,240:INFO: Validating model on same-size sequences
2019-05-06 02:42:20,208:INFO: Validating model on same-size sequences
2019-05-06 02:42:44,052:INFO: Validating model on same-size sequences
2019-05-06 02:43:09,315:INFO: Validating model on same-size sequences
2019-05-06 02:43:31,680:INFO: Validating model on same-size sequences
2019-05-06 02:43:40,297:INFO: Sequences: 102400, Mean episode_total_rewards: 0.003963169642857142, loss_avg: 0.012006840705871581, epsilon: 0.07417300100705683 curr_temp_size: 1 (8186.38 ms/iter), temp_k in loss: 0.19952587050133616
2019-05-06 02:43:40,297:INFO: Validating model on longer sequences
2019-05-06 02:44:10,919:INFO: Validating model on same-size sequences
2019-05-06 02:44:35,365:INFO: Validating model on same-size sequences
2019-05-06 02:45:00,066:INFO: Validating model on same-size sequences
2019-05-06 02:45:25,603:INFO: Validating model on same-size sequences
2019-05-06 02:45:48,853:INFO: Validating model on same-size sequences
2019-05-06 02:46:11,853:INFO: Validating model on same-size sequences
2019-05-06 02:46:35,690:INFO: Validating model on same-size sequences
2019-05-06 02:47:03,567:INFO: Validating model on same-size sequences
2019-05-06 02:47:20,736:INFO: Sequences: 104000, Mean episode_total_rewards: 0.00440625, loss_avg: 0.01255228281021118, epsilon: 0.07291755053995512 curr_temp_size: 1 (8817.57 ms/iter), temp_k in loss: 0.20077208119895149
2019-05-06 02:47:29,099:INFO: Validating model on same-size sequences
2019-05-06 02:47:52,338:INFO: Validating model on same-size sequences
2019-05-06 02:48:17,614:INFO: Validating model on same-size sequences
2019-05-06 02:48:42,737:INFO: Validating model on same-size sequences
2019-05-06 02:49:07,782:INFO: Validating model on same-size sequences
2019-05-06 02:49:32,782:INFO: Validating model on same-size sequences
2019-05-06 02:49:58,045:INFO: Validating model on same-size sequences
2019-05-06 02:50:22,735:INFO: Validating model on same-size sequences
2019-05-06 02:50:47,526:INFO: Sequences: 105600, Mean episode_total_rewards: 3.90625000000001e-05, loss_avg: 0.012802791595458985, epsilon: 0.0717273032255313 curr_temp_size: 1 (8271.61 ms/iter), temp_k in loss: 0.20198752284481147
2019-05-06 02:50:47,526:INFO: Validating model on same-size sequences
2019-05-06 02:51:14,381:INFO: Validating model on same-size sequences
2019-05-06 02:51:39,366:INFO: Validating model on same-size sequences
2019-05-06 02:52:03,250:INFO: Validating model on same-size sequences
2019-05-06 02:52:28,833:INFO: Validating model on same-size sequences
2019-05-06 02:52:51,757:INFO: Validating model on same-size sequences
2019-05-06 02:53:14,315:INFO: Validating model on same-size sequences
2019-05-06 02:53:35,458:INFO: Validating model on same-size sequences
2019-05-06 02:53:57,095:INFO: Validating model on same-size sequences
2019-05-06 02:54:05,380:INFO: Sequences: 107200, Mean episode_total_rewards: 0.007107886904761905, loss_avg: 0.013367276191711425, epsilon: 0.07046200358823602 curr_temp_size: 1 (7914.18 ms/iter), temp_k in loss: 0.20317295512951075
2019-05-06 02:54:20,569:INFO: Validating model on same-size sequences
2019-05-06 02:54:43,560:INFO: Validating model on same-size sequences
2019-05-06 02:55:05,300:INFO: Validating model on same-size sequences
2019-05-06 02:55:30,232:INFO: Validating model on same-size sequences
2019-05-06 02:55:53,134:INFO: Validating model on same-size sequences
2019-05-06 02:56:18,110:INFO: Validating model on same-size sequences
2019-05-06 02:56:42,261:INFO: Validating model on same-size sequences
2019-05-06 02:57:08,221:INFO: Validating model on same-size sequences
2019-05-06 02:57:26,400:INFO: Sequences: 108800, Mean episode_total_rewards: 0.0036718749999999994, loss_avg: 0.012246184349060059, epsilon: 0.06939928771132903 curr_temp_size: 1 (8040.80 ms/iter), temp_k in loss: 0.20432911898681633
2019-05-06 02:57:26,401:INFO: Validating model on longer sequences
2019-05-06 02:57:47,649:INFO: Validating model on same-size sequences
2019-05-06 02:58:09,056:INFO: Validating model on same-size sequences
2019-05-06 02:58:32,131:INFO: Validating model on same-size sequences
2019-05-06 02:58:54,690:INFO: Validating model on same-size sequences
2019-05-06 02:59:17,640:INFO: Validating model on same-size sequences
2019-05-06 02:59:41,748:INFO: Validating model on same-size sequences
2019-05-06 03:00:04,990:INFO: Validating model on same-size sequences
2019-05-06 03:00:27,798:INFO: Validating model on same-size sequences
2019-05-06 03:00:53,134:INFO: Sequences: 110400, Mean episode_total_rewards: 0.002175223214285714, loss_avg: 0.013848716020584106, epsilon: 0.06839176511156914 curr_temp_size: 1 (8269.36 ms/iter), temp_k in loss: 0.2054567370567754
2019-05-06 03:00:53,135:INFO: Validating model on same-size sequences
2019-05-06 03:01:15,560:INFO: Validating model on same-size sequences
2019-05-06 03:01:37,772:INFO: Validating model on same-size sequences
2019-05-06 03:01:59,887:INFO: Validating model on same-size sequences
2019-05-06 03:02:24,011:INFO: Validating model on same-size sequences
2019-05-06 03:02:44,823:INFO: Validating model on same-size sequences
2019-05-06 03:03:07,924:INFO: Validating model on same-size sequences
2019-05-06 03:03:30,657:INFO: Validating model on same-size sequences
2019-05-06 03:03:55,515:INFO: Validating model on same-size sequences
2019-05-06 03:04:03,778:INFO: Sequences: 112000, Mean episode_total_rewards: 0.0025691964285714285, loss_avg: 0.012156974077224731, epsilon: 0.06732071209208795 curr_temp_size: 1 (7625.74 ms/iter), temp_k in loss: 0.2065565141373887
2019-05-06 03:04:18,890:INFO: Validating model on same-size sequences
2019-05-06 03:04:42,085:INFO: Validating model on same-size sequences
2019-05-06 03:05:07,019:INFO: Validating model on same-size sequences
2019-05-06 03:05:30,345:INFO: Validating model on same-size sequences
2019-05-06 03:05:56,266:INFO: Validating model on same-size sequences
2019-05-06 03:06:19,660:INFO: Validating model on same-size sequences
2019-05-06 03:06:42,479:INFO: Validating model on same-size sequences
2019-05-06 03:07:05,871:INFO: Validating model on same-size sequences
2019-05-06 03:07:22,572:INFO: Sequences: 113600, Mean episode_total_rewards: 0.0040022321428571424, loss_avg: 0.01346231460571289, epsilon: 0.06642114252353509 curr_temp_size: 1 (7951.75 ms/iter), temp_k in loss: 0.20762913762513246
2019-05-06 03:07:29,738:INFO: Validating model on same-size sequences
2019-05-06 03:07:54,014:INFO: Validating model on same-size sequences
2019-05-06 03:08:19,124:INFO: Validating model on same-size sequences
2019-05-06 03:08:42,682:INFO: Validating model on same-size sequences
2019-05-06 03:09:07,810:INFO: Validating model on same-size sequences
2019-05-06 03:09:31,023:INFO: Validating model on same-size sequences
2019-05-06 03:09:56,112:INFO: Validating model on same-size sequences
2019-05-06 03:10:18,612:INFO: Validating model on same-size sequences
2019-05-06 03:10:42,434:INFO: Sequences: 115200, Mean episode_total_rewards: 0.0024374999999999996, loss_avg: 0.012352868318557739, epsilon: 0.06556829305542405 curr_temp_size: 1 (7994.50 ms/iter), temp_k in loss: 0.20867527794460336
2019-05-06 03:10:42,435:INFO: Validating model on same-size sequences
2019-05-06 03:10:42,699:INFO: Validating model on longer sequences
2019-05-06 03:11:19,030:INFO: Validating model on same-size sequences
2019-05-06 03:11:45,501:INFO: Validating model on same-size sequences
2019-05-06 03:12:07,902:INFO: Validating model on same-size sequences
2019-05-06 03:12:32,062:INFO: Validating model on same-size sequences
2019-05-06 03:12:55,373:INFO: Validating model on same-size sequences
2019-05-06 03:13:18,427:INFO: Validating model on same-size sequences
2019-05-06 03:13:42,270:INFO: Validating model on same-size sequences
2019-05-06 03:14:07,002:INFO: Validating model on same-size sequences
2019-05-06 03:14:15,251:INFO: Sequences: 116800, Mean episode_total_rewards: -0.00037797619047619046, loss_avg: 0.01487581491470337, epsilon: 0.06466166624804434 curr_temp_size: 1 (8512.69 ms/iter), temp_k in loss: 0.2096955889675558
2019-05-06 03:14:31,717:INFO: Validating model on same-size sequences
2019-05-06 03:14:55,928:INFO: Validating model on same-size sequences
2019-05-06 03:15:27,175:INFO: Validating model on same-size sequences
2019-05-06 03:16:03,898:INFO: Validating model on same-size sequences
2019-05-06 03:16:39,327:INFO: Validating model on same-size sequences
2019-05-06 03:17:23,238:INFO: Validating model on same-size sequences
2019-05-06 03:18:07,393:INFO: Validating model on same-size sequences
2019-05-06 03:18:43,701:INFO: Validating model on same-size sequences
2019-05-06 03:19:05,002:INFO: Sequences: 118400, Mean episode_total_rewards: 0.0037343750000000003, loss_avg: 0.012724273204803467, epsilon: 0.0639001970479966 curr_temp_size: 1 (11590.04 ms/iter), temp_k in loss: 0.2106907084215931
2019-05-06 03:19:15,177:INFO: Validating model on same-size sequences
2019-05-06 03:19:48,550:INFO: Validating model on same-size sequences
2019-05-06 03:20:18,400:INFO: Validating model on same-size sequences
2019-05-06 03:20:45,109:INFO: Validating model on same-size sequences
2019-05-06 03:21:09,524:INFO: Validating model on same-size sequences
2019-05-06 03:21:33,924:INFO: Validating model on same-size sequences
2019-05-06 03:21:58,947:INFO: Validating model on same-size sequences
2019-05-06 03:22:22,771:INFO: Validating model on same-size sequences
2019-05-06 03:22:45,728:INFO: Sequences: 120000, Mean episode_total_rewards: 0.00125, loss_avg: 0.014081082344055175, epsilon: 0.06317827555915792 curr_temp_size: 1 (8829.02 ms/iter), temp_k in loss: 0.2116612582887679
2019-05-06 03:22:45,728:INFO: Validating model on same-size sequences
2019-05-06 03:23:12,129:INFO: Validating model on same-size sequences
2019-05-06 03:23:36,221:INFO: Validating model on same-size sequences
2019-05-06 03:24:00,660:INFO: Validating model on same-size sequences
2019-05-06 03:24:23,161:INFO: Validating model on same-size sequences
2019-05-06 03:24:47,357:INFO: Validating model on same-size sequences
2019-05-06 03:25:13,143:INFO: Validating model on same-size sequences
2019-05-06 03:25:39,238:INFO: Validating model on same-size sequences
2019-05-06 03:26:03,530:INFO: Validating model on same-size sequences
2019-05-06 03:26:11,884:INFO: Sequences: 121600, Mean episode_total_rewards: 0.001988839285714286, loss_avg: 0.013763796091079711, epsilon: 0.062410832535415066 curr_temp_size: 1 (8246.27 ms/iter), temp_k in loss: 0.21260784519434123
2019-05-06 03:26:11,885:INFO: Validating model on longer sequences
2019-05-06 03:26:45,124:INFO: Validating model on same-size sequences
2019-05-06 03:27:09,538:INFO: Validating model on same-size sequences
2019-05-06 03:27:32,498:INFO: Validating model on same-size sequences
2019-05-06 03:27:57,570:INFO: Validating model on same-size sequences
2019-05-06 03:28:20,520:INFO: Validating model on same-size sequences
2019-05-06 03:28:44,048:INFO: Validating model on same-size sequences
2019-05-06 03:29:06,308:INFO: Validating model on same-size sequences
2019-05-06 03:29:30,217:INFO: Validating model on same-size sequences
2019-05-06 03:29:48,868:INFO: Sequences: 123200, Mean episode_total_rewards: 0.0035290178571428577, loss_avg: 0.01172324299812317, epsilon: 0.06176626277350758 curr_temp_size: 1 (8679.35 ms/iter), temp_k in loss: 0.21353106078594317
2019-05-06 03:29:58,191:INFO: Validating model on same-size sequences
2019-05-06 03:30:21,669:INFO: Validating model on same-size sequences
2019-05-06 03:30:47,329:INFO: Validating model on same-size sequences
2019-05-06 03:31:11,053:INFO: Validating model on same-size sequences
2019-05-06 03:31:34,932:INFO: Validating model on same-size sequences
2019-05-06 03:31:57,981:INFO: Validating model on same-size sequences
2019-05-06 03:32:23,256:INFO: Validating model on same-size sequences
2019-05-06 03:32:49,074:INFO: Validating model on same-size sequences
2019-05-06 03:33:12,294:INFO: Sequences: 124800, Mean episode_total_rewards: 0.003294642857142857, loss_avg: 0.01385319471359253, epsilon: 0.06115516942639983 curr_temp_size: 1 (8137.02 ms/iter), temp_k in loss: 0.2144314821033716
2019-05-06 03:33:12,294:INFO: Validating model on same-size sequences
2019-05-06 03:33:36,576:INFO: Validating model on same-size sequences
2019-05-06 03:34:01,020:INFO: Validating model on same-size sequences
2019-05-06 03:34:25,385:INFO: Validating model on same-size sequences
2019-05-06 03:34:50,405:INFO: Validating model on same-size sequences
2019-05-06 03:35:14,191:INFO: Validating model on same-size sequences
2019-05-06 03:35:36,676:INFO: Validating model on same-size sequences
2019-05-06 03:36:01,259:INFO: Validating model on same-size sequences
2019-05-06 03:36:26,096:INFO: Validating model on same-size sequences
2019-05-06 03:36:34,242:INFO: Sequences: 126400, Mean episode_total_rewards: 0.0026328125, loss_avg: 0.012366173267364501, epsilon: 0.0605055429319067 curr_temp_size: 1 (8077.93 ms/iter), temp_k in loss: 0.2153096719392612
2019-05-06 03:36:51,618:INFO: Validating model on same-size sequences
2019-05-06 03:37:16,300:INFO: Validating model on same-size sequences
2019-05-06 03:37:44,736:INFO: Validating model on same-size sequences
2019-05-06 03:38:15,544:INFO: Validating model on same-size sequences
2019-05-06 03:38:48,901:INFO: Validating model on same-size sequences
2019-05-06 03:39:18,046:INFO: Validating model on same-size sequences
2019-05-06 03:39:43,129:INFO: Validating model on same-size sequences
2019-05-06 03:40:06,886:INFO: Validating model on same-size sequences
2019-05-06 03:40:18,972:INFO: Sequences: 128000, Mean episode_total_rewards: 0.0014531249999999998, loss_avg: 0.0138510000705719, epsilon: 0.05995992640803492 curr_temp_size: 1 (8989.20 ms/iter), temp_k in loss: 0.21616617919084682
2019-05-06 03:40:18,973:INFO: Validating model on longer sequences
2019-05-06 03:40:39,296:INFO: Validating model on same-size sequences
2019-05-06 03:41:01,971:INFO: Validating model on same-size sequences
2019-05-06 03:41:25,888:INFO: Validating model on same-size sequences
2019-05-06 03:41:49,987:INFO: Validating model on same-size sequences
2019-05-06 03:42:13,038:INFO: Validating model on same-size sequences
2019-05-06 03:42:43,825:INFO: Validating model on same-size sequences
2019-05-06 03:43:12,991:INFO: Validating model on same-size sequences
2019-05-06 03:43:38,626:INFO: Validating model on same-size sequences
2019-05-06 03:44:02,651:INFO: Sequences: 129600, Mean episode_total_rewards: 0.0030319940476190477, loss_avg: 0.013776973485946656, epsilon: 0.05944264705750596 curr_temp_size: 1 (8947.17 ms/iter), temp_k in loss: 0.21700153920304244
2019-05-06 03:44:02,652:INFO: Validating model on same-size sequences
2019-05-06 03:44:26,811:INFO: Validating model on same-size sequences
2019-05-06 03:44:49,141:INFO: Validating model on same-size sequences
2019-05-06 03:45:12,536:INFO: Validating model on same-size sequences
2019-05-06 03:45:36,847:INFO: Validating model on same-size sequences
2019-05-06 03:46:03,088:INFO: Validating model on same-size sequences
2019-05-06 03:46:24,588:INFO: Validating model on same-size sequences
2019-05-06 03:46:47,853:INFO: Validating model on same-size sequences
2019-05-06 03:47:07,720:INFO: Validating model on same-size sequences
2019-05-06 03:47:14,958:INFO: Sequences: 131200, Mean episode_total_rewards: 0.0059375, loss_avg: 0.01365054488182068, epsilon: 0.058892750101912784 curr_temp_size: 1 (7692.25 ms/iter), temp_k in loss: 0.21781627410304893
2019-05-06 03:47:28,746:INFO: Validating model on same-size sequences
2019-05-06 03:47:51,043:INFO: Validating model on same-size sequences
2019-05-06 03:48:16,128:INFO: Validating model on same-size sequences
2019-05-06 03:48:40,560:INFO: Validating model on same-size sequences
2019-05-06 03:49:04,836:INFO: Validating model on same-size sequences
2019-05-06 03:49:28,468:INFO: Validating model on same-size sequences
2019-05-06 03:49:55,218:INFO: Validating model on same-size sequences
2019-05-06 03:50:18,981:INFO: Validating model on same-size sequences
2019-05-06 03:50:35,468:INFO: Sequences: 132800, Mean episode_total_rewards: 0.0016372767857142855, loss_avg: 0.012380809783935546, epsilon: 0.05843089568565698 curr_temp_size: 1 (8020.44 ms/iter), temp_k in loss: 0.2186108931267007
2019-05-06 03:50:45,062:INFO: Validating model on same-size sequences
2019-05-06 03:51:10,880:INFO: Validating model on same-size sequences
2019-05-06 03:51:36,124:INFO: Validating model on same-size sequences
2019-05-06 03:52:00,685:INFO: Validating model on same-size sequences
2019-05-06 03:52:25,212:INFO: Validating model on same-size sequences
2019-05-06 03:52:51,198:INFO: Validating model on same-size sequences
2019-05-06 03:53:13,581:INFO: Validating model on same-size sequences
2019-05-06 03:53:34,900:INFO: Validating model on same-size sequences
2019-05-06 03:53:57,216:INFO: Sequences: 134400, Mean episode_total_rewards: 0.007301339285714286, loss_avg: 0.013280409574508666, epsilon: 0.05799302816877093 curr_temp_size: 1 (8069.90 ms/iter), temp_k in loss: 0.21938589293675453
2019-05-06 03:53:57,217:INFO: Validating model on same-size sequences
2019-05-06 03:53:57,390:INFO: Validating model on longer sequences
2019-05-06 03:54:32,042:INFO: Validating model on same-size sequences
2019-05-06 03:54:56,193:INFO: Validating model on same-size sequences
2019-05-06 03:55:19,478:INFO: Validating model on same-size sequences
2019-05-06 03:55:42,776:INFO: Validating model on same-size sequences
2019-05-06 03:56:10,731:INFO: Validating model on same-size sequences
2019-05-06 03:56:43,654:INFO: Validating model on same-size sequences
2019-05-06 03:57:14,530:INFO: Validating model on same-size sequences
2019-05-06 03:57:44,820:INFO: Validating model on same-size sequences
2019-05-06 03:57:52,520:INFO: Sequences: 136000, Mean episode_total_rewards: 0.006345982142857143, loss_avg: 0.012747024297714233, epsilon: 0.05752755044528832 curr_temp_size: 1 (9412.17 ms/iter), temp_k in loss: 0.22014175793332008
2019-05-06 03:58:06,652:INFO: Validating model on same-size sequences
2019-05-06 03:58:30,423:INFO: Validating model on same-size sequences
2019-05-06 03:58:55,448:INFO: Validating model on same-size sequences
2019-05-06 03:59:18,321:INFO: Validating model on same-size sequences
2019-05-06 03:59:42,564:INFO: Validating model on same-size sequences
2019-05-06 04:00:03,917:INFO: Validating model on same-size sequences
2019-05-06 04:00:27,824:INFO: Validating model on same-size sequences
2019-05-06 04:00:54,135:INFO: Validating model on same-size sequences
2019-05-06 04:01:10,765:INFO: Sequences: 137600, Mean episode_total_rewards: 0.005814732142857142, loss_avg: 0.011461124420166016, epsilon: 0.05713659912236775 curr_temp_size: 1 (7929.80 ms/iter), temp_k in loss: 0.22087896055662576
2019-05-06 04:01:18,993:INFO: Validating model on same-size sequences
2019-05-06 04:01:42,447:INFO: Validating model on same-size sequences
2019-05-06 04:02:08,021:INFO: Validating model on same-size sequences
2019-05-06 04:02:31,362:INFO: Validating model on same-size sequences
2019-05-06 04:02:53,814:INFO: Validating model on same-size sequences
2019-05-06 04:03:20,410:INFO: Validating model on same-size sequences
2019-05-06 04:03:50,634:INFO: Validating model on same-size sequences
2019-05-06 04:04:16,092:INFO: Validating model on same-size sequences
2019-05-06 04:04:38,700:INFO: Sequences: 139200, Mean episode_total_rewards: 0.005287946428571428, loss_avg: 0.013231350183486939, epsilon: 0.05676595227140049 curr_temp_size: 1 (8317.41 ms/iter), temp_k in loss: 0.22159796158230904
2019-05-06 04:04:38,701:INFO: Validating model on same-size sequences
2019-05-06 04:05:04,192:INFO: Validating model on same-size sequences
2019-05-06 04:05:28,294:INFO: Validating model on same-size sequences
2019-05-06 04:05:53,813:INFO: Validating model on same-size sequences
2019-05-06 04:06:19,016:INFO: Validating model on same-size sequences
2019-05-06 04:06:44,884:INFO: Validating model on same-size sequences
2019-05-06 04:07:08,488:INFO: Validating model on same-size sequences
2019-05-06 04:07:35,396:INFO: Validating model on same-size sequences
2019-05-06 04:08:00,552:INFO: Validating model on same-size sequences
2019-05-06 04:08:08,399:INFO: Sequences: 140800, Mean episode_total_rewards: 0.005720982142857143, loss_avg: 0.0131846022605896, epsilon: 0.05637193388512876 curr_temp_size: 1 (8387.95 ms/iter), temp_k in loss: 0.22229921040941653
2019-05-06 04:08:08,400:INFO: Validating model on longer sequences
2019-05-06 04:08:37,166:INFO: Validating model on same-size sequences
2019-05-06 04:08:59,981:INFO: Validating model on same-size sequences
2019-05-06 04:09:23,495:INFO: Validating model on same-size sequences
2019-05-06 04:09:49,525:INFO: Validating model on same-size sequences
2019-05-06 04:10:13,923:INFO: Validating model on same-size sequences
2019-05-06 04:10:39,008:INFO: Validating model on same-size sequences
2019-05-06 04:11:03,462:INFO: Validating model on same-size sequences
2019-05-06 04:11:27,458:INFO: Validating model on same-size sequences
2019-05-06 04:11:44,569:INFO: Sequences: 142400, Mean episode_total_rewards: 0.0038333333333333336, loss_avg: 0.012078083753585815, epsilon: 0.0560410007349547 curr_temp_size: 1 (8646.79 ms/iter), temp_k in loss: 0.22298314534129268
2019-05-06 04:11:51,251:INFO: Validating model on same-size sequences
2019-05-06 04:12:15,310:INFO: Validating model on same-size sequences
2019-05-06 04:12:39,725:INFO: Validating model on same-size sequences
2019-05-06 04:13:05,613:INFO: Validating model on same-size sequences
2019-05-06 04:13:29,531:INFO: Validating model on same-size sequences
2019-05-06 04:13:55,395:INFO: Validating model on same-size sequences
2019-05-06 04:14:19,506:INFO: Validating model on same-size sequences
2019-05-06 04:14:44,732:INFO: Validating model on same-size sequences
2019-05-06 04:15:08,995:INFO: Sequences: 144000, Mean episode_total_rewards: -0.0017230113636363636, loss_avg: 0.013820120096206666, epsilon: 0.05572725494922265 curr_temp_size: 1 (8177.04 ms/iter), temp_k in loss: 0.2236501938595339
2019-05-06 04:15:08,995:INFO: Validating model on same-size sequences
2019-05-06 04:15:32,737:INFO: Validating model on same-size sequences
2019-05-06 04:15:56,570:INFO: Validating model on same-size sequences
2019-05-06 04:16:23,644:INFO: Validating model on same-size sequences
2019-05-06 04:16:50,929:INFO: Validating model on same-size sequences
2019-05-06 04:17:18,001:INFO: Validating model on same-size sequences
2019-05-06 04:17:44,086:INFO: Validating model on same-size sequences
2019-05-06 04:18:09,159:INFO: Validating model on same-size sequences
2019-05-06 04:18:33,573:INFO: Validating model on same-size sequences
2019-05-06 04:18:41,480:INFO: Sequences: 145600, Mean episode_total_rewards: 0.002625, loss_avg: 0.013108493089675903, epsilon: 0.05539372558597275 curr_temp_size: 1 (8499.41 ms/iter), temp_k in loss: 0.2243007728911784
2019-05-06 04:18:58,022:INFO: Validating model on same-size sequences
2019-05-06 04:19:21,446:INFO: Validating model on same-size sequences
2019-05-06 04:19:47,718:INFO: Validating model on same-size sequences
2019-05-06 04:20:10,480:INFO: Validating model on same-size sequences
2019-05-06 04:20:36,354:INFO: Validating model on same-size sequences
2019-05-06 04:21:00,384:INFO: Validating model on same-size sequences
2019-05-06 04:21:24,963:INFO: Validating model on same-size sequences
2019-05-06 04:21:51,591:INFO: Validating model on same-size sequences
2019-05-06 04:22:07,337:INFO: Sequences: 147200, Mean episode_total_rewards: 0.0056783685064935065, loss_avg: 0.011979331970214844, epsilon: 0.05511359672218992 curr_temp_size: 1 (8234.25 ms/iter), temp_k in loss: 0.22493528906929905
2019-05-06 04:22:07,337:INFO: Validating model on longer sequences
2019-05-06 04:22:28,394:INFO: Validating model on same-size sequences
2019-05-06 04:22:50,028:INFO: Validating model on same-size sequences
2019-05-06 04:23:13,742:INFO: Validating model on same-size sequences
2019-05-06 04:23:38,202:INFO: Validating model on same-size sequences
2019-05-06 04:24:02,611:INFO: Validating model on same-size sequences
2019-05-06 04:24:26,639:INFO: Validating model on same-size sequences
2019-05-06 04:24:52,150:INFO: Validating model on same-size sequences
2019-05-06 04:25:16,802:INFO: Validating model on same-size sequences
2019-05-06 04:25:42,230:INFO: Sequences: 148800, Mean episode_total_rewards: 0.004615056818181818, loss_avg: 0.01223477840423584, epsilon: 0.0548480166483063 curr_temp_size: 1 (8595.76 ms/iter), temp_k in loss: 0.22555413898716248
2019-05-06 04:25:42,259:INFO: Validating model on same-size sequences
2019-05-06 04:26:06,335:INFO: Validating model on same-size sequences
2019-05-06 04:26:31,331:INFO: Validating model on same-size sequences
2019-05-06 04:26:57,313:INFO: Validating model on same-size sequences
2019-05-06 04:27:22,530:INFO: Validating model on same-size sequences
2019-05-06 04:27:47,148:INFO: Validating model on same-size sequences
2019-05-06 04:28:12,432:INFO: Validating model on same-size sequences
2019-05-06 04:28:39,250:INFO: Validating model on same-size sequences
2019-05-06 04:29:03,129:INFO: Validating model on same-size sequences
2019-05-06 04:29:11,931:INFO: Sequences: 150400, Mean episode_total_rewards: 0.0034921875, loss_avg: 0.014335535764694214, epsilon: 0.054565690137600854 curr_temp_size: 1 (8388.03 ms/iter), temp_k in loss: 0.2261577094461126
2019-05-06 04:29:26,497:INFO: Validating model on same-size sequences
2019-05-06 04:29:52,929:INFO: Validating model on same-size sequences
2019-05-06 04:30:17,072:INFO: Validating model on same-size sequences
2019-05-06 04:30:40,610:INFO: Validating model on same-size sequences
2019-05-06 04:31:02,714:INFO: Validating model on same-size sequences
2019-05-06 04:31:24,133:INFO: Validating model on same-size sequences
2019-05-06 04:31:48,014:INFO: Validating model on same-size sequences
2019-05-06 04:32:18,586:INFO: Validating model on same-size sequences
2019-05-06 04:32:36,331:INFO: Sequences: 152000, Mean episode_total_rewards: 0.0022075892857142863, loss_avg: 0.0133578622341156, epsilon: 0.054328566173794314 curr_temp_size: 1 (8175.98 ms/iter), temp_k in loss: 0.22674637769733413
2019-05-06 04:32:45,705:INFO: Validating model on same-size sequences
2019-05-06 04:33:09,023:INFO: Validating model on same-size sequences
2019-05-06 04:33:36,335:INFO: Validating model on same-size sequences
2019-05-06 04:34:02,439:INFO: Validating model on same-size sequences
2019-05-06 04:34:28,248:INFO: Validating model on same-size sequences
2019-05-06 04:34:53,004:INFO: Validating model on same-size sequences
2019-05-06 04:35:18,049:INFO: Validating model on same-size sequences
2019-05-06 04:35:43,400:INFO: Validating model on same-size sequences
2019-05-06 04:36:09,185:INFO: Sequences: 153600, Mean episode_total_rewards: 0.0007388392857142858, loss_avg: 0.013747164011001588, epsilon: 0.054103757494756724 curr_temp_size: 1 (8514.16 ms/iter), temp_k in loss: 0.22732051167764689
2019-05-06 04:36:09,185:INFO: Validating model on same-size sequences
2019-05-06 04:36:09,440:INFO: Validating model on longer sequences
2019-05-06 04:36:44,959:INFO: Validating model on same-size sequences
2019-05-06 04:37:12,234:INFO: Validating model on same-size sequences
2019-05-06 04:37:36,167:INFO: Validating model on same-size sequences
2019-05-06 04:37:56,964:INFO: Validating model on same-size sequences
2019-05-06 04:38:17,949:INFO: Validating model on same-size sequences
2019-05-06 04:38:41,577:INFO: Validating model on same-size sequences
2019-05-06 04:39:05,588:INFO: Validating model on same-size sequences
2019-05-06 04:39:30,265:INFO: Validating model on same-size sequences
2019-05-06 04:39:39,516:INFO: Sequences: 155200, Mean episode_total_rewards: 0.005357142857142857, loss_avg: 0.012872730493545531, epsilon: 0.05386477326299243 curr_temp_size: 1 (8413.26 ms/iter), temp_k in loss: 0.22788047023947816
2019-05-06 04:39:56,030:INFO: Validating model on same-size sequences
2019-05-06 04:40:18,980:INFO: Validating model on same-size sequences
2019-05-06 04:40:46,964:INFO: Validating model on same-size sequences
2019-05-06 04:41:12,890:INFO: Validating model on same-size sequences
2019-05-06 04:41:39,492:INFO: Validating model on same-size sequences
2019-05-06 04:42:05,860:INFO: Validating model on same-size sequences
2019-05-06 04:42:31,429:INFO: Validating model on same-size sequences
2019-05-06 04:42:55,032:INFO: Validating model on same-size sequences
2019-05-06 04:43:09,113:INFO: Sequences: 156800, Mean episode_total_rewards: 0.003055803571428571, loss_avg: 0.013873585462570191, epsilon: 0.05366405216109658 curr_temp_size: 1 (8383.87 ms/iter), temp_k in loss: 0.22842660337515738
2019-05-06 04:43:17,521:INFO: Validating model on same-size sequences
2019-05-06 04:43:43,414:INFO: Validating model on same-size sequences
2019-05-06 04:44:05,168:INFO: Validating model on same-size sequences
2019-05-06 04:44:29,134:INFO: Validating model on same-size sequences
2019-05-06 04:44:51,917:INFO: Validating model on same-size sequences
2019-05-06 04:45:15,285:INFO: Validating model on same-size sequences
2019-05-06 04:45:39,045:INFO: Validating model on same-size sequences
2019-05-06 04:46:03,602:INFO: Validating model on same-size sequences
2019-05-06 04:46:28,565:INFO: Sequences: 158400, Mean episode_total_rewards: 0.003397693452380952, loss_avg: 0.013205044269561768, epsilon: 0.05347375572269446 curr_temp_size: 1 (7978.08 ms/iter), temp_k in loss: 0.22895925243567242
2019-05-06 04:46:28,566:INFO: Validating model on same-size sequences
2019-05-06 04:46:53,505:INFO: Validating model on same-size sequences
2019-05-06 04:47:18,540:INFO: Validating model on same-size sequences
2019-05-06 04:47:43,279:INFO: Validating model on same-size sequences
2019-05-06 04:48:08,648:INFO: Validating model on same-size sequences
2019-05-06 04:48:33,908:INFO: Validating model on same-size sequences
2019-05-06 04:48:58,660:INFO: Validating model on same-size sequences
2019-05-06 04:49:21,401:INFO: Validating model on same-size sequences
2019-05-06 04:49:44,200:INFO: Validating model on same-size sequences
2019-05-06 04:49:51,458:INFO: Sequences: 160000, Mean episode_total_rewards: 0.010076704545454547, loss_avg: 0.011047216653823853, epsilon: 0.05327145993796897 curr_temp_size: 1 (8115.74 ms/iter), temp_k in loss: 0.2294787503440253
2019-05-06 04:49:51,459:INFO: Validating model on longer sequences
2019-05-06 04:50:19,589:INFO: Validating model on same-size sequences
2019-05-06 04:50:40,958:INFO: Validating model on same-size sequences
2019-05-06 04:51:04,620:INFO: Validating model on same-size sequences
2019-05-06 04:51:27,055:INFO: Validating model on same-size sequences
2019-05-06 04:51:53,141:INFO: Validating model on same-size sequences
2019-05-06 04:52:17,719:INFO: Validating model on same-size sequences
2019-05-06 04:52:41,373:INFO: Validating model on same-size sequences
2019-05-06 04:53:04,492:INFO: Validating model on same-size sequences
2019-05-06 04:53:19,271:INFO: Sequences: 161600, Mean episode_total_rewards: 0.004135416666666667, loss_avg: 0.011880929470062257, epsilon: 0.05310155319341421 curr_temp_size: 1 (8312.52 ms/iter), temp_k in loss: 0.22998542180331988
2019-05-06 04:53:27,057:INFO: Validating model on same-size sequences
2019-05-06 04:53:52,342:INFO: Validating model on same-size sequences
2019-05-06 04:54:16,336:INFO: Validating model on same-size sequences
2019-05-06 04:54:39,525:INFO: Validating model on same-size sequences
2019-05-06 04:55:05,627:INFO: Validating model on same-size sequences
2019-05-06 04:55:28,961:INFO: Validating model on same-size sequences
2019-05-06 04:55:50,482:INFO: Validating model on same-size sequences
2019-05-06 04:56:14,608:INFO: Validating model on same-size sequences
2019-05-06 04:56:38,216:INFO: Sequences: 163200, Mean episode_total_rewards: 0.0016830357142857144, loss_avg: 0.013923509120941162, epsilon: 0.052940470735995046 curr_temp_size: 1 (7957.80 ms/iter), temp_k in loss: 0.2304795834997117
2019-05-06 04:56:38,217:INFO: Validating model on same-size sequences
2019-05-06 04:57:02,016:INFO: Validating model on same-size sequences
2019-05-06 04:57:24,087:INFO: Validating model on same-size sequences
2019-05-06 04:57:47,364:INFO: Validating model on same-size sequences
2019-05-06 04:58:11,849:INFO: Validating model on same-size sequences
2019-05-06 04:58:37,083:INFO: Validating model on same-size sequences
2019-05-06 04:59:01,172:INFO: Validating model on same-size sequences
2019-05-06 04:59:24,360:INFO: Validating model on same-size sequences
2019-05-06 04:59:50,815:INFO: Validating model on same-size sequences
2019-05-06 04:59:57,923:INFO: Sequences: 164800, Mean episode_total_rewards: 0.004569940476190476, loss_avg: 0.012128239870071411, epsilon: 0.05276923105120251 curr_temp_size: 1 (7988.25 ms/iter), temp_k in loss: 0.23096154430034743
2019-05-06 05:00:12,864:INFO: Validating model on same-size sequences
2019-05-06 05:00:36,231:INFO: Validating model on same-size sequences
2019-05-06 05:00:58,611:INFO: Validating model on same-size sequences
2019-05-06 05:01:21,439:INFO: Validating model on same-size sequences
2019-05-06 05:01:44,173:INFO: Validating model on same-size sequences
2019-05-06 05:02:06,995:INFO: Validating model on same-size sequences
2019-05-06 05:02:34,620:INFO: Validating model on same-size sequences
2019-05-06 05:03:01,693:INFO: Validating model on same-size sequences
2019-05-06 05:03:19,497:INFO: Sequences: 166400, Mean episode_total_rewards: -0.0001272321428571428, loss_avg: 0.014893114566802979, epsilon: 0.05262540809700125 curr_temp_size: 1 (8062.96 ms/iter), temp_k in loss: 0.23143160544641653
2019-05-06 05:03:19,497:INFO: Validating model on longer sequences
2019-05-06 05:03:42,624:INFO: Validating model on same-size sequences
2019-05-06 05:04:08,436:INFO: Validating model on same-size sequences
2019-05-06 05:04:33,899:INFO: Validating model on same-size sequences
2019-05-06 05:04:57,389:INFO: Validating model on same-size sequences
2019-05-06 05:05:21,109:INFO: Validating model on same-size sequences
2019-05-06 05:05:45,984:INFO: Validating model on same-size sequences
2019-05-06 05:06:10,574:INFO: Validating model on same-size sequences
2019-05-06 05:06:35,188:INFO: Validating model on same-size sequences
2019-05-06 05:06:59,176:INFO: Sequences: 168000, Mean episode_total_rewards: 0.0020929276315789476, loss_avg: 0.012872503995895386, epsilon: 0.05248905474059546 curr_temp_size: 1 (8787.19 ms/iter), temp_k in loss: 0.23189006074143714
2019-05-06 05:06:59,177:INFO: Validating model on same-size sequences
2019-05-06 05:07:23,469:INFO: Validating model on same-size sequences
2019-05-06 05:07:45,348:INFO: Validating model on same-size sequences
2019-05-06 05:08:09,304:INFO: Validating model on same-size sequences
2019-05-06 05:08:33,422:INFO: Validating model on same-size sequences
2019-05-06 05:08:57,510:INFO: Validating model on same-size sequences
2019-05-06 05:09:21,147:INFO: Validating model on same-size sequences
2019-05-06 05:09:47,373:INFO: Validating model on same-size sequences
2019-05-06 05:10:12,426:INFO: Validating model on same-size sequences
2019-05-06 05:10:20,997:INFO: Sequences: 169600, Mean episode_total_rewards: 0.0034140624999999996, loss_avg: 0.014090173244476319, epsilon: 0.05234410347684255 curr_temp_size: 1 (8072.84 ms/iter), temp_k in loss: 0.23233719673489261
2019-05-06 05:10:36,458:INFO: Validating model on same-size sequences
2019-05-06 05:11:00,069:INFO: Validating model on same-size sequences
2019-05-06 05:11:22,929:INFO: Validating model on same-size sequences
2019-05-06 05:11:48,890:INFO: Validating model on same-size sequences
2019-05-06 05:12:15,185:INFO: Validating model on same-size sequences
2019-05-06 05:12:38,743:INFO: Validating model on same-size sequences
2019-05-06 05:13:03,154:INFO: Validating model on same-size sequences
2019-05-06 05:13:28,137:INFO: Validating model on same-size sequences
2019-05-06 05:13:44,216:INFO: Sequences: 171200, Mean episode_total_rewards: 0.00671875, loss_avg: 0.012964193820953368, epsilon: 0.05222235997449141 curr_temp_size: 1 (8128.77 ms/iter), temp_k in loss: 0.23277329290133436
2019-05-06 05:13:51,743:INFO: Validating model on same-size sequences
2019-05-06 05:14:18,543:INFO: Validating model on same-size sequences
2019-05-06 05:14:39,404:INFO: Validating model on same-size sequences
2019-05-06 05:15:01,780:INFO: Validating model on same-size sequences
2019-05-06 05:15:26,915:INFO: Validating model on same-size sequences
2019-05-06 05:15:50,235:INFO: Validating model on same-size sequences
2019-05-06 05:16:15,401:INFO: Validating model on same-size sequences
2019-05-06 05:16:41,154:INFO: Validating model on same-size sequences
2019-05-06 05:17:06,190:INFO: Sequences: 172800, Mean episode_total_rewards: 0.0028772321428571427, loss_avg: 0.013381879329681396, epsilon: 0.05210693935016641 curr_temp_size: 1 (8078.94 ms/iter), temp_k in loss: 0.23319862181506257
2019-05-06 05:17:06,191:INFO: Validating model on same-size sequences
2019-05-06 05:17:06,396:INFO: Validating model on longer sequences
2019-05-06 05:17:44,122:INFO: Validating model on same-size sequences
2019-05-06 05:18:08,241:INFO: Validating model on same-size sequences
2019-05-06 05:18:34,395:INFO: Validating model on same-size sequences
2019-05-06 05:18:56,200:INFO: Validating model on same-size sequences
2019-05-06 05:19:19,210:INFO: Validating model on same-size sequences
2019-05-06 05:19:41,839:INFO: Validating model on same-size sequences
2019-05-06 05:20:05,325:INFO: Validating model on same-size sequences
2019-05-06 05:20:29,522:INFO: Validating model on same-size sequences
2019-05-06 05:20:39,203:INFO: Sequences: 174400, Mean episode_total_rewards: 0.0048359375, loss_avg: 0.013087011575698852, epsilon: 0.051984240754399766 curr_temp_size: 1 (8520.52 ms/iter), temp_k in loss: 0.2336134493204939
2019-05-06 05:20:56,529:INFO: Validating model on same-size sequences
2019-05-06 05:21:18,365:INFO: Validating model on same-size sequences
2019-05-06 05:21:43,628:INFO: Validating model on same-size sequences
2019-05-06 05:22:09,046:INFO: Validating model on same-size sequences
2019-05-06 05:22:34,257:INFO: Validating model on same-size sequences
2019-05-06 05:22:58,133:INFO: Validating model on same-size sequences
2019-05-06 05:23:23,537:INFO: Validating model on same-size sequences
2019-05-06 05:23:48,717:INFO: Validating model on same-size sequences
2019-05-06 05:24:04,028:INFO: Sequences: 176000, Mean episode_total_rewards: 0.003058035714285714, loss_avg: 0.012616461515426636, epsilon: 0.05188118710453535 curr_temp_size: 1 (8193.00 ms/iter), temp_k in loss: 0.2340180346983231
2019-05-06 05:24:12,187:INFO: Validating model on same-size sequences
2019-05-06 05:24:34,532:INFO: Validating model on same-size sequences
2019-05-06 05:25:01,033:INFO: Validating model on same-size sequences
2019-05-06 05:25:32,629:INFO: Validating model on same-size sequences
2019-05-06 05:26:02,271:INFO: Validating model on same-size sequences
2019-05-06 05:26:31,749:INFO: Validating model on same-size sequences
2019-05-06 05:26:58,704:INFO: Validating model on same-size sequences
2019-05-06 05:27:25,406:INFO: Validating model on same-size sequences
2019-05-06 05:27:52,305:INFO: Sequences: 177600, Mean episode_total_rewards: 0.0021220238095238098, loss_avg: 0.012725924253463744, epsilon: 0.05178348565536877 curr_temp_size: 1 (9131.08 ms/iter), temp_k in loss: 0.23441263082758165
2019-05-06 05:27:52,305:INFO: Validating model on same-size sequences
2019-05-06 05:28:14,152:INFO: Validating model on same-size sequences
2019-05-06 05:28:39,803:INFO: Validating model on same-size sequences
2019-05-06 05:29:03,012:INFO: Validating model on same-size sequences
2019-05-06 05:29:27,776:INFO: Validating model on same-size sequences
2019-05-06 05:29:54,230:INFO: Validating model on same-size sequences
2019-05-06 05:30:19,593:INFO: Validating model on same-size sequences
2019-05-06 05:30:43,945:INFO: Validating model on same-size sequences
2019-05-06 05:31:09,628:INFO: Validating model on same-size sequences
2019-05-06 05:31:17,566:INFO: Sequences: 179200, Mean episode_total_rewards: 0.0010625, loss_avg: 0.013531639575958251, epsilon: 0.05167962353638257 curr_temp_size: 1 (8210.44 ms/iter), temp_k in loss: 0.23479748434369552
2019-05-06 05:31:17,567:INFO: Validating model on longer sequences
2019-05-06 05:31:47,749:INFO: Validating model on same-size sequences
2019-05-06 05:32:09,785:INFO: Validating model on same-size sequences
2019-05-06 05:32:33,732:INFO: Validating model on same-size sequences
2019-05-06 05:32:56,951:INFO: Validating model on same-size sequences
2019-05-06 05:33:20,621:INFO: Validating model on same-size sequences
2019-05-06 05:33:43,903:INFO: Validating model on same-size sequences
2019-05-06 05:34:05,808:INFO: Validating model on same-size sequences
2019-05-06 05:34:30,016:INFO: Validating model on same-size sequences
2019-05-06 05:34:47,076:INFO: Sequences: 180800, Mean episode_total_rewards: 0.0034598214285714284, loss_avg: 0.013664474487304687, epsilon: 0.05159239050508906 curr_temp_size: 1 (8380.42 ms/iter), temp_k in loss: 0.2351728357926403
2019-05-06 05:34:55,652:INFO: Validating model on same-size sequences
2019-05-06 05:35:17,948:INFO: Validating model on same-size sequences
2019-05-06 05:35:41,704:INFO: Validating model on same-size sequences
2019-05-06 05:36:07,464:INFO: Validating model on same-size sequences
2019-05-06 05:36:31,707:INFO: Validating model on same-size sequences
2019-05-06 05:36:54,640:INFO: Validating model on same-size sequences
2019-05-06 05:37:19,890:INFO: Validating model on same-size sequences
2019-05-06 05:37:44,652:INFO: Validating model on same-size sequences
2019-05-06 05:38:09,847:INFO: Sequences: 182400, Mean episode_total_rewards: 0.0061484375, loss_avg: 0.012095085382461547, epsilon: 0.051509688013874226 curr_temp_size: 1 (8110.81 ms/iter), temp_k in loss: 0.23553891978129038
2019-05-06 05:38:09,847:INFO: Validating model on same-size sequences
2019-05-06 05:38:33,112:INFO: Validating model on same-size sequences
2019-05-06 05:38:59,077:INFO: Validating model on same-size sequences
2019-05-06 05:39:22,905:INFO: Validating model on same-size sequences
2019-05-06 05:39:43,801:INFO: Validating model on same-size sequences
2019-05-06 05:40:06,354:INFO: Validating model on same-size sequences
2019-05-06 05:40:30,603:INFO: Validating model on same-size sequences
2019-05-06 05:40:54,858:INFO: Validating model on same-size sequences
2019-05-06 05:41:21,352:INFO: Validating model on same-size sequences
2019-05-06 05:41:28,703:INFO: Sequences: 184000, Mean episode_total_rewards: 0.001308035714285714, loss_avg: 0.014386883974075317, epsilon: 0.05142177062824399 curr_temp_size: 1 (7954.23 ms/iter), temp_k in loss: 0.23589596512405567
2019-05-06 05:41:44,001:INFO: Validating model on same-size sequences
2019-05-06 05:42:08,747:INFO: Validating model on same-size sequences
2019-05-06 05:42:34,113:INFO: Validating model on same-size sequences
2019-05-06 05:42:59,713:INFO: Validating model on same-size sequences
2019-05-06 05:43:23,374:INFO: Validating model on same-size sequences
2019-05-06 05:43:45,927:INFO: Validating model on same-size sequences
2019-05-06 05:44:09,836:INFO: Validating model on same-size sequences
2019-05-06 05:44:36,800:INFO: Validating model on same-size sequences
2019-05-06 05:44:52,523:INFO: Sequences: 185600, Mean episode_total_rewards: 0.006517654220779221, loss_avg: 0.012348742485046386, epsilon: 0.05134792946144723 curr_temp_size: 1 (8152.83 ms/iter), temp_k in loss: 0.2362441949858982
2019-05-06 05:44:52,524:INFO: Validating model on longer sequences
