2019-05-25 15:57:38,380:INFO: Loaded config:

2019-05-25 15:57:38,381:INFO: ==============================

2019-05-25 15:57:38,381:INFO: name: Arithmetic NTM

task:
  name: arithmetic
  min_len: 3
  max_len: 20
  batch_size: 16
  task: "+"

model:
  name: ntm
  mem_word_length: 20
  mem_cells_count: 128
  n_writes: 1
  n_reads: 1
  controller_n_hidden: 100
  controller_n_layers: 1
  clip_value: 20
  dropout: 0
  controller: null
  controller_output: null
  layer_sizes: null

curriculum: null

gpu: true
seed: 1

scheduler: null

optimizer: rmsprop
learning_rate: 0.001
momentum: 0.9
gradient_clipping: 10.0
gpu: true

checkpoint_interval: 500
report_interval: 200
verbose_interval: 10
exit_after: null

2019-05-25 15:57:38,381:INFO: ==============================

2019-05-25 15:57:38,381:INFO: Start training
2019-05-25 15:57:40,703:INFO: Loaded model
2019-05-25 15:57:40,704:INFO: Total number of parameters 60676
2019-05-25 15:57:44,564:INFO: Iter: 10, Sequences: 160, loss: 9.79, cost: 5.22, (385.88 ms/iter)
2019-05-25 15:57:48,243:INFO: Iter: 20, Sequences: 320, loss: 8.49, cost: 4.51, (367.97 ms/iter)
2019-05-25 15:57:52,098:INFO: Iter: 30, Sequences: 480, loss: 8.55, cost: 4.76, (385.49 ms/iter)
2019-05-25 15:57:55,979:INFO: Iter: 40, Sequences: 640, loss: 10.10, cost: 5.62, (388.06 ms/iter)
2019-05-25 15:57:59,765:INFO: Iter: 50, Sequences: 800, loss: 8.40, cost: 4.33, (378.59 ms/iter)
2019-05-25 15:58:03,654:INFO: Iter: 60, Sequences: 960, loss: 8.45, cost: 4.66, (388.88 ms/iter)
2019-05-25 15:58:07,393:INFO: Iter: 70, Sequences: 1120, loss: 7.80, cost: 4.56, (373.95 ms/iter)
2019-05-25 15:58:11,196:INFO: Iter: 80, Sequences: 1280, loss: 7.24, cost: 4.52, (380.27 ms/iter)
2019-05-25 15:58:14,993:INFO: Iter: 90, Sequences: 1440, loss: 7.23, cost: 4.39, (379.69 ms/iter)
2019-05-25 15:58:18,751:INFO: Iter: 100, Sequences: 1600, loss: 7.17, cost: 4.33, (375.80 ms/iter)
2019-05-25 15:58:22,696:INFO: Iter: 110, Sequences: 1760, loss: 6.54, cost: 4.08, (394.52 ms/iter)
2019-05-25 15:58:26,500:INFO: Iter: 120, Sequences: 1920, loss: 6.40, cost: 3.76, (380.38 ms/iter)
2019-05-25 15:58:30,327:INFO: Iter: 130, Sequences: 2080, loss: 6.79, cost: 4.08, (382.73 ms/iter)
2019-05-25 15:58:34,160:INFO: Iter: 140, Sequences: 2240, loss: 6.83, cost: 4.09, (383.28 ms/iter)
2019-05-25 15:58:37,953:INFO: Iter: 150, Sequences: 2400, loss: 6.36, cost: 4.01, (379.31 ms/iter)
2019-05-25 15:58:41,754:INFO: Iter: 160, Sequences: 2560, loss: 6.45, cost: 3.98, (380.15 ms/iter)
2019-05-25 15:58:45,561:INFO: Iter: 170, Sequences: 2720, loss: 6.24, cost: 3.94, (380.66 ms/iter)
2019-05-25 15:58:49,391:INFO: Iter: 180, Sequences: 2880, loss: 6.24, cost: 3.95, (382.96 ms/iter)
2019-05-25 15:58:53,183:INFO: Iter: 190, Sequences: 3040, loss: 6.49, cost: 3.94, (379.26 ms/iter)
2019-05-25 15:58:56,961:INFO: Iter: 200, Sequences: 3200, loss: 6.46, cost: 4.11, (377.75 ms/iter)
2019-05-25 15:59:00,709:INFO: Iter: 210, Sequences: 3360, loss: 5.73, cost: 3.42, (374.83 ms/iter)
2019-05-25 15:59:04,562:INFO: Iter: 220, Sequences: 3520, loss: 5.89, cost: 3.67, (385.34 ms/iter)
2019-05-25 15:59:08,320:INFO: Iter: 230, Sequences: 3680, loss: 5.94, cost: 3.72, (375.81 ms/iter)
2019-05-25 15:59:12,041:INFO: Iter: 240, Sequences: 3840, loss: 5.96, cost: 3.86, (372.10 ms/iter)
2019-05-25 15:59:15,792:INFO: Iter: 250, Sequences: 4000, loss: 5.82, cost: 3.51, (375.03 ms/iter)
2019-05-25 15:59:19,543:INFO: Iter: 260, Sequences: 4160, loss: 5.75, cost: 3.55, (375.11 ms/iter)
2019-05-25 15:59:23,372:INFO: Iter: 270, Sequences: 4320, loss: 6.10, cost: 4.01, (382.90 ms/iter)
2019-05-25 15:59:27,169:INFO: Iter: 280, Sequences: 4480, loss: 5.90, cost: 3.93, (379.77 ms/iter)
2019-05-25 15:59:30,948:INFO: Iter: 290, Sequences: 4640, loss: 5.33, cost: 3.57, (377.88 ms/iter)
2019-05-25 15:59:34,638:INFO: Iter: 300, Sequences: 4800, loss: 5.46, cost: 3.66, (368.92 ms/iter)
2019-05-25 15:59:38,416:INFO: Iter: 310, Sequences: 4960, loss: 5.04, cost: 3.56, (377.80 ms/iter)
2019-05-25 15:59:42,170:INFO: Iter: 320, Sequences: 5120, loss: 5.72, cost: 3.96, (375.49 ms/iter)
2019-05-25 15:59:45,915:INFO: Iter: 330, Sequences: 5280, loss: 5.26, cost: 3.47, (374.46 ms/iter)
2019-05-25 15:59:49,647:INFO: Iter: 340, Sequences: 5440, loss: 5.41, cost: 3.40, (373.23 ms/iter)
2019-05-25 15:59:53,440:INFO: Iter: 350, Sequences: 5600, loss: 5.21, cost: 3.45, (379.26 ms/iter)
2019-05-25 15:59:57,116:INFO: Iter: 360, Sequences: 5760, loss: 4.93, cost: 3.44, (367.62 ms/iter)
2019-05-25 16:00:00,845:INFO: Iter: 370, Sequences: 5920, loss: 5.05, cost: 3.43, (372.90 ms/iter)
2019-05-25 16:00:04,521:INFO: Iter: 380, Sequences: 6080, loss: 5.08, cost: 3.36, (367.61 ms/iter)
2019-05-25 16:00:08,186:INFO: Iter: 390, Sequences: 6240, loss: 5.11, cost: 3.24, (366.48 ms/iter)
2019-05-25 16:00:11,986:INFO: Iter: 400, Sequences: 6400, loss: 5.42, cost: 3.83, (380.04 ms/iter)
2019-05-25 16:00:15,783:INFO: Iter: 410, Sequences: 6560, loss: 5.15, cost: 3.43, (379.64 ms/iter)
2019-05-25 16:00:19,442:INFO: Iter: 420, Sequences: 6720, loss: 5.14, cost: 3.46, (365.92 ms/iter)
2019-05-25 16:00:23,296:INFO: Iter: 430, Sequences: 6880, loss: 5.46, cost: 3.49, (385.35 ms/iter)
2019-05-25 16:00:27,079:INFO: Iter: 440, Sequences: 7040, loss: 5.28, cost: 3.45, (378.31 ms/iter)
2019-05-25 16:00:30,812:INFO: Iter: 450, Sequences: 7200, loss: 4.68, cost: 3.12, (373.31 ms/iter)
2019-05-25 16:00:34,594:INFO: Iter: 460, Sequences: 7360, loss: 4.63, cost: 3.12, (378.19 ms/iter)
2019-05-25 16:00:38,383:INFO: Iter: 470, Sequences: 7520, loss: 4.95, cost: 3.25, (378.94 ms/iter)
2019-05-25 16:00:42,148:INFO: Iter: 480, Sequences: 7680, loss: 4.78, cost: 3.20, (376.49 ms/iter)
2019-05-25 16:00:45,953:INFO: Iter: 490, Sequences: 7840, loss: 4.79, cost: 3.17, (380.51 ms/iter)
2019-05-25 16:00:49,700:INFO: Iter: 500, Sequences: 8000, loss: 5.09, cost: 3.34, (374.72 ms/iter)
2019-05-25 16:00:49,701:INFO: Saving checkpoint
2019-05-25 16:00:49,704:INFO: Validating model on longer sequences
2019-05-25 16:00:54,609:INFO: Iter: 510, Sequences: 8160, loss: 5.59, cost: 3.92, (490.90 ms/iter)
2019-05-25 16:00:58,361:INFO: Iter: 520, Sequences: 8320, loss: 5.21, cost: 3.41, (375.20 ms/iter)
2019-05-25 16:01:02,223:INFO: Iter: 530, Sequences: 8480, loss: 4.99, cost: 3.33, (386.20 ms/iter)
2019-05-25 16:01:06,027:INFO: Iter: 540, Sequences: 8640, loss: 5.24, cost: 3.54, (380.33 ms/iter)
2019-05-25 16:01:09,910:INFO: Iter: 550, Sequences: 8800, loss: 5.14, cost: 3.27, (388.32 ms/iter)
2019-05-25 16:01:13,675:INFO: Iter: 560, Sequences: 8960, loss: 4.74, cost: 3.09, (376.52 ms/iter)
2019-05-25 16:01:17,531:INFO: Iter: 570, Sequences: 9120, loss: 5.30, cost: 3.41, (385.60 ms/iter)
2019-05-25 16:01:21,335:INFO: Iter: 580, Sequences: 9280, loss: 4.98, cost: 3.30, (380.35 ms/iter)
2019-05-25 16:01:25,123:INFO: Iter: 590, Sequences: 9440, loss: 4.88, cost: 3.05, (378.86 ms/iter)
2019-05-25 16:01:28,976:INFO: Iter: 600, Sequences: 9600, loss: 4.90, cost: 3.11, (385.26 ms/iter)
2019-05-25 16:01:32,805:INFO: Iter: 610, Sequences: 9760, loss: 5.28, cost: 3.52, (382.90 ms/iter)
2019-05-25 16:01:36,501:INFO: Iter: 620, Sequences: 9920, loss: 5.04, cost: 3.42, (369.62 ms/iter)
2019-05-25 16:01:40,290:INFO: Iter: 630, Sequences: 10080, loss: 4.67, cost: 3.06, (378.94 ms/iter)
2019-05-25 16:01:44,031:INFO: Iter: 640, Sequences: 10240, loss: 4.89, cost: 3.23, (374.09 ms/iter)
2019-05-25 16:01:47,858:INFO: Iter: 650, Sequences: 10400, loss: 5.16, cost: 3.41, (382.64 ms/iter)
2019-05-25 16:01:51,634:INFO: Iter: 660, Sequences: 10560, loss: 4.72, cost: 3.08, (377.65 ms/iter)
2019-05-25 16:01:55,439:INFO: Iter: 670, Sequences: 10720, loss: 4.84, cost: 3.29, (380.44 ms/iter)
2019-05-25 16:01:59,274:INFO: Iter: 680, Sequences: 10880, loss: 4.89, cost: 3.12, (383.58 ms/iter)
2019-05-25 16:02:03,017:INFO: Iter: 690, Sequences: 11040, loss: 4.57, cost: 3.05, (374.22 ms/iter)
2019-05-25 16:02:06,747:INFO: Iter: 700, Sequences: 11200, loss: 4.69, cost: 3.11, (373.04 ms/iter)
2019-05-25 16:02:10,500:INFO: Iter: 710, Sequences: 11360, loss: 5.10, cost: 3.16, (375.33 ms/iter)
2019-05-25 16:02:14,304:INFO: Iter: 720, Sequences: 11520, loss: 4.74, cost: 3.01, (380.36 ms/iter)
2019-05-25 16:02:18,131:INFO: Iter: 730, Sequences: 11680, loss: 4.79, cost: 3.31, (382.76 ms/iter)
2019-05-25 16:02:21,810:INFO: Iter: 740, Sequences: 11840, loss: 4.66, cost: 3.02, (367.83 ms/iter)
2019-05-25 16:02:25,564:INFO: Iter: 750, Sequences: 12000, loss: 4.79, cost: 3.09, (375.46 ms/iter)
2019-05-25 16:02:29,375:INFO: Iter: 760, Sequences: 12160, loss: 4.58, cost: 3.07, (381.01 ms/iter)
2019-05-25 16:02:33,215:INFO: Iter: 770, Sequences: 12320, loss: 5.19, cost: 3.43, (384.10 ms/iter)
2019-05-25 16:02:36,994:INFO: Iter: 780, Sequences: 12480, loss: 4.94, cost: 3.43, (377.81 ms/iter)
2019-05-25 16:02:40,807:INFO: Iter: 790, Sequences: 12640, loss: 4.86, cost: 3.08, (381.33 ms/iter)
2019-05-25 16:02:44,732:INFO: Iter: 800, Sequences: 12800, loss: 4.92, cost: 3.20, (392.53 ms/iter)
2019-05-25 16:02:48,617:INFO: Iter: 810, Sequences: 12960, loss: 5.07, cost: 3.24, (388.44 ms/iter)
2019-05-25 16:02:52,472:INFO: Iter: 820, Sequences: 13120, loss: 5.00, cost: 3.31, (385.55 ms/iter)
2019-05-25 16:02:56,211:INFO: Iter: 830, Sequences: 13280, loss: 4.87, cost: 3.22, (373.89 ms/iter)
2019-05-25 16:02:59,975:INFO: Iter: 840, Sequences: 13440, loss: 4.57, cost: 2.96, (376.36 ms/iter)
2019-05-25 16:03:03,643:INFO: Iter: 850, Sequences: 13600, loss: 4.70, cost: 2.89, (366.85 ms/iter)
2019-05-25 16:03:07,440:INFO: Iter: 860, Sequences: 13760, loss: 4.89, cost: 3.34, (379.72 ms/iter)
2019-05-25 16:03:11,272:INFO: Iter: 870, Sequences: 13920, loss: 4.86, cost: 3.28, (383.13 ms/iter)
2019-05-25 16:03:15,122:INFO: Iter: 880, Sequences: 14080, loss: 4.40, cost: 2.85, (385.03 ms/iter)
2019-05-25 16:03:18,967:INFO: Iter: 890, Sequences: 14240, loss: 4.43, cost: 3.05, (384.49 ms/iter)
2019-05-25 16:03:22,792:INFO: Iter: 900, Sequences: 14400, loss: 5.11, cost: 3.48, (382.48 ms/iter)
2019-05-25 16:03:26,622:INFO: Iter: 910, Sequences: 14560, loss: 4.96, cost: 3.33, (383.09 ms/iter)
2019-05-25 16:03:30,464:INFO: Iter: 920, Sequences: 14720, loss: 5.26, cost: 3.44, (384.11 ms/iter)
2019-05-25 16:03:34,296:INFO: Iter: 930, Sequences: 14880, loss: 5.27, cost: 3.56, (383.29 ms/iter)
2019-05-25 16:03:38,038:INFO: Iter: 940, Sequences: 15040, loss: 4.91, cost: 3.25, (374.20 ms/iter)
2019-05-25 16:03:41,836:INFO: Iter: 950, Sequences: 15200, loss: 5.02, cost: 3.33, (379.75 ms/iter)
2019-05-25 16:03:45,667:INFO: Iter: 960, Sequences: 15360, loss: 4.56, cost: 3.00, (383.10 ms/iter)
2019-05-25 16:03:49,450:INFO: Iter: 970, Sequences: 15520, loss: 4.27, cost: 2.71, (378.27 ms/iter)
2019-05-25 16:03:53,322:INFO: Iter: 980, Sequences: 15680, loss: 4.86, cost: 3.36, (387.26 ms/iter)
2019-05-25 16:03:57,152:INFO: Iter: 990, Sequences: 15840, loss: 4.83, cost: 3.14, (382.95 ms/iter)
2019-05-25 16:04:00,979:INFO: Iter: 1000, Sequences: 16000, loss: 4.96, cost: 3.36, (382.75 ms/iter)
2019-05-25 16:04:00,980:INFO: Saving checkpoint
2019-05-25 16:04:00,983:INFO: Validating model on longer sequences
2019-05-25 16:04:05,896:INFO: Iter: 1010, Sequences: 16160, loss: 5.40, cost: 3.33, (491.72 ms/iter)
2019-05-25 16:04:09,751:INFO: Iter: 1020, Sequences: 16320, loss: 4.55, cost: 3.01, (385.43 ms/iter)
2019-05-25 16:04:13,722:INFO: Iter: 1030, Sequences: 16480, loss: 4.86, cost: 3.11, (397.11 ms/iter)
2019-05-25 16:04:17,599:INFO: Iter: 1040, Sequences: 16640, loss: 4.81, cost: 3.10, (387.72 ms/iter)
2019-05-25 16:04:21,490:INFO: Iter: 1050, Sequences: 16800, loss: 4.93, cost: 3.20, (389.16 ms/iter)
2019-05-25 16:04:25,329:INFO: Iter: 1060, Sequences: 16960, loss: 4.64, cost: 2.99, (383.81 ms/iter)
2019-05-25 16:04:29,062:INFO: Iter: 1070, Sequences: 17120, loss: 4.61, cost: 2.94, (373.30 ms/iter)
2019-05-25 16:04:32,917:INFO: Iter: 1080, Sequences: 17280, loss: 5.03, cost: 3.23, (385.59 ms/iter)
2019-05-25 16:04:36,790:INFO: Iter: 1090, Sequences: 17440, loss: 4.96, cost: 3.31, (387.24 ms/iter)
2019-05-25 16:04:40,621:INFO: Iter: 1100, Sequences: 17600, loss: 4.63, cost: 2.94, (383.11 ms/iter)
2019-05-25 16:04:44,446:INFO: Iter: 1110, Sequences: 17760, loss: 4.65, cost: 3.06, (382.47 ms/iter)
2019-05-25 16:04:48,339:INFO: Iter: 1120, Sequences: 17920, loss: 4.76, cost: 3.23, (389.32 ms/iter)
2019-05-25 16:04:52,095:INFO: Iter: 1130, Sequences: 18080, loss: 4.62, cost: 3.23, (375.59 ms/iter)
2019-05-25 16:04:55,917:INFO: Iter: 1140, Sequences: 18240, loss: 4.46, cost: 2.96, (382.25 ms/iter)
2019-05-25 16:04:59,698:INFO: Iter: 1150, Sequences: 18400, loss: 4.55, cost: 3.01, (378.08 ms/iter)
2019-05-25 16:05:03,663:INFO: Iter: 1160, Sequences: 18560, loss: 4.65, cost: 3.09, (396.48 ms/iter)
2019-05-25 16:05:07,414:INFO: Iter: 1170, Sequences: 18720, loss: 4.99, cost: 3.22, (375.13 ms/iter)
2019-05-25 16:05:11,268:INFO: Iter: 1180, Sequences: 18880, loss: 4.58, cost: 3.02, (385.36 ms/iter)
2019-05-25 16:05:15,181:INFO: Iter: 1190, Sequences: 19040, loss: 5.00, cost: 3.14, (391.32 ms/iter)
2019-05-25 16:05:19,021:INFO: Iter: 1200, Sequences: 19200, loss: 4.91, cost: 3.46, (384.01 ms/iter)
2019-05-25 16:05:22,991:INFO: Iter: 1210, Sequences: 19360, loss: 4.60, cost: 2.86, (396.98 ms/iter)
2019-05-25 16:05:26,979:INFO: Iter: 1220, Sequences: 19520, loss: 4.63, cost: 3.05, (398.76 ms/iter)
2019-05-25 16:05:30,956:INFO: Iter: 1230, Sequences: 19680, loss: 4.67, cost: 3.01, (397.75 ms/iter)
2019-05-25 16:05:34,672:INFO: Iter: 1240, Sequences: 19840, loss: 4.41, cost: 2.96, (371.57 ms/iter)
2019-05-25 16:05:38,496:INFO: Iter: 1250, Sequences: 20000, loss: 4.70, cost: 3.06, (382.38 ms/iter)
2019-05-25 16:05:42,336:INFO: Iter: 1260, Sequences: 20160, loss: 4.47, cost: 2.81, (384.05 ms/iter)
2019-05-25 16:05:46,257:INFO: Iter: 1270, Sequences: 20320, loss: 4.44, cost: 2.91, (392.07 ms/iter)
2019-05-25 16:05:50,113:INFO: Iter: 1280, Sequences: 20480, loss: 4.79, cost: 3.12, (385.57 ms/iter)
2019-05-25 16:05:53,890:INFO: Iter: 1290, Sequences: 20640, loss: 4.44, cost: 3.01, (377.72 ms/iter)
2019-05-25 16:05:57,630:INFO: Iter: 1300, Sequences: 20800, loss: 4.35, cost: 2.91, (373.99 ms/iter)
2019-05-25 16:06:01,335:INFO: Iter: 1310, Sequences: 20960, loss: 4.68, cost: 2.79, (370.57 ms/iter)
2019-05-25 16:06:05,121:INFO: Iter: 1320, Sequences: 21120, loss: 4.65, cost: 3.00, (378.57 ms/iter)
2019-05-25 16:06:08,925:INFO: Iter: 1330, Sequences: 21280, loss: 4.58, cost: 2.88, (380.42 ms/iter)
2019-05-25 16:06:12,797:INFO: Iter: 1340, Sequences: 21440, loss: 4.33, cost: 2.84, (387.21 ms/iter)
2019-05-25 16:06:16,700:INFO: Iter: 1350, Sequences: 21600, loss: 4.68, cost: 2.96, (390.26 ms/iter)
2019-05-25 16:06:20,531:INFO: Iter: 1360, Sequences: 21760, loss: 4.28, cost: 2.82, (383.13 ms/iter)
2019-05-25 16:06:24,298:INFO: Iter: 1370, Sequences: 21920, loss: 4.82, cost: 2.95, (376.64 ms/iter)
2019-05-25 16:06:28,151:INFO: Iter: 1380, Sequences: 22080, loss: 4.27, cost: 2.77, (385.38 ms/iter)
2019-05-25 16:06:32,013:INFO: Iter: 1390, Sequences: 22240, loss: 4.44, cost: 2.84, (386.17 ms/iter)
2019-05-25 16:06:35,791:INFO: Iter: 1400, Sequences: 22400, loss: 4.71, cost: 3.11, (377.74 ms/iter)
2019-05-25 16:06:39,546:INFO: Iter: 1410, Sequences: 22560, loss: 4.37, cost: 2.79, (375.59 ms/iter)
2019-05-25 16:06:43,303:INFO: Iter: 1420, Sequences: 22720, loss: 4.63, cost: 3.00, (375.64 ms/iter)
2019-05-25 16:06:47,134:INFO: Iter: 1430, Sequences: 22880, loss: 4.49, cost: 2.85, (383.10 ms/iter)
2019-05-25 16:06:51,025:INFO: Iter: 1440, Sequences: 23040, loss: 4.50, cost: 2.77, (389.10 ms/iter)
2019-05-25 16:06:54,787:INFO: Iter: 1450, Sequences: 23200, loss: 4.35, cost: 2.79, (376.25 ms/iter)
2019-05-25 16:06:58,510:INFO: Iter: 1460, Sequences: 23360, loss: 4.14, cost: 2.69, (372.27 ms/iter)
2019-05-25 16:07:02,282:INFO: Iter: 1470, Sequences: 23520, loss: 4.13, cost: 2.64, (377.21 ms/iter)
2019-05-25 16:07:06,083:INFO: Iter: 1480, Sequences: 23680, loss: 4.21, cost: 2.75, (380.13 ms/iter)
2019-05-25 16:07:09,859:INFO: Iter: 1490, Sequences: 23840, loss: 4.18, cost: 2.66, (377.61 ms/iter)
2019-05-25 16:07:13,637:INFO: Iter: 1500, Sequences: 24000, loss: 4.72, cost: 3.14, (377.73 ms/iter)
2019-05-25 16:07:13,637:INFO: Saving checkpoint
2019-05-25 16:07:13,640:INFO: Validating model on longer sequences
2019-05-25 16:07:18,555:INFO: Iter: 1510, Sequences: 24160, loss: 4.44, cost: 2.91, (491.81 ms/iter)
2019-05-25 16:07:22,413:INFO: Iter: 1520, Sequences: 24320, loss: 4.40, cost: 2.94, (385.79 ms/iter)
2019-05-25 16:07:26,234:INFO: Iter: 1530, Sequences: 24480, loss: 4.59, cost: 3.00, (382.10 ms/iter)
2019-05-25 16:07:30,046:INFO: Iter: 1540, Sequences: 24640, loss: 5.41, cost: 2.70, (381.19 ms/iter)
2019-05-25 16:07:33,797:INFO: Iter: 1550, Sequences: 24800, loss: 4.30, cost: 2.81, (375.12 ms/iter)
2019-05-25 16:07:37,650:INFO: Iter: 1560, Sequences: 24960, loss: 4.90, cost: 2.99, (385.34 ms/iter)
2019-05-25 16:07:41,417:INFO: Iter: 1570, Sequences: 25120, loss: 4.60, cost: 2.97, (376.63 ms/iter)
2019-05-25 16:07:45,230:INFO: Iter: 1580, Sequences: 25280, loss: 4.29, cost: 2.73, (381.30 ms/iter)
2019-05-25 16:07:49,010:INFO: Iter: 1590, Sequences: 25440, loss: 4.29, cost: 2.76, (378.09 ms/iter)
2019-05-25 16:07:52,871:INFO: Iter: 1600, Sequences: 25600, loss: 4.13, cost: 2.76, (386.06 ms/iter)
2019-05-25 16:07:56,657:INFO: Iter: 1610, Sequences: 25760, loss: 4.26, cost: 2.90, (378.56 ms/iter)
2019-05-25 16:08:00,482:INFO: Iter: 1620, Sequences: 25920, loss: 4.59, cost: 2.95, (382.59 ms/iter)
2019-05-25 16:08:04,344:INFO: Iter: 1630, Sequences: 26080, loss: 4.18, cost: 2.76, (386.10 ms/iter)
2019-05-25 16:08:08,050:INFO: Iter: 1640, Sequences: 26240, loss: 4.19, cost: 2.61, (370.61 ms/iter)
2019-05-25 16:08:11,820:INFO: Iter: 1650, Sequences: 26400, loss: 4.21, cost: 2.53, (377.09 ms/iter)
2019-05-25 16:08:15,525:INFO: Iter: 1660, Sequences: 26560, loss: 3.74, cost: 2.44, (370.44 ms/iter)
2019-05-25 16:08:19,297:INFO: Iter: 1670, Sequences: 26720, loss: 4.11, cost: 2.62, (377.19 ms/iter)
2019-05-25 16:08:22,889:INFO: Iter: 1680, Sequences: 26880, loss: 4.13, cost: 2.64, (359.24 ms/iter)
2019-05-25 16:08:26,738:INFO: Iter: 1690, Sequences: 27040, loss: 4.12, cost: 2.67, (384.83 ms/iter)
2019-05-25 16:08:30,580:INFO: Iter: 1700, Sequences: 27200, loss: 4.36, cost: 3.14, (384.25 ms/iter)
2019-05-25 16:08:34,383:INFO: Iter: 1710, Sequences: 27360, loss: 4.33, cost: 2.95, (380.29 ms/iter)
2019-05-25 16:08:38,234:INFO: Iter: 1720, Sequences: 27520, loss: 4.57, cost: 3.04, (385.10 ms/iter)
2019-05-25 16:08:42,035:INFO: Iter: 1730, Sequences: 27680, loss: 4.16, cost: 2.99, (380.13 ms/iter)
2019-05-25 16:08:45,766:INFO: Iter: 1740, Sequences: 27840, loss: 4.05, cost: 2.72, (373.11 ms/iter)
2019-05-25 16:08:49,618:INFO: Iter: 1750, Sequences: 28000, loss: 4.29, cost: 2.94, (385.18 ms/iter)
2019-05-25 16:08:53,458:INFO: Iter: 1760, Sequences: 28160, loss: 4.40, cost: 2.95, (384.01 ms/iter)
2019-05-25 16:08:57,214:INFO: Iter: 1770, Sequences: 28320, loss: 4.17, cost: 2.69, (375.53 ms/iter)
2019-05-25 16:09:01,002:INFO: Iter: 1780, Sequences: 28480, loss: 3.78, cost: 2.49, (378.83 ms/iter)
2019-05-25 16:09:04,846:INFO: Iter: 1790, Sequences: 28640, loss: 4.30, cost: 2.83, (384.43 ms/iter)
2019-05-25 16:09:08,643:INFO: Iter: 1800, Sequences: 28800, loss: 4.46, cost: 3.06, (379.68 ms/iter)
2019-05-25 16:09:12,432:INFO: Iter: 1810, Sequences: 28960, loss: 4.46, cost: 2.88, (378.86 ms/iter)
2019-05-25 16:09:16,298:INFO: Iter: 1820, Sequences: 29120, loss: 4.52, cost: 2.98, (386.61 ms/iter)
2019-05-25 16:09:20,094:INFO: Iter: 1830, Sequences: 29280, loss: 3.98, cost: 2.56, (379.60 ms/iter)
2019-05-25 16:09:23,963:INFO: Iter: 1840, Sequences: 29440, loss: 4.08, cost: 2.71, (386.96 ms/iter)
2019-05-25 16:09:27,872:INFO: Iter: 1850, Sequences: 29600, loss: 4.18, cost: 2.94, (390.84 ms/iter)
2019-05-25 16:09:31,788:INFO: Iter: 1860, Sequences: 29760, loss: 4.42, cost: 2.81, (391.60 ms/iter)
2019-05-25 16:09:35,462:INFO: Iter: 1870, Sequences: 29920, loss: 3.75, cost: 2.46, (367.44 ms/iter)
2019-05-25 16:09:39,357:INFO: Iter: 1880, Sequences: 30080, loss: 4.39, cost: 2.94, (389.47 ms/iter)
2019-05-25 16:09:43,157:INFO: Iter: 1890, Sequences: 30240, loss: 4.13, cost: 2.71, (380.06 ms/iter)
2019-05-25 16:09:47,008:INFO: Iter: 1900, Sequences: 30400, loss: 4.17, cost: 2.69, (385.06 ms/iter)
2019-05-25 16:09:50,903:INFO: Iter: 1910, Sequences: 30560, loss: 3.93, cost: 2.64, (389.47 ms/iter)
2019-05-25 16:09:54,756:INFO: Iter: 1920, Sequences: 30720, loss: 4.67, cost: 3.02, (385.28 ms/iter)
2019-05-25 16:09:58,679:INFO: Iter: 1930, Sequences: 30880, loss: 4.16, cost: 2.72, (392.31 ms/iter)
2019-05-25 16:10:02,474:INFO: Iter: 1940, Sequences: 31040, loss: 3.86, cost: 2.53, (379.54 ms/iter)
2019-05-25 16:10:06,356:INFO: Iter: 1950, Sequences: 31200, loss: 4.36, cost: 2.87, (388.24 ms/iter)
2019-05-25 16:10:10,328:INFO: Iter: 1960, Sequences: 31360, loss: 3.92, cost: 2.67, (397.15 ms/iter)
2019-05-25 16:10:14,279:INFO: Iter: 1970, Sequences: 31520, loss: 4.46, cost: 2.95, (395.15 ms/iter)
2019-05-25 16:10:18,107:INFO: Iter: 1980, Sequences: 31680, loss: 4.31, cost: 2.86, (382.72 ms/iter)
2019-05-25 16:10:21,876:INFO: Iter: 1990, Sequences: 31840, loss: 4.17, cost: 2.84, (376.93 ms/iter)
2019-05-25 16:10:25,728:INFO: Iter: 2000, Sequences: 32000, loss: 4.31, cost: 2.81, (385.22 ms/iter)
2019-05-25 16:10:25,729:INFO: Saving checkpoint
2019-05-25 16:10:25,732:INFO: Validating model on longer sequences
2019-05-25 16:10:30,618:INFO: Iter: 2010, Sequences: 32160, loss: 3.95, cost: 2.51, (488.95 ms/iter)
2019-05-25 16:10:34,429:INFO: Iter: 2020, Sequences: 32320, loss: 4.29, cost: 2.96, (381.11 ms/iter)
2019-05-25 16:10:38,199:INFO: Iter: 2030, Sequences: 32480, loss: 4.14, cost: 2.73, (377.06 ms/iter)
2019-05-25 16:10:41,987:INFO: Iter: 2040, Sequences: 32640, loss: 4.41, cost: 2.84, (378.73 ms/iter)
2019-05-25 16:10:45,861:INFO: Iter: 2050, Sequences: 32800, loss: 4.60, cost: 2.99, (387.40 ms/iter)
2019-05-25 16:10:49,726:INFO: Iter: 2060, Sequences: 32960, loss: 4.39, cost: 2.73, (386.54 ms/iter)
2019-05-25 16:10:53,487:INFO: Iter: 2070, Sequences: 33120, loss: 4.15, cost: 2.65, (376.08 ms/iter)
2019-05-25 16:10:57,232:INFO: Iter: 2080, Sequences: 33280, loss: 4.18, cost: 2.88, (374.53 ms/iter)
2019-05-25 16:11:01,026:INFO: Iter: 2090, Sequences: 33440, loss: 4.12, cost: 2.65, (379.41 ms/iter)
2019-05-25 16:11:04,931:INFO: Iter: 2100, Sequences: 33600, loss: 4.28, cost: 2.86, (390.49 ms/iter)
2019-05-25 16:11:08,656:INFO: Iter: 2110, Sequences: 33760, loss: 3.87, cost: 2.60, (372.44 ms/iter)
2019-05-25 16:11:12,508:INFO: Iter: 2120, Sequences: 33920, loss: 4.28, cost: 2.92, (385.23 ms/iter)
2019-05-25 16:11:16,376:INFO: Iter: 2130, Sequences: 34080, loss: 4.09, cost: 2.83, (386.84 ms/iter)
2019-05-25 16:11:20,149:INFO: Iter: 2140, Sequences: 34240, loss: 4.22, cost: 2.81, (377.27 ms/iter)
2019-05-25 16:11:23,919:INFO: Iter: 2150, Sequences: 34400, loss: 4.50, cost: 2.83, (376.96 ms/iter)
2019-05-25 16:11:27,649:INFO: Iter: 2160, Sequences: 34560, loss: 3.95, cost: 2.66, (373.06 ms/iter)
2019-05-25 16:11:31,472:INFO: Iter: 2170, Sequences: 34720, loss: 4.48, cost: 3.07, (382.24 ms/iter)
2019-05-25 16:11:35,250:INFO: Iter: 2180, Sequences: 34880, loss: 4.46, cost: 2.95, (377.85 ms/iter)
2019-05-25 16:11:39,063:INFO: Iter: 2190, Sequences: 35040, loss: 4.18, cost: 2.78, (381.25 ms/iter)
2019-05-25 16:11:42,812:INFO: Iter: 2200, Sequences: 35200, loss: 4.03, cost: 2.79, (374.95 ms/iter)
2019-05-25 16:11:46,573:INFO: Iter: 2210, Sequences: 35360, loss: 4.29, cost: 2.87, (376.08 ms/iter)
2019-05-25 16:11:50,276:INFO: Iter: 2220, Sequences: 35520, loss: 4.36, cost: 2.79, (370.33 ms/iter)
2019-05-25 16:11:53,977:INFO: Iter: 2230, Sequences: 35680, loss: 4.11, cost: 2.64, (370.04 ms/iter)
2019-05-25 16:11:57,650:INFO: Iter: 2240, Sequences: 35840, loss: 3.84, cost: 2.58, (367.37 ms/iter)
2019-05-25 16:12:01,426:INFO: Iter: 2250, Sequences: 36000, loss: 4.28, cost: 2.88, (377.55 ms/iter)
2019-05-25 16:12:05,196:INFO: Iter: 2260, Sequences: 36160, loss: 4.01, cost: 2.77, (377.01 ms/iter)
2019-05-25 16:12:08,920:INFO: Iter: 2270, Sequences: 36320, loss: 4.07, cost: 2.67, (372.40 ms/iter)
2019-05-25 16:12:12,619:INFO: Iter: 2280, Sequences: 36480, loss: 4.24, cost: 2.73, (369.94 ms/iter)
2019-05-25 16:12:16,273:INFO: Iter: 2290, Sequences: 36640, loss: 4.18, cost: 2.71, (365.35 ms/iter)
2019-05-25 16:12:20,024:INFO: Iter: 2300, Sequences: 36800, loss: 4.38, cost: 2.88, (375.10 ms/iter)
2019-05-25 16:12:23,745:INFO: Iter: 2310, Sequences: 36960, loss: 4.22, cost: 2.76, (372.12 ms/iter)
2019-05-25 16:12:27,425:INFO: Iter: 2320, Sequences: 37120, loss: 3.85, cost: 2.53, (367.98 ms/iter)
2019-05-25 16:12:31,161:INFO: Iter: 2330, Sequences: 37280, loss: 4.16, cost: 2.77, (373.65 ms/iter)
2019-05-25 16:12:34,869:INFO: Iter: 2340, Sequences: 37440, loss: 4.22, cost: 2.94, (370.78 ms/iter)
2019-05-25 16:12:38,648:INFO: Iter: 2350, Sequences: 37600, loss: 3.97, cost: 2.60, (377.92 ms/iter)
2019-05-25 16:12:42,436:INFO: Iter: 2360, Sequences: 37760, loss: 4.51, cost: 3.00, (378.77 ms/iter)
2019-05-25 16:12:45,955:INFO: Iter: 2370, Sequences: 37920, loss: 3.65, cost: 2.50, (351.89 ms/iter)
2019-05-25 16:12:49,612:INFO: Iter: 2380, Sequences: 38080, loss: 4.30, cost: 2.89, (365.76 ms/iter)
2019-05-25 16:12:53,383:INFO: Iter: 2390, Sequences: 38240, loss: 4.18, cost: 2.76, (377.04 ms/iter)
2019-05-25 16:12:57,038:INFO: Iter: 2400, Sequences: 38400, loss: 4.17, cost: 2.80, (365.57 ms/iter)
2019-05-25 16:13:00,775:INFO: Iter: 2410, Sequences: 38560, loss: 4.14, cost: 2.74, (373.67 ms/iter)
2019-05-25 16:13:04,320:INFO: Iter: 2420, Sequences: 38720, loss: 3.87, cost: 2.58, (354.52 ms/iter)
2019-05-25 16:13:08,028:INFO: Iter: 2430, Sequences: 38880, loss: 4.20, cost: 2.95, (370.78 ms/iter)
2019-05-25 16:13:11,729:INFO: Iter: 2440, Sequences: 39040, loss: 4.77, cost: 3.12, (370.06 ms/iter)
2019-05-25 16:13:15,421:INFO: Iter: 2450, Sequences: 39200, loss: 4.60, cost: 3.01, (369.20 ms/iter)
2019-05-25 16:13:19,175:INFO: Iter: 2460, Sequences: 39360, loss: 4.33, cost: 2.86, (375.44 ms/iter)
2019-05-25 16:13:22,798:INFO: Iter: 2470, Sequences: 39520, loss: 3.80, cost: 2.62, (362.30 ms/iter)
2019-05-25 16:13:26,505:INFO: Iter: 2480, Sequences: 39680, loss: 3.76, cost: 2.43, (370.65 ms/iter)
2019-05-25 16:13:30,230:INFO: Iter: 2490, Sequences: 39840, loss: 4.11, cost: 2.83, (372.53 ms/iter)
2019-05-25 16:13:33,904:INFO: Iter: 2500, Sequences: 40000, loss: 3.91, cost: 2.61, (367.43 ms/iter)
2019-05-25 16:13:33,904:INFO: Saving checkpoint
2019-05-25 16:13:33,907:INFO: Validating model on longer sequences
2019-05-25 16:13:38,571:INFO: Iter: 2510, Sequences: 40160, loss: 4.00, cost: 2.73, (466.69 ms/iter)
2019-05-25 16:13:42,178:INFO: Iter: 2520, Sequences: 40320, loss: 3.97, cost: 2.74, (360.69 ms/iter)
2019-05-25 16:13:45,952:INFO: Iter: 2530, Sequences: 40480, loss: 4.04, cost: 2.67, (377.36 ms/iter)
2019-05-25 16:13:49,633:INFO: Iter: 2540, Sequences: 40640, loss: 4.06, cost: 2.67, (368.11 ms/iter)
2019-05-25 16:13:53,378:INFO: Iter: 2550, Sequences: 40800, loss: 4.17, cost: 2.73, (374.56 ms/iter)
2019-05-25 16:13:57,054:INFO: Iter: 2560, Sequences: 40960, loss: 3.77, cost: 2.51, (367.61 ms/iter)
2019-05-25 16:14:00,711:INFO: Iter: 2570, Sequences: 41120, loss: 3.88, cost: 2.58, (365.64 ms/iter)
2019-05-25 16:14:04,435:INFO: Iter: 2580, Sequences: 41280, loss: 4.11, cost: 2.63, (372.41 ms/iter)
2019-05-25 16:14:08,143:INFO: Iter: 2590, Sequences: 41440, loss: 3.71, cost: 2.41, (370.80 ms/iter)
2019-05-25 16:14:12,021:INFO: Iter: 2600, Sequences: 41600, loss: 5.43, cost: 2.59, (387.78 ms/iter)
2019-05-25 16:14:15,778:INFO: Iter: 2610, Sequences: 41760, loss: 6.45, cost: 3.16, (375.70 ms/iter)
2019-05-25 16:14:19,481:INFO: Iter: 2620, Sequences: 41920, loss: 6.50, cost: 3.23, (370.32 ms/iter)
2019-05-25 16:14:23,209:INFO: Iter: 2630, Sequences: 42080, loss: 5.78, cost: 3.44, (372.84 ms/iter)
2019-05-25 16:14:26,907:INFO: Iter: 2640, Sequences: 42240, loss: 4.59, cost: 3.06, (369.75 ms/iter)
2019-05-25 16:14:30,639:INFO: Iter: 2650, Sequences: 42400, loss: 4.44, cost: 2.89, (373.20 ms/iter)
2019-05-25 16:14:34,335:INFO: Iter: 2660, Sequences: 42560, loss: 4.14, cost: 2.76, (369.65 ms/iter)
2019-05-25 16:14:37,999:INFO: Iter: 2670, Sequences: 42720, loss: 3.97, cost: 2.73, (366.32 ms/iter)
2019-05-25 16:14:41,652:INFO: Iter: 2680, Sequences: 42880, loss: 4.10, cost: 2.77, (365.35 ms/iter)
2019-05-25 16:14:45,345:INFO: Iter: 2690, Sequences: 43040, loss: 3.93, cost: 2.68, (369.31 ms/iter)
2019-05-25 16:14:49,064:INFO: Iter: 2700, Sequences: 43200, loss: 4.01, cost: 2.75, (371.90 ms/iter)
2019-05-25 16:14:52,727:INFO: Iter: 2710, Sequences: 43360, loss: 3.59, cost: 2.28, (366.25 ms/iter)
2019-05-25 16:14:56,457:INFO: Iter: 2720, Sequences: 43520, loss: 4.17, cost: 2.77, (373.01 ms/iter)
2019-05-25 16:15:00,129:INFO: Iter: 2730, Sequences: 43680, loss: 4.21, cost: 2.73, (367.18 ms/iter)
2019-05-25 16:15:04,004:INFO: Iter: 2740, Sequences: 43840, loss: 4.36, cost: 2.82, (387.58 ms/iter)
2019-05-25 16:15:07,669:INFO: Iter: 2750, Sequences: 44000, loss: 4.05, cost: 2.64, (366.49 ms/iter)
2019-05-25 16:15:11,342:INFO: Iter: 2760, Sequences: 44160, loss: 3.90, cost: 2.60, (367.28 ms/iter)
2019-05-25 16:15:15,033:INFO: Iter: 2770, Sequences: 44320, loss: 4.00, cost: 2.53, (369.08 ms/iter)
2019-05-25 16:15:18,717:INFO: Iter: 2780, Sequences: 44480, loss: 4.03, cost: 2.45, (368.42 ms/iter)
2019-05-25 16:15:22,465:INFO: Iter: 2790, Sequences: 44640, loss: 4.64, cost: 3.01, (374.84 ms/iter)
2019-05-25 16:15:26,246:INFO: Iter: 2800, Sequences: 44800, loss: 4.54, cost: 3.07, (378.06 ms/iter)
2019-05-25 16:15:29,946:INFO: Iter: 2810, Sequences: 44960, loss: 4.02, cost: 2.73, (370.02 ms/iter)
2019-05-25 16:15:33,531:INFO: Iter: 2820, Sequences: 45120, loss: 3.93, cost: 2.69, (358.42 ms/iter)
2019-05-25 16:15:37,257:INFO: Iter: 2830, Sequences: 45280, loss: 4.14, cost: 2.66, (372.61 ms/iter)
2019-05-25 16:15:40,981:INFO: Iter: 2840, Sequences: 45440, loss: 3.91, cost: 2.57, (372.41 ms/iter)
2019-05-25 16:15:44,506:INFO: Iter: 2850, Sequences: 45600, loss: 3.56, cost: 2.42, (352.56 ms/iter)
2019-05-25 16:15:48,215:INFO: Iter: 2860, Sequences: 45760, loss: 3.94, cost: 2.71, (370.84 ms/iter)
2019-05-25 16:15:51,960:INFO: Iter: 2870, Sequences: 45920, loss: 4.05, cost: 2.55, (374.50 ms/iter)
2019-05-25 16:15:55,709:INFO: Iter: 2880, Sequences: 46080, loss: 4.10, cost: 2.67, (374.96 ms/iter)
2019-05-25 16:15:59,441:INFO: Iter: 2890, Sequences: 46240, loss: 4.21, cost: 2.78, (373.21 ms/iter)
2019-05-25 16:16:03,214:INFO: Iter: 2900, Sequences: 46400, loss: 4.28, cost: 2.81, (377.26 ms/iter)
2019-05-25 16:16:06,970:INFO: Iter: 2910, Sequences: 46560, loss: 4.03, cost: 2.84, (375.55 ms/iter)
2019-05-25 16:16:10,712:INFO: Iter: 2920, Sequences: 46720, loss: 4.30, cost: 2.67, (374.25 ms/iter)
2019-05-25 16:16:14,507:INFO: Iter: 2930, Sequences: 46880, loss: 4.24, cost: 2.81, (379.48 ms/iter)
2019-05-25 16:16:18,251:INFO: Iter: 2940, Sequences: 47040, loss: 4.16, cost: 2.65, (374.38 ms/iter)
2019-05-25 16:16:22,069:INFO: Iter: 2950, Sequences: 47200, loss: 3.82, cost: 2.56, (381.88 ms/iter)
2019-05-25 16:16:25,758:INFO: Iter: 2960, Sequences: 47360, loss: 4.31, cost: 2.89, (368.91 ms/iter)
2019-05-25 16:16:29,472:INFO: Iter: 2970, Sequences: 47520, loss: 4.42, cost: 2.86, (371.31 ms/iter)
2019-05-25 16:16:33,178:INFO: Iter: 2980, Sequences: 47680, loss: 3.89, cost: 2.58, (370.61 ms/iter)
2019-05-25 16:16:36,915:INFO: Iter: 2990, Sequences: 47840, loss: 4.31, cost: 2.79, (373.72 ms/iter)
2019-05-25 16:16:40,667:INFO: Iter: 3000, Sequences: 48000, loss: 4.12, cost: 2.59, (375.24 ms/iter)
2019-05-25 16:16:40,668:INFO: Saving checkpoint
2019-05-25 16:16:40,671:INFO: Validating model on longer sequences
2019-05-25 16:16:45,549:INFO: Iter: 3010, Sequences: 48160, loss: 4.24, cost: 2.85, (488.19 ms/iter)
2019-05-25 16:16:49,302:INFO: Iter: 3020, Sequences: 48320, loss: 4.06, cost: 2.51, (375.27 ms/iter)
2019-05-25 16:16:52,836:INFO: Iter: 3030, Sequences: 48480, loss: 3.50, cost: 2.44, (353.45 ms/iter)
2019-05-25 16:16:56,574:INFO: Iter: 3040, Sequences: 48640, loss: 4.30, cost: 2.62, (373.77 ms/iter)
2019-05-25 16:17:00,364:INFO: Iter: 3050, Sequences: 48800, loss: 3.85, cost: 2.51, (378.97 ms/iter)
2019-05-25 16:17:04,076:INFO: Iter: 3060, Sequences: 48960, loss: 3.74, cost: 2.55, (371.23 ms/iter)
2019-05-25 16:17:07,816:INFO: Iter: 3070, Sequences: 49120, loss: 4.07, cost: 2.77, (374.04 ms/iter)
2019-05-25 16:17:11,585:INFO: Iter: 3080, Sequences: 49280, loss: 4.42, cost: 2.83, (376.84 ms/iter)
2019-05-25 16:17:15,335:INFO: Iter: 3090, Sequences: 49440, loss: 3.52, cost: 2.24, (374.98 ms/iter)
2019-05-25 16:17:19,044:INFO: Iter: 3100, Sequences: 49600, loss: 3.81, cost: 2.53, (370.95 ms/iter)
2019-05-25 16:17:22,719:INFO: Iter: 3110, Sequences: 49760, loss: 3.88, cost: 2.51, (367.47 ms/iter)
2019-05-25 16:17:26,429:INFO: Iter: 3120, Sequences: 49920, loss: 3.97, cost: 2.66, (371.03 ms/iter)
2019-05-25 16:17:30,171:INFO: Iter: 3130, Sequences: 50080, loss: 3.81, cost: 2.60, (374.22 ms/iter)
2019-05-25 16:17:33,807:INFO: Iter: 3140, Sequences: 50240, loss: 3.78, cost: 2.44, (363.59 ms/iter)
2019-05-25 16:17:37,491:INFO: Iter: 3150, Sequences: 50400, loss: 3.90, cost: 2.53, (368.41 ms/iter)
2019-05-25 16:17:41,251:INFO: Iter: 3160, Sequences: 50560, loss: 3.98, cost: 2.64, (376.01 ms/iter)
2019-05-25 16:17:45,003:INFO: Iter: 3170, Sequences: 50720, loss: 3.64, cost: 2.35, (375.11 ms/iter)
2019-05-25 16:17:48,602:INFO: Iter: 3180, Sequences: 50880, loss: 4.00, cost: 2.54, (359.90 ms/iter)
2019-05-25 16:17:52,362:INFO: Iter: 3190, Sequences: 51040, loss: 3.99, cost: 2.59, (376.07 ms/iter)
2019-05-25 16:17:55,971:INFO: Iter: 3200, Sequences: 51200, loss: 3.63, cost: 2.33, (360.83 ms/iter)
2019-05-25 16:17:59,625:INFO: Iter: 3210, Sequences: 51360, loss: 4.01, cost: 2.69, (365.46 ms/iter)
2019-05-25 16:18:03,311:INFO: Iter: 3220, Sequences: 51520, loss: 3.88, cost: 2.61, (368.60 ms/iter)
2019-05-25 16:18:06,993:INFO: Iter: 3230, Sequences: 51680, loss: 3.84, cost: 2.55, (368.15 ms/iter)
2019-05-25 16:18:10,653:INFO: Iter: 3240, Sequences: 51840, loss: 3.88, cost: 2.53, (365.98 ms/iter)
2019-05-25 16:18:14,301:INFO: Iter: 3250, Sequences: 52000, loss: 4.03, cost: 2.59, (364.87 ms/iter)
2019-05-25 16:18:17,973:INFO: Iter: 3260, Sequences: 52160, loss: 3.68, cost: 2.38, (367.19 ms/iter)
2019-05-25 16:18:21,571:INFO: Iter: 3270, Sequences: 52320, loss: 4.17, cost: 2.83, (359.78 ms/iter)
2019-05-25 16:18:25,347:INFO: Iter: 3280, Sequences: 52480, loss: 3.86, cost: 2.56, (377.61 ms/iter)
2019-05-25 16:18:28,976:INFO: Iter: 3290, Sequences: 52640, loss: 3.84, cost: 2.63, (362.87 ms/iter)
2019-05-25 16:18:32,733:INFO: Iter: 3300, Sequences: 52800, loss: 3.84, cost: 2.60, (375.69 ms/iter)
2019-05-25 16:18:36,393:INFO: Iter: 3310, Sequences: 52960, loss: 3.52, cost: 2.31, (366.01 ms/iter)
2019-05-25 16:18:40,070:INFO: Iter: 3320, Sequences: 53120, loss: 3.86, cost: 2.48, (367.70 ms/iter)
2019-05-25 16:18:43,725:INFO: Iter: 3330, Sequences: 53280, loss: 4.14, cost: 2.65, (365.57 ms/iter)
2019-05-25 16:18:47,469:INFO: Iter: 3340, Sequences: 53440, loss: 3.95, cost: 2.69, (374.38 ms/iter)
2019-05-25 16:18:51,283:INFO: Iter: 3350, Sequences: 53600, loss: 3.83, cost: 2.54, (381.39 ms/iter)
2019-05-25 16:18:55,018:INFO: Iter: 3360, Sequences: 53760, loss: 4.14, cost: 2.82, (373.49 ms/iter)
2019-05-25 16:18:58,913:INFO: Iter: 3370, Sequences: 53920, loss: 4.00, cost: 2.51, (389.51 ms/iter)
2019-05-25 16:19:02,680:INFO: Iter: 3380, Sequences: 54080, loss: 4.28, cost: 2.71, (376.73 ms/iter)
2019-05-25 16:19:06,462:INFO: Iter: 3390, Sequences: 54240, loss: 3.97, cost: 2.70, (378.15 ms/iter)
2019-05-25 16:19:10,128:INFO: Iter: 3400, Sequences: 54400, loss: 3.99, cost: 2.60, (366.56 ms/iter)
2019-05-25 16:19:13,809:INFO: Iter: 3410, Sequences: 54560, loss: 4.10, cost: 2.58, (368.19 ms/iter)
2019-05-25 16:19:17,529:INFO: Iter: 3420, Sequences: 54720, loss: 4.17, cost: 2.61, (371.95 ms/iter)
2019-05-25 16:19:21,294:INFO: Iter: 3430, Sequences: 54880, loss: 3.82, cost: 2.51, (376.54 ms/iter)
2019-05-25 16:19:25,039:INFO: Iter: 3440, Sequences: 55040, loss: 3.97, cost: 2.50, (374.51 ms/iter)
2019-05-25 16:19:28,862:INFO: Iter: 3450, Sequences: 55200, loss: 3.78, cost: 2.37, (382.27 ms/iter)
2019-05-25 16:19:32,616:INFO: Iter: 3460, Sequences: 55360, loss: 3.98, cost: 2.68, (375.33 ms/iter)
2019-05-25 16:19:36,343:INFO: Iter: 3470, Sequences: 55520, loss: 3.55, cost: 2.33, (372.77 ms/iter)
2019-05-25 16:19:40,034:INFO: Iter: 3480, Sequences: 55680, loss: 3.73, cost: 2.48, (369.08 ms/iter)
2019-05-25 16:19:43,872:INFO: Iter: 3490, Sequences: 55840, loss: 3.85, cost: 2.60, (383.81 ms/iter)
2019-05-25 16:19:47,592:INFO: Iter: 3500, Sequences: 56000, loss: 3.57, cost: 2.36, (372.03 ms/iter)
2019-05-25 16:19:47,593:INFO: Saving checkpoint
2019-05-25 16:19:47,596:INFO: Validating model on longer sequences
2019-05-25 16:19:52,463:INFO: Iter: 3510, Sequences: 56160, loss: 3.77, cost: 2.38, (487.07 ms/iter)
2019-05-25 16:19:56,310:INFO: Iter: 3520, Sequences: 56320, loss: 3.86, cost: 2.39, (384.66 ms/iter)
2019-05-25 16:19:59,980:INFO: Iter: 3530, Sequences: 56480, loss: 3.57, cost: 2.23, (367.04 ms/iter)
2019-05-25 16:20:03,627:INFO: Iter: 3540, Sequences: 56640, loss: 3.45, cost: 2.19, (364.74 ms/iter)
2019-05-25 16:20:07,369:INFO: Iter: 3550, Sequences: 56800, loss: 4.08, cost: 2.57, (374.11 ms/iter)
2019-05-25 16:20:11,249:INFO: Iter: 3560, Sequences: 56960, loss: 4.08, cost: 2.60, (388.04 ms/iter)
2019-05-25 16:20:14,945:INFO: Iter: 3570, Sequences: 57120, loss: 4.05, cost: 2.55, (369.61 ms/iter)
2019-05-25 16:20:18,665:INFO: Iter: 3580, Sequences: 57280, loss: 4.01, cost: 2.46, (371.99 ms/iter)
2019-05-25 16:20:22,380:INFO: Iter: 3590, Sequences: 57440, loss: 3.97, cost: 2.62, (371.45 ms/iter)
2019-05-25 16:20:26,068:INFO: Iter: 3600, Sequences: 57600, loss: 3.80, cost: 2.67, (368.84 ms/iter)
2019-05-25 16:20:29,788:INFO: Iter: 3610, Sequences: 57760, loss: 4.03, cost: 2.63, (371.96 ms/iter)
2019-05-25 16:20:33,579:INFO: Iter: 3620, Sequences: 57920, loss: 3.72, cost: 2.59, (379.16 ms/iter)
2019-05-25 16:20:37,349:INFO: Iter: 3630, Sequences: 58080, loss: 4.13, cost: 2.70, (377.00 ms/iter)
2019-05-25 16:20:41,047:INFO: Iter: 3640, Sequences: 58240, loss: 3.79, cost: 2.47, (369.79 ms/iter)
2019-05-25 16:20:44,771:INFO: Iter: 3650, Sequences: 58400, loss: 3.73, cost: 2.47, (372.43 ms/iter)
2019-05-25 16:20:48,421:INFO: Iter: 3660, Sequences: 58560, loss: 3.58, cost: 2.36, (364.92 ms/iter)
2019-05-25 16:20:52,148:INFO: Iter: 3670, Sequences: 58720, loss: 3.96, cost: 2.60, (372.71 ms/iter)
2019-05-25 16:20:55,845:INFO: Iter: 3680, Sequences: 58880, loss: 4.02, cost: 2.61, (369.69 ms/iter)
2019-05-25 16:20:59,533:INFO: Iter: 3690, Sequences: 59040, loss: 3.77, cost: 2.46, (368.86 ms/iter)
2019-05-25 16:21:03,584:INFO: Iter: 3700, Sequences: 59200, loss: 4.21, cost: 2.65, (405.08 ms/iter)
2019-05-25 16:21:07,315:INFO: Iter: 3710, Sequences: 59360, loss: 3.92, cost: 2.59, (373.08 ms/iter)
2019-05-25 16:21:10,969:INFO: Iter: 3720, Sequences: 59520, loss: 3.49, cost: 2.31, (365.42 ms/iter)
2019-05-25 16:21:14,725:INFO: Iter: 3730, Sequences: 59680, loss: 3.97, cost: 2.51, (375.62 ms/iter)
2019-05-25 16:21:18,382:INFO: Iter: 3740, Sequences: 59840, loss: 3.53, cost: 2.31, (365.62 ms/iter)
2019-05-25 16:21:22,138:INFO: Iter: 3750, Sequences: 60000, loss: 4.01, cost: 2.52, (375.61 ms/iter)
2019-05-25 16:21:25,850:INFO: Iter: 3760, Sequences: 60160, loss: 3.98, cost: 2.66, (371.23 ms/iter)
2019-05-25 16:21:29,601:INFO: Iter: 3770, Sequences: 60320, loss: 3.94, cost: 2.57, (375.07 ms/iter)
2019-05-25 16:21:33,244:INFO: Iter: 3780, Sequences: 60480, loss: 3.54, cost: 2.27, (364.33 ms/iter)
2019-05-25 16:21:36,916:INFO: Iter: 3790, Sequences: 60640, loss: 3.61, cost: 2.31, (367.25 ms/iter)
2019-05-25 16:21:40,621:INFO: Iter: 3800, Sequences: 60800, loss: 3.83, cost: 2.64, (370.47 ms/iter)
2019-05-25 16:21:44,287:INFO: Iter: 3810, Sequences: 60960, loss: 3.53, cost: 2.23, (366.59 ms/iter)
2019-05-25 16:21:47,935:INFO: Iter: 3820, Sequences: 61120, loss: 3.66, cost: 2.49, (364.80 ms/iter)
2019-05-25 16:21:51,559:INFO: Iter: 3830, Sequences: 61280, loss: 3.35, cost: 2.21, (362.37 ms/iter)
2019-05-25 16:21:55,141:INFO: Iter: 3840, Sequences: 61440, loss: 3.70, cost: 2.39, (358.25 ms/iter)
2019-05-25 16:21:58,792:INFO: Iter: 3850, Sequences: 61600, loss: 3.90, cost: 2.47, (365.06 ms/iter)
2019-05-25 16:22:02,449:INFO: Iter: 3860, Sequences: 61760, loss: 3.93, cost: 2.58, (365.72 ms/iter)
2019-05-25 16:22:06,104:INFO: Iter: 3870, Sequences: 61920, loss: 4.04, cost: 2.66, (365.47 ms/iter)
2019-05-25 16:22:09,773:INFO: Iter: 3880, Sequences: 62080, loss: 4.07, cost: 2.73, (366.91 ms/iter)
2019-05-25 16:22:13,353:INFO: Iter: 3890, Sequences: 62240, loss: 3.57, cost: 2.27, (357.99 ms/iter)
2019-05-25 16:22:16,991:INFO: Iter: 3900, Sequences: 62400, loss: 4.23, cost: 2.66, (363.79 ms/iter)
2019-05-25 16:22:20,700:INFO: Iter: 3910, Sequences: 62560, loss: 3.57, cost: 2.31, (370.94 ms/iter)
2019-05-25 16:22:24,307:INFO: Iter: 3920, Sequences: 62720, loss: 3.59, cost: 2.34, (360.70 ms/iter)
2019-05-25 16:22:27,993:INFO: Iter: 3930, Sequences: 62880, loss: 4.22, cost: 2.64, (368.59 ms/iter)
2019-05-25 16:22:31,667:INFO: Iter: 3940, Sequences: 63040, loss: 3.77, cost: 2.53, (367.43 ms/iter)
2019-05-25 16:22:35,487:INFO: Iter: 3950, Sequences: 63200, loss: 4.20, cost: 2.76, (381.96 ms/iter)
2019-05-25 16:22:39,174:INFO: Iter: 3960, Sequences: 63360, loss: 3.57, cost: 2.18, (368.72 ms/iter)
2019-05-25 16:22:42,840:INFO: Iter: 3970, Sequences: 63520, loss: 3.72, cost: 2.38, (366.61 ms/iter)
2019-05-25 16:22:46,577:INFO: Iter: 3980, Sequences: 63680, loss: 3.91, cost: 2.62, (373.72 ms/iter)
2019-05-25 16:22:50,224:INFO: Iter: 3990, Sequences: 63840, loss: 3.81, cost: 2.42, (364.71 ms/iter)
2019-05-25 16:22:53,906:INFO: Iter: 4000, Sequences: 64000, loss: 3.79, cost: 2.41, (368.21 ms/iter)
2019-05-25 16:22:53,907:INFO: Saving checkpoint
2019-05-25 16:22:53,910:INFO: Validating model on longer sequences
2019-05-25 16:22:58,554:INFO: Iter: 4010, Sequences: 64160, loss: 3.69, cost: 2.39, (464.77 ms/iter)
2019-05-25 16:23:02,164:INFO: Iter: 4020, Sequences: 64320, loss: 3.70, cost: 2.46, (360.98 ms/iter)
2019-05-25 16:23:05,872:INFO: Iter: 4030, Sequences: 64480, loss: 3.78, cost: 2.52, (370.85 ms/iter)
2019-05-25 16:23:09,605:INFO: Iter: 4040, Sequences: 64640, loss: 4.33, cost: 2.79, (373.28 ms/iter)
2019-05-25 16:23:13,271:INFO: Iter: 4050, Sequences: 64800, loss: 3.78, cost: 2.42, (366.62 ms/iter)
2019-05-25 16:23:16,940:INFO: Iter: 4060, Sequences: 64960, loss: 4.10, cost: 2.58, (366.85 ms/iter)
2019-05-25 16:23:20,612:INFO: Iter: 4070, Sequences: 65120, loss: 3.85, cost: 2.48, (367.19 ms/iter)
2019-05-25 16:23:24,297:INFO: Iter: 4080, Sequences: 65280, loss: 4.09, cost: 2.64, (368.54 ms/iter)
2019-05-25 16:23:28,046:INFO: Iter: 4090, Sequences: 65440, loss: 4.25, cost: 2.88, (374.91 ms/iter)
2019-05-25 16:23:31,749:INFO: Iter: 4100, Sequences: 65600, loss: 3.35, cost: 2.26, (370.30 ms/iter)
2019-05-25 16:23:35,414:INFO: Iter: 4110, Sequences: 65760, loss: 3.71, cost: 2.45, (366.48 ms/iter)
2019-05-25 16:23:39,007:INFO: Iter: 4120, Sequences: 65920, loss: 3.63, cost: 2.51, (359.32 ms/iter)
2019-05-25 16:23:42,689:INFO: Iter: 4130, Sequences: 66080, loss: 3.82, cost: 2.57, (368.19 ms/iter)
2019-05-25 16:23:46,414:INFO: Iter: 4140, Sequences: 66240, loss: 3.53, cost: 2.36, (372.50 ms/iter)
2019-05-25 16:23:50,102:INFO: Iter: 4150, Sequences: 66400, loss: 4.09, cost: 2.80, (368.77 ms/iter)
2019-05-25 16:23:53,856:INFO: Iter: 4160, Sequences: 66560, loss: 3.97, cost: 2.54, (375.37 ms/iter)
2019-05-25 16:23:57,483:INFO: Iter: 4170, Sequences: 66720, loss: 3.37, cost: 2.38, (362.72 ms/iter)
2019-05-25 16:24:01,163:INFO: Iter: 4180, Sequences: 66880, loss: 3.91, cost: 2.54, (368.06 ms/iter)
2019-05-25 16:24:04,919:INFO: Iter: 4190, Sequences: 67040, loss: 3.74, cost: 2.52, (375.61 ms/iter)
2019-05-25 16:24:08,598:INFO: Iter: 4200, Sequences: 67200, loss: 3.76, cost: 2.50, (367.82 ms/iter)
2019-05-25 16:24:12,337:INFO: Iter: 4210, Sequences: 67360, loss: 3.73, cost: 2.50, (373.97 ms/iter)
2019-05-25 16:24:16,061:INFO: Iter: 4220, Sequences: 67520, loss: 4.14, cost: 2.67, (372.38 ms/iter)
2019-05-25 16:24:19,804:INFO: Iter: 4230, Sequences: 67680, loss: 3.81, cost: 2.48, (374.26 ms/iter)
2019-05-25 16:24:23,513:INFO: Iter: 4240, Sequences: 67840, loss: 3.37, cost: 2.34, (370.92 ms/iter)
2019-05-25 16:24:27,202:INFO: Iter: 4250, Sequences: 68000, loss: 3.84, cost: 2.56, (368.87 ms/iter)
2019-05-25 16:24:30,912:INFO: Iter: 4260, Sequences: 68160, loss: 3.93, cost: 2.65, (371.01 ms/iter)
2019-05-25 16:24:34,615:INFO: Iter: 4270, Sequences: 68320, loss: 3.82, cost: 2.47, (370.36 ms/iter)
2019-05-25 16:24:38,296:INFO: Iter: 4280, Sequences: 68480, loss: 3.68, cost: 2.38, (368.09 ms/iter)
2019-05-25 16:24:42,023:INFO: Iter: 4290, Sequences: 68640, loss: 3.97, cost: 2.45, (372.71 ms/iter)
2019-05-25 16:24:45,550:INFO: Iter: 4300, Sequences: 68800, loss: 3.64, cost: 2.49, (352.67 ms/iter)
2019-05-25 16:24:49,183:INFO: Iter: 4310, Sequences: 68960, loss: 3.86, cost: 2.47, (363.26 ms/iter)
2019-05-25 16:24:52,745:INFO: Iter: 4320, Sequences: 69120, loss: 3.21, cost: 2.16, (356.20 ms/iter)
2019-05-25 16:24:56,345:INFO: Iter: 4330, Sequences: 69280, loss: 3.99, cost: 2.73, (360.05 ms/iter)
2019-05-25 16:24:59,984:INFO: Iter: 4340, Sequences: 69440, loss: 3.57, cost: 2.50, (363.93 ms/iter)
2019-05-25 16:25:03,758:INFO: Iter: 4350, Sequences: 69600, loss: 3.71, cost: 2.36, (377.31 ms/iter)
2019-05-25 16:25:07,384:INFO: Iter: 4360, Sequences: 69760, loss: 3.51, cost: 2.26, (362.69 ms/iter)
2019-05-25 16:25:11,029:INFO: Iter: 4370, Sequences: 69920, loss: 3.82, cost: 2.38, (364.46 ms/iter)
2019-05-25 16:25:14,674:INFO: Iter: 4380, Sequences: 70080, loss: 3.34, cost: 2.07, (364.48 ms/iter)
2019-05-25 16:25:18,389:INFO: Iter: 4390, Sequences: 70240, loss: 3.70, cost: 2.43, (371.51 ms/iter)
2019-05-25 16:25:22,019:INFO: Iter: 4400, Sequences: 70400, loss: 3.26, cost: 2.04, (363.03 ms/iter)
2019-05-25 16:25:25,721:INFO: Iter: 4410, Sequences: 70560, loss: 3.50, cost: 2.31, (370.16 ms/iter)
2019-05-25 16:25:29,451:INFO: Iter: 4420, Sequences: 70720, loss: 3.89, cost: 2.50, (373.05 ms/iter)
2019-05-25 16:25:33,091:INFO: Iter: 4430, Sequences: 70880, loss: 3.72, cost: 2.39, (363.94 ms/iter)
2019-05-25 16:25:36,701:INFO: Iter: 4440, Sequences: 71040, loss: 3.81, cost: 2.51, (361.05 ms/iter)
2019-05-25 16:25:40,535:INFO: Iter: 4450, Sequences: 71200, loss: 3.56, cost: 2.45, (383.43 ms/iter)
2019-05-25 16:25:44,198:INFO: Iter: 4460, Sequences: 71360, loss: 3.87, cost: 2.39, (366.28 ms/iter)
2019-05-25 16:25:47,929:INFO: Iter: 4470, Sequences: 71520, loss: 3.67, cost: 2.42, (373.11 ms/iter)
2019-05-25 16:25:51,595:INFO: Iter: 4480, Sequences: 71680, loss: 3.79, cost: 2.68, (366.60 ms/iter)
2019-05-25 16:25:55,346:INFO: Iter: 4490, Sequences: 71840, loss: 3.44, cost: 2.33, (375.08 ms/iter)
2019-05-25 16:25:59,107:INFO: Iter: 4500, Sequences: 72000, loss: 3.50, cost: 2.32, (376.09 ms/iter)
2019-05-25 16:25:59,107:INFO: Saving checkpoint
2019-05-25 16:25:59,111:INFO: Validating model on longer sequences
2019-05-25 16:26:03,776:INFO: Iter: 4510, Sequences: 72160, loss: 3.41, cost: 2.32, (466.95 ms/iter)
2019-05-25 16:26:07,554:INFO: Iter: 4520, Sequences: 72320, loss: 3.63, cost: 2.46, (377.76 ms/iter)
2019-05-25 16:26:11,238:INFO: Iter: 4530, Sequences: 72480, loss: 3.88, cost: 2.45, (368.35 ms/iter)
2019-05-25 16:26:15,037:INFO: Iter: 4540, Sequences: 72640, loss: 4.12, cost: 2.61, (379.99 ms/iter)
2019-05-25 16:26:18,688:INFO: Iter: 4550, Sequences: 72800, loss: 3.37, cost: 2.12, (365.05 ms/iter)
2019-05-25 16:26:22,228:INFO: Iter: 4560, Sequences: 72960, loss: 3.10, cost: 1.99, (353.99 ms/iter)
2019-05-25 16:26:25,885:INFO: Iter: 4570, Sequences: 73120, loss: 3.19, cost: 2.11, (365.74 ms/iter)
2019-05-25 16:26:29,572:INFO: Iter: 4580, Sequences: 73280, loss: 3.62, cost: 2.39, (368.72 ms/iter)
2019-05-25 16:26:33,239:INFO: Iter: 4590, Sequences: 73440, loss: 3.50, cost: 2.20, (366.65 ms/iter)
2019-05-25 16:26:36,904:INFO: Iter: 4600, Sequences: 73600, loss: 3.48, cost: 2.14, (366.51 ms/iter)
2019-05-25 16:26:40,581:INFO: Iter: 4610, Sequences: 73760, loss: 3.48, cost: 2.32, (367.67 ms/iter)
2019-05-25 16:26:44,241:INFO: Iter: 4620, Sequences: 73920, loss: 3.52, cost: 2.24, (366.05 ms/iter)
2019-05-25 16:26:47,946:INFO: Iter: 4630, Sequences: 74080, loss: 3.62, cost: 2.33, (370.44 ms/iter)
2019-05-25 16:26:51,718:INFO: Iter: 4640, Sequences: 74240, loss: 3.77, cost: 2.41, (377.28 ms/iter)
2019-05-25 16:26:55,453:INFO: Iter: 4650, Sequences: 74400, loss: 3.80, cost: 2.29, (373.49 ms/iter)
2019-05-25 16:26:59,079:INFO: Iter: 4660, Sequences: 74560, loss: 3.89, cost: 2.61, (362.55 ms/iter)
2019-05-25 16:27:02,777:INFO: Iter: 4670, Sequences: 74720, loss: 3.39, cost: 2.11, (369.78 ms/iter)
2019-05-25 16:27:06,419:INFO: Iter: 4680, Sequences: 74880, loss: 3.45, cost: 2.15, (364.27 ms/iter)
2019-05-25 16:27:10,207:INFO: Iter: 4690, Sequences: 75040, loss: 3.63, cost: 2.30, (378.74 ms/iter)
2019-05-25 16:27:13,935:INFO: Iter: 4700, Sequences: 75200, loss: 3.55, cost: 2.38, (372.79 ms/iter)
2019-05-25 16:27:17,647:INFO: Iter: 4710, Sequences: 75360, loss: 3.73, cost: 2.41, (371.20 ms/iter)
2019-05-25 16:27:21,341:INFO: Iter: 4720, Sequences: 75520, loss: 3.75, cost: 2.36, (369.39 ms/iter)
2019-05-25 16:27:25,092:INFO: Iter: 4730, Sequences: 75680, loss: 3.45, cost: 2.15, (375.15 ms/iter)
2019-05-25 16:27:28,798:INFO: Iter: 4740, Sequences: 75840, loss: 3.66, cost: 2.49, (370.63 ms/iter)
2019-05-25 16:27:32,488:INFO: Iter: 4750, Sequences: 76000, loss: 3.67, cost: 2.23, (368.91 ms/iter)
2019-05-25 16:27:36,244:INFO: Iter: 4760, Sequences: 76160, loss: 3.71, cost: 2.38, (375.66 ms/iter)
2019-05-25 16:27:39,942:INFO: Iter: 4770, Sequences: 76320, loss: 3.90, cost: 2.41, (369.83 ms/iter)
2019-05-25 16:27:43,764:INFO: Iter: 4780, Sequences: 76480, loss: 3.62, cost: 2.36, (382.13 ms/iter)
2019-05-25 16:27:47,457:INFO: Iter: 4790, Sequences: 76640, loss: 3.86, cost: 2.17, (369.35 ms/iter)
2019-05-25 16:27:51,197:INFO: Iter: 4800, Sequences: 76800, loss: 3.90, cost: 2.51, (373.94 ms/iter)
2019-05-25 16:27:54,943:INFO: Iter: 4810, Sequences: 76960, loss: 3.57, cost: 2.31, (374.66 ms/iter)
2019-05-25 16:27:58,695:INFO: Iter: 4820, Sequences: 77120, loss: 3.67, cost: 2.37, (375.18 ms/iter)
2019-05-25 16:28:02,474:INFO: Iter: 4830, Sequences: 77280, loss: 3.97, cost: 2.41, (377.89 ms/iter)
2019-05-25 16:28:06,209:INFO: Iter: 4840, Sequences: 77440, loss: 3.65, cost: 2.36, (373.47 ms/iter)
2019-05-25 16:28:09,926:INFO: Iter: 4850, Sequences: 77600, loss: 3.57, cost: 2.44, (371.68 ms/iter)
2019-05-25 16:28:13,519:INFO: Iter: 4860, Sequences: 77760, loss: 3.35, cost: 2.16, (359.31 ms/iter)
2019-05-25 16:28:17,227:INFO: Iter: 4870, Sequences: 77920, loss: 3.80, cost: 2.51, (370.81 ms/iter)
2019-05-25 16:28:20,899:INFO: Iter: 4880, Sequences: 78080, loss: 3.76, cost: 2.67, (367.20 ms/iter)
2019-05-25 16:28:24,600:INFO: Iter: 4890, Sequences: 78240, loss: 3.66, cost: 2.33, (370.09 ms/iter)
2019-05-25 16:28:28,116:INFO: Iter: 4900, Sequences: 78400, loss: 3.37, cost: 2.08, (351.63 ms/iter)
2019-05-25 16:28:31,785:INFO: Iter: 4910, Sequences: 78560, loss: 3.39, cost: 2.26, (366.88 ms/iter)
2019-05-25 16:28:35,559:INFO: Iter: 4920, Sequences: 78720, loss: 3.92, cost: 2.44, (377.37 ms/iter)
2019-05-25 16:28:39,273:INFO: Iter: 4930, Sequences: 78880, loss: 3.60, cost: 2.34, (371.44 ms/iter)
2019-05-25 16:28:42,987:INFO: Iter: 4940, Sequences: 79040, loss: 3.40, cost: 2.12, (371.44 ms/iter)
2019-05-25 16:28:46,701:INFO: Iter: 4950, Sequences: 79200, loss: 3.79, cost: 2.44, (371.32 ms/iter)
2019-05-25 16:28:50,386:INFO: Iter: 4960, Sequences: 79360, loss: 3.55, cost: 2.20, (368.56 ms/iter)
2019-05-25 16:28:54,137:INFO: Iter: 4970, Sequences: 79520, loss: 3.73, cost: 2.30, (375.10 ms/iter)
2019-05-25 16:28:57,827:INFO: Iter: 4980, Sequences: 79680, loss: 3.54, cost: 2.31, (369.02 ms/iter)
2019-05-25 16:29:01,487:INFO: Iter: 4990, Sequences: 79840, loss: 3.84, cost: 2.42, (365.92 ms/iter)
2019-05-25 16:29:05,188:INFO: Iter: 5000, Sequences: 80000, loss: 3.78, cost: 2.42, (370.18 ms/iter)
2019-05-25 16:29:05,189:INFO: Saving checkpoint
2019-05-25 16:29:05,192:INFO: Validating model on longer sequences
2019-05-25 16:29:09,944:INFO: Iter: 5010, Sequences: 80160, loss: 3.71, cost: 2.51, (475.52 ms/iter)
2019-05-25 16:29:13,547:INFO: Iter: 5020, Sequences: 80320, loss: 3.79, cost: 2.52, (360.37 ms/iter)
2019-05-25 16:29:17,045:INFO: Iter: 5030, Sequences: 80480, loss: 3.36, cost: 2.08, (349.79 ms/iter)
2019-05-25 16:29:20,640:INFO: Iter: 5040, Sequences: 80640, loss: 3.19, cost: 1.98, (359.44 ms/iter)
2019-05-25 16:29:24,275:INFO: Iter: 5050, Sequences: 80800, loss: 3.70, cost: 2.42, (363.54 ms/iter)
2019-05-25 16:29:27,860:INFO: Iter: 5060, Sequences: 80960, loss: 3.56, cost: 2.44, (358.48 ms/iter)
2019-05-25 16:29:31,551:INFO: Iter: 5070, Sequences: 81120, loss: 3.40, cost: 2.29, (369.08 ms/iter)
2019-05-25 16:29:35,290:INFO: Iter: 5080, Sequences: 81280, loss: 4.06, cost: 2.63, (373.95 ms/iter)
2019-05-25 16:29:39,001:INFO: Iter: 5090, Sequences: 81440, loss: 4.03, cost: 2.60, (371.08 ms/iter)
2019-05-25 16:29:42,582:INFO: Iter: 5100, Sequences: 81600, loss: 3.44, cost: 2.41, (358.16 ms/iter)
2019-05-25 16:29:46,374:INFO: Iter: 5110, Sequences: 81760, loss: 3.69, cost: 2.38, (379.14 ms/iter)
2019-05-25 16:29:49,963:INFO: Iter: 5120, Sequences: 81920, loss: 3.47, cost: 2.27, (358.92 ms/iter)
2019-05-25 16:29:53,566:INFO: Iter: 5130, Sequences: 82080, loss: 3.16, cost: 1.99, (360.27 ms/iter)
2019-05-25 16:29:57,173:INFO: Iter: 5140, Sequences: 82240, loss: 3.45, cost: 2.12, (360.78 ms/iter)
2019-05-25 16:30:00,774:INFO: Iter: 5150, Sequences: 82400, loss: 3.19, cost: 2.05, (360.04 ms/iter)
2019-05-25 16:30:04,527:INFO: Iter: 5160, Sequences: 82560, loss: 3.38, cost: 2.12, (375.30 ms/iter)
2019-05-25 16:30:08,167:INFO: Iter: 5170, Sequences: 82720, loss: 3.47, cost: 2.21, (364.03 ms/iter)
2019-05-25 16:30:11,740:INFO: Iter: 5180, Sequences: 82880, loss: 3.31, cost: 2.31, (357.30 ms/iter)
2019-05-25 16:30:15,419:INFO: Iter: 5190, Sequences: 83040, loss: 3.59, cost: 2.35, (367.87 ms/iter)
2019-05-25 16:30:19,028:INFO: Iter: 5200, Sequences: 83200, loss: 3.60, cost: 2.23, (360.96 ms/iter)
2019-05-25 16:30:22,753:INFO: Iter: 5210, Sequences: 83360, loss: 3.71, cost: 2.42, (372.51 ms/iter)
2019-05-25 16:30:26,411:INFO: Iter: 5220, Sequences: 83520, loss: 3.34, cost: 2.16, (365.79 ms/iter)
2019-05-25 16:30:30,124:INFO: Iter: 5230, Sequences: 83680, loss: 3.60, cost: 2.27, (371.25 ms/iter)
2019-05-25 16:30:33,902:INFO: Iter: 5240, Sequences: 83840, loss: 3.95, cost: 2.53, (377.78 ms/iter)
2019-05-25 16:30:37,655:INFO: Iter: 5250, Sequences: 84000, loss: 3.72, cost: 2.44, (375.33 ms/iter)
2019-05-25 16:30:41,387:INFO: Iter: 5260, Sequences: 84160, loss: 3.52, cost: 2.38, (373.18 ms/iter)
2019-05-25 16:30:45,141:INFO: Iter: 5270, Sequences: 84320, loss: 3.90, cost: 2.48, (375.45 ms/iter)
2019-05-25 16:30:48,760:INFO: Iter: 5280, Sequences: 84480, loss: 3.59, cost: 2.38, (361.90 ms/iter)
2019-05-25 16:30:52,504:INFO: Iter: 5290, Sequences: 84640, loss: 3.45, cost: 1.98, (374.36 ms/iter)
2019-05-25 16:30:56,109:INFO: Iter: 5300, Sequences: 84800, loss: 3.10, cost: 2.00, (360.57 ms/iter)
2019-05-25 16:30:59,795:INFO: Iter: 5310, Sequences: 84960, loss: 3.62, cost: 2.36, (368.54 ms/iter)
2019-05-25 16:31:03,606:INFO: Iter: 5320, Sequences: 85120, loss: 3.74, cost: 2.49, (381.14 ms/iter)
2019-05-25 16:31:07,351:INFO: Iter: 5330, Sequences: 85280, loss: 3.85, cost: 2.46, (374.49 ms/iter)
2019-05-25 16:31:11,131:INFO: Iter: 5340, Sequences: 85440, loss: 4.53, cost: 3.02, (378.01 ms/iter)
2019-05-25 16:31:14,791:INFO: Iter: 5350, Sequences: 85600, loss: 3.11, cost: 1.96, (366.00 ms/iter)
2019-05-25 16:31:18,550:INFO: Iter: 5360, Sequences: 85760, loss: 3.95, cost: 2.58, (375.85 ms/iter)
2019-05-25 16:31:22,338:INFO: Iter: 5370, Sequences: 85920, loss: 3.74, cost: 2.33, (378.81 ms/iter)
2019-05-25 16:31:26,013:INFO: Iter: 5380, Sequences: 86080, loss: 3.58, cost: 2.29, (367.55 ms/iter)
2019-05-25 16:31:29,784:INFO: Iter: 5390, Sequences: 86240, loss: 4.14, cost: 2.78, (377.11 ms/iter)
2019-05-25 16:31:33,421:INFO: Iter: 5400, Sequences: 86400, loss: 3.75, cost: 2.51, (363.64 ms/iter)
2019-05-25 16:31:37,113:INFO: Iter: 5410, Sequences: 86560, loss: 3.69, cost: 2.27, (369.17 ms/iter)
2019-05-25 16:31:40,762:INFO: Iter: 5420, Sequences: 86720, loss: 3.81, cost: 2.53, (364.91 ms/iter)
2019-05-25 16:31:44,510:INFO: Iter: 5430, Sequences: 86880, loss: 3.72, cost: 2.41, (374.86 ms/iter)
2019-05-25 16:31:48,241:INFO: Iter: 5440, Sequences: 87040, loss: 3.58, cost: 2.26, (373.10 ms/iter)
2019-05-25 16:31:51,956:INFO: Iter: 5450, Sequences: 87200, loss: 3.73, cost: 2.51, (371.52 ms/iter)
2019-05-25 16:31:55,690:INFO: Iter: 5460, Sequences: 87360, loss: 3.82, cost: 2.43, (373.32 ms/iter)
2019-05-25 16:31:59,394:INFO: Iter: 5470, Sequences: 87520, loss: 3.76, cost: 2.28, (370.39 ms/iter)
2019-05-25 16:32:03,134:INFO: Iter: 5480, Sequences: 87680, loss: 3.78, cost: 2.51, (374.03 ms/iter)
2019-05-25 16:32:06,852:INFO: Iter: 5490, Sequences: 87840, loss: 3.62, cost: 2.40, (371.82 ms/iter)
2019-05-25 16:32:10,531:INFO: Iter: 5500, Sequences: 88000, loss: 3.37, cost: 2.18, (367.88 ms/iter)
2019-05-25 16:32:10,531:INFO: Saving checkpoint
2019-05-25 16:32:10,535:INFO: Validating model on longer sequences
2019-05-25 16:32:15,180:INFO: Iter: 5510, Sequences: 88160, loss: 3.43, cost: 2.14, (464.89 ms/iter)
2019-05-25 16:32:18,888:INFO: Iter: 5520, Sequences: 88320, loss: 3.67, cost: 2.46, (370.79 ms/iter)
2019-05-25 16:32:22,657:INFO: Iter: 5530, Sequences: 88480, loss: 3.72, cost: 2.42, (376.90 ms/iter)
2019-05-25 16:32:26,393:INFO: Iter: 5540, Sequences: 88640, loss: 3.67, cost: 2.21, (373.62 ms/iter)
2019-05-25 16:32:30,089:INFO: Iter: 5550, Sequences: 88800, loss: 4.21, cost: 2.71, (369.64 ms/iter)
2019-05-25 16:32:33,763:INFO: Iter: 5560, Sequences: 88960, loss: 3.11, cost: 1.96, (367.34 ms/iter)
2019-05-25 16:32:37,528:INFO: Iter: 5570, Sequences: 89120, loss: 3.60, cost: 2.34, (376.55 ms/iter)
2019-05-25 16:32:41,166:INFO: Iter: 5580, Sequences: 89280, loss: 3.42, cost: 2.23, (363.83 ms/iter)
2019-05-25 16:32:44,883:INFO: Iter: 5590, Sequences: 89440, loss: 3.58, cost: 2.23, (371.69 ms/iter)
2019-05-25 16:32:48,614:INFO: Iter: 5600, Sequences: 89600, loss: 3.34, cost: 2.22, (373.07 ms/iter)
2019-05-25 16:32:52,262:INFO: Iter: 5610, Sequences: 89760, loss: 3.29, cost: 2.15, (364.80 ms/iter)
2019-05-25 16:32:55,910:INFO: Iter: 5620, Sequences: 89920, loss: 3.86, cost: 2.46, (364.79 ms/iter)
2019-05-25 16:32:59,560:INFO: Iter: 5630, Sequences: 90080, loss: 3.49, cost: 2.21, (364.98 ms/iter)
2019-05-25 16:33:03,151:INFO: Iter: 5640, Sequences: 90240, loss: 3.29, cost: 2.06, (359.08 ms/iter)
2019-05-25 16:33:06,794:INFO: Iter: 5650, Sequences: 90400, loss: 3.34, cost: 2.14, (364.30 ms/iter)
2019-05-25 16:33:10,441:INFO: Iter: 5660, Sequences: 90560, loss: 3.58, cost: 2.26, (364.72 ms/iter)
2019-05-25 16:33:14,158:INFO: Iter: 5670, Sequences: 90720, loss: 3.50, cost: 2.27, (371.69 ms/iter)
2019-05-25 16:33:17,777:INFO: Iter: 5680, Sequences: 90880, loss: 3.47, cost: 2.33, (361.95 ms/iter)
2019-05-25 16:33:21,407:INFO: Iter: 5690, Sequences: 91040, loss: 3.27, cost: 2.09, (362.94 ms/iter)
2019-05-25 16:33:25,112:INFO: Iter: 5700, Sequences: 91200, loss: 3.38, cost: 2.30, (370.59 ms/iter)
2019-05-25 16:33:28,831:INFO: Iter: 5710, Sequences: 91360, loss: 3.56, cost: 2.21, (371.83 ms/iter)
2019-05-25 16:33:32,546:INFO: Iter: 5720, Sequences: 91520, loss: 3.55, cost: 2.22, (371.54 ms/iter)
2019-05-25 16:33:36,278:INFO: Iter: 5730, Sequences: 91680, loss: 3.75, cost: 2.35, (373.19 ms/iter)
2019-05-25 16:33:40,000:INFO: Iter: 5740, Sequences: 91840, loss: 3.53, cost: 2.19, (372.21 ms/iter)
2019-05-25 16:33:43,710:INFO: Iter: 5750, Sequences: 92000, loss: 3.59, cost: 2.17, (371.03 ms/iter)
2019-05-25 16:33:47,421:INFO: Iter: 5760, Sequences: 92160, loss: 3.63, cost: 2.48, (371.03 ms/iter)
2019-05-25 16:33:51,130:INFO: Iter: 5770, Sequences: 92320, loss: 3.43, cost: 2.21, (370.91 ms/iter)
2019-05-25 16:33:54,721:INFO: Iter: 5780, Sequences: 92480, loss: 3.33, cost: 2.17, (359.13 ms/iter)
2019-05-25 16:33:58,504:INFO: Iter: 5790, Sequences: 92640, loss: 3.37, cost: 2.23, (378.28 ms/iter)
2019-05-25 16:34:02,262:INFO: Iter: 5800, Sequences: 92800, loss: 3.79, cost: 2.39, (375.84 ms/iter)
2019-05-25 16:34:05,913:INFO: Iter: 5810, Sequences: 92960, loss: 3.46, cost: 2.23, (365.12 ms/iter)
2019-05-25 16:34:09,571:INFO: Iter: 5820, Sequences: 93120, loss: 3.56, cost: 2.38, (365.71 ms/iter)
2019-05-25 16:34:13,376:INFO: Iter: 5830, Sequences: 93280, loss: 3.58, cost: 2.29, (380.50 ms/iter)
2019-05-25 16:34:17,133:INFO: Iter: 5840, Sequences: 93440, loss: 3.13, cost: 1.99, (375.78 ms/iter)
2019-05-25 16:34:20,745:INFO: Iter: 5850, Sequences: 93600, loss: 3.12, cost: 1.92, (361.12 ms/iter)
2019-05-25 16:34:24,476:INFO: Iter: 5860, Sequences: 93760, loss: 3.45, cost: 2.26, (373.14 ms/iter)
2019-05-25 16:34:28,006:INFO: Iter: 5870, Sequences: 93920, loss: 3.20, cost: 2.01, (353.03 ms/iter)
2019-05-25 16:34:31,693:INFO: Iter: 5880, Sequences: 94080, loss: 3.09, cost: 1.88, (368.68 ms/iter)
2019-05-25 16:34:35,437:INFO: Iter: 5890, Sequences: 94240, loss: 3.58, cost: 2.29, (374.39 ms/iter)
2019-05-25 16:34:39,038:INFO: Iter: 5900, Sequences: 94400, loss: 3.48, cost: 2.19, (360.10 ms/iter)
2019-05-25 16:34:42,738:INFO: Iter: 5910, Sequences: 94560, loss: 3.40, cost: 2.08, (370.04 ms/iter)
2019-05-25 16:34:46,310:INFO: Iter: 5920, Sequences: 94720, loss: 3.07, cost: 1.96, (357.13 ms/iter)
2019-05-25 16:34:49,887:INFO: Iter: 5930, Sequences: 94880, loss: 3.78, cost: 2.43, (357.77 ms/iter)
2019-05-25 16:34:53,556:INFO: Iter: 5940, Sequences: 95040, loss: 3.63, cost: 2.40, (366.89 ms/iter)
2019-05-25 16:34:57,222:INFO: Iter: 5950, Sequences: 95200, loss: 4.00, cost: 2.68, (366.55 ms/iter)
2019-05-25 16:35:00,894:INFO: Iter: 5960, Sequences: 95360, loss: 3.46, cost: 2.20, (367.23 ms/iter)
2019-05-25 16:35:04,596:INFO: Iter: 5970, Sequences: 95520, loss: 3.06, cost: 1.98, (370.23 ms/iter)
2019-05-25 16:35:08,222:INFO: Iter: 5980, Sequences: 95680, loss: 3.39, cost: 2.12, (362.54 ms/iter)
2019-05-25 16:35:11,956:INFO: Iter: 5990, Sequences: 95840, loss: 3.73, cost: 2.50, (373.45 ms/iter)
2019-05-25 16:35:15,617:INFO: Iter: 6000, Sequences: 96000, loss: 3.23, cost: 2.11, (366.02 ms/iter)
2019-05-25 16:35:15,617:INFO: Saving checkpoint
2019-05-25 16:35:15,620:INFO: Validating model on longer sequences
2019-05-25 16:35:20,288:INFO: Iter: 6010, Sequences: 96160, loss: 3.57, cost: 2.34, (467.16 ms/iter)
2019-05-25 16:35:24,040:INFO: Iter: 6020, Sequences: 96320, loss: 3.30, cost: 2.20, (375.23 ms/iter)
2019-05-25 16:35:27,775:INFO: Iter: 6030, Sequences: 96480, loss: 3.38, cost: 2.16, (373.45 ms/iter)
2019-05-25 16:35:31,372:INFO: Iter: 6040, Sequences: 96640, loss: 3.21, cost: 2.04, (359.66 ms/iter)
2019-05-25 16:35:35,106:INFO: Iter: 6050, Sequences: 96800, loss: 3.69, cost: 2.32, (373.47 ms/iter)
2019-05-25 16:35:38,749:INFO: Iter: 6060, Sequences: 96960, loss: 3.04, cost: 1.86, (364.25 ms/iter)
2019-05-25 16:35:42,487:INFO: Iter: 6070, Sequences: 97120, loss: 3.55, cost: 2.34, (373.86 ms/iter)
2019-05-25 16:35:46,210:INFO: Iter: 6080, Sequences: 97280, loss: 3.46, cost: 2.02, (372.28 ms/iter)
2019-05-25 16:35:49,891:INFO: Iter: 6090, Sequences: 97440, loss: 3.54, cost: 2.14, (368.08 ms/iter)
2019-05-25 16:35:53,630:INFO: Iter: 6100, Sequences: 97600, loss: 3.48, cost: 2.17, (373.88 ms/iter)
2019-05-25 16:35:57,287:INFO: Iter: 6110, Sequences: 97760, loss: 3.62, cost: 2.33, (365.77 ms/iter)
2019-05-25 16:36:00,977:INFO: Iter: 6120, Sequences: 97920, loss: 3.32, cost: 2.05, (368.93 ms/iter)
2019-05-25 16:36:04,714:INFO: Iter: 6130, Sequences: 98080, loss: 3.29, cost: 2.09, (373.71 ms/iter)
2019-05-25 16:36:08,333:INFO: Iter: 6140, Sequences: 98240, loss: 2.93, cost: 1.90, (361.86 ms/iter)
2019-05-25 16:36:12,079:INFO: Iter: 6150, Sequences: 98400, loss: 3.67, cost: 2.36, (374.68 ms/iter)
2019-05-25 16:36:15,713:INFO: Iter: 6160, Sequences: 98560, loss: 3.41, cost: 2.09, (363.40 ms/iter)
2019-05-25 16:36:19,364:INFO: Iter: 6170, Sequences: 98720, loss: 3.57, cost: 2.29, (365.05 ms/iter)
2019-05-25 16:36:23,082:INFO: Iter: 6180, Sequences: 98880, loss: 3.44, cost: 2.10, (371.81 ms/iter)
2019-05-25 16:36:26,826:INFO: Iter: 6190, Sequences: 99040, loss: 3.39, cost: 2.11, (374.37 ms/iter)
2019-05-25 16:36:30,492:INFO: Iter: 6200, Sequences: 99200, loss: 3.41, cost: 2.14, (366.64 ms/iter)
2019-05-25 16:36:34,164:INFO: Iter: 6210, Sequences: 99360, loss: 3.18, cost: 1.95, (367.22 ms/iter)
2019-05-25 16:36:37,850:INFO: Iter: 6220, Sequences: 99520, loss: 3.42, cost: 2.16, (368.56 ms/iter)
2019-05-25 16:36:41,451:INFO: Iter: 6230, Sequences: 99680, loss: 3.27, cost: 2.08, (360.11 ms/iter)
2019-05-25 16:36:45,200:INFO: Iter: 6240, Sequences: 99840, loss: 3.60, cost: 2.24, (374.92 ms/iter)
2019-05-25 16:36:48,977:INFO: Iter: 6250, Sequences: 100000, loss: 3.49, cost: 2.16, (377.68 ms/iter)
2019-05-25 16:36:52,722:INFO: Iter: 6260, Sequences: 100160, loss: 3.45, cost: 2.14, (374.51 ms/iter)
2019-05-25 16:36:56,424:INFO: Iter: 6270, Sequences: 100320, loss: 3.14, cost: 1.91, (370.19 ms/iter)
2019-05-25 16:37:00,153:INFO: Iter: 6280, Sequences: 100480, loss: 3.53, cost: 2.02, (372.89 ms/iter)
2019-05-25 16:37:03,850:INFO: Iter: 6290, Sequences: 100640, loss: 3.60, cost: 2.16, (369.72 ms/iter)
2019-05-25 16:37:07,446:INFO: Iter: 6300, Sequences: 100800, loss: 3.45, cost: 2.29, (359.58 ms/iter)
2019-05-25 16:37:11,012:INFO: Iter: 6310, Sequences: 100960, loss: 3.36, cost: 2.23, (356.66 ms/iter)
2019-05-25 16:37:14,711:INFO: Iter: 6320, Sequences: 101120, loss: 3.59, cost: 2.28, (369.86 ms/iter)
2019-05-25 16:37:18,391:INFO: Iter: 6330, Sequences: 101280, loss: 3.48, cost: 2.31, (368.02 ms/iter)
2019-05-25 16:37:22,149:INFO: Iter: 6340, Sequences: 101440, loss: 3.41, cost: 2.19, (375.74 ms/iter)
2019-05-25 16:37:25,945:INFO: Iter: 6350, Sequences: 101600, loss: 3.29, cost: 2.07, (379.67 ms/iter)
2019-05-25 16:37:29,583:INFO: Iter: 6360, Sequences: 101760, loss: 3.15, cost: 1.93, (363.75 ms/iter)
2019-05-25 16:37:33,274:INFO: Iter: 6370, Sequences: 101920, loss: 3.56, cost: 2.31, (369.10 ms/iter)
2019-05-25 16:37:36,981:INFO: Iter: 6380, Sequences: 102080, loss: 3.50, cost: 2.11, (370.67 ms/iter)
2019-05-25 16:37:40,578:INFO: Iter: 6390, Sequences: 102240, loss: 3.26, cost: 1.99, (359.76 ms/iter)
2019-05-25 16:37:44,312:INFO: Iter: 6400, Sequences: 102400, loss: 3.56, cost: 2.23, (373.36 ms/iter)
2019-05-25 16:37:48,100:INFO: Iter: 6410, Sequences: 102560, loss: 3.95, cost: 2.66, (378.84 ms/iter)
2019-05-25 16:37:51,730:INFO: Iter: 6420, Sequences: 102720, loss: 3.27, cost: 2.12, (363.05 ms/iter)
2019-05-25 16:37:55,320:INFO: Iter: 6430, Sequences: 102880, loss: 3.26, cost: 2.11, (358.99 ms/iter)
2019-05-25 16:37:59,031:INFO: Iter: 6440, Sequences: 103040, loss: 3.83, cost: 2.35, (371.10 ms/iter)
2019-05-25 16:38:02,642:INFO: Iter: 6450, Sequences: 103200, loss: 3.13, cost: 1.88, (361.01 ms/iter)
2019-05-25 16:38:06,378:INFO: Iter: 6460, Sequences: 103360, loss: 3.81, cost: 2.44, (373.62 ms/iter)
2019-05-25 16:38:10,013:INFO: Iter: 6470, Sequences: 103520, loss: 3.54, cost: 2.26, (363.51 ms/iter)
2019-05-25 16:38:13,612:INFO: Iter: 6480, Sequences: 103680, loss: 3.20, cost: 2.02, (359.89 ms/iter)
2019-05-25 16:38:17,135:INFO: Iter: 6490, Sequences: 103840, loss: 3.23, cost: 1.95, (352.34 ms/iter)
2019-05-25 16:38:20,774:INFO: Iter: 6500, Sequences: 104000, loss: 3.63, cost: 2.29, (363.87 ms/iter)
2019-05-25 16:38:20,774:INFO: Saving checkpoint
2019-05-25 16:38:20,777:INFO: Validating model on longer sequences
2019-05-25 16:38:25,580:INFO: Iter: 6510, Sequences: 104160, loss: 3.86, cost: 2.38, (480.64 ms/iter)
2019-05-25 16:38:29,101:INFO: Iter: 6520, Sequences: 104320, loss: 3.33, cost: 2.33, (352.08 ms/iter)
2019-05-25 16:38:32,724:INFO: Iter: 6530, Sequences: 104480, loss: 3.48, cost: 2.19, (362.34 ms/iter)
2019-05-25 16:38:36,424:INFO: Iter: 6540, Sequences: 104640, loss: 3.29, cost: 2.08, (369.96 ms/iter)
2019-05-25 16:38:40,007:INFO: Iter: 6550, Sequences: 104800, loss: 3.49, cost: 2.33, (358.32 ms/iter)
2019-05-25 16:38:43,660:INFO: Iter: 6560, Sequences: 104960, loss: 3.38, cost: 2.19, (365.24 ms/iter)
2019-05-25 16:38:47,350:INFO: Iter: 6570, Sequences: 105120, loss: 3.12, cost: 1.84, (369.07 ms/iter)
2019-05-25 16:38:50,901:INFO: Iter: 6580, Sequences: 105280, loss: 3.35, cost: 2.14, (355.09 ms/iter)
2019-05-25 16:38:54,503:INFO: Iter: 6590, Sequences: 105440, loss: 3.11, cost: 1.95, (360.15 ms/iter)
2019-05-25 16:38:58,190:INFO: Iter: 6600, Sequences: 105600, loss: 3.03, cost: 1.94, (368.73 ms/iter)
2019-05-25 16:39:01,814:INFO: Iter: 6610, Sequences: 105760, loss: 3.24, cost: 2.09, (362.44 ms/iter)
2019-05-25 16:39:05,498:INFO: Iter: 6620, Sequences: 105920, loss: 3.42, cost: 2.17, (368.35 ms/iter)
2019-05-25 16:39:09,149:INFO: Iter: 6630, Sequences: 106080, loss: 3.60, cost: 2.20, (365.15 ms/iter)
2019-05-25 16:39:12,765:INFO: Iter: 6640, Sequences: 106240, loss: 3.11, cost: 1.98, (361.59 ms/iter)
2019-05-25 16:39:16,388:INFO: Iter: 6650, Sequences: 106400, loss: 3.49, cost: 2.15, (362.32 ms/iter)
