2019-04-04 15:52:01,370:INFO: Loaded config
2019-04-04 15:52:01,370:INFO: ('name', 'Copy NTM')
2019-04-04 15:52:01,370:INFO: ('task', {'name': 'copy', 'bit_width': 8, 'min_rep': 1, 'max_rep': 1, 'min_len': 1, 'max_len': 20, 'batch_size': 16})
2019-04-04 15:52:01,370:INFO: ('model', {'name': 'ntm', 'mem_word_length': 20, 'mem_cells_count': 128, 'n_writes': 1, 'n_reads': 1, 'controller_n_hidden': 256, 'controller_n_layers': 1, 'controller_clip': 20})
2019-04-04 15:52:01,370:INFO: ('seed', 1)
2019-04-04 15:52:01,370:INFO: ('gpu', True)
2019-04-04 15:52:01,370:INFO: ('optimizer', 'rmsprop')
2019-04-04 15:52:01,370:INFO: ('learning_rate', 0.0001)
2019-04-04 15:52:01,370:INFO: ('momentum', 0.9)
2019-04-04 15:52:01,370:INFO: ('gradient_clipping', 10.0)
2019-04-04 15:52:01,370:INFO: ('checkpoint_interval', 500)
2019-04-04 15:52:01,370:INFO: ('report_interval', 1000)
2019-04-04 15:52:01,370:INFO: ('verbose_interval', 10)
2019-04-04 15:52:01,371:INFO: ('exit_after', None)
2019-04-04 15:52:01,371:INFO: ('path', PosixPath('experiments/copy_ntm'))
2019-04-04 15:52:01,371:INFO: ('tensorboard', PosixPath('experiments/copy_ntm/tensorboard'))
2019-04-04 15:52:01,371:INFO: ('checkpoints', PosixPath('experiments/copy_ntm/checkpoints'))
2019-04-04 15:52:01,371:INFO: Start training
2019-04-04 15:52:08,460:INFO: Loaded model
2019-04-04 15:52:08,460:INFO: Total number of parameters 320268
2019-04-04 15:52:10,021:INFO: Sequences: 160, loss: 99.93, cost: 0.24 (155.60 ms/iter)
2019-04-04 15:52:11,696:INFO: Sequences: 320, loss: 81.38, cost: 0.21 (167.50 ms/iter)
2019-04-04 15:52:13,368:INFO: Sequences: 480, loss: 73.10, cost: 0.20 (167.14 ms/iter)
2019-04-04 15:52:15,087:INFO: Sequences: 640, loss: 76.03, cost: 0.20 (171.99 ms/iter)
2019-04-04 15:52:16,789:INFO: Sequences: 800, loss: 69.87, cost: 0.21 (170.21 ms/iter)
2019-04-04 15:52:18,417:INFO: Sequences: 960, loss: 63.32, cost: 0.20 (162.80 ms/iter)
2019-04-04 15:52:19,568:INFO: Sequences: 1120, loss: 42.32, cost: 0.19 (115.01 ms/iter)
2019-04-04 15:52:21,350:INFO: Sequences: 1280, loss: 66.95, cost: 0.20 (178.27 ms/iter)
2019-04-04 15:52:22,646:INFO: Sequences: 1440, loss: 47.15, cost: 0.19 (129.53 ms/iter)
2019-04-04 15:52:24,169:INFO: Sequences: 1600, loss: 55.99, cost: 0.20 (152.34 ms/iter)
2019-04-04 15:52:25,904:INFO: Sequences: 1760, loss: 63.25, cost: 0.19 (173.54 ms/iter)
2019-04-04 15:52:27,293:INFO: Sequences: 1920, loss: 51.24, cost: 0.20 (138.88 ms/iter)
2019-04-04 15:52:28,736:INFO: Sequences: 2080, loss: 53.07, cost: 0.19 (144.28 ms/iter)
2019-04-04 15:52:30,487:INFO: Sequences: 2240, loss: 65.46, cost: 0.19 (175.09 ms/iter)
2019-04-04 15:52:32,342:INFO: Sequences: 2400, loss: 69.60, cost: 0.20 (185.47 ms/iter)
2019-04-04 15:52:33,799:INFO: Sequences: 2560, loss: 53.80, cost: 0.19 (145.75 ms/iter)
2019-04-04 15:52:35,541:INFO: Sequences: 2720, loss: 64.70, cost: 0.19 (174.21 ms/iter)
2019-04-04 15:52:36,891:INFO: Sequences: 2880, loss: 50.06, cost: 0.17 (134.99 ms/iter)
2019-04-04 15:52:38,628:INFO: Sequences: 3040, loss: 64.36, cost: 0.19 (173.72 ms/iter)
2019-04-04 15:52:40,619:INFO: Sequences: 3200, loss: 76.03, cost: 0.19 (199.09 ms/iter)
2019-04-04 15:52:42,233:INFO: Sequences: 3360, loss: 59.40, cost: 0.18 (161.34 ms/iter)
2019-04-04 15:52:43,779:INFO: Sequences: 3520, loss: 57.42, cost: 0.18 (154.62 ms/iter)
2019-04-04 15:52:45,066:INFO: Sequences: 3680, loss: 47.08, cost: 0.17 (128.71 ms/iter)
2019-04-04 15:52:46,612:INFO: Sequences: 3840, loss: 57.00, cost: 0.19 (154.60 ms/iter)
2019-04-04 15:52:48,677:INFO: Sequences: 4000, loss: 77.33, cost: 0.19 (206.46 ms/iter)
2019-04-04 15:52:50,635:INFO: Sequences: 4160, loss: 73.40, cost: 0.18 (195.81 ms/iter)
2019-04-04 15:52:52,556:INFO: Sequences: 4320, loss: 72.12, cost: 0.19 (192.14 ms/iter)
2019-04-04 15:52:54,151:INFO: Sequences: 4480, loss: 57.36, cost: 0.18 (159.48 ms/iter)
2019-04-04 15:52:55,264:INFO: Sequences: 4640, loss: 39.28, cost: 0.15 (111.32 ms/iter)
2019-04-04 15:52:56,788:INFO: Sequences: 4800, loss: 54.90, cost: 0.17 (152.44 ms/iter)
2019-04-04 15:52:58,450:INFO: Sequences: 4960, loss: 59.20, cost: 0.17 (166.11 ms/iter)
2019-04-04 15:53:00,285:INFO: Sequences: 5120, loss: 67.34, cost: 0.18 (183.55 ms/iter)
2019-04-04 15:53:01,718:INFO: Sequences: 5280, loss: 50.42, cost: 0.17 (143.28 ms/iter)
2019-04-04 15:53:03,204:INFO: Sequences: 5440, loss: 53.19, cost: 0.17 (148.58 ms/iter)
2019-04-04 15:53:04,721:INFO: Sequences: 5600, loss: 53.35, cost: 0.17 (151.69 ms/iter)
2019-04-04 15:53:06,166:INFO: Sequences: 5760, loss: 51.31, cost: 0.16 (144.53 ms/iter)
2019-04-04 15:53:07,389:INFO: Sequences: 5920, loss: 42.09, cost: 0.14 (122.29 ms/iter)
2019-04-04 15:53:09,242:INFO: Sequences: 6080, loss: 67.90, cost: 0.18 (185.34 ms/iter)
2019-04-04 15:53:10,593:INFO: Sequences: 6240, loss: 47.15, cost: 0.15 (135.08 ms/iter)
2019-04-04 15:53:12,345:INFO: Sequences: 6400, loss: 63.23, cost: 0.18 (175.22 ms/iter)
2019-04-04 15:53:14,191:INFO: Sequences: 6560, loss: 65.73, cost: 0.17 (184.56 ms/iter)
2019-04-04 15:53:15,631:INFO: Sequences: 6720, loss: 50.67, cost: 0.15 (144.02 ms/iter)
2019-04-04 15:53:17,336:INFO: Sequences: 6880, loss: 60.86, cost: 0.16 (170.52 ms/iter)
2019-04-04 15:53:18,610:INFO: Sequences: 7040, loss: 43.91, cost: 0.15 (127.39 ms/iter)
2019-04-04 15:53:20,010:INFO: Sequences: 7200, loss: 48.59, cost: 0.17 (139.96 ms/iter)
2019-04-04 15:53:21,733:INFO: Sequences: 7360, loss: 62.36, cost: 0.17 (172.34 ms/iter)
2019-04-04 15:53:22,651:INFO: Sequences: 7520, loss: 29.38, cost: 0.13 (91.77 ms/iter)
2019-04-04 15:53:24,266:INFO: Sequences: 7680, loss: 56.94, cost: 0.16 (161.50 ms/iter)
2019-04-04 15:53:26,058:INFO: Sequences: 7840, loss: 64.23, cost: 0.17 (179.26 ms/iter)
2019-04-04 15:53:27,783:INFO: Sequences: 8000, loss: 61.33, cost: 0.16 (172.46 ms/iter)
2019-04-04 15:53:29,952:INFO: Sequences: 8160, loss: 78.71, cost: 0.17 (216.88 ms/iter)
2019-04-04 15:53:31,665:INFO: Sequences: 8320, loss: 59.79, cost: 0.16 (171.29 ms/iter)
2019-04-04 15:53:33,778:INFO: Sequences: 8480, loss: 74.63, cost: 0.17 (211.33 ms/iter)
2019-04-04 15:53:35,094:INFO: Sequences: 8640, loss: 43.16, cost: 0.12 (131.64 ms/iter)
2019-04-04 15:53:36,493:INFO: Sequences: 8800, loss: 45.72, cost: 0.12 (139.87 ms/iter)
2019-04-04 15:53:37,592:INFO: Sequences: 8960, loss: 32.88, cost: 0.11 (109.93 ms/iter)
2019-04-04 15:53:39,221:INFO: Sequences: 9120, loss: 50.34, cost: 0.12 (162.89 ms/iter)
2019-04-04 15:53:40,488:INFO: Sequences: 9280, loss: 35.38, cost: 0.09 (126.68 ms/iter)
2019-04-04 15:53:41,745:INFO: Sequences: 9440, loss: 33.35, cost: 0.08 (125.73 ms/iter)
2019-04-04 15:53:42,997:INFO: Sequences: 9600, loss: 30.22, cost: 0.07 (125.13 ms/iter)
2019-04-04 15:53:44,315:INFO: Sequences: 9760, loss: 29.90, cost: 0.06 (131.84 ms/iter)
2019-04-04 15:53:45,591:INFO: Sequences: 9920, loss: 24.68, cost: 0.05 (127.55 ms/iter)
2019-04-04 15:53:47,157:INFO: Sequences: 10080, loss: 28.85, cost: 0.04 (156.65 ms/iter)
2019-04-04 15:53:48,709:INFO: Sequences: 10240, loss: 24.05, cost: 0.04 (155.15 ms/iter)
2019-04-04 15:53:49,894:INFO: Sequences: 10400, loss: 14.01, cost: 0.03 (118.48 ms/iter)
2019-04-04 15:53:51,070:INFO: Sequences: 10560, loss: 11.70, cost: 0.02 (117.66 ms/iter)
2019-04-04 15:53:52,908:INFO: Sequences: 10720, loss: 14.72, cost: 0.02 (183.74 ms/iter)
2019-04-04 15:53:54,173:INFO: Sequences: 10880, loss: 7.32, cost: 0.01 (126.54 ms/iter)
2019-04-04 15:53:55,426:INFO: Sequences: 11040, loss: 5.46, cost: 0.01 (125.34 ms/iter)
2019-04-04 15:53:56,996:INFO: Sequences: 11200, loss: 5.43, cost: 0.01 (156.94 ms/iter)
2019-04-04 15:53:58,289:INFO: Sequences: 11360, loss: 3.77, cost: 0.00 (129.33 ms/iter)
2019-04-04 15:54:00,311:INFO: Sequences: 11520, loss: 4.38, cost: 0.00 (202.21 ms/iter)
2019-04-04 15:54:01,342:INFO: Sequences: 11680, loss: 1.93, cost: 0.00 (103.12 ms/iter)
2019-04-04 15:54:02,792:INFO: Sequences: 11840, loss: 2.81, cost: 0.00 (144.96 ms/iter)
2019-04-04 15:54:05,166:INFO: Sequences: 12000, loss: 2.25, cost: 0.00 (237.44 ms/iter)
2019-04-04 15:54:06,652:INFO: Sequences: 12160, loss: 3.49, cost: 0.00 (148.53 ms/iter)
2019-04-04 15:54:08,731:INFO: Sequences: 12320, loss: 0.68, cost: 0.00 (207.90 ms/iter)
2019-04-04 15:54:10,795:INFO: Sequences: 12480, loss: 0.39, cost: 0.00 (206.42 ms/iter)
2019-04-04 15:54:12,161:INFO: Sequences: 12640, loss: 0.27, cost: 0.00 (136.65 ms/iter)
2019-04-04 15:54:13,793:INFO: Sequences: 12800, loss: 4.92, cost: 0.00 (163.13 ms/iter)
2019-04-04 15:54:14,970:INFO: Sequences: 12960, loss: 0.18, cost: 0.00 (117.77 ms/iter)
2019-04-04 15:54:16,341:INFO: Sequences: 13120, loss: 0.19, cost: 0.00 (137.04 ms/iter)
2019-04-04 15:54:17,862:INFO: Sequences: 13280, loss: 0.39, cost: 0.00 (152.17 ms/iter)
2019-04-04 15:54:19,260:INFO: Sequences: 13440, loss: 0.41, cost: 0.00 (139.72 ms/iter)
2019-04-04 15:54:21,265:INFO: Sequences: 13600, loss: 0.34, cost: 0.00 (200.49 ms/iter)
2019-04-04 15:54:22,740:INFO: Sequences: 13760, loss: 0.19, cost: 0.00 (147.56 ms/iter)
2019-04-04 15:54:24,205:INFO: Sequences: 13920, loss: 0.10, cost: 0.00 (146.46 ms/iter)
2019-04-04 15:54:26,281:INFO: Sequences: 14080, loss: 0.14, cost: 0.00 (207.59 ms/iter)
2019-04-04 15:54:27,939:INFO: Sequences: 14240, loss: 0.10, cost: 0.00 (165.83 ms/iter)
2019-04-04 15:54:29,411:INFO: Sequences: 14400, loss: 0.06, cost: 0.00 (147.20 ms/iter)
2019-04-04 15:54:31,039:INFO: Sequences: 14560, loss: 0.14, cost: 0.00 (162.85 ms/iter)
2019-04-04 15:54:32,471:INFO: Sequences: 14720, loss: 0.06, cost: 0.00 (143.17 ms/iter)
2019-04-04 15:54:34,207:INFO: Sequences: 14880, loss: 0.04, cost: 0.00 (173.55 ms/iter)
2019-04-04 15:54:35,045:INFO: Sequences: 15040, loss: 0.02, cost: 0.00 (83.82 ms/iter)
2019-04-04 15:54:36,756:INFO: Sequences: 15200, loss: 0.03, cost: 0.00 (171.12 ms/iter)
2019-04-04 15:54:38,324:INFO: Sequences: 15360, loss: 0.05, cost: 0.00 (156.83 ms/iter)
2019-04-04 15:54:40,148:INFO: Sequences: 15520, loss: 0.07, cost: 0.00 (182.31 ms/iter)
2019-04-04 15:54:41,540:INFO: Sequences: 15680, loss: 0.17, cost: 0.00 (139.22 ms/iter)
2019-04-04 15:54:43,177:INFO: Sequences: 15840, loss: 0.09, cost: 0.00 (163.77 ms/iter)
2019-04-04 15:54:44,965:INFO: Sequences: 16000, loss: 0.15, cost: 0.00 (178.72 ms/iter)
2019-04-04 15:54:44,965:INFO: Validating model on longer sequences
2019-04-04 15:54:47,863:INFO: Sequences: 16160, loss: 0.05, cost: 0.00 (289.83 ms/iter)
2019-04-04 15:54:49,099:INFO: Sequences: 16320, loss: 0.06, cost: 0.00 (123.63 ms/iter)
2019-04-04 15:54:50,603:INFO: Sequences: 16480, loss: 0.06, cost: 0.00 (150.39 ms/iter)
2019-04-04 15:54:52,202:INFO: Sequences: 16640, loss: 0.10, cost: 0.00 (159.88 ms/iter)
2019-04-04 15:54:53,626:INFO: Sequences: 16800, loss: 0.07, cost: 0.00 (142.39 ms/iter)
2019-04-04 15:54:55,445:INFO: Sequences: 16960, loss: 0.60, cost: 0.00 (181.88 ms/iter)
2019-04-04 15:54:57,022:INFO: Sequences: 17120, loss: 0.09, cost: 0.00 (157.75 ms/iter)
2019-04-04 15:54:58,631:INFO: Sequences: 17280, loss: 0.14, cost: 0.00 (160.92 ms/iter)
2019-04-04 15:55:00,427:INFO: Sequences: 17440, loss: 0.11, cost: 0.00 (179.56 ms/iter)
2019-04-04 15:55:01,729:INFO: Sequences: 17600, loss: 0.02, cost: 0.00 (130.24 ms/iter)
2019-04-04 15:55:03,678:INFO: Sequences: 17760, loss: 0.04, cost: 0.00 (194.84 ms/iter)
2019-04-04 15:55:05,270:INFO: Sequences: 17920, loss: 0.02, cost: 0.00 (159.25 ms/iter)
2019-04-04 15:55:07,136:INFO: Sequences: 18080, loss: 0.02, cost: 0.00 (186.56 ms/iter)
2019-04-04 15:55:08,997:INFO: Sequences: 18240, loss: 0.02, cost: 0.00 (186.09 ms/iter)
2019-04-04 15:55:10,774:INFO: Sequences: 18400, loss: 0.01, cost: 0.00 (177.71 ms/iter)
2019-04-04 15:55:12,082:INFO: Sequences: 18560, loss: 0.01, cost: 0.00 (130.80 ms/iter)
2019-04-04 15:55:13,690:INFO: Sequences: 18720, loss: 0.04, cost: 0.00 (160.82 ms/iter)
2019-04-04 15:55:15,485:INFO: Sequences: 18880, loss: 0.02, cost: 0.00 (179.52 ms/iter)
2019-04-04 15:55:16,988:INFO: Sequences: 19040, loss: 0.02, cost: 0.00 (150.24 ms/iter)
2019-04-04 15:55:18,288:INFO: Sequences: 19200, loss: 0.02, cost: 0.00 (130.02 ms/iter)
2019-04-04 15:55:20,477:INFO: Sequences: 19360, loss: 0.08, cost: 0.00 (218.89 ms/iter)
2019-04-04 15:55:21,726:INFO: Sequences: 19520, loss: 0.03, cost: 0.00 (124.92 ms/iter)
2019-04-04 15:55:23,105:INFO: Sequences: 19680, loss: 0.32, cost: 0.00 (137.85 ms/iter)
2019-04-04 15:55:24,518:INFO: Sequences: 19840, loss: 0.12, cost: 0.00 (141.36 ms/iter)
2019-04-04 15:55:26,452:INFO: Sequences: 20000, loss: 0.11, cost: 0.00 (193.34 ms/iter)
2019-04-04 15:55:28,189:INFO: Sequences: 20160, loss: 0.05, cost: 0.00 (173.78 ms/iter)
2019-04-04 15:55:29,768:INFO: Sequences: 20320, loss: 0.06, cost: 0.00 (157.91 ms/iter)
2019-04-04 15:55:31,273:INFO: Sequences: 20480, loss: 0.03, cost: 0.00 (150.45 ms/iter)
2019-04-04 15:55:33,241:INFO: Sequences: 20640, loss: 0.02, cost: 0.00 (196.81 ms/iter)
2019-04-04 15:55:34,138:INFO: Sequences: 20800, loss: 0.01, cost: 0.00 (89.70 ms/iter)
2019-04-04 15:55:35,521:INFO: Sequences: 20960, loss: 0.01, cost: 0.00 (138.25 ms/iter)
2019-04-04 15:55:37,403:INFO: Sequences: 21120, loss: 0.02, cost: 0.00 (188.25 ms/iter)
2019-04-04 15:55:38,807:INFO: Sequences: 21280, loss: 0.07, cost: 0.00 (140.38 ms/iter)
2019-04-04 15:55:40,303:INFO: Sequences: 21440, loss: 0.01, cost: 0.00 (149.56 ms/iter)
2019-04-04 15:55:41,894:INFO: Sequences: 21600, loss: 0.01, cost: 0.00 (159.16 ms/iter)
2019-04-04 15:55:43,696:INFO: Sequences: 21760, loss: 0.01, cost: 0.00 (180.20 ms/iter)
2019-04-04 15:55:45,519:INFO: Sequences: 21920, loss: 0.03, cost: 0.00 (182.24 ms/iter)
2019-04-04 15:55:47,181:INFO: Sequences: 22080, loss: 0.05, cost: 0.00 (166.23 ms/iter)
2019-04-04 15:55:48,579:INFO: Sequences: 22240, loss: 0.21, cost: 0.00 (139.82 ms/iter)
2019-04-04 15:55:49,968:INFO: Sequences: 22400, loss: 0.04, cost: 0.00 (138.88 ms/iter)
2019-04-04 15:55:51,210:INFO: Sequences: 22560, loss: 0.08, cost: 0.00 (124.22 ms/iter)
2019-04-04 15:55:52,933:INFO: Sequences: 22720, loss: 0.05, cost: 0.00 (172.33 ms/iter)
2019-04-04 15:55:54,487:INFO: Sequences: 22880, loss: 0.17, cost: 0.00 (155.34 ms/iter)
2019-04-04 15:55:55,838:INFO: Sequences: 23040, loss: 0.27, cost: 0.00 (135.17 ms/iter)
2019-04-04 15:55:57,856:INFO: Sequences: 23200, loss: 0.31, cost: 0.00 (201.71 ms/iter)
2019-04-04 15:55:59,130:INFO: Sequences: 23360, loss: 0.05, cost: 0.00 (127.45 ms/iter)
2019-04-04 15:56:00,819:INFO: Sequences: 23520, loss: 0.19, cost: 0.00 (168.86 ms/iter)
2019-04-04 15:56:02,959:INFO: Sequences: 23680, loss: 0.08, cost: 0.00 (214.04 ms/iter)
2019-04-04 15:56:04,830:INFO: Sequences: 23840, loss: 0.05, cost: 0.00 (187.12 ms/iter)
2019-04-04 15:56:06,482:INFO: Sequences: 24000, loss: 0.03, cost: 0.00 (165.22 ms/iter)
2019-04-04 15:56:08,072:INFO: Sequences: 24160, loss: 0.02, cost: 0.00 (158.98 ms/iter)
2019-04-04 15:56:09,852:INFO: Sequences: 24320, loss: 0.01, cost: 0.00 (177.97 ms/iter)
2019-04-04 15:56:11,579:INFO: Sequences: 24480, loss: 0.01, cost: 0.00 (172.69 ms/iter)
2019-04-04 15:56:13,118:INFO: Sequences: 24640, loss: 0.00, cost: 0.00 (153.94 ms/iter)
2019-04-04 15:56:14,101:INFO: Sequences: 24800, loss: 0.02, cost: 0.00 (98.28 ms/iter)
2019-04-04 15:56:15,673:INFO: Sequences: 24960, loss: 0.04, cost: 0.00 (157.22 ms/iter)
2019-04-04 15:56:16,886:INFO: Sequences: 25120, loss: 0.07, cost: 0.00 (121.27 ms/iter)
2019-04-04 15:56:18,175:INFO: Sequences: 25280, loss: 0.19, cost: 0.00 (128.88 ms/iter)
2019-04-04 15:56:19,830:INFO: Sequences: 25440, loss: 0.05, cost: 0.00 (165.51 ms/iter)
2019-04-04 15:56:20,958:INFO: Sequences: 25600, loss: 0.02, cost: 0.00 (112.83 ms/iter)
2019-04-04 15:56:22,885:INFO: Sequences: 25760, loss: 0.07, cost: 0.00 (192.67 ms/iter)
2019-04-04 15:56:24,497:INFO: Sequences: 25920, loss: 0.01, cost: 0.00 (161.21 ms/iter)
2019-04-04 15:56:26,372:INFO: Sequences: 26080, loss: 0.01, cost: 0.00 (187.53 ms/iter)
2019-04-04 15:56:27,791:INFO: Sequences: 26240, loss: 0.00, cost: 0.00 (141.91 ms/iter)
2019-04-04 15:56:29,457:INFO: Sequences: 26400, loss: 0.00, cost: 0.00 (166.58 ms/iter)
2019-04-04 15:56:30,684:INFO: Sequences: 26560, loss: 0.00, cost: 0.00 (122.67 ms/iter)
2019-04-04 15:56:32,492:INFO: Sequences: 26720, loss: 0.00, cost: 0.00 (180.80 ms/iter)
2019-04-04 15:56:33,476:INFO: Sequences: 26880, loss: 0.00, cost: 0.00 (98.45 ms/iter)
2019-04-04 15:56:34,557:INFO: Sequences: 27040, loss: 0.00, cost: 0.00 (108.08 ms/iter)
2019-04-04 15:56:35,972:INFO: Sequences: 27200, loss: 0.00, cost: 0.00 (141.53 ms/iter)
2019-04-04 15:56:37,762:INFO: Sequences: 27360, loss: 0.00, cost: 0.00 (178.93 ms/iter)
2019-04-04 15:56:39,175:INFO: Sequences: 27520, loss: 0.00, cost: 0.00 (141.33 ms/iter)
2019-04-04 15:56:40,218:INFO: Sequences: 27680, loss: 0.00, cost: 0.00 (104.31 ms/iter)
2019-04-04 15:56:41,835:INFO: Sequences: 27840, loss: 0.00, cost: 0.00 (161.68 ms/iter)
2019-04-04 15:56:43,267:INFO: Sequences: 28000, loss: 0.00, cost: 0.00 (143.20 ms/iter)
2019-04-04 15:56:44,646:INFO: Sequences: 28160, loss: 0.00, cost: 0.00 (137.93 ms/iter)
2019-04-04 15:56:46,038:INFO: Sequences: 28320, loss: 0.00, cost: 0.00 (139.24 ms/iter)
2019-04-04 15:56:47,851:INFO: Sequences: 28480, loss: 0.00, cost: 0.00 (181.26 ms/iter)
2019-04-04 15:56:49,307:INFO: Sequences: 28640, loss: 0.00, cost: 0.00 (145.59 ms/iter)
2019-04-04 15:56:50,159:INFO: Sequences: 28800, loss: 0.00, cost: 0.00 (85.18 ms/iter)
2019-04-04 15:56:51,728:INFO: Sequences: 28960, loss: 0.00, cost: 0.00 (156.92 ms/iter)
2019-04-04 15:56:53,276:INFO: Sequences: 29120, loss: 1.25, cost: 0.00 (154.85 ms/iter)
2019-04-04 15:56:54,851:INFO: Sequences: 29280, loss: 0.01, cost: 0.00 (157.44 ms/iter)
2019-04-04 15:56:56,490:INFO: Sequences: 29440, loss: 0.10, cost: 0.00 (163.95 ms/iter)
2019-04-04 15:56:58,183:INFO: Sequences: 29600, loss: 0.23, cost: 0.00 (169.22 ms/iter)
2019-04-04 15:56:59,983:INFO: Sequences: 29760, loss: 0.22, cost: 0.00 (180.10 ms/iter)
2019-04-04 15:57:01,595:INFO: Sequences: 29920, loss: 0.09, cost: 0.00 (161.16 ms/iter)
2019-04-04 15:57:03,553:INFO: Sequences: 30080, loss: 0.13, cost: 0.00 (195.74 ms/iter)
2019-04-04 15:57:05,083:INFO: Sequences: 30240, loss: 0.09, cost: 0.00 (153.09 ms/iter)
2019-04-04 15:57:06,602:INFO: Sequences: 30400, loss: 0.03, cost: 0.00 (151.85 ms/iter)
2019-04-04 15:57:07,915:INFO: Sequences: 30560, loss: 0.02, cost: 0.00 (131.26 ms/iter)
2019-04-04 15:57:09,619:INFO: Sequences: 30720, loss: 0.04, cost: 0.00 (170.48 ms/iter)
2019-04-04 15:57:10,946:INFO: Sequences: 30880, loss: 0.18, cost: 0.00 (132.66 ms/iter)
2019-04-04 15:57:12,325:INFO: Sequences: 31040, loss: 0.08, cost: 0.00 (137.90 ms/iter)
2019-04-04 15:57:14,000:INFO: Sequences: 31200, loss: 0.06, cost: 0.00 (167.49 ms/iter)
2019-04-04 15:57:15,616:INFO: Sequences: 31360, loss: 0.02, cost: 0.00 (161.57 ms/iter)
2019-04-04 15:57:16,756:INFO: Sequences: 31520, loss: 0.10, cost: 0.00 (114.01 ms/iter)
2019-04-04 15:57:18,768:INFO: Sequences: 31680, loss: 0.01, cost: 0.00 (201.20 ms/iter)
2019-04-04 15:57:20,297:INFO: Sequences: 31840, loss: 0.00, cost: 0.00 (152.96 ms/iter)
2019-04-04 15:57:21,638:INFO: Sequences: 32000, loss: 0.00, cost: 0.00 (134.07 ms/iter)
2019-04-04 15:57:21,639:INFO: Validating model on longer sequences
2019-04-04 15:57:24,239:INFO: Sequences: 32160, loss: 0.00, cost: 0.00 (260.08 ms/iter)
2019-04-04 15:57:26,003:INFO: Sequences: 32320, loss: 0.00, cost: 0.00 (176.45 ms/iter)
2019-04-04 15:57:26,995:INFO: Sequences: 32480, loss: 0.00, cost: 0.00 (99.12 ms/iter)
2019-04-04 15:57:28,430:INFO: Sequences: 32640, loss: 0.00, cost: 0.00 (143.53 ms/iter)
2019-04-04 15:57:29,774:INFO: Sequences: 32800, loss: 0.00, cost: 0.00 (134.45 ms/iter)
2019-04-04 15:57:31,821:INFO: Sequences: 32960, loss: 0.00, cost: 0.00 (204.69 ms/iter)
2019-04-04 15:57:33,245:INFO: Sequences: 33120, loss: 0.00, cost: 0.00 (142.37 ms/iter)
2019-04-04 15:57:35,142:INFO: Sequences: 33280, loss: 0.00, cost: 0.00 (189.66 ms/iter)
2019-04-04 15:57:36,911:INFO: Sequences: 33440, loss: 0.00, cost: 0.00 (176.99 ms/iter)
2019-04-04 15:57:38,473:INFO: Sequences: 33600, loss: 0.00, cost: 0.00 (156.13 ms/iter)
2019-04-04 15:57:39,901:INFO: Sequences: 33760, loss: 0.35, cost: 0.00 (142.81 ms/iter)
2019-04-04 15:57:41,306:INFO: Sequences: 33920, loss: 0.53, cost: 0.00 (140.49 ms/iter)
2019-04-04 15:57:43,112:INFO: Sequences: 34080, loss: 0.92, cost: 0.00 (180.64 ms/iter)
2019-04-04 15:57:44,602:INFO: Sequences: 34240, loss: 0.12, cost: 0.00 (149.01 ms/iter)
2019-04-04 15:57:46,369:INFO: Sequences: 34400, loss: 0.13, cost: 0.00 (176.69 ms/iter)
2019-04-04 15:57:48,412:INFO: Sequences: 34560, loss: 0.07, cost: 0.00 (204.26 ms/iter)
2019-04-04 15:57:49,917:INFO: Sequences: 34720, loss: 0.06, cost: 0.00 (150.50 ms/iter)
2019-04-04 15:57:51,179:INFO: Sequences: 34880, loss: 0.01, cost: 0.00 (126.19 ms/iter)
2019-04-04 15:57:52,402:INFO: Sequences: 35040, loss: 0.02, cost: 0.00 (122.30 ms/iter)
2019-04-04 15:57:54,159:INFO: Sequences: 35200, loss: 0.13, cost: 0.00 (175.78 ms/iter)
2019-04-04 15:57:55,924:INFO: Sequences: 35360, loss: 0.04, cost: 0.00 (176.46 ms/iter)
2019-04-04 15:57:57,579:INFO: Sequences: 35520, loss: 0.04, cost: 0.00 (165.51 ms/iter)
2019-04-04 15:57:59,040:INFO: Sequences: 35680, loss: 0.09, cost: 0.00 (146.14 ms/iter)
2019-04-04 15:58:00,716:INFO: Sequences: 35840, loss: 0.02, cost: 0.00 (167.50 ms/iter)
2019-04-04 15:58:02,043:INFO: Sequences: 36000, loss: 0.09, cost: 0.00 (132.79 ms/iter)
2019-04-04 15:58:03,800:INFO: Sequences: 36160, loss: 0.01, cost: 0.00 (175.62 ms/iter)
2019-04-04 15:58:05,210:INFO: Sequences: 36320, loss: 0.01, cost: 0.00 (141.03 ms/iter)
2019-04-04 15:58:06,706:INFO: Sequences: 36480, loss: 0.00, cost: 0.00 (149.57 ms/iter)
2019-04-04 15:58:08,335:INFO: Sequences: 36640, loss: 0.00, cost: 0.00 (162.91 ms/iter)
2019-04-04 15:58:09,832:INFO: Sequences: 36800, loss: 0.00, cost: 0.00 (149.73 ms/iter)
2019-04-04 15:58:11,393:INFO: Sequences: 36960, loss: 0.00, cost: 0.00 (156.11 ms/iter)
2019-04-04 15:58:12,888:INFO: Sequences: 37120, loss: 0.02, cost: 0.00 (149.51 ms/iter)
2019-04-04 15:58:14,414:INFO: Sequences: 37280, loss: 0.21, cost: 0.00 (152.54 ms/iter)
2019-04-04 15:58:15,854:INFO: Sequences: 37440, loss: 0.17, cost: 0.00 (144.08 ms/iter)
2019-04-04 15:58:17,541:INFO: Sequences: 37600, loss: 0.03, cost: 0.00 (168.64 ms/iter)
2019-04-04 15:58:19,018:INFO: Sequences: 37760, loss: 0.07, cost: 0.00 (147.71 ms/iter)
2019-04-04 15:58:20,567:INFO: Sequences: 37920, loss: 0.14, cost: 0.00 (154.88 ms/iter)
2019-04-04 15:58:21,889:INFO: Sequences: 38080, loss: 0.12, cost: 0.00 (132.20 ms/iter)
2019-04-04 15:58:23,261:INFO: Sequences: 38240, loss: 0.03, cost: 0.00 (137.18 ms/iter)
2019-04-04 15:58:24,874:INFO: Sequences: 38400, loss: 0.02, cost: 0.00 (161.34 ms/iter)
2019-04-04 15:58:25,938:INFO: Sequences: 38560, loss: 0.05, cost: 0.00 (106.38 ms/iter)
2019-04-04 15:58:27,408:INFO: Sequences: 38720, loss: 0.05, cost: 0.00 (147.02 ms/iter)
2019-04-04 15:58:28,650:INFO: Sequences: 38880, loss: 0.02, cost: 0.00 (124.19 ms/iter)
2019-04-04 15:58:30,662:INFO: Sequences: 39040, loss: 0.01, cost: 0.00 (201.18 ms/iter)
2019-04-04 15:58:32,231:INFO: Sequences: 39200, loss: 0.01, cost: 0.00 (156.92 ms/iter)
2019-04-04 15:58:34,259:INFO: Sequences: 39360, loss: 0.00, cost: 0.00 (202.75 ms/iter)
2019-04-04 15:58:36,135:INFO: Sequences: 39520, loss: 0.00, cost: 0.00 (187.65 ms/iter)
2019-04-04 15:58:37,577:INFO: Sequences: 39680, loss: 0.00, cost: 0.00 (144.20 ms/iter)
2019-04-04 15:58:39,482:INFO: Sequences: 39840, loss: 0.00, cost: 0.00 (190.46 ms/iter)
2019-04-04 15:58:40,811:INFO: Sequences: 40000, loss: 0.00, cost: 0.00 (132.91 ms/iter)
2019-04-04 15:58:42,156:INFO: Sequences: 40160, loss: 0.00, cost: 0.00 (134.52 ms/iter)
2019-04-04 15:58:43,328:INFO: Sequences: 40320, loss: 0.00, cost: 0.00 (117.20 ms/iter)
2019-04-04 15:58:44,765:INFO: Sequences: 40480, loss: 0.00, cost: 0.00 (143.69 ms/iter)
2019-04-04 15:58:46,317:INFO: Sequences: 40640, loss: 0.00, cost: 0.00 (155.24 ms/iter)
2019-04-04 15:58:48,236:INFO: Sequences: 40800, loss: 0.00, cost: 0.00 (191.85 ms/iter)
2019-04-04 15:58:49,889:INFO: Sequences: 40960, loss: 0.00, cost: 0.00 (165.31 ms/iter)
2019-04-04 15:58:51,251:INFO: Sequences: 41120, loss: 0.00, cost: 0.00 (136.18 ms/iter)
2019-04-04 15:58:53,002:INFO: Sequences: 41280, loss: 0.00, cost: 0.00 (175.09 ms/iter)
2019-04-04 15:58:54,759:INFO: Sequences: 41440, loss: 0.00, cost: 0.00 (175.75 ms/iter)
2019-04-04 15:58:56,241:INFO: Sequences: 41600, loss: 0.00, cost: 0.00 (148.19 ms/iter)
2019-04-04 15:58:57,876:INFO: Sequences: 41760, loss: 0.00, cost: 0.00 (163.51 ms/iter)
2019-04-04 15:58:58,901:INFO: Sequences: 41920, loss: 0.00, cost: 0.00 (102.44 ms/iter)
2019-04-04 15:59:01,064:INFO: Sequences: 42080, loss: 0.00, cost: 0.00 (216.32 ms/iter)
2019-04-04 15:59:02,891:INFO: Sequences: 42240, loss: 0.00, cost: 0.00 (182.70 ms/iter)
2019-04-04 15:59:04,721:INFO: Sequences: 42400, loss: 0.00, cost: 0.00 (183.06 ms/iter)
2019-04-04 15:59:06,820:INFO: Sequences: 42560, loss: 0.00, cost: 0.00 (209.84 ms/iter)
2019-04-04 15:59:08,459:INFO: Sequences: 42720, loss: 0.00, cost: 0.00 (163.89 ms/iter)
2019-04-04 15:59:10,201:INFO: Sequences: 42880, loss: 0.00, cost: 0.00 (174.20 ms/iter)
2019-04-04 15:59:11,660:INFO: Sequences: 43040, loss: 0.00, cost: 0.00 (145.90 ms/iter)
2019-04-04 15:59:13,058:INFO: Sequences: 43200, loss: 0.00, cost: 0.00 (139.82 ms/iter)
2019-04-04 15:59:14,811:INFO: Sequences: 43360, loss: 0.00, cost: 0.00 (175.28 ms/iter)
2019-04-04 15:59:16,257:INFO: Sequences: 43520, loss: 0.00, cost: 0.00 (144.62 ms/iter)
2019-04-04 15:59:17,978:INFO: Sequences: 43680, loss: 0.00, cost: 0.00 (172.12 ms/iter)
2019-04-04 15:59:19,780:INFO: Sequences: 43840, loss: 0.00, cost: 0.00 (180.25 ms/iter)
2019-04-04 15:59:21,349:INFO: Sequences: 44000, loss: 0.00, cost: 0.00 (156.86 ms/iter)
2019-04-04 15:59:22,618:INFO: Sequences: 44160, loss: 0.00, cost: 0.00 (126.93 ms/iter)
2019-04-04 15:59:24,122:INFO: Sequences: 44320, loss: 0.00, cost: 0.00 (150.37 ms/iter)
2019-04-04 15:59:25,948:INFO: Sequences: 44480, loss: 0.00, cost: 0.00 (182.55 ms/iter)
2019-04-04 15:59:27,233:INFO: Sequences: 44640, loss: 0.00, cost: 0.00 (128.52 ms/iter)
2019-04-04 15:59:28,913:INFO: Sequences: 44800, loss: 0.00, cost: 0.00 (168.07 ms/iter)
2019-04-04 15:59:30,846:INFO: Sequences: 44960, loss: 0.00, cost: 0.00 (193.30 ms/iter)
2019-04-04 15:59:32,497:INFO: Sequences: 45120, loss: 0.00, cost: 0.00 (165.02 ms/iter)
2019-04-04 15:59:33,660:INFO: Sequences: 45280, loss: 0.00, cost: 0.00 (116.35 ms/iter)
2019-04-04 15:59:35,271:INFO: Sequences: 45440, loss: 0.00, cost: 0.00 (161.12 ms/iter)
2019-04-04 15:59:37,195:INFO: Sequences: 45600, loss: 0.00, cost: 0.00 (192.37 ms/iter)
2019-04-04 15:59:39,101:INFO: Sequences: 45760, loss: 0.00, cost: 0.00 (190.63 ms/iter)
2019-04-04 15:59:40,774:INFO: Sequences: 45920, loss: 0.00, cost: 0.00 (167.28 ms/iter)
2019-04-04 15:59:42,300:INFO: Sequences: 46080, loss: 0.00, cost: 0.00 (152.62 ms/iter)
2019-04-04 15:59:43,887:INFO: Sequences: 46240, loss: 0.00, cost: 0.00 (158.68 ms/iter)
2019-04-04 15:59:45,376:INFO: Sequences: 46400, loss: 0.00, cost: 0.00 (148.93 ms/iter)
2019-04-04 15:59:47,121:INFO: Sequences: 46560, loss: 0.00, cost: 0.00 (174.48 ms/iter)
2019-04-04 15:59:48,691:INFO: Sequences: 46720, loss: 0.00, cost: 0.00 (156.97 ms/iter)
2019-04-04 15:59:50,512:INFO: Sequences: 46880, loss: 0.00, cost: 0.00 (182.10 ms/iter)
2019-04-04 15:59:51,661:INFO: Sequences: 47040, loss: 0.00, cost: 0.00 (114.96 ms/iter)
2019-04-04 15:59:53,588:INFO: Sequences: 47200, loss: 0.00, cost: 0.00 (192.64 ms/iter)
2019-04-04 15:59:55,041:INFO: Sequences: 47360, loss: 0.00, cost: 0.00 (145.33 ms/iter)
2019-04-04 15:59:56,522:INFO: Sequences: 47520, loss: 0.00, cost: 0.00 (148.04 ms/iter)
2019-04-04 15:59:58,485:INFO: Sequences: 47680, loss: 0.00, cost: 0.00 (196.32 ms/iter)
2019-04-04 16:00:00,437:INFO: Sequences: 47840, loss: 0.00, cost: 0.00 (195.22 ms/iter)
2019-04-04 16:00:01,899:INFO: Sequences: 48000, loss: 0.00, cost: 0.00 (146.18 ms/iter)
2019-04-04 16:00:01,900:INFO: Validating model on longer sequences
2019-04-04 16:00:04,564:INFO: Sequences: 48160, loss: 0.00, cost: 0.00 (266.57 ms/iter)
2019-04-04 16:00:06,110:INFO: Sequences: 48320, loss: 0.00, cost: 0.00 (154.52 ms/iter)
2019-04-04 16:00:07,591:INFO: Sequences: 48480, loss: 0.00, cost: 0.00 (148.18 ms/iter)
2019-04-04 16:00:09,216:INFO: Sequences: 48640, loss: 0.00, cost: 0.00 (162.48 ms/iter)
2019-04-04 16:00:10,814:INFO: Sequences: 48800, loss: 6.02, cost: 0.00 (159.73 ms/iter)
2019-04-04 16:00:12,546:INFO: Sequences: 48960, loss: 0.79, cost: 0.00 (173.21 ms/iter)
2019-04-04 16:00:13,774:INFO: Sequences: 49120, loss: 0.46, cost: 0.00 (122.83 ms/iter)
2019-04-04 16:00:15,641:INFO: Sequences: 49280, loss: 0.13, cost: 0.00 (186.74 ms/iter)
2019-04-04 16:00:17,397:INFO: Sequences: 49440, loss: 0.04, cost: 0.00 (175.58 ms/iter)
2019-04-04 16:00:18,937:INFO: Sequences: 49600, loss: 0.03, cost: 0.00 (153.97 ms/iter)
2019-04-04 16:00:20,096:INFO: Sequences: 49760, loss: 0.01, cost: 0.00 (115.88 ms/iter)
2019-04-04 16:00:21,583:INFO: Sequences: 49920, loss: 0.01, cost: 0.00 (148.76 ms/iter)
2019-04-04 16:00:23,166:INFO: Sequences: 50080, loss: 0.01, cost: 0.00 (158.24 ms/iter)
2019-04-04 16:00:24,757:INFO: Sequences: 50240, loss: 0.00, cost: 0.00 (159.08 ms/iter)
2019-04-04 16:00:26,809:INFO: Sequences: 50400, loss: 0.00, cost: 0.00 (205.28 ms/iter)
2019-04-04 16:00:28,419:INFO: Sequences: 50560, loss: 0.00, cost: 0.00 (160.94 ms/iter)
2019-04-04 16:00:29,999:INFO: Sequences: 50720, loss: 0.00, cost: 0.00 (158.00 ms/iter)
2019-04-04 16:00:31,547:INFO: Sequences: 50880, loss: 0.00, cost: 0.00 (154.84 ms/iter)
2019-04-04 16:00:33,355:INFO: Sequences: 51040, loss: 0.01, cost: 0.00 (180.78 ms/iter)
2019-04-04 16:00:35,301:INFO: Sequences: 51200, loss: 0.01, cost: 0.00 (194.61 ms/iter)
2019-04-04 16:00:36,763:INFO: Sequences: 51360, loss: 0.03, cost: 0.00 (146.17 ms/iter)
2019-04-04 16:00:38,445:INFO: Sequences: 51520, loss: 0.02, cost: 0.00 (168.29 ms/iter)
2019-04-04 16:00:40,110:INFO: Sequences: 51680, loss: 0.02, cost: 0.00 (166.50 ms/iter)
2019-04-04 16:00:41,528:INFO: Sequences: 51840, loss: 0.00, cost: 0.00 (141.81 ms/iter)
2019-04-04 16:00:42,860:INFO: Sequences: 52000, loss: 0.00, cost: 0.00 (133.11 ms/iter)
2019-04-04 16:00:43,919:INFO: Sequences: 52160, loss: 0.01, cost: 0.00 (105.90 ms/iter)
2019-04-04 16:00:45,324:INFO: Sequences: 52320, loss: 0.01, cost: 0.00 (140.55 ms/iter)
2019-04-04 16:00:47,531:INFO: Sequences: 52480, loss: 0.00, cost: 0.00 (220.67 ms/iter)
2019-04-04 16:00:49,020:INFO: Sequences: 52640, loss: 0.00, cost: 0.00 (148.96 ms/iter)
2019-04-04 16:00:50,138:INFO: Sequences: 52800, loss: 0.00, cost: 0.00 (111.73 ms/iter)
2019-04-04 16:00:52,005:INFO: Sequences: 52960, loss: 0.00, cost: 0.00 (186.78 ms/iter)
2019-04-04 16:00:53,875:INFO: Sequences: 53120, loss: 0.00, cost: 0.00 (186.98 ms/iter)
2019-04-04 16:00:55,316:INFO: Sequences: 53280, loss: 0.00, cost: 0.00 (144.05 ms/iter)
2019-04-04 16:00:56,655:INFO: Sequences: 53440, loss: 0.00, cost: 0.00 (133.96 ms/iter)
2019-04-04 16:00:58,358:INFO: Sequences: 53600, loss: 0.00, cost: 0.00 (170.31 ms/iter)
2019-04-04 16:00:59,549:INFO: Sequences: 53760, loss: 0.00, cost: 0.00 (119.08 ms/iter)
2019-04-04 16:01:01,236:INFO: Sequences: 53920, loss: 0.00, cost: 0.00 (168.72 ms/iter)
2019-04-04 16:01:03,007:INFO: Sequences: 54080, loss: 0.00, cost: 0.00 (177.06 ms/iter)
2019-04-04 16:01:04,837:INFO: Sequences: 54240, loss: 0.00, cost: 0.00 (183.00 ms/iter)
2019-04-04 16:01:06,484:INFO: Sequences: 54400, loss: 0.00, cost: 0.00 (164.68 ms/iter)
2019-04-04 16:01:08,419:INFO: Sequences: 54560, loss: 0.00, cost: 0.00 (193.53 ms/iter)
2019-04-04 16:01:09,723:INFO: Sequences: 54720, loss: 0.00, cost: 0.00 (130.38 ms/iter)
2019-04-04 16:01:11,289:INFO: Sequences: 54880, loss: 0.00, cost: 0.00 (156.58 ms/iter)
2019-04-04 16:01:13,435:INFO: Sequences: 55040, loss: 0.00, cost: 0.00 (214.63 ms/iter)
2019-04-04 16:01:14,744:INFO: Sequences: 55200, loss: 0.00, cost: 0.00 (130.88 ms/iter)
2019-04-04 16:01:16,668:INFO: Sequences: 55360, loss: 0.00, cost: 0.00 (192.47 ms/iter)
2019-04-04 16:01:18,424:INFO: Sequences: 55520, loss: 0.00, cost: 0.00 (175.56 ms/iter)
2019-04-04 16:01:20,212:INFO: Sequences: 55680, loss: 0.00, cost: 0.00 (178.77 ms/iter)
2019-04-04 16:01:21,250:INFO: Sequences: 55840, loss: 0.00, cost: 0.00 (103.77 ms/iter)
2019-04-04 16:01:22,721:INFO: Sequences: 56000, loss: 0.00, cost: 0.00 (147.19 ms/iter)
2019-04-04 16:01:24,156:INFO: Sequences: 56160, loss: 0.00, cost: 0.00 (143.42 ms/iter)
2019-04-04 16:01:25,428:INFO: Sequences: 56320, loss: 0.00, cost: 0.00 (127.23 ms/iter)
2019-04-04 16:01:27,119:INFO: Sequences: 56480, loss: 0.00, cost: 0.00 (169.08 ms/iter)
2019-04-04 16:01:29,080:INFO: Sequences: 56640, loss: 0.00, cost: 0.00 (196.13 ms/iter)
2019-04-04 16:01:30,476:INFO: Sequences: 56800, loss: 0.00, cost: 0.00 (139.62 ms/iter)
2019-04-04 16:01:32,158:INFO: Sequences: 56960, loss: 0.00, cost: 0.00 (168.19 ms/iter)
2019-04-04 16:01:33,609:INFO: Sequences: 57120, loss: 0.00, cost: 0.00 (145.05 ms/iter)
2019-04-04 16:01:35,243:INFO: Sequences: 57280, loss: 0.00, cost: 0.00 (163.42 ms/iter)
2019-04-04 16:01:37,103:INFO: Sequences: 57440, loss: 0.00, cost: 0.00 (185.97 ms/iter)
2019-04-04 16:01:38,312:INFO: Sequences: 57600, loss: 0.00, cost: 0.00 (120.99 ms/iter)
2019-04-04 16:01:40,083:INFO: Sequences: 57760, loss: 0.00, cost: 0.00 (177.02 ms/iter)
2019-04-04 16:01:41,875:INFO: Sequences: 57920, loss: 0.00, cost: 0.00 (179.20 ms/iter)
2019-04-04 16:01:43,892:INFO: Sequences: 58080, loss: 0.00, cost: 0.00 (201.74 ms/iter)
2019-04-04 16:01:45,407:INFO: Sequences: 58240, loss: 0.00, cost: 0.00 (151.53 ms/iter)
2019-04-04 16:01:46,896:INFO: Sequences: 58400, loss: 0.00, cost: 0.00 (148.90 ms/iter)
2019-04-04 16:01:48,578:INFO: Sequences: 58560, loss: 0.00, cost: 0.00 (168.15 ms/iter)
2019-04-04 16:01:49,872:INFO: Sequences: 58720, loss: 0.00, cost: 0.00 (129.38 ms/iter)
2019-04-04 16:01:51,513:INFO: Sequences: 58880, loss: 0.00, cost: 0.00 (164.10 ms/iter)
2019-04-04 16:01:53,100:INFO: Sequences: 59040, loss: 0.00, cost: 0.00 (158.78 ms/iter)
2019-04-04 16:01:54,279:INFO: Sequences: 59200, loss: 0.00, cost: 0.00 (117.82 ms/iter)
2019-04-04 16:01:56,262:INFO: Sequences: 59360, loss: 0.00, cost: 0.00 (198.30 ms/iter)
2019-04-04 16:01:57,649:INFO: Sequences: 59520, loss: 0.00, cost: 0.00 (138.75 ms/iter)
2019-04-04 16:01:59,432:INFO: Sequences: 59680, loss: 0.00, cost: 0.00 (178.28 ms/iter)
2019-04-04 16:02:00,905:INFO: Sequences: 59840, loss: 0.00, cost: 0.00 (147.29 ms/iter)
2019-04-04 16:02:02,538:INFO: Sequences: 60000, loss: 0.00, cost: 0.00 (163.34 ms/iter)
2019-04-04 16:02:03,878:INFO: Sequences: 60160, loss: 0.00, cost: 0.00 (133.98 ms/iter)
2019-04-04 16:02:05,901:INFO: Sequences: 60320, loss: 0.00, cost: 0.00 (202.26 ms/iter)
2019-04-04 16:02:07,744:INFO: Sequences: 60480, loss: 0.00, cost: 0.00 (184.27 ms/iter)
2019-04-04 16:02:09,490:INFO: Sequences: 60640, loss: 0.00, cost: 0.00 (174.66 ms/iter)
2019-04-04 16:02:10,827:INFO: Sequences: 60800, loss: 0.00, cost: 0.00 (133.69 ms/iter)
2019-04-04 16:02:12,194:INFO: Sequences: 60960, loss: 0.00, cost: 0.00 (136.69 ms/iter)
2019-04-04 16:02:13,812:INFO: Sequences: 61120, loss: 0.00, cost: 0.00 (161.79 ms/iter)
2019-04-04 16:02:15,488:INFO: Sequences: 61280, loss: 1.12, cost: 0.00 (167.66 ms/iter)
2019-04-04 16:02:17,079:INFO: Sequences: 61440, loss: 1.69, cost: 0.00 (159.02 ms/iter)
2019-04-04 16:02:18,664:INFO: Sequences: 61600, loss: 0.42, cost: 0.00 (158.53 ms/iter)
2019-04-04 16:02:20,102:INFO: Sequences: 61760, loss: 0.20, cost: 0.00 (143.80 ms/iter)
2019-04-04 16:02:21,838:INFO: Sequences: 61920, loss: 0.15, cost: 0.00 (173.56 ms/iter)
2019-04-04 16:02:23,202:INFO: Sequences: 62080, loss: 0.03, cost: 0.00 (136.47 ms/iter)
2019-04-04 16:02:24,493:INFO: Sequences: 62240, loss: 0.01, cost: 0.00 (129.06 ms/iter)
2019-04-04 16:02:25,786:INFO: Sequences: 62400, loss: 0.01, cost: 0.00 (129.27 ms/iter)
2019-04-04 16:02:26,964:INFO: Sequences: 62560, loss: 0.00, cost: 0.00 (117.89 ms/iter)
2019-04-04 16:02:28,948:INFO: Sequences: 62720, loss: 0.01, cost: 0.00 (198.34 ms/iter)
2019-04-04 16:02:30,214:INFO: Sequences: 62880, loss: 0.03, cost: 0.00 (126.60 ms/iter)
2019-04-04 16:02:31,541:INFO: Sequences: 63040, loss: 0.08, cost: 0.00 (132.69 ms/iter)
2019-04-04 16:02:33,580:INFO: Sequences: 63200, loss: 0.00, cost: 0.00 (203.93 ms/iter)
2019-04-04 16:02:35,204:INFO: Sequences: 63360, loss: 0.00, cost: 0.00 (162.43 ms/iter)
2019-04-04 16:02:37,035:INFO: Sequences: 63520, loss: 0.00, cost: 0.00 (183.12 ms/iter)
2019-04-04 16:02:38,467:INFO: Sequences: 63680, loss: 0.10, cost: 0.00 (143.18 ms/iter)
2019-04-04 16:02:40,280:INFO: Sequences: 63840, loss: 0.14, cost: 0.00 (181.23 ms/iter)
2019-04-04 16:02:41,473:INFO: Sequences: 64000, loss: 0.00, cost: 0.00 (119.35 ms/iter)
2019-04-04 16:02:41,473:INFO: Validating model on longer sequences
2019-04-04 16:02:43,759:INFO: Sequences: 64160, loss: 0.00, cost: 0.00 (228.60 ms/iter)
2019-04-04 16:02:45,510:INFO: Sequences: 64320, loss: 0.00, cost: 0.00 (175.13 ms/iter)
2019-04-04 16:02:46,712:INFO: Sequences: 64480, loss: 0.00, cost: 0.00 (120.19 ms/iter)
2019-04-04 16:02:48,306:INFO: Sequences: 64640, loss: 0.00, cost: 0.00 (159.34 ms/iter)
2019-04-04 16:02:50,153:INFO: Sequences: 64800, loss: 0.00, cost: 0.00 (184.72 ms/iter)
2019-04-04 16:02:51,692:INFO: Sequences: 64960, loss: 0.00, cost: 0.00 (153.95 ms/iter)
2019-04-04 16:02:53,763:INFO: Sequences: 65120, loss: 0.00, cost: 0.00 (207.08 ms/iter)
2019-04-04 16:02:55,540:INFO: Sequences: 65280, loss: 0.00, cost: 0.00 (177.70 ms/iter)
2019-04-04 16:02:56,899:INFO: Sequences: 65440, loss: 0.00, cost: 0.00 (135.88 ms/iter)
2019-04-04 16:02:58,247:INFO: Sequences: 65600, loss: 0.00, cost: 0.00 (134.79 ms/iter)
2019-04-04 16:02:59,851:INFO: Sequences: 65760, loss: 0.00, cost: 0.00 (160.41 ms/iter)
2019-04-04 16:03:01,575:INFO: Sequences: 65920, loss: 0.00, cost: 0.00 (172.37 ms/iter)
2019-04-04 16:03:02,955:INFO: Sequences: 66080, loss: 0.00, cost: 0.00 (138.07 ms/iter)
2019-04-04 16:03:04,533:INFO: Sequences: 66240, loss: 0.09, cost: 0.00 (157.74 ms/iter)
2019-04-04 16:03:05,927:INFO: Sequences: 66400, loss: 0.02, cost: 0.00 (139.39 ms/iter)
2019-04-04 16:03:08,102:INFO: Sequences: 66560, loss: 0.12, cost: 0.00 (217.50 ms/iter)
2019-04-04 16:03:09,749:INFO: Sequences: 66720, loss: 1.38, cost: 0.00 (164.77 ms/iter)
2019-04-04 16:03:11,016:INFO: Sequences: 66880, loss: 0.07, cost: 0.00 (126.63 ms/iter)
2019-04-04 16:03:12,626:INFO: Sequences: 67040, loss: 0.06, cost: 0.00 (161.07 ms/iter)
2019-04-04 16:03:14,351:INFO: Sequences: 67200, loss: 0.08, cost: 0.00 (172.43 ms/iter)
2019-04-04 16:03:15,530:INFO: Sequences: 67360, loss: 0.05, cost: 0.00 (117.98 ms/iter)
2019-04-04 16:03:16,919:INFO: Sequences: 67520, loss: 0.02, cost: 0.00 (138.89 ms/iter)
2019-04-04 16:03:18,243:INFO: Sequences: 67680, loss: 0.02, cost: 0.00 (132.33 ms/iter)
2019-04-04 16:03:19,854:INFO: Sequences: 67840, loss: 0.02, cost: 0.00 (161.10 ms/iter)
2019-04-04 16:03:21,197:INFO: Sequences: 68000, loss: 0.04, cost: 0.00 (134.29 ms/iter)
2019-04-04 16:03:23,300:INFO: Sequences: 68160, loss: 0.01, cost: 0.00 (210.34 ms/iter)
2019-04-04 16:03:25,058:INFO: Sequences: 68320, loss: 0.01, cost: 0.00 (175.81 ms/iter)
2019-04-04 16:03:26,697:INFO: Sequences: 68480, loss: 0.00, cost: 0.00 (163.93 ms/iter)
2019-04-04 16:03:27,938:INFO: Sequences: 68640, loss: 0.00, cost: 0.00 (124.03 ms/iter)
2019-04-04 16:03:29,445:INFO: Sequences: 68800, loss: 0.00, cost: 0.00 (150.75 ms/iter)
2019-04-04 16:03:31,375:INFO: Sequences: 68960, loss: 0.00, cost: 0.00 (192.99 ms/iter)
2019-04-04 16:03:32,781:INFO: Sequences: 69120, loss: 0.00, cost: 0.00 (140.60 ms/iter)
2019-04-04 16:03:34,129:INFO: Sequences: 69280, loss: 0.00, cost: 0.00 (134.80 ms/iter)
2019-04-04 16:03:36,075:INFO: Sequences: 69440, loss: 0.00, cost: 0.00 (194.65 ms/iter)
2019-04-04 16:03:37,675:INFO: Sequences: 69600, loss: 0.00, cost: 0.00 (159.93 ms/iter)
2019-04-04 16:03:39,279:INFO: Sequences: 69760, loss: 0.00, cost: 0.00 (160.42 ms/iter)
2019-04-04 16:03:40,881:INFO: Sequences: 69920, loss: 0.00, cost: 0.00 (160.17 ms/iter)
2019-04-04 16:03:42,334:INFO: Sequences: 70080, loss: 0.00, cost: 0.00 (145.36 ms/iter)
2019-04-04 16:03:43,981:INFO: Sequences: 70240, loss: 0.00, cost: 0.00 (164.70 ms/iter)
2019-04-04 16:03:45,669:INFO: Sequences: 70400, loss: 0.00, cost: 0.00 (168.76 ms/iter)
2019-04-04 16:03:47,486:INFO: Sequences: 70560, loss: 0.00, cost: 0.00 (181.67 ms/iter)
2019-04-04 16:03:49,282:INFO: Sequences: 70720, loss: 0.00, cost: 0.00 (179.61 ms/iter)
2019-04-04 16:03:50,771:INFO: Sequences: 70880, loss: 0.00, cost: 0.00 (148.98 ms/iter)
2019-04-04 16:03:52,343:INFO: Sequences: 71040, loss: 0.00, cost: 0.00 (157.11 ms/iter)
2019-04-04 16:03:53,748:INFO: Sequences: 71200, loss: 0.00, cost: 0.00 (140.55 ms/iter)
2019-04-04 16:03:55,253:INFO: Sequences: 71360, loss: 0.00, cost: 0.00 (150.53 ms/iter)
2019-04-04 16:03:57,281:INFO: Sequences: 71520, loss: 0.00, cost: 0.00 (202.79 ms/iter)
2019-04-04 16:03:58,611:INFO: Sequences: 71680, loss: 0.00, cost: 0.00 (133.01 ms/iter)
2019-04-04 16:04:00,502:INFO: Sequences: 71840, loss: 0.00, cost: 0.00 (189.09 ms/iter)
2019-04-04 16:04:02,354:INFO: Sequences: 72000, loss: 0.00, cost: 0.00 (185.14 ms/iter)
2019-04-04 16:04:04,090:INFO: Sequences: 72160, loss: 0.00, cost: 0.00 (173.60 ms/iter)
2019-04-04 16:04:05,821:INFO: Sequences: 72320, loss: 0.00, cost: 0.00 (173.10 ms/iter)
2019-04-04 16:04:07,492:INFO: Sequences: 72480, loss: 0.00, cost: 0.00 (167.14 ms/iter)
2019-04-04 16:04:09,160:INFO: Sequences: 72640, loss: 0.00, cost: 0.00 (166.84 ms/iter)
2019-04-04 16:04:10,617:INFO: Sequences: 72800, loss: 0.00, cost: 0.00 (145.68 ms/iter)
2019-04-04 16:04:12,151:INFO: Sequences: 72960, loss: 0.00, cost: 0.00 (153.33 ms/iter)
2019-04-04 16:04:13,865:INFO: Sequences: 73120, loss: 0.00, cost: 0.00 (171.46 ms/iter)
2019-04-04 16:04:15,650:INFO: Sequences: 73280, loss: 0.00, cost: 0.00 (178.44 ms/iter)
2019-04-04 16:04:16,636:INFO: Sequences: 73440, loss: 0.00, cost: 0.00 (98.64 ms/iter)
2019-04-04 16:04:18,284:INFO: Sequences: 73600, loss: 0.00, cost: 0.00 (164.82 ms/iter)
2019-04-04 16:04:19,825:INFO: Sequences: 73760, loss: 0.00, cost: 0.00 (154.12 ms/iter)
2019-04-04 16:04:21,074:INFO: Sequences: 73920, loss: 0.00, cost: 0.00 (124.87 ms/iter)
2019-04-04 16:04:22,400:INFO: Sequences: 74080, loss: 0.00, cost: 0.00 (132.61 ms/iter)
2019-04-04 16:04:24,148:INFO: Sequences: 74240, loss: 0.00, cost: 0.00 (174.82 ms/iter)
2019-04-04 16:04:25,373:INFO: Sequences: 74400, loss: 0.00, cost: 0.00 (122.43 ms/iter)
2019-04-04 16:04:26,865:INFO: Sequences: 74560, loss: 0.15, cost: 0.00 (149.25 ms/iter)
2019-04-04 16:04:28,291:INFO: Sequences: 74720, loss: 0.26, cost: 0.00 (142.55 ms/iter)
2019-04-04 16:04:29,838:INFO: Sequences: 74880, loss: 0.09, cost: 0.00 (154.73 ms/iter)
2019-04-04 16:04:31,300:INFO: Sequences: 75040, loss: 0.10, cost: 0.00 (146.23 ms/iter)
2019-04-04 16:04:33,362:INFO: Sequences: 75200, loss: 0.03, cost: 0.00 (206.14 ms/iter)
2019-04-04 16:04:34,713:INFO: Sequences: 75360, loss: 0.01, cost: 0.00 (135.09 ms/iter)
2019-04-04 16:04:36,706:INFO: Sequences: 75520, loss: 0.06, cost: 0.00 (199.29 ms/iter)
2019-04-04 16:04:38,286:INFO: Sequences: 75680, loss: 0.01, cost: 0.00 (158.09 ms/iter)
2019-04-04 16:04:39,857:INFO: Sequences: 75840, loss: 0.01, cost: 0.00 (157.04 ms/iter)
2019-04-04 16:04:41,455:INFO: Sequences: 76000, loss: 0.01, cost: 0.00 (159.77 ms/iter)
2019-04-04 16:04:42,882:INFO: Sequences: 76160, loss: 0.00, cost: 0.00 (142.69 ms/iter)
2019-04-04 16:04:44,416:INFO: Sequences: 76320, loss: 0.01, cost: 0.00 (153.49 ms/iter)
2019-04-04 16:04:45,922:INFO: Sequences: 76480, loss: 0.01, cost: 0.00 (150.55 ms/iter)
2019-04-04 16:04:47,405:INFO: Sequences: 76640, loss: 0.04, cost: 0.00 (148.27 ms/iter)
2019-04-04 16:04:48,970:INFO: Sequences: 76800, loss: 0.12, cost: 0.00 (156.53 ms/iter)
2019-04-04 16:04:50,439:INFO: Sequences: 76960, loss: 0.13, cost: 0.00 (146.95 ms/iter)
2019-04-04 16:04:51,451:INFO: Sequences: 77120, loss: 0.09, cost: 0.00 (101.13 ms/iter)
2019-04-04 16:04:53,233:INFO: Sequences: 77280, loss: 0.20, cost: 0.00 (178.23 ms/iter)
2019-04-04 16:04:54,903:INFO: Sequences: 77440, loss: 0.02, cost: 0.00 (166.96 ms/iter)
2019-04-04 16:04:56,660:INFO: Sequences: 77600, loss: 0.01, cost: 0.00 (175.70 ms/iter)
2019-04-04 16:04:58,592:INFO: Sequences: 77760, loss: 0.00, cost: 0.00 (193.25 ms/iter)
2019-04-04 16:05:00,312:INFO: Sequences: 77920, loss: 0.00, cost: 0.00 (171.98 ms/iter)
2019-04-04 16:05:02,037:INFO: Sequences: 78080, loss: 0.01, cost: 0.00 (172.48 ms/iter)
2019-04-04 16:05:03,657:INFO: Sequences: 78240, loss: 0.05, cost: 0.00 (161.99 ms/iter)
2019-04-04 16:05:05,252:INFO: Sequences: 78400, loss: 0.00, cost: 0.00 (159.52 ms/iter)
2019-04-04 16:05:06,476:INFO: Sequences: 78560, loss: 0.02, cost: 0.00 (122.37 ms/iter)
2019-04-04 16:05:08,220:INFO: Sequences: 78720, loss: 0.01, cost: 0.00 (174.46 ms/iter)
2019-04-04 16:05:09,950:INFO: Sequences: 78880, loss: 0.00, cost: 0.00 (173.00 ms/iter)
2019-04-04 16:05:11,526:INFO: Sequences: 79040, loss: 0.00, cost: 0.00 (157.62 ms/iter)
2019-04-04 16:05:13,308:INFO: Sequences: 79200, loss: 0.00, cost: 0.00 (178.21 ms/iter)
2019-04-04 16:05:15,051:INFO: Sequences: 79360, loss: 0.00, cost: 0.00 (174.32 ms/iter)
2019-04-04 16:05:16,450:INFO: Sequences: 79520, loss: 0.00, cost: 0.00 (139.83 ms/iter)
2019-04-04 16:05:17,771:INFO: Sequences: 79680, loss: 0.00, cost: 0.00 (132.08 ms/iter)
2019-04-04 16:05:19,517:INFO: Sequences: 79840, loss: 0.00, cost: 0.00 (174.64 ms/iter)
2019-04-04 16:05:21,139:INFO: Sequences: 80000, loss: 0.00, cost: 0.00 (162.25 ms/iter)
2019-04-04 16:05:21,140:INFO: Validating model on longer sequences
2019-04-04 16:05:23,665:INFO: Sequences: 80160, loss: 0.00, cost: 0.00 (252.60 ms/iter)
2019-04-04 16:05:25,032:INFO: Sequences: 80320, loss: 0.00, cost: 0.00 (136.64 ms/iter)
2019-04-04 16:05:26,782:INFO: Sequences: 80480, loss: 0.00, cost: 0.00 (175.04 ms/iter)
2019-04-04 16:05:28,599:INFO: Sequences: 80640, loss: 0.00, cost: 0.00 (181.66 ms/iter)
2019-04-04 16:05:30,110:INFO: Sequences: 80800, loss: 0.00, cost: 0.00 (151.10 ms/iter)
2019-04-04 16:05:31,514:INFO: Sequences: 80960, loss: 0.00, cost: 0.00 (140.43 ms/iter)
2019-04-04 16:05:33,443:INFO: Sequences: 81120, loss: 0.00, cost: 0.00 (192.93 ms/iter)
2019-04-04 16:05:34,792:INFO: Sequences: 81280, loss: 0.00, cost: 0.00 (134.82 ms/iter)
2019-04-04 16:05:36,611:INFO: Sequences: 81440, loss: 0.00, cost: 0.00 (181.95 ms/iter)
2019-04-04 16:05:38,137:INFO: Sequences: 81600, loss: 0.00, cost: 0.00 (152.60 ms/iter)
2019-04-04 16:05:39,419:INFO: Sequences: 81760, loss: 0.00, cost: 0.00 (128.23 ms/iter)
2019-04-04 16:05:40,517:INFO: Sequences: 81920, loss: 0.00, cost: 0.00 (109.73 ms/iter)
2019-04-04 16:05:41,693:INFO: Sequences: 82080, loss: 0.00, cost: 0.00 (117.64 ms/iter)
2019-04-04 16:05:43,408:INFO: Sequences: 82240, loss: 0.00, cost: 0.00 (171.49 ms/iter)
2019-04-04 16:05:45,165:INFO: Sequences: 82400, loss: 0.00, cost: 0.00 (175.66 ms/iter)
2019-04-04 16:05:46,814:INFO: Sequences: 82560, loss: 0.00, cost: 0.00 (164.92 ms/iter)
2019-04-04 16:05:47,999:INFO: Sequences: 82720, loss: 0.00, cost: 0.00 (118.55 ms/iter)
2019-04-04 16:05:49,864:INFO: Sequences: 82880, loss: 0.00, cost: 0.00 (186.42 ms/iter)
2019-04-04 16:05:50,812:INFO: Sequences: 83040, loss: 0.00, cost: 0.00 (94.84 ms/iter)
2019-04-04 16:05:52,607:INFO: Sequences: 83200, loss: 0.00, cost: 0.00 (179.53 ms/iter)
2019-04-04 16:05:54,319:INFO: Sequences: 83360, loss: 0.00, cost: 0.00 (171.14 ms/iter)
2019-04-04 16:05:55,844:INFO: Sequences: 83520, loss: 0.00, cost: 0.00 (152.55 ms/iter)
2019-04-04 16:05:57,421:INFO: Sequences: 83680, loss: 0.00, cost: 0.00 (157.73 ms/iter)
2019-04-04 16:05:59,088:INFO: Sequences: 83840, loss: 0.00, cost: 0.00 (166.62 ms/iter)
2019-04-04 16:06:00,523:INFO: Sequences: 84000, loss: 0.00, cost: 0.00 (143.55 ms/iter)
2019-04-04 16:06:01,931:INFO: Sequences: 84160, loss: 0.00, cost: 0.00 (140.73 ms/iter)
2019-04-04 16:06:03,324:INFO: Sequences: 84320, loss: 0.00, cost: 0.00 (139.33 ms/iter)
2019-04-04 16:06:04,771:INFO: Sequences: 84480, loss: 0.00, cost: 0.00 (144.69 ms/iter)
2019-04-04 16:06:06,581:INFO: Sequences: 84640, loss: 0.00, cost: 0.00 (181.01 ms/iter)
2019-04-04 16:06:08,039:INFO: Sequences: 84800, loss: 0.00, cost: 0.00 (145.86 ms/iter)
2019-04-04 16:06:09,365:INFO: Sequences: 84960, loss: 0.00, cost: 0.00 (132.57 ms/iter)
2019-04-04 16:06:11,038:INFO: Sequences: 85120, loss: 0.00, cost: 0.00 (167.32 ms/iter)
2019-04-04 16:06:12,435:INFO: Sequences: 85280, loss: 0.00, cost: 0.00 (139.67 ms/iter)
2019-04-04 16:06:13,825:INFO: Sequences: 85440, loss: 0.00, cost: 0.00 (138.99 ms/iter)
2019-04-04 16:06:15,418:INFO: Sequences: 85600, loss: 0.00, cost: 0.00 (159.29 ms/iter)
2019-04-04 16:06:17,063:INFO: Sequences: 85760, loss: 0.00, cost: 0.00 (164.52 ms/iter)
2019-04-04 16:06:18,451:INFO: Sequences: 85920, loss: 0.00, cost: 0.00 (138.80 ms/iter)
2019-04-04 16:06:20,292:INFO: Sequences: 86080, loss: 0.00, cost: 0.00 (184.05 ms/iter)
2019-04-04 16:06:21,842:INFO: Sequences: 86240, loss: 0.00, cost: 0.00 (155.09 ms/iter)
2019-04-04 16:06:23,436:INFO: Sequences: 86400, loss: 0.00, cost: 0.00 (159.34 ms/iter)
2019-04-04 16:06:24,812:INFO: Sequences: 86560, loss: 0.00, cost: 0.00 (137.66 ms/iter)
2019-04-04 16:06:26,186:INFO: Sequences: 86720, loss: 0.00, cost: 0.00 (137.39 ms/iter)
2019-04-04 16:06:27,906:INFO: Sequences: 86880, loss: 0.00, cost: 0.00 (171.92 ms/iter)
2019-04-04 16:06:29,187:INFO: Sequences: 87040, loss: 0.00, cost: 0.00 (128.10 ms/iter)
2019-04-04 16:06:31,072:INFO: Sequences: 87200, loss: 0.00, cost: 0.00 (188.51 ms/iter)
2019-04-04 16:06:32,518:INFO: Sequences: 87360, loss: 0.00, cost: 0.00 (144.61 ms/iter)
2019-04-04 16:06:33,652:INFO: Sequences: 87520, loss: 0.00, cost: 0.00 (113.41 ms/iter)
2019-04-04 16:06:34,483:INFO: Sequences: 87680, loss: 0.00, cost: 0.00 (83.11 ms/iter)
2019-04-04 16:06:35,857:INFO: Sequences: 87840, loss: 0.00, cost: 0.00 (137.39 ms/iter)
2019-04-04 16:06:37,588:INFO: Sequences: 88000, loss: 0.00, cost: 0.00 (173.15 ms/iter)
2019-04-04 16:06:39,170:INFO: Sequences: 88160, loss: 0.00, cost: 0.00 (158.13 ms/iter)
2019-04-04 16:06:40,353:INFO: Sequences: 88320, loss: 0.00, cost: 0.00 (118.35 ms/iter)
2019-04-04 16:06:42,373:INFO: Sequences: 88480, loss: 0.00, cost: 0.00 (201.97 ms/iter)
2019-04-04 16:06:44,215:INFO: Sequences: 88640, loss: 0.00, cost: 0.00 (184.19 ms/iter)
2019-04-04 16:06:45,493:INFO: Sequences: 88800, loss: 0.00, cost: 0.00 (127.81 ms/iter)
2019-04-04 16:06:47,104:INFO: Sequences: 88960, loss: 0.00, cost: 0.00 (161.10 ms/iter)
2019-04-04 16:06:48,543:INFO: Sequences: 89120, loss: 0.00, cost: 0.00 (143.96 ms/iter)
2019-04-04 16:06:49,851:INFO: Sequences: 89280, loss: 0.00, cost: 0.00 (130.75 ms/iter)
2019-04-04 16:06:51,448:INFO: Sequences: 89440, loss: 0.00, cost: 0.00 (159.68 ms/iter)
2019-04-04 16:06:52,953:INFO: Sequences: 89600, loss: 0.00, cost: 0.00 (150.55 ms/iter)
2019-04-04 16:06:54,140:INFO: Sequences: 89760, loss: 0.00, cost: 0.00 (118.67 ms/iter)
2019-04-04 16:06:55,816:INFO: Sequences: 89920, loss: 0.00, cost: 0.00 (167.60 ms/iter)
2019-04-04 16:06:57,224:INFO: Sequences: 90080, loss: 0.00, cost: 0.00 (140.83 ms/iter)
2019-04-04 16:06:58,651:INFO: Sequences: 90240, loss: 0.00, cost: 0.00 (142.67 ms/iter)
2019-04-04 16:06:59,734:INFO: Sequences: 90400, loss: 0.00, cost: 0.00 (108.26 ms/iter)
2019-04-04 16:07:01,369:INFO: Sequences: 90560, loss: 0.00, cost: 0.00 (163.57 ms/iter)
2019-04-04 16:07:02,484:INFO: Sequences: 90720, loss: 0.00, cost: 0.00 (111.45 ms/iter)
2019-04-04 16:07:03,634:INFO: Sequences: 90880, loss: 0.00, cost: 0.00 (115.01 ms/iter)
2019-04-04 16:07:05,240:INFO: Sequences: 91040, loss: 0.00, cost: 0.00 (160.62 ms/iter)
2019-04-04 16:07:06,811:INFO: Sequences: 91200, loss: 0.00, cost: 0.00 (157.12 ms/iter)
2019-04-04 16:07:08,665:INFO: Sequences: 91360, loss: 0.00, cost: 0.00 (185.33 ms/iter)
2019-04-04 16:07:10,444:INFO: Sequences: 91520, loss: 0.00, cost: 0.00 (177.94 ms/iter)
2019-04-04 16:07:11,959:INFO: Sequences: 91680, loss: 0.00, cost: 0.00 (151.52 ms/iter)
2019-04-04 16:07:13,278:INFO: Sequences: 91840, loss: 0.00, cost: 0.00 (131.84 ms/iter)
2019-04-04 16:07:14,952:INFO: Sequences: 92000, loss: 0.00, cost: 0.00 (167.41 ms/iter)
2019-04-04 16:07:16,376:INFO: Sequences: 92160, loss: 0.00, cost: 0.00 (142.42 ms/iter)
2019-04-04 16:07:17,764:INFO: Sequences: 92320, loss: 0.00, cost: 0.00 (138.78 ms/iter)
2019-04-04 16:07:19,080:INFO: Sequences: 92480, loss: 0.00, cost: 0.00 (131.58 ms/iter)
2019-04-04 16:07:20,122:INFO: Sequences: 92640, loss: 0.00, cost: 0.00 (104.29 ms/iter)
2019-04-04 16:07:21,929:INFO: Sequences: 92800, loss: 0.00, cost: 0.00 (180.69 ms/iter)
2019-04-04 16:07:23,519:INFO: Sequences: 92960, loss: 0.21, cost: 0.00 (158.96 ms/iter)
2019-04-04 16:07:25,110:INFO: Sequences: 93120, loss: 0.81, cost: 0.00 (159.12 ms/iter)
2019-04-04 16:07:26,366:INFO: Sequences: 93280, loss: 0.11, cost: 0.00 (125.54 ms/iter)
2019-04-04 16:07:27,816:INFO: Sequences: 93440, loss: 0.09, cost: 0.00 (145.00 ms/iter)
2019-04-04 16:07:29,974:INFO: Sequences: 93600, loss: 0.08, cost: 0.00 (215.89 ms/iter)
2019-04-04 16:07:31,459:INFO: Sequences: 93760, loss: 0.01, cost: 0.00 (148.41 ms/iter)
2019-04-04 16:07:32,788:INFO: Sequences: 93920, loss: 0.80, cost: 0.00 (132.92 ms/iter)
2019-04-04 16:07:34,490:INFO: Sequences: 94080, loss: 0.00, cost: 0.00 (170.19 ms/iter)
2019-04-04 16:07:36,229:INFO: Sequences: 94240, loss: 10.32, cost: 0.00 (173.92 ms/iter)
2019-04-04 16:07:37,892:INFO: Sequences: 94400, loss: 0.04, cost: 0.00 (166.28 ms/iter)
2019-04-04 16:07:39,345:INFO: Sequences: 94560, loss: 0.52, cost: 0.00 (145.37 ms/iter)
2019-04-04 16:07:40,875:INFO: Sequences: 94720, loss: 0.01, cost: 0.00 (152.93 ms/iter)
2019-04-04 16:07:42,891:INFO: Sequences: 94880, loss: 0.00, cost: 0.00 (201.58 ms/iter)
2019-04-04 16:07:44,595:INFO: Sequences: 95040, loss: 1.26, cost: 0.00 (170.41 ms/iter)
2019-04-04 16:07:46,089:INFO: Sequences: 95200, loss: 0.02, cost: 0.00 (149.46 ms/iter)
2019-04-04 16:07:47,437:INFO: Sequences: 95360, loss: 0.00, cost: 0.00 (134.79 ms/iter)
2019-04-04 16:07:49,083:INFO: Sequences: 95520, loss: 0.00, cost: 0.00 (164.54 ms/iter)
2019-04-04 16:07:50,693:INFO: Sequences: 95680, loss: 0.00, cost: 0.00 (161.04 ms/iter)
2019-04-04 16:07:51,947:INFO: Sequences: 95840, loss: 0.00, cost: 0.00 (125.37 ms/iter)
2019-04-04 16:07:53,325:INFO: Sequences: 96000, loss: 0.00, cost: 0.00 (137.83 ms/iter)
2019-04-04 16:07:53,326:INFO: Validating model on longer sequences
2019-04-04 16:07:56,059:INFO: Sequences: 96160, loss: 0.00, cost: 0.00 (273.45 ms/iter)
2019-04-04 16:07:57,144:INFO: Sequences: 96320, loss: 0.00, cost: 0.00 (108.41 ms/iter)
2019-04-04 16:07:58,120:INFO: Sequences: 96480, loss: 0.00, cost: 0.00 (97.60 ms/iter)
2019-04-04 16:07:59,587:INFO: Sequences: 96640, loss: 0.00, cost: 0.00 (146.69 ms/iter)
2019-04-04 16:08:01,239:INFO: Sequences: 96800, loss: 0.01, cost: 0.00 (165.22 ms/iter)
2019-04-04 16:08:02,923:INFO: Sequences: 96960, loss: 0.01, cost: 0.00 (168.46 ms/iter)
2019-04-04 16:08:04,980:INFO: Sequences: 97120, loss: 0.00, cost: 0.00 (205.69 ms/iter)
2019-04-04 16:08:06,175:INFO: Sequences: 97280, loss: 0.00, cost: 0.00 (119.43 ms/iter)
2019-04-04 16:08:07,482:INFO: Sequences: 97440, loss: 0.00, cost: 0.00 (130.76 ms/iter)
2019-04-04 16:08:09,730:INFO: Sequences: 97600, loss: 0.00, cost: 0.00 (224.75 ms/iter)
2019-04-04 16:08:11,331:INFO: Sequences: 97760, loss: 0.00, cost: 0.00 (160.18 ms/iter)
2019-04-04 16:08:12,661:INFO: Sequences: 97920, loss: 0.00, cost: 0.00 (132.91 ms/iter)
2019-04-04 16:08:14,221:INFO: Sequences: 98080, loss: 0.00, cost: 0.00 (156.06 ms/iter)
2019-04-04 16:08:15,659:INFO: Sequences: 98240, loss: 0.00, cost: 0.00 (143.79 ms/iter)
2019-04-04 16:08:17,264:INFO: Sequences: 98400, loss: 0.00, cost: 0.00 (160.51 ms/iter)
2019-04-04 16:08:18,661:INFO: Sequences: 98560, loss: 0.00, cost: 0.00 (139.66 ms/iter)
2019-04-04 16:08:19,982:INFO: Sequences: 98720, loss: 0.00, cost: 0.00 (132.08 ms/iter)
2019-04-04 16:08:21,775:INFO: Sequences: 98880, loss: 0.00, cost: 0.00 (179.34 ms/iter)
2019-04-04 16:08:23,446:INFO: Sequences: 99040, loss: 0.00, cost: 0.00 (167.07 ms/iter)
2019-04-04 16:08:24,830:INFO: Sequences: 99200, loss: 0.00, cost: 0.00 (138.38 ms/iter)
2019-04-04 16:08:26,017:INFO: Sequences: 99360, loss: 0.00, cost: 0.00 (118.73 ms/iter)
2019-04-04 16:08:27,573:INFO: Sequences: 99520, loss: 0.00, cost: 0.00 (155.62 ms/iter)
2019-04-04 16:08:29,090:INFO: Sequences: 99680, loss: 0.00, cost: 0.00 (151.72 ms/iter)
2019-04-04 16:08:30,412:INFO: Sequences: 99840, loss: 0.00, cost: 0.00 (132.15 ms/iter)
2019-04-04 16:08:32,202:INFO: Sequences: 100000, loss: 0.00, cost: 0.00 (179.06 ms/iter)
2019-04-04 16:08:34,040:INFO: Sequences: 100160, loss: 0.00, cost: 0.00 (183.72 ms/iter)
2019-04-04 16:08:35,470:INFO: Sequences: 100320, loss: 0.00, cost: 0.00 (143.03 ms/iter)
2019-04-04 16:08:36,916:INFO: Sequences: 100480, loss: 0.00, cost: 0.00 (144.64 ms/iter)
2019-04-04 16:08:38,525:INFO: Sequences: 100640, loss: 0.00, cost: 0.00 (160.89 ms/iter)
2019-04-04 16:08:40,198:INFO: Sequences: 100800, loss: 0.00, cost: 0.00 (167.26 ms/iter)
2019-04-04 16:08:41,391:INFO: Sequences: 100960, loss: 0.00, cost: 0.00 (119.29 ms/iter)
2019-04-04 16:08:43,046:INFO: Sequences: 101120, loss: 0.00, cost: 0.00 (165.57 ms/iter)
2019-04-04 16:08:44,326:INFO: Sequences: 101280, loss: 0.00, cost: 0.00 (127.93 ms/iter)
2019-04-04 16:08:46,344:INFO: Sequences: 101440, loss: 0.00, cost: 0.00 (201.84 ms/iter)
2019-04-04 16:08:47,977:INFO: Sequences: 101600, loss: 0.00, cost: 0.00 (163.26 ms/iter)
2019-04-04 16:08:49,558:INFO: Sequences: 101760, loss: 0.00, cost: 0.00 (158.10 ms/iter)
2019-04-04 16:08:51,060:INFO: Sequences: 101920, loss: 0.00, cost: 0.00 (150.26 ms/iter)
2019-04-04 16:08:52,460:INFO: Sequences: 102080, loss: 0.00, cost: 0.00 (139.95 ms/iter)
2019-04-04 16:08:53,445:INFO: Sequences: 102240, loss: 0.00, cost: 0.00 (98.48 ms/iter)
2019-04-04 16:08:54,607:INFO: Sequences: 102400, loss: 0.00, cost: 0.00 (116.21 ms/iter)
2019-04-04 16:08:56,073:INFO: Sequences: 102560, loss: 0.00, cost: 0.00 (146.61 ms/iter)
2019-04-04 16:08:57,431:INFO: Sequences: 102720, loss: 0.00, cost: 0.00 (135.82 ms/iter)
2019-04-04 16:08:58,798:INFO: Sequences: 102880, loss: 0.00, cost: 0.00 (136.68 ms/iter)
2019-04-04 16:09:00,478:INFO: Sequences: 103040, loss: 0.00, cost: 0.00 (168.00 ms/iter)
2019-04-04 16:09:01,598:INFO: Sequences: 103200, loss: 0.00, cost: 0.00 (112.06 ms/iter)
2019-04-04 16:09:03,125:INFO: Sequences: 103360, loss: 0.00, cost: 0.00 (152.66 ms/iter)
2019-04-04 16:09:04,554:INFO: Sequences: 103520, loss: 0.00, cost: 0.00 (142.93 ms/iter)
2019-04-04 16:09:05,843:INFO: Sequences: 103680, loss: 0.00, cost: 0.00 (128.85 ms/iter)
2019-04-04 16:09:07,422:INFO: Sequences: 103840, loss: 0.00, cost: 0.00 (157.92 ms/iter)
2019-04-04 16:09:08,780:INFO: Sequences: 104000, loss: 0.00, cost: 0.00 (135.82 ms/iter)
2019-04-04 16:09:10,732:INFO: Sequences: 104160, loss: 0.00, cost: 0.00 (195.13 ms/iter)
2019-04-04 16:09:11,553:INFO: Sequences: 104320, loss: 0.00, cost: 0.00 (82.15 ms/iter)
2019-04-04 16:09:13,062:INFO: Sequences: 104480, loss: 0.00, cost: 0.00 (150.88 ms/iter)
2019-04-04 16:09:14,968:INFO: Sequences: 104640, loss: 0.00, cost: 0.00 (190.61 ms/iter)
2019-04-04 16:09:15,931:INFO: Sequences: 104800, loss: 0.00, cost: 0.00 (96.30 ms/iter)
2019-04-04 16:09:17,238:INFO: Sequences: 104960, loss: 0.00, cost: 0.00 (130.69 ms/iter)
2019-04-04 16:09:18,639:INFO: Sequences: 105120, loss: 0.00, cost: 0.00 (140.10 ms/iter)
2019-04-04 16:09:19,718:INFO: Sequences: 105280, loss: 0.00, cost: 0.00 (107.95 ms/iter)
2019-04-04 16:09:20,761:INFO: Sequences: 105440, loss: 0.09, cost: 0.00 (104.28 ms/iter)
2019-04-04 16:09:22,387:INFO: Sequences: 105600, loss: 0.06, cost: 0.00 (162.54 ms/iter)
2019-04-04 16:09:24,039:INFO: Sequences: 105760, loss: 0.10, cost: 0.00 (165.20 ms/iter)
2019-04-04 16:09:25,913:INFO: Sequences: 105920, loss: 0.06, cost: 0.00 (187.47 ms/iter)
2019-04-04 16:09:27,212:INFO: Sequences: 106080, loss: 0.01, cost: 0.00 (129.85 ms/iter)
2019-04-04 16:09:29,047:INFO: Sequences: 106240, loss: 0.07, cost: 0.00 (183.53 ms/iter)
2019-04-04 16:09:30,966:INFO: Sequences: 106400, loss: 0.02, cost: 0.00 (191.87 ms/iter)
2019-04-04 16:09:32,431:INFO: Sequences: 106560, loss: 0.02, cost: 0.00 (146.55 ms/iter)
2019-04-04 16:09:33,879:INFO: Sequences: 106720, loss: 0.01, cost: 0.00 (144.80 ms/iter)
2019-04-04 16:09:35,520:INFO: Sequences: 106880, loss: 0.01, cost: 0.00 (164.11 ms/iter)
2019-04-04 16:09:37,217:INFO: Sequences: 107040, loss: 0.00, cost: 0.00 (169.68 ms/iter)
2019-04-04 16:09:39,071:INFO: Sequences: 107200, loss: 0.01, cost: 0.00 (185.35 ms/iter)
2019-04-04 16:09:40,163:INFO: Sequences: 107360, loss: 0.00, cost: 0.00 (109.20 ms/iter)
2019-04-04 16:09:41,332:INFO: Sequences: 107520, loss: 0.00, cost: 0.00 (116.97 ms/iter)
2019-04-04 16:09:42,854:INFO: Sequences: 107680, loss: 0.00, cost: 0.00 (152.20 ms/iter)
2019-04-04 16:09:44,057:INFO: Sequences: 107840, loss: 0.00, cost: 0.00 (120.23 ms/iter)
2019-04-04 16:09:45,717:INFO: Sequences: 108000, loss: 0.00, cost: 0.00 (166.03 ms/iter)
2019-04-04 16:09:47,008:INFO: Sequences: 108160, loss: 0.00, cost: 0.00 (129.11 ms/iter)
2019-04-04 16:09:48,738:INFO: Sequences: 108320, loss: 0.00, cost: 0.00 (173.01 ms/iter)
2019-04-04 16:09:50,251:INFO: Sequences: 108480, loss: 0.00, cost: 0.00 (151.30 ms/iter)
2019-04-04 16:09:51,776:INFO: Sequences: 108640, loss: 0.00, cost: 0.00 (152.47 ms/iter)
2019-04-04 16:09:53,363:INFO: Sequences: 108800, loss: 0.00, cost: 0.00 (158.73 ms/iter)
2019-04-04 16:09:54,745:INFO: Sequences: 108960, loss: 0.00, cost: 0.00 (138.18 ms/iter)
2019-04-04 16:09:56,181:INFO: Sequences: 109120, loss: 0.00, cost: 0.00 (143.55 ms/iter)
2019-04-04 16:09:57,678:INFO: Sequences: 109280, loss: 0.00, cost: 0.00 (149.72 ms/iter)
2019-04-04 16:09:59,001:INFO: Sequences: 109440, loss: 0.00, cost: 0.00 (132.30 ms/iter)
2019-04-04 16:10:00,447:INFO: Sequences: 109600, loss: 0.00, cost: 0.00 (144.65 ms/iter)
2019-04-04 16:10:01,884:INFO: Sequences: 109760, loss: 0.00, cost: 0.00 (143.68 ms/iter)
2019-04-04 16:10:03,428:INFO: Sequences: 109920, loss: 0.00, cost: 0.00 (154.41 ms/iter)
2019-04-04 16:10:04,609:INFO: Sequences: 110080, loss: 0.00, cost: 0.00 (118.05 ms/iter)
2019-04-04 16:10:06,400:INFO: Sequences: 110240, loss: 0.00, cost: 0.00 (179.19 ms/iter)
2019-04-04 16:10:07,344:INFO: Sequences: 110400, loss: 0.00, cost: 0.00 (94.33 ms/iter)
2019-04-04 16:10:08,951:INFO: Sequences: 110560, loss: 0.00, cost: 0.00 (160.72 ms/iter)
2019-04-04 16:10:09,870:INFO: Sequences: 110720, loss: 0.00, cost: 0.00 (91.85 ms/iter)
2019-04-04 16:10:11,686:INFO: Sequences: 110880, loss: 0.00, cost: 0.00 (181.64 ms/iter)
2019-04-04 16:10:13,314:INFO: Sequences: 111040, loss: 0.00, cost: 0.00 (162.84 ms/iter)
2019-04-04 16:10:14,400:INFO: Sequences: 111200, loss: 0.00, cost: 0.00 (108.56 ms/iter)
2019-04-04 16:10:16,349:INFO: Sequences: 111360, loss: 0.00, cost: 0.00 (194.95 ms/iter)
2019-04-04 16:10:17,628:INFO: Sequences: 111520, loss: 0.00, cost: 0.00 (127.85 ms/iter)
2019-04-04 16:10:19,119:INFO: Sequences: 111680, loss: 0.00, cost: 0.00 (149.08 ms/iter)
2019-04-04 16:10:20,596:INFO: Sequences: 111840, loss: 0.00, cost: 0.00 (147.76 ms/iter)
2019-04-04 16:10:22,159:INFO: Sequences: 112000, loss: 0.00, cost: 0.00 (156.27 ms/iter)
2019-04-04 16:10:22,159:INFO: Validating model on longer sequences
2019-04-04 16:10:24,962:INFO: Sequences: 112160, loss: 0.00, cost: 0.00 (280.26 ms/iter)
2019-04-04 16:10:26,524:INFO: Sequences: 112320, loss: 0.00, cost: 0.00 (156.24 ms/iter)
2019-04-04 16:10:27,908:INFO: Sequences: 112480, loss: 0.00, cost: 0.00 (138.40 ms/iter)
2019-04-04 16:10:29,479:INFO: Sequences: 112640, loss: 0.00, cost: 0.00 (157.12 ms/iter)
2019-04-04 16:10:31,277:INFO: Sequences: 112800, loss: 0.00, cost: 0.00 (179.76 ms/iter)
2019-04-04 16:10:32,816:INFO: Sequences: 112960, loss: 0.00, cost: 0.00 (153.89 ms/iter)
2019-04-04 16:10:34,606:INFO: Sequences: 113120, loss: 0.00, cost: 0.00 (178.98 ms/iter)
2019-04-04 16:10:35,720:INFO: Sequences: 113280, loss: 0.00, cost: 0.00 (111.45 ms/iter)
2019-04-04 16:10:36,975:INFO: Sequences: 113440, loss: 0.00, cost: 0.00 (125.47 ms/iter)
2019-04-04 16:10:38,371:INFO: Sequences: 113600, loss: 0.00, cost: 0.00 (139.64 ms/iter)
2019-04-04 16:10:39,405:INFO: Sequences: 113760, loss: 0.00, cost: 0.00 (103.37 ms/iter)
2019-04-04 16:10:40,891:INFO: Sequences: 113920, loss: 0.00, cost: 0.00 (148.59 ms/iter)
2019-04-04 16:10:42,170:INFO: Sequences: 114080, loss: 0.00, cost: 0.00 (127.89 ms/iter)
2019-04-04 16:10:43,805:INFO: Sequences: 114240, loss: 0.00, cost: 0.00 (163.52 ms/iter)
2019-04-04 16:10:45,479:INFO: Sequences: 114400, loss: 0.00, cost: 0.00 (167.40 ms/iter)
2019-04-04 16:10:46,902:INFO: Sequences: 114560, loss: 0.00, cost: 0.00 (142.36 ms/iter)
2019-04-04 16:10:48,651:INFO: Sequences: 114720, loss: 0.00, cost: 0.00 (174.89 ms/iter)
2019-04-04 16:10:50,080:INFO: Sequences: 114880, loss: 0.00, cost: 0.00 (142.89 ms/iter)
2019-04-04 16:10:51,324:INFO: Sequences: 115040, loss: 0.00, cost: 0.00 (124.41 ms/iter)
2019-04-04 16:10:52,759:INFO: Sequences: 115200, loss: 0.00, cost: 0.00 (143.49 ms/iter)
2019-04-04 16:10:54,029:INFO: Sequences: 115360, loss: 0.00, cost: 0.00 (126.95 ms/iter)
2019-04-04 16:10:55,230:INFO: Sequences: 115520, loss: 0.00, cost: 0.00 (120.11 ms/iter)
2019-04-04 16:10:57,153:INFO: Sequences: 115680, loss: 0.00, cost: 0.00 (192.34 ms/iter)
2019-04-04 16:10:58,612:INFO: Sequences: 115840, loss: 0.00, cost: 0.00 (145.93 ms/iter)
2019-04-04 16:10:59,735:INFO: Sequences: 116000, loss: 0.00, cost: 0.00 (112.27 ms/iter)
2019-04-04 16:11:01,434:INFO: Sequences: 116160, loss: 0.00, cost: 0.00 (169.89 ms/iter)
2019-04-04 16:11:03,014:INFO: Sequences: 116320, loss: 0.00, cost: 0.00 (157.97 ms/iter)
2019-04-04 16:11:04,718:INFO: Sequences: 116480, loss: 0.00, cost: 0.00 (170.46 ms/iter)
2019-04-04 16:11:06,346:INFO: Sequences: 116640, loss: 0.00, cost: 0.00 (162.76 ms/iter)
2019-04-04 16:11:07,464:INFO: Sequences: 116800, loss: 0.00, cost: 0.00 (111.77 ms/iter)
2019-04-04 16:11:09,140:INFO: Sequences: 116960, loss: 0.00, cost: 0.00 (167.60 ms/iter)
2019-04-04 16:11:10,651:INFO: Sequences: 117120, loss: 0.00, cost: 0.00 (151.14 ms/iter)
2019-04-04 16:11:11,731:INFO: Sequences: 117280, loss: 0.00, cost: 0.00 (108.03 ms/iter)
2019-04-04 16:11:12,867:INFO: Sequences: 117440, loss: 0.00, cost: 0.00 (113.53 ms/iter)
2019-04-04 16:11:14,682:INFO: Sequences: 117600, loss: 0.00, cost: 0.00 (181.50 ms/iter)
2019-04-04 16:11:15,947:INFO: Sequences: 117760, loss: 0.00, cost: 0.00 (126.54 ms/iter)
2019-04-04 16:11:17,203:INFO: Sequences: 117920, loss: 0.00, cost: 0.00 (125.60 ms/iter)
2019-04-04 16:11:18,437:INFO: Sequences: 118080, loss: 0.00, cost: 0.00 (123.44 ms/iter)
2019-04-04 16:11:20,024:INFO: Sequences: 118240, loss: 0.00, cost: 0.00 (158.66 ms/iter)
2019-04-04 16:11:21,485:INFO: Sequences: 118400, loss: 0.00, cost: 0.00 (146.09 ms/iter)
2019-04-04 16:11:23,309:INFO: Sequences: 118560, loss: 0.00, cost: 0.00 (182.43 ms/iter)
2019-04-04 16:11:24,587:INFO: Sequences: 118720, loss: 0.00, cost: 0.00 (127.77 ms/iter)
2019-04-04 16:11:26,205:INFO: Sequences: 118880, loss: 0.00, cost: 0.00 (161.82 ms/iter)
