2019-05-07 21:08:48,437:INFO: Loaded config:

2019-05-07 21:08:48,437:INFO: ==============================

2019-05-07 21:08:48,437:INFO: name: Repeat Copy NTM

task:
  name: repeat
  bit_width: 8
  min_rep: 1
  max_rep: 10
  min_len: 1
  max_len: 10
  batch_size: 16
  seed: 1

model:
  name: ntm
  mem_word_length: 20
  mem_cells_count: 128
  n_writes: 1
  n_reads: 1
  controller_n_hidden: 100
  controller_n_layers: 1
  clip_value: 20
  seed: 1

optimizer: rmsprop
learning_rate: 0.0003
momentum: 0.9
gradient_clipping: 10.0
gpu: true

checkpoint_interval: 500
report_interval: 200
verbose_interval: 10
exit_after: null

2019-05-07 21:08:48,437:INFO: ==============================

2019-05-07 21:08:48,437:INFO: Start training
2019-05-07 21:08:52,445:INFO: Loaded model
2019-05-07 21:08:52,446:INFO: Total number of parameters 63390
2019-05-07 21:08:52,462:INFO: Generating grammar tables from /usr/lib/python3.6/lib2to3/Grammar.txt
2019-05-07 21:08:52,486:INFO: Generating grammar tables from /usr/lib/python3.6/lib2to3/PatternGrammar.txt
2019-05-07 21:08:58,866:INFO: Iter: 10, Sequences: 160, loss: 192.41, cost: 128.25, (636.52 ms/iter)
2019-05-07 21:09:05,205:INFO: Iter: 20, Sequences: 320, loss: 175.63, cost: 120.74, (633.85 ms/iter)
2019-05-07 21:09:11,602:INFO: Iter: 30, Sequences: 480, loss: 174.54, cost: 120.99, (639.71 ms/iter)
2019-05-07 21:09:18,770:INFO: Iter: 40, Sequences: 640, loss: 187.97, cost: 127.25, (716.83 ms/iter)
2019-05-07 21:09:25,352:INFO: Iter: 50, Sequences: 800, loss: 160.80, cost: 107.97, (658.13 ms/iter)
2019-05-07 21:09:31,557:INFO: Iter: 60, Sequences: 960, loss: 171.48, cost: 116.34, (620.53 ms/iter)
2019-05-07 21:09:38,379:INFO: Iter: 70, Sequences: 1120, loss: 152.88, cost: 103.12, (682.16 ms/iter)
2019-05-07 21:09:44,229:INFO: Iter: 80, Sequences: 1280, loss: 164.15, cost: 111.61, (585.10 ms/iter)
2019-05-07 21:09:50,284:INFO: Iter: 90, Sequences: 1440, loss: 178.36, cost: 120.29, (605.48 ms/iter)
2019-05-07 21:09:55,972:INFO: Iter: 100, Sequences: 1600, loss: 173.52, cost: 117.78, (568.75 ms/iter)
2019-05-07 21:10:02,160:INFO: Iter: 110, Sequences: 1760, loss: 182.93, cost: 122.39, (618.82 ms/iter)
2019-05-07 21:10:09,231:INFO: Iter: 120, Sequences: 1920, loss: 165.20, cost: 110.51, (707.08 ms/iter)
2019-05-07 21:10:14,962:INFO: Iter: 130, Sequences: 2080, loss: 156.85, cost: 100.84, (573.10 ms/iter)
2019-05-07 21:10:21,605:INFO: Iter: 140, Sequences: 2240, loss: 191.90, cost: 125.11, (664.37 ms/iter)
2019-05-07 21:10:28,884:INFO: Iter: 150, Sequences: 2400, loss: 173.21, cost: 111.21, (727.89 ms/iter)
2019-05-07 21:10:34,900:INFO: Iter: 160, Sequences: 2560, loss: 167.72, cost: 108.24, (601.59 ms/iter)
2019-05-07 21:10:41,926:INFO: Iter: 170, Sequences: 2720, loss: 173.33, cost: 111.21, (702.52 ms/iter)
2019-05-07 21:10:48,029:INFO: Iter: 180, Sequences: 2880, loss: 171.04, cost: 108.50, (610.39 ms/iter)
2019-05-07 21:10:54,071:INFO: Iter: 190, Sequences: 3040, loss: 165.38, cost: 103.41, (604.14 ms/iter)
2019-05-07 21:11:00,464:INFO: Iter: 200, Sequences: 3200, loss: 190.94, cost: 119.24, (639.31 ms/iter)
2019-05-07 21:11:07,024:INFO: Iter: 210, Sequences: 3360, loss: 160.47, cost: 101.53, (655.99 ms/iter)
2019-05-07 21:11:12,932:INFO: Iter: 220, Sequences: 3520, loss: 153.95, cost: 94.64, (590.83 ms/iter)
2019-05-07 21:11:19,242:INFO: Iter: 230, Sequences: 3680, loss: 164.60, cost: 102.69, (631.03 ms/iter)
2019-05-07 21:11:25,625:INFO: Iter: 240, Sequences: 3840, loss: 161.59, cost: 97.79, (638.23 ms/iter)
2019-05-07 21:11:31,614:INFO: Iter: 250, Sequences: 4000, loss: 166.82, cost: 101.28, (598.93 ms/iter)
2019-05-07 21:11:38,205:INFO: Iter: 260, Sequences: 4160, loss: 163.93, cost: 99.38, (659.08 ms/iter)
2019-05-07 21:11:44,444:INFO: Iter: 270, Sequences: 4320, loss: 144.08, cost: 86.19, (623.92 ms/iter)
2019-05-07 21:11:50,099:INFO: Iter: 280, Sequences: 4480, loss: 137.50, cost: 82.16, (565.55 ms/iter)
2019-05-07 21:11:56,223:INFO: Iter: 290, Sequences: 4640, loss: 149.96, cost: 89.33, (612.40 ms/iter)
2019-05-07 21:12:03,545:INFO: Iter: 300, Sequences: 4800, loss: 170.93, cost: 104.28, (732.14 ms/iter)
2019-05-07 21:12:09,837:INFO: Iter: 310, Sequences: 4960, loss: 149.55, cost: 88.96, (629.20 ms/iter)
2019-05-07 21:12:16,329:INFO: Iter: 320, Sequences: 5120, loss: 155.19, cost: 91.36, (649.17 ms/iter)
2019-05-07 21:12:22,440:INFO: Iter: 330, Sequences: 5280, loss: 169.80, cost: 100.82, (611.18 ms/iter)
2019-05-07 21:12:30,145:INFO: Iter: 340, Sequences: 5440, loss: 150.97, cost: 90.64, (770.46 ms/iter)
2019-05-07 21:12:37,369:INFO: Iter: 350, Sequences: 5600, loss: 155.30, cost: 92.59, (722.42 ms/iter)
2019-05-07 21:12:43,790:INFO: Iter: 360, Sequences: 5760, loss: 159.25, cost: 96.05, (642.05 ms/iter)
2019-05-07 21:12:49,667:INFO: Iter: 370, Sequences: 5920, loss: 149.77, cost: 89.14, (587.75 ms/iter)
2019-05-07 21:12:55,944:INFO: Iter: 380, Sequences: 6080, loss: 176.65, cost: 104.76, (627.64 ms/iter)
2019-05-07 21:13:02,237:INFO: Iter: 390, Sequences: 6240, loss: 151.34, cost: 89.72, (629.30 ms/iter)
2019-05-07 21:13:08,624:INFO: Iter: 400, Sequences: 6400, loss: 155.56, cost: 92.16, (638.74 ms/iter)
2019-05-07 21:13:14,791:INFO: Iter: 410, Sequences: 6560, loss: 146.17, cost: 87.22, (616.70 ms/iter)
2019-05-07 21:13:21,757:INFO: Iter: 420, Sequences: 6720, loss: 158.28, cost: 94.74, (696.59 ms/iter)
2019-05-07 21:13:28,599:INFO: Iter: 430, Sequences: 6880, loss: 172.41, cost: 101.66, (684.19 ms/iter)
2019-05-07 21:13:34,675:INFO: Iter: 440, Sequences: 7040, loss: 151.51, cost: 91.56, (607.65 ms/iter)
2019-05-07 21:13:41,238:INFO: Iter: 450, Sequences: 7200, loss: 173.65, cost: 103.78, (656.25 ms/iter)
2019-05-07 21:13:47,690:INFO: Iter: 460, Sequences: 7360, loss: 163.78, cost: 97.58, (645.23 ms/iter)
2019-05-07 21:13:53,603:INFO: Iter: 470, Sequences: 7520, loss: 147.56, cost: 86.82, (591.29 ms/iter)
2019-05-07 21:13:59,836:INFO: Iter: 480, Sequences: 7680, loss: 157.30, cost: 91.94, (623.31 ms/iter)
2019-05-07 21:14:06,444:INFO: Iter: 490, Sequences: 7840, loss: 165.67, cost: 98.33, (660.80 ms/iter)
2019-05-07 21:14:12,824:INFO: Iter: 500, Sequences: 8000, loss: 163.93, cost: 96.54, (638.01 ms/iter)
2019-05-07 21:14:12,824:INFO: Saving checkpoint
2019-05-07 21:14:12,828:INFO: Validating model on longer sequences
2019-05-07 21:14:23,957:INFO: Iter: 510, Sequences: 8160, loss: 160.41, cost: 94.90, (1113.27 ms/iter)
2019-05-07 21:14:30,533:INFO: Iter: 520, Sequences: 8320, loss: 163.34, cost: 95.39, (657.58 ms/iter)
2019-05-07 21:14:37,518:INFO: Iter: 530, Sequences: 8480, loss: 160.23, cost: 94.87, (698.48 ms/iter)
2019-05-07 21:14:44,406:INFO: Iter: 540, Sequences: 8640, loss: 148.41, cost: 87.46, (688.80 ms/iter)
2019-05-07 21:14:50,344:INFO: Iter: 550, Sequences: 8800, loss: 140.36, cost: 83.49, (593.89 ms/iter)
2019-05-07 21:14:56,992:INFO: Iter: 560, Sequences: 8960, loss: 152.72, cost: 90.08, (664.74 ms/iter)
2019-05-07 21:15:03,825:INFO: Iter: 570, Sequences: 9120, loss: 151.69, cost: 89.32, (683.29 ms/iter)
2019-05-07 21:15:10,252:INFO: Iter: 580, Sequences: 9280, loss: 138.93, cost: 80.89, (642.76 ms/iter)
2019-05-07 21:15:16,556:INFO: Iter: 590, Sequences: 9440, loss: 146.82, cost: 85.86, (630.31 ms/iter)
2019-05-07 21:15:22,315:INFO: Iter: 600, Sequences: 9600, loss: 133.90, cost: 77.69, (575.97 ms/iter)
2019-05-07 21:15:29,225:INFO: Iter: 610, Sequences: 9760, loss: 149.33, cost: 89.16, (691.01 ms/iter)
2019-05-07 21:15:35,630:INFO: Iter: 620, Sequences: 9920, loss: 146.91, cost: 86.13, (640.51 ms/iter)
2019-05-07 21:15:41,444:INFO: Iter: 630, Sequences: 10080, loss: 140.58, cost: 83.11, (581.41 ms/iter)
2019-05-07 21:15:47,852:INFO: Iter: 640, Sequences: 10240, loss: 153.74, cost: 92.46, (640.76 ms/iter)
2019-05-07 21:15:54,865:INFO: Iter: 650, Sequences: 10400, loss: 156.13, cost: 90.89, (701.33 ms/iter)
2019-05-07 21:16:01,284:INFO: Iter: 660, Sequences: 10560, loss: 136.30, cost: 79.22, (641.87 ms/iter)
2019-05-07 21:16:07,852:INFO: Iter: 670, Sequences: 10720, loss: 126.85, cost: 73.29, (656.83 ms/iter)
2019-05-07 21:16:14,243:INFO: Iter: 680, Sequences: 10880, loss: 145.10, cost: 85.12, (639.05 ms/iter)
2019-05-07 21:16:20,930:INFO: Iter: 690, Sequences: 11040, loss: 154.55, cost: 90.27, (668.73 ms/iter)
2019-05-07 21:16:27,757:INFO: Iter: 700, Sequences: 11200, loss: 157.92, cost: 91.87, (682.70 ms/iter)
2019-05-07 21:16:34,704:INFO: Iter: 710, Sequences: 11360, loss: 133.51, cost: 75.84, (694.69 ms/iter)
2019-05-07 21:16:41,362:INFO: Iter: 720, Sequences: 11520, loss: 142.87, cost: 81.58, (665.80 ms/iter)
2019-05-07 21:16:47,903:INFO: Iter: 730, Sequences: 11680, loss: 135.30, cost: 77.91, (654.09 ms/iter)
2019-05-07 21:16:55,319:INFO: Iter: 740, Sequences: 11840, loss: 145.76, cost: 83.17, (741.60 ms/iter)
2019-05-07 21:17:02,607:INFO: Iter: 750, Sequences: 12000, loss: 136.37, cost: 77.12, (728.79 ms/iter)
2019-05-07 21:17:08,787:INFO: Iter: 760, Sequences: 12160, loss: 135.65, cost: 76.41, (618.00 ms/iter)
2019-05-07 21:17:16,034:INFO: Iter: 770, Sequences: 12320, loss: 159.62, cost: 93.51, (724.68 ms/iter)
2019-05-07 21:17:23,373:INFO: Iter: 780, Sequences: 12480, loss: 133.90, cost: 77.02, (733.90 ms/iter)
2019-05-07 21:17:30,039:INFO: Iter: 790, Sequences: 12640, loss: 132.08, cost: 76.64, (666.66 ms/iter)
2019-05-07 21:17:36,749:INFO: Iter: 800, Sequences: 12800, loss: 125.60, cost: 72.00, (671.00 ms/iter)
2019-05-07 21:17:44,438:INFO: Iter: 810, Sequences: 12960, loss: 139.88, cost: 80.08, (768.83 ms/iter)
2019-05-07 21:17:51,717:INFO: Iter: 820, Sequences: 13120, loss: 133.54, cost: 75.58, (727.96 ms/iter)
2019-05-07 21:17:58,351:INFO: Iter: 830, Sequences: 13280, loss: 137.71, cost: 78.67, (663.34 ms/iter)
2019-05-07 21:18:05,220:INFO: Iter: 840, Sequences: 13440, loss: 134.35, cost: 76.47, (686.90 ms/iter)
2019-05-07 21:18:11,587:INFO: Iter: 850, Sequences: 13600, loss: 125.77, cost: 70.97, (636.72 ms/iter)
2019-05-07 21:18:18,197:INFO: Iter: 860, Sequences: 13760, loss: 141.52, cost: 80.26, (660.98 ms/iter)
2019-05-07 21:18:25,315:INFO: Iter: 870, Sequences: 13920, loss: 149.23, cost: 84.20, (711.87 ms/iter)
2019-05-07 21:18:32,518:INFO: Iter: 880, Sequences: 14080, loss: 140.87, cost: 80.40, (720.21 ms/iter)
2019-05-07 21:18:39,635:INFO: Iter: 890, Sequences: 14240, loss: 154.91, cost: 88.49, (711.70 ms/iter)
2019-05-07 21:18:46,882:INFO: Iter: 900, Sequences: 14400, loss: 122.70, cost: 68.26, (724.71 ms/iter)
2019-05-07 21:18:53,588:INFO: Iter: 910, Sequences: 14560, loss: 128.54, cost: 74.74, (670.60 ms/iter)
2019-05-07 21:19:00,142:INFO: Iter: 920, Sequences: 14720, loss: 134.13, cost: 76.97, (655.43 ms/iter)
2019-05-07 21:19:06,502:INFO: Iter: 930, Sequences: 14880, loss: 117.12, cost: 64.84, (636.01 ms/iter)
2019-05-07 21:19:12,622:INFO: Iter: 940, Sequences: 15040, loss: 123.93, cost: 70.21, (612.01 ms/iter)
2019-05-07 21:19:19,005:INFO: Iter: 950, Sequences: 15200, loss: 134.21, cost: 74.40, (638.25 ms/iter)
2019-05-07 21:19:25,194:INFO: Iter: 960, Sequences: 15360, loss: 136.60, cost: 68.42, (618.96 ms/iter)
2019-05-07 21:19:31,258:INFO: Iter: 970, Sequences: 15520, loss: 157.67, cost: 95.61, (606.38 ms/iter)
2019-05-07 21:19:37,743:INFO: Iter: 980, Sequences: 15680, loss: 140.99, cost: 84.11, (648.53 ms/iter)
2019-05-07 21:19:44,531:INFO: Iter: 990, Sequences: 15840, loss: 145.60, cost: 85.46, (678.79 ms/iter)
2019-05-07 21:19:50,990:INFO: Iter: 1000, Sequences: 16000, loss: 151.84, cost: 89.27, (645.90 ms/iter)
2019-05-07 21:19:50,990:INFO: Saving checkpoint
2019-05-07 21:19:50,994:INFO: Validating model on longer sequences
2019-05-07 21:20:01,956:INFO: Iter: 1010, Sequences: 16160, loss: 118.47, cost: 66.24, (1096.54 ms/iter)
2019-05-07 21:20:08,309:INFO: Iter: 1020, Sequences: 16320, loss: 96.94, cost: 48.44, (635.31 ms/iter)
2019-05-07 21:20:14,535:INFO: Iter: 1030, Sequences: 16480, loss: 88.12, cost: 38.93, (622.66 ms/iter)
2019-05-07 21:20:20,943:INFO: Iter: 1040, Sequences: 16640, loss: 168.35, cost: 100.83, (640.80 ms/iter)
2019-05-07 21:20:27,663:INFO: Iter: 1050, Sequences: 16800, loss: 168.61, cost: 104.11, (672.00 ms/iter)
2019-05-07 21:20:34,402:INFO: Iter: 1060, Sequences: 16960, loss: 145.20, cost: 86.34, (673.85 ms/iter)
2019-05-07 21:20:40,775:INFO: Iter: 1070, Sequences: 17120, loss: 127.89, cost: 75.24, (637.37 ms/iter)
2019-05-07 21:20:47,011:INFO: Iter: 1080, Sequences: 17280, loss: 132.38, cost: 75.69, (623.59 ms/iter)
2019-05-07 21:20:53,217:INFO: Iter: 1090, Sequences: 17440, loss: 128.06, cost: 73.89, (620.54 ms/iter)
2019-05-07 21:20:59,740:INFO: Iter: 1100, Sequences: 17600, loss: 128.16, cost: 72.14, (652.28 ms/iter)
2019-05-07 21:21:06,322:INFO: Iter: 1110, Sequences: 17760, loss: 137.48, cost: 79.89, (658.29 ms/iter)
2019-05-07 21:21:13,281:INFO: Iter: 1120, Sequences: 17920, loss: 149.36, cost: 82.97, (695.88 ms/iter)
2019-05-07 21:21:19,834:INFO: Iter: 1130, Sequences: 18080, loss: 132.66, cost: 76.29, (655.28 ms/iter)
2019-05-07 21:21:27,201:INFO: Iter: 1140, Sequences: 18240, loss: 133.98, cost: 76.41, (736.66 ms/iter)
2019-05-07 21:21:33,425:INFO: Iter: 1150, Sequences: 18400, loss: 125.54, cost: 69.79, (622.46 ms/iter)
2019-05-07 21:21:40,005:INFO: Iter: 1160, Sequences: 18560, loss: 123.51, cost: 69.39, (657.99 ms/iter)
2019-05-07 21:21:46,911:INFO: Iter: 1170, Sequences: 18720, loss: 118.71, cost: 67.06, (690.60 ms/iter)
2019-05-07 21:21:53,203:INFO: Iter: 1180, Sequences: 18880, loss: 120.26, cost: 67.03, (629.19 ms/iter)
2019-05-07 21:21:59,956:INFO: Iter: 1190, Sequences: 19040, loss: 129.32, cost: 72.61, (675.26 ms/iter)
2019-05-07 21:22:06,528:INFO: Iter: 1200, Sequences: 19200, loss: 143.88, cost: 80.39, (657.20 ms/iter)
2019-05-07 21:22:12,654:INFO: Iter: 1210, Sequences: 19360, loss: 150.20, cost: 85.78, (612.63 ms/iter)
2019-05-07 21:22:19,344:INFO: Iter: 1220, Sequences: 19520, loss: 140.36, cost: 80.35, (669.01 ms/iter)
2019-05-07 21:22:26,272:INFO: Iter: 1230, Sequences: 19680, loss: 134.96, cost: 76.42, (692.82 ms/iter)
2019-05-07 21:22:33,019:INFO: Iter: 1240, Sequences: 19840, loss: 128.95, cost: 71.51, (674.63 ms/iter)
2019-05-07 21:22:39,715:INFO: Iter: 1250, Sequences: 20000, loss: 81.86, cost: 34.89, (669.60 ms/iter)
2019-05-07 21:22:47,377:INFO: Iter: 1260, Sequences: 20160, loss: 51.88, cost: 19.77, (766.23 ms/iter)
2019-05-07 21:22:53,964:INFO: Iter: 1270, Sequences: 20320, loss: 41.71, cost: 14.38, (658.68 ms/iter)
2019-05-07 21:23:00,407:INFO: Iter: 1280, Sequences: 20480, loss: 41.88, cost: 14.77, (644.37 ms/iter)
2019-05-07 21:23:06,822:INFO: Iter: 1290, Sequences: 20640, loss: 38.24, cost: 12.81, (641.41 ms/iter)
2019-05-07 21:23:13,706:INFO: Iter: 1300, Sequences: 20800, loss: 137.65, cost: 47.56, (688.48 ms/iter)
2019-05-07 21:23:19,894:INFO: Iter: 1310, Sequences: 20960, loss: 69.20, cost: 25.24, (618.81 ms/iter)
2019-05-07 21:23:26,048:INFO: Iter: 1320, Sequences: 21120, loss: 82.89, cost: 31.38, (615.32 ms/iter)
2019-05-07 21:23:32,138:INFO: Iter: 1330, Sequences: 21280, loss: 84.57, cost: 37.59, (609.02 ms/iter)
2019-05-07 21:23:38,101:INFO: Iter: 1340, Sequences: 21440, loss: 57.44, cost: 22.93, (596.36 ms/iter)
2019-05-07 21:23:43,772:INFO: Iter: 1350, Sequences: 21600, loss: 44.43, cost: 14.71, (567.07 ms/iter)
2019-05-07 21:23:49,979:INFO: Iter: 1360, Sequences: 21760, loss: 43.43, cost: 13.95, (620.73 ms/iter)
2019-05-07 21:23:56,858:INFO: Iter: 1370, Sequences: 21920, loss: 38.33, cost: 10.79, (687.90 ms/iter)
2019-05-07 21:24:03,461:INFO: Iter: 1380, Sequences: 22080, loss: 32.53, cost: 11.10, (660.22 ms/iter)
2019-05-07 21:24:10,024:INFO: Iter: 1390, Sequences: 22240, loss: 35.32, cost: 12.72, (656.37 ms/iter)
2019-05-07 21:24:16,686:INFO: Iter: 1400, Sequences: 22400, loss: 34.04, cost: 11.56, (666.20 ms/iter)
2019-05-07 21:24:23,776:INFO: Iter: 1410, Sequences: 22560, loss: 32.95, cost: 10.64, (709.00 ms/iter)
2019-05-07 21:24:30,104:INFO: Iter: 1420, Sequences: 22720, loss: 35.85, cost: 11.66, (632.78 ms/iter)
2019-05-07 21:24:36,570:INFO: Iter: 1430, Sequences: 22880, loss: 30.80, cost: 10.54, (646.55 ms/iter)
2019-05-07 21:24:42,791:INFO: Iter: 1440, Sequences: 23040, loss: 37.35, cost: 12.80, (622.12 ms/iter)
2019-05-07 21:24:49,514:INFO: Iter: 1450, Sequences: 23200, loss: 27.37, cost: 9.04, (672.28 ms/iter)
2019-05-07 21:24:56,632:INFO: Iter: 1460, Sequences: 23360, loss: 31.12, cost: 10.61, (711.83 ms/iter)
2019-05-07 21:25:03,225:INFO: Iter: 1470, Sequences: 23520, loss: 28.18, cost: 9.64, (659.32 ms/iter)
2019-05-07 21:25:10,001:INFO: Iter: 1480, Sequences: 23680, loss: 29.31, cost: 9.71, (677.54 ms/iter)
2019-05-07 21:25:16,590:INFO: Iter: 1490, Sequences: 23840, loss: 26.56, cost: 9.03, (658.96 ms/iter)
2019-05-07 21:25:22,956:INFO: Iter: 1500, Sequences: 24000, loss: 27.86, cost: 9.99, (636.56 ms/iter)
2019-05-07 21:25:22,956:INFO: Saving checkpoint
2019-05-07 21:25:22,960:INFO: Validating model on longer sequences
2019-05-07 21:25:35,783:INFO: Iter: 1510, Sequences: 24160, loss: 26.57, cost: 10.03, (1282.76 ms/iter)
2019-05-07 21:25:42,758:INFO: Iter: 1520, Sequences: 24320, loss: 24.55, cost: 8.64, (697.44 ms/iter)
2019-05-07 21:25:49,825:INFO: Iter: 1530, Sequences: 24480, loss: 32.95, cost: 11.50, (706.76 ms/iter)
2019-05-07 21:25:56,480:INFO: Iter: 1540, Sequences: 24640, loss: 25.70, cost: 9.18, (665.46 ms/iter)
2019-05-07 21:26:03,110:INFO: Iter: 1550, Sequences: 24800, loss: 24.71, cost: 8.54, (663.00 ms/iter)
2019-05-07 21:26:09,488:INFO: Iter: 1560, Sequences: 24960, loss: 24.79, cost: 9.12, (637.85 ms/iter)
2019-05-07 21:26:16,216:INFO: Iter: 1570, Sequences: 25120, loss: 29.10, cost: 10.16, (672.75 ms/iter)
2019-05-07 21:26:22,640:INFO: Iter: 1580, Sequences: 25280, loss: 41.20, cost: 14.79, (642.38 ms/iter)
2019-05-07 21:26:29,424:INFO: Iter: 1590, Sequences: 25440, loss: 55.57, cost: 20.73, (678.44 ms/iter)
2019-05-07 21:26:36,093:INFO: Iter: 1600, Sequences: 25600, loss: 36.26, cost: 14.25, (666.86 ms/iter)
2019-05-07 21:26:42,437:INFO: Iter: 1610, Sequences: 25760, loss: 28.30, cost: 10.51, (634.39 ms/iter)
2019-05-07 21:26:49,416:INFO: Iter: 1620, Sequences: 25920, loss: 25.30, cost: 9.01, (697.90 ms/iter)
2019-05-07 21:26:55,819:INFO: Iter: 1630, Sequences: 26080, loss: 23.86, cost: 9.33, (640.34 ms/iter)
2019-05-07 21:27:01,902:INFO: Iter: 1640, Sequences: 26240, loss: 23.81, cost: 8.96, (608.36 ms/iter)
2019-05-07 21:27:08,105:INFO: Iter: 1650, Sequences: 26400, loss: 38.86, cost: 14.88, (620.30 ms/iter)
2019-05-07 21:27:14,207:INFO: Iter: 1660, Sequences: 26560, loss: 51.03, cost: 15.38, (610.19 ms/iter)
2019-05-07 21:27:20,969:INFO: Iter: 1670, Sequences: 26720, loss: 24.31, cost: 7.88, (676.19 ms/iter)
2019-05-07 21:27:27,339:INFO: Iter: 1680, Sequences: 26880, loss: 21.90, cost: 8.95, (636.99 ms/iter)
2019-05-07 21:27:33,675:INFO: Iter: 1690, Sequences: 27040, loss: 22.49, cost: 8.38, (633.60 ms/iter)
2019-05-07 21:27:39,567:INFO: Iter: 1700, Sequences: 27200, loss: 21.39, cost: 7.83, (589.21 ms/iter)
2019-05-07 21:27:46,098:INFO: Iter: 1710, Sequences: 27360, loss: 19.46, cost: 7.51, (653.11 ms/iter)
2019-05-07 21:27:52,599:INFO: Iter: 1720, Sequences: 27520, loss: 19.13, cost: 7.34, (650.01 ms/iter)
2019-05-07 21:27:59,837:INFO: Iter: 1730, Sequences: 27680, loss: 18.44, cost: 6.56, (723.81 ms/iter)
2019-05-07 21:28:07,292:INFO: Iter: 1740, Sequences: 27840, loss: 18.06, cost: 7.16, (745.51 ms/iter)
2019-05-07 21:28:14,585:INFO: Iter: 1750, Sequences: 28000, loss: 19.34, cost: 8.67, (729.36 ms/iter)
2019-05-07 21:28:21,302:INFO: Iter: 1760, Sequences: 28160, loss: 18.70, cost: 6.76, (671.62 ms/iter)
2019-05-07 21:28:28,176:INFO: Iter: 1770, Sequences: 28320, loss: 18.11, cost: 6.64, (687.45 ms/iter)
2019-05-07 21:28:34,344:INFO: Iter: 1780, Sequences: 28480, loss: 17.96, cost: 6.84, (616.78 ms/iter)
2019-05-07 21:28:40,742:INFO: Iter: 1790, Sequences: 28640, loss: 15.67, cost: 5.56, (639.77 ms/iter)
2019-05-07 21:28:46,710:INFO: Iter: 1800, Sequences: 28800, loss: 14.24, cost: 5.45, (596.82 ms/iter)
2019-05-07 21:28:53,334:INFO: Iter: 1810, Sequences: 28960, loss: 14.24, cost: 5.16, (662.42 ms/iter)
2019-05-07 21:28:59,961:INFO: Iter: 1820, Sequences: 29120, loss: 14.13, cost: 5.41, (662.73 ms/iter)
2019-05-07 21:29:07,057:INFO: Iter: 1830, Sequences: 29280, loss: 14.03, cost: 4.87, (709.58 ms/iter)
2019-05-07 21:29:13,673:INFO: Iter: 1840, Sequences: 29440, loss: 12.91, cost: 5.13, (661.62 ms/iter)
2019-05-07 21:29:20,179:INFO: Iter: 1850, Sequences: 29600, loss: 13.21, cost: 4.94, (650.56 ms/iter)
2019-05-07 21:29:26,351:INFO: Iter: 1860, Sequences: 29760, loss: 12.61, cost: 4.76, (617.19 ms/iter)
2019-05-07 21:29:33,582:INFO: Iter: 1870, Sequences: 29920, loss: 12.52, cost: 4.26, (723.13 ms/iter)
2019-05-07 21:29:40,465:INFO: Iter: 1880, Sequences: 30080, loss: 12.24, cost: 4.63, (688.27 ms/iter)
2019-05-07 21:29:46,254:INFO: Iter: 1890, Sequences: 30240, loss: 12.04, cost: 4.56, (578.90 ms/iter)
2019-05-07 21:29:52,854:INFO: Iter: 1900, Sequences: 30400, loss: 12.06, cost: 4.77, (660.06 ms/iter)
2019-05-07 21:29:59,645:INFO: Iter: 1910, Sequences: 30560, loss: 11.49, cost: 4.12, (679.11 ms/iter)
2019-05-07 21:30:05,801:INFO: Iter: 1920, Sequences: 30720, loss: 10.83, cost: 3.98, (615.55 ms/iter)
2019-05-07 21:30:12,423:INFO: Iter: 1930, Sequences: 30880, loss: 9.98, cost: 3.48, (662.22 ms/iter)
2019-05-07 21:30:17,979:INFO: Iter: 1940, Sequences: 31040, loss: 9.15, cost: 3.26, (555.56 ms/iter)
2019-05-07 21:30:24,111:INFO: Iter: 1950, Sequences: 31200, loss: 8.54, cost: 3.01, (613.28 ms/iter)
2019-05-07 21:30:29,955:INFO: Iter: 1960, Sequences: 31360, loss: 9.54, cost: 3.17, (584.41 ms/iter)
2019-05-07 21:30:36,699:INFO: Iter: 1970, Sequences: 31520, loss: 10.12, cost: 3.79, (674.35 ms/iter)
2019-05-07 21:30:42,970:INFO: Iter: 1980, Sequences: 31680, loss: 8.47, cost: 3.16, (627.06 ms/iter)
2019-05-07 21:30:49,758:INFO: Iter: 1990, Sequences: 31840, loss: 8.97, cost: 3.09, (678.80 ms/iter)
2019-05-07 21:30:56,749:INFO: Iter: 2000, Sequences: 32000, loss: 7.66, cost: 2.57, (699.13 ms/iter)
2019-05-07 21:30:56,749:INFO: Saving checkpoint
2019-05-07 21:30:56,753:INFO: Validating model on longer sequences
2019-05-07 21:31:07,642:INFO: Iter: 2010, Sequences: 32160, loss: 7.29, cost: 2.25, (1089.35 ms/iter)
2019-05-07 21:31:14,090:INFO: Iter: 2020, Sequences: 32320, loss: 7.83, cost: 2.83, (644.82 ms/iter)
2019-05-07 21:31:19,830:INFO: Iter: 2030, Sequences: 32480, loss: 6.43, cost: 2.21, (573.92 ms/iter)
2019-05-07 21:31:26,643:INFO: Iter: 2040, Sequences: 32640, loss: 7.07, cost: 2.27, (681.32 ms/iter)
2019-05-07 21:31:32,469:INFO: Iter: 2050, Sequences: 32800, loss: 6.58, cost: 2.01, (582.59 ms/iter)
2019-05-07 21:31:38,564:INFO: Iter: 2060, Sequences: 32960, loss: 6.93, cost: 2.27, (609.47 ms/iter)
2019-05-07 21:31:45,352:INFO: Iter: 2070, Sequences: 33120, loss: 21.35, cost: 5.00, (678.85 ms/iter)
2019-05-07 21:31:51,620:INFO: Iter: 2080, Sequences: 33280, loss: 8.96, cost: 2.81, (626.82 ms/iter)
2019-05-07 21:31:57,123:INFO: Iter: 2090, Sequences: 33440, loss: 6.34, cost: 1.58, (550.29 ms/iter)
2019-05-07 21:32:03,230:INFO: Iter: 2100, Sequences: 33600, loss: 5.44, cost: 1.40, (610.67 ms/iter)
2019-05-07 21:32:09,760:INFO: Iter: 2110, Sequences: 33760, loss: 6.42, cost: 1.79, (653.06 ms/iter)
2019-05-07 21:32:16,493:INFO: Iter: 2120, Sequences: 33920, loss: 6.72, cost: 2.26, (673.30 ms/iter)
2019-05-07 21:32:22,556:INFO: Iter: 2130, Sequences: 34080, loss: 6.14, cost: 1.84, (606.24 ms/iter)
2019-05-07 21:32:28,527:INFO: Iter: 2140, Sequences: 34240, loss: 5.11, cost: 1.48, (597.07 ms/iter)
2019-05-07 21:32:34,890:INFO: Iter: 2150, Sequences: 34400, loss: 4.57, cost: 1.36, (636.39 ms/iter)
2019-05-07 21:32:40,854:INFO: Iter: 2160, Sequences: 34560, loss: 3.90, cost: 0.94, (596.34 ms/iter)
2019-05-07 21:32:47,045:INFO: Iter: 2170, Sequences: 34720, loss: 4.04, cost: 1.09, (619.07 ms/iter)
2019-05-07 21:32:53,040:INFO: Iter: 2180, Sequences: 34880, loss: 5.89, cost: 1.81, (599.57 ms/iter)
2019-05-07 21:32:59,539:INFO: Iter: 2190, Sequences: 35040, loss: 5.33, cost: 1.67, (649.88 ms/iter)
2019-05-07 21:33:06,526:INFO: Iter: 2200, Sequences: 35200, loss: 4.46, cost: 1.39, (698.65 ms/iter)
2019-05-07 21:33:13,564:INFO: Iter: 2210, Sequences: 35360, loss: 3.45, cost: 0.76, (703.88 ms/iter)
2019-05-07 21:33:20,258:INFO: Iter: 2220, Sequences: 35520, loss: 3.49, cost: 0.76, (669.37 ms/iter)
2019-05-07 21:33:26,144:INFO: Iter: 2230, Sequences: 35680, loss: 3.31, cost: 0.84, (588.57 ms/iter)
2019-05-07 21:33:33,002:INFO: Iter: 2240, Sequences: 35840, loss: 2.99, cost: 0.71, (685.78 ms/iter)
2019-05-07 21:33:39,468:INFO: Iter: 2250, Sequences: 36000, loss: 4.71, cost: 1.36, (646.61 ms/iter)
2019-05-07 21:33:45,783:INFO: Iter: 2260, Sequences: 36160, loss: 3.94, cost: 1.07, (631.56 ms/iter)
2019-05-07 21:33:52,492:INFO: Iter: 2270, Sequences: 36320, loss: 3.92, cost: 1.15, (670.88 ms/iter)
2019-05-07 21:33:59,263:INFO: Iter: 2280, Sequences: 36480, loss: 3.16, cost: 0.68, (677.14 ms/iter)
2019-05-07 21:34:05,217:INFO: Iter: 2290, Sequences: 36640, loss: 3.40, cost: 0.96, (595.34 ms/iter)
2019-05-07 21:34:12,090:INFO: Iter: 2300, Sequences: 36800, loss: 2.82, cost: 0.68, (687.35 ms/iter)
2019-05-07 21:34:18,447:INFO: Iter: 2310, Sequences: 36960, loss: 2.44, cost: 0.57, (635.62 ms/iter)
2019-05-07 21:34:25,405:INFO: Iter: 2320, Sequences: 37120, loss: 3.59, cost: 0.91, (695.84 ms/iter)
2019-05-07 21:34:31,453:INFO: Iter: 2330, Sequences: 37280, loss: 4.09, cost: 1.23, (604.84 ms/iter)
2019-05-07 21:34:37,998:INFO: Iter: 2340, Sequences: 37440, loss: 3.14, cost: 0.74, (654.44 ms/iter)
2019-05-07 21:34:43,853:INFO: Iter: 2350, Sequences: 37600, loss: 3.37, cost: 1.01, (585.54 ms/iter)
2019-05-07 21:34:49,666:INFO: Iter: 2360, Sequences: 37760, loss: 2.83, cost: 0.79, (581.27 ms/iter)
2019-05-07 21:34:56,962:INFO: Iter: 2370, Sequences: 37920, loss: 3.12, cost: 0.79, (729.63 ms/iter)
2019-05-07 21:35:03,200:INFO: Iter: 2380, Sequences: 38080, loss: 3.54, cost: 1.02, (623.76 ms/iter)
2019-05-07 21:35:09,453:INFO: Iter: 2390, Sequences: 38240, loss: 3.31, cost: 1.12, (625.36 ms/iter)
2019-05-07 21:35:15,457:INFO: Iter: 2400, Sequences: 38400, loss: 2.22, cost: 0.51, (600.33 ms/iter)
2019-05-07 21:35:21,965:INFO: Iter: 2410, Sequences: 38560, loss: 2.09, cost: 0.47, (650.81 ms/iter)
2019-05-07 21:35:28,057:INFO: Iter: 2420, Sequences: 38720, loss: 1.99, cost: 0.34, (609.23 ms/iter)
2019-05-07 21:35:34,234:INFO: Iter: 2430, Sequences: 38880, loss: 2.97, cost: 0.86, (617.69 ms/iter)
2019-05-07 21:35:40,927:INFO: Iter: 2440, Sequences: 39040, loss: 5.77, cost: 1.83, (669.30 ms/iter)
2019-05-07 21:35:47,432:INFO: Iter: 2450, Sequences: 39200, loss: 3.91, cost: 1.15, (650.46 ms/iter)
