2019-05-05 11:42:14,099:INFO: Loaded config
2019-05-05 11:42:14,099:INFO: ('name', 'Copy Q-learning NTM')
2019-05-05 11:42:14,099:INFO: ('seed', 1)
2019-05-05 11:42:14,099:INFO: ('gpu', True)
2019-05-05 11:42:14,099:INFO: ('task', {'name': 'sort', 'len_alphabet': 5, 'min_len': 1, 'max_len': 20, 'update_limit': 1.0, 'min_update_iters': 75})
2019-05-05 11:42:14,099:INFO: ('model', {'name': 'ntm', 'mem_word_length': 5, 'mem_cells_count': 128, 'n_writes': 1, 'n_reads': 1, 'controller_n_hidden': 256, 'controller_n_layers': 1, 'controller_clip': 20})
2019-05-05 11:42:14,099:INFO: ('train', {'checkpoint_interval': 1000, 'report_interval': 100, 'verbose_interval': 25, 'train_iterations': 18000, 'update_interval': 3, 'batch_size': 64, 'loss': 'mse'})
2019-05-05 11:42:14,099:INFO: ('q_learning', {'gamma': 0.999, 'alpha': 0.75, 'eps_start': 0.9, 'eps_restart': 0.15, 'eps_end': 0.05, 'eps_decay': 150})
2019-05-05 11:42:14,099:INFO: ('validation', {'iterations': 5, 'len_val_seqs': [25, 50, 75, 100, 150]})
2019-05-05 11:42:14,099:INFO: ('optim', {'optimizer': 'adam', 'learning_rate': 0.0001, 'momentum': 0.9, 'gradient_clipping': 15.0})
2019-05-05 11:42:14,099:INFO: ('path', PosixPath('experiments/sort_ntm'))
2019-05-05 11:42:14,099:INFO: ('tensorboard', PosixPath('experiments/sort_ntm/tensorboard'))
2019-05-05 11:42:14,099:INFO: ('checkpoints', PosixPath('experiments/sort_ntm/checkpoints'))
2019-05-05 11:42:14,099:INFO: Start training
2019-05-05 11:42:17,806:INFO: Loaded model
2019-05-05 11:42:17,806:INFO: Total number of parameters 285009
2019-05-05 11:42:31,085:INFO: Sequences: 0, Mean episode_total_rewards: -0.008484374999999999, loss_avg: 0.009477145075798034, epsilon: 0.9 curr_temp_size: 1 (530.86 ms/iter)
2019-05-05 11:42:31,086:INFO: Validating model on same-size sequences
2019-05-05 11:42:31,875:INFO: Validating model on longer sequences
2019-05-05 11:43:30,107:INFO: Validating model on same-size sequences
2019-05-05 11:44:14,931:INFO: Validating model on same-size sequences
2019-05-05 11:45:06,270:INFO: Validating model on same-size sequences
2019-05-05 11:46:06,225:INFO: Validating model on same-size sequences
2019-05-05 11:47:06,432:INFO: Validating model on same-size sequences
2019-05-05 11:48:04,434:INFO: Validating model on same-size sequences
2019-05-05 11:49:02,051:INFO: Validating model on same-size sequences
2019-05-05 11:50:01,401:INFO: Validating model on same-size sequences
2019-05-05 11:50:22,975:INFO: Sequences: 1600, Mean episode_total_rewards: -0.006734374999999999, loss_avg: 0.009303027391433715, epsilon: 0.8504998535466114 curr_temp_size: 1 (18875.58 ms/iter)
2019-05-05 11:51:02,717:INFO: Validating model on same-size sequences
2019-05-05 11:52:00,026:INFO: Validating model on same-size sequences
2019-05-05 11:53:00,092:INFO: Validating model on same-size sequences
2019-05-05 11:53:55,181:INFO: Validating model on same-size sequences
2019-05-05 11:54:50,621:INFO: Validating model on same-size sequences
2019-05-05 11:55:32,079:INFO: Validating model on same-size sequences
2019-05-05 11:56:10,355:INFO: Validating model on same-size sequences
2019-05-05 11:56:49,513:INFO: Validating model on same-size sequences
2019-05-05 11:57:15,496:INFO: Sequences: 3200, Mean episode_total_rewards: -0.0084140625, loss_avg: 0.008176103234291077, epsilon: 0.8089250439167868 curr_temp_size: 1 (16500.83 ms/iter)
2019-05-05 11:57:26,982:INFO: Validating model on same-size sequences
2019-05-05 11:58:01,115:INFO: Validating model on same-size sequences
2019-05-05 11:58:44,305:INFO: Validating model on same-size sequences
2019-05-05 11:59:27,623:INFO: Validating model on same-size sequences
2019-05-05 12:00:10,811:INFO: Validating model on same-size sequences
2019-05-05 12:00:54,950:INFO: Validating model on same-size sequences
2019-05-05 12:01:41,035:INFO: Validating model on same-size sequences
2019-05-05 12:02:19,963:INFO: Validating model on same-size sequences
2019-05-05 12:02:58,934:INFO: Sequences: 4800, Mean episode_total_rewards: -0.005671875, loss_avg: 0.009555094838142396, epsilon: 0.769509466157022 curr_temp_size: 1 (13737.54 ms/iter)
2019-05-05 12:02:58,939:INFO: Validating model on same-size sequences
2019-05-05 12:03:42,986:INFO: Validating model on same-size sequences
2019-05-05 12:04:27,560:INFO: Validating model on same-size sequences
2019-05-05 12:05:07,887:INFO: Validating model on same-size sequences
2019-05-05 12:05:44,865:INFO: Validating model on same-size sequences
2019-05-05 12:06:23,454:INFO: Validating model on same-size sequences
2019-05-05 12:07:05,727:INFO: Validating model on same-size sequences
2019-05-05 12:07:48,266:INFO: Validating model on same-size sequences
2019-05-05 12:08:32,680:INFO: Validating model on same-size sequences
2019-05-05 12:08:50,003:INFO: Sequences: 6400, Mean episode_total_rewards: -0.0020234374999999996, loss_avg: 0.011023573875427246, epsilon: 0.7276084968048195 curr_temp_size: 1 (14042.75 ms/iter)
2019-05-05 12:08:50,008:INFO: Validating model on longer sequences
2019-05-05 12:09:40,211:INFO: Validating model on same-size sequences
2019-05-05 12:10:24,771:INFO: Validating model on same-size sequences
2019-05-05 12:11:07,442:INFO: Validating model on same-size sequences
2019-05-05 12:11:45,059:INFO: Validating model on same-size sequences
2019-05-05 12:12:30,761:INFO: Validating model on same-size sequences
2019-05-05 12:13:12,169:INFO: Validating model on same-size sequences
2019-05-05 12:13:59,190:INFO: Validating model on same-size sequences
2019-05-05 12:14:41,751:INFO: Validating model on same-size sequences
2019-05-05 12:15:10,233:INFO: Sequences: 8000, Mean episode_total_rewards: -0.006011904761904762, loss_avg: 0.008760146498680114, epsilon: 0.6924161802373666 curr_temp_size: 1 (15209.21 ms/iter)
2019-05-05 12:15:22,861:INFO: Validating model on same-size sequences
2019-05-05 12:16:06,331:INFO: Validating model on same-size sequences
2019-05-05 12:16:55,761:INFO: Validating model on same-size sequences
2019-05-05 12:17:50,272:INFO: Validating model on same-size sequences
2019-05-05 12:18:55,483:INFO: Validating model on same-size sequences
2019-05-05 12:19:57,633:INFO: Validating model on same-size sequences
2019-05-05 12:21:03,380:INFO: Validating model on same-size sequences
2019-05-05 12:22:11,215:INFO: Validating model on same-size sequences
2019-05-05 12:23:19,402:INFO: Sequences: 9600, Mean episode_total_rewards: -0.007234375, loss_avg: 0.009351617097854615, epsilon: 0.6590516139877209 curr_temp_size: 1 (19566.77 ms/iter)
2019-05-05 12:23:19,408:INFO: Validating model on same-size sequences
2019-05-05 12:24:24,028:INFO: Validating model on same-size sequences
2019-05-05 12:25:29,184:INFO: Validating model on same-size sequences
2019-05-05 12:26:30,380:INFO: Validating model on same-size sequences
2019-05-05 12:27:33,341:INFO: Validating model on same-size sequences
2019-05-05 12:28:37,046:INFO: Validating model on same-size sequences
2019-05-05 12:29:37,414:INFO: Validating model on same-size sequences
2019-05-05 12:30:20,405:INFO: Validating model on same-size sequences
2019-05-05 12:31:05,340:INFO: Validating model on same-size sequences
2019-05-05 12:31:21,386:INFO: Sequences: 11200, Mean episode_total_rewards: -0.0072343749999999995, loss_avg: 0.00866701066493988, epsilon: 0.6235832091758798 curr_temp_size: 1 (19279.36 ms/iter)
2019-05-05 12:31:48,341:INFO: Validating model on same-size sequences
2019-05-05 12:32:29,929:INFO: Validating model on same-size sequences
2019-05-05 12:33:11,987:INFO: Validating model on same-size sequences
2019-05-05 12:33:58,163:INFO: Validating model on same-size sequences
2019-05-05 12:34:40,099:INFO: Validating model on same-size sequences
2019-05-05 12:35:28,252:INFO: Validating model on same-size sequences
2019-05-05 12:36:09,216:INFO: Validating model on same-size sequences
2019-05-05 12:36:53,157:INFO: Validating model on same-size sequences
2019-05-05 12:37:20,529:INFO: Sequences: 12800, Mean episode_total_rewards: -0.004239955357142857, loss_avg: 0.009204871654510498, epsilon: 0.5937935563449658 curr_temp_size: 1 (14365.69 ms/iter)
2019-05-05 12:37:20,530:INFO: Validating model on longer sequences
2019-05-05 12:37:55,819:INFO: Validating model on same-size sequences
2019-05-05 12:38:37,707:INFO: Validating model on same-size sequences
2019-05-05 12:39:20,866:INFO: Validating model on same-size sequences
2019-05-05 12:39:59,973:INFO: Validating model on same-size sequences
2019-05-05 12:40:41,210:INFO: Validating model on same-size sequences
2019-05-05 12:41:18,836:INFO: Validating model on same-size sequences
2019-05-05 12:41:59,469:INFO: Validating model on same-size sequences
2019-05-05 12:42:39,682:INFO: Validating model on same-size sequences
2019-05-05 12:43:18,260:INFO: Sequences: 14400, Mean episode_total_rewards: -0.0008303571428571428, loss_avg: 0.010629807710647582, epsilon: 0.5655510607557385 curr_temp_size: 1 (14309.26 ms/iter)
2019-05-05 12:43:18,267:INFO: Validating model on same-size sequences
2019-05-05 12:44:01,776:INFO: Validating model on same-size sequences
2019-05-05 12:44:42,129:INFO: Validating model on same-size sequences
2019-05-05 12:45:24,125:INFO: Validating model on same-size sequences
2019-05-05 12:46:13,402:INFO: Validating model on same-size sequences
2019-05-05 12:46:48,708:INFO: Validating model on same-size sequences
2019-05-05 12:47:29,961:INFO: Validating model on same-size sequences
2019-05-05 12:48:13,060:INFO: Validating model on same-size sequences
2019-05-05 12:49:03,716:INFO: Validating model on same-size sequences
2019-05-05 12:49:24,655:INFO: Sequences: 16000, Mean episode_total_rewards: -0.0037373511904761915, loss_avg: 0.00869594931602478, epsilon: 0.5355277042714927 curr_temp_size: 1 (14655.81 ms/iter)
2019-05-05 12:50:03,690:INFO: Validating model on same-size sequences
2019-05-05 12:51:03,607:INFO: Validating model on same-size sequences
2019-05-05 12:52:07,781:INFO: Validating model on same-size sequences
2019-05-05 12:53:13,495:INFO: Validating model on same-size sequences
2019-05-05 12:54:05,329:INFO: Validating model on same-size sequences
2019-05-05 12:55:12,221:INFO: Validating model on same-size sequences
2019-05-05 12:56:02,664:INFO: Validating model on same-size sequences
2019-05-05 12:56:45,258:INFO: Validating model on same-size sequences
2019-05-05 12:57:11,207:INFO: Sequences: 17600, Mean episode_total_rewards: -0.001234375, loss_avg: 0.011169273853302002, epsilon: 0.510311307559288 curr_temp_size: 1 (18662.05 ms/iter)
2019-05-05 12:57:25,755:INFO: Validating model on same-size sequences
2019-05-05 12:58:10,080:INFO: Validating model on same-size sequences
2019-05-05 12:59:13,839:INFO: Validating model on same-size sequences
2019-05-05 13:00:13,427:INFO: Validating model on same-size sequences
2019-05-05 13:01:13,414:INFO: Validating model on same-size sequences
2019-05-05 13:02:13,610:INFO: Validating model on same-size sequences
2019-05-05 13:03:15,145:INFO: Validating model on same-size sequences
2019-05-05 13:04:17,372:INFO: Validating model on same-size sequences
2019-05-05 13:05:20,891:INFO: Sequences: 19200, Mean episode_total_rewards: 0.00029017857142857133, loss_avg: 0.01052597999572754, epsilon: 0.4864045511777032 curr_temp_size: 1 (19587.38 ms/iter)
2019-05-05 13:05:20,895:INFO: Validating model on same-size sequences
2019-05-05 13:05:22,016:INFO: Validating model on longer sequences
2019-05-05 13:06:21,728:INFO: Validating model on same-size sequences
2019-05-05 13:07:07,938:INFO: Validating model on same-size sequences
2019-05-05 13:08:04,749:INFO: Validating model on same-size sequences
2019-05-05 13:09:04,886:INFO: Validating model on same-size sequences
2019-05-05 13:10:02,306:INFO: Validating model on same-size sequences
2019-05-05 13:10:58,984:INFO: Validating model on same-size sequences
2019-05-05 13:12:00,946:INFO: Validating model on same-size sequences
2019-05-05 13:13:02,818:INFO: Validating model on same-size sequences
2019-05-05 13:13:24,240:INFO: Sequences: 20800, Mean episode_total_rewards: 0.0007421875000000001, loss_avg: 0.010070117712020875, epsilon: 0.46099032859391303 curr_temp_size: 1 (19333.95 ms/iter)
2019-05-05 13:14:02,831:INFO: Validating model on same-size sequences
2019-05-05 13:15:06,140:INFO: Validating model on same-size sequences
2019-05-05 13:16:09,290:INFO: Validating model on same-size sequences
2019-05-05 13:17:06,550:INFO: Validating model on same-size sequences
2019-05-05 13:18:06,950:INFO: Validating model on same-size sequences
2019-05-05 13:19:03,687:INFO: Validating model on same-size sequences
2019-05-05 13:20:01,207:INFO: Validating model on same-size sequences
2019-05-05 13:20:58,957:INFO: Validating model on same-size sequences
2019-05-05 13:21:35,791:INFO: Sequences: 22400, Mean episode_total_rewards: 0.0013928571428571427, loss_avg: 0.00989114224910736, epsilon: 0.43964510960944 curr_temp_size: 1 (19662.03 ms/iter)
2019-05-05 13:21:56,678:INFO: Validating model on same-size sequences
2019-05-05 13:22:54,957:INFO: Validating model on same-size sequences
2019-05-05 13:23:55,859:INFO: Validating model on same-size sequences
2019-05-05 13:24:53,143:INFO: Validating model on same-size sequences
2019-05-05 13:25:54,510:INFO: Validating model on same-size sequences
2019-05-05 13:26:50,788:INFO: Validating model on same-size sequences
2019-05-05 13:27:51,461:INFO: Validating model on same-size sequences
2019-05-05 13:28:50,112:INFO: Validating model on same-size sequences
2019-05-05 13:29:49,117:INFO: Sequences: 24000, Mean episode_total_rewards: 0.0060725446428571426, loss_avg: 0.010997250080108642, epsilon: 0.41940847723101643 curr_temp_size: 1 (19733.05 ms/iter)
2019-05-05 13:29:49,118:INFO: Validating model on same-size sequences
2019-05-05 13:30:47,732:INFO: Validating model on same-size sequences
2019-05-05 13:31:49,856:INFO: Validating model on same-size sequences
2019-05-05 13:32:52,033:INFO: Validating model on same-size sequences
2019-05-05 13:33:43,848:INFO: Validating model on same-size sequences
2019-05-05 13:34:51,105:INFO: Validating model on same-size sequences
2019-05-05 13:36:00,193:INFO: Validating model on same-size sequences
2019-05-05 13:37:02,151:INFO: Validating model on same-size sequences
2019-05-05 13:38:05,849:INFO: Validating model on same-size sequences
2019-05-05 13:38:28,256:INFO: Sequences: 25600, Mean episode_total_rewards: 0.004800223214285715, loss_avg: 0.010757421255111694, epsilon: 0.39789580226153576 curr_temp_size: 1 (20765.58 ms/iter)
2019-05-05 13:38:28,423:INFO: Validating model on longer sequences
2019-05-05 13:39:18,252:INFO: Validating model on same-size sequences
2019-05-05 13:39:58,677:INFO: Validating model on same-size sequences
2019-05-05 13:40:40,722:INFO: Validating model on same-size sequences
2019-05-05 13:41:20,694:INFO: Validating model on same-size sequences
2019-05-05 13:42:11,570:INFO: Validating model on same-size sequences
2019-05-05 13:43:18,950:INFO: Validating model on same-size sequences
2019-05-05 13:44:28,340:INFO: Validating model on same-size sequences
2019-05-05 13:45:36,595:INFO: Validating model on same-size sequences
2019-05-05 13:46:23,809:INFO: Sequences: 27200, Mean episode_total_rewards: 0.010857886904761907, loss_avg: 0.010925425291061401, epsilon: 0.14544054797336464 curr_temp_size: 2 (19022.09 ms/iter)
2019-05-05 13:46:46,230:INFO: Validating model on same-size sequences
2019-05-05 13:47:54,994:INFO: Validating model on same-size sequences
2019-05-05 13:49:04,904:INFO: Validating model on same-size sequences
2019-05-05 13:50:16,752:INFO: Validating model on same-size sequences
2019-05-05 13:51:22,740:INFO: Validating model on same-size sequences
2019-05-05 13:52:35,677:INFO: Validating model on same-size sequences
2019-05-05 13:53:46,298:INFO: Validating model on same-size sequences
2019-05-05 13:54:57,375:INFO: Validating model on same-size sequences
2019-05-05 13:56:10,206:INFO: Sequences: 28800, Mean episode_total_rewards: 0.009504464285714284, loss_avg: 0.009821325540542603, epsilon: 0.14048374180359596 curr_temp_size: 2 (23455.88 ms/iter)
2019-05-05 13:56:10,223:INFO: Validating model on same-size sequences
2019-05-05 13:57:26,547:INFO: Validating model on same-size sequences
2019-05-05 13:58:47,674:INFO: Validating model on same-size sequences
2019-05-05 14:00:02,646:INFO: Validating model on same-size sequences
2019-05-05 14:01:15,171:INFO: Validating model on same-size sequences
2019-05-05 14:02:24,416:INFO: Validating model on same-size sequences
2019-05-05 14:03:36,468:INFO: Validating model on same-size sequences
2019-05-05 14:04:47,666:INFO: Validating model on same-size sequences
2019-05-05 14:06:00,847:INFO: Validating model on same-size sequences
2019-05-05 14:06:26,071:INFO: Sequences: 30400, Mean episode_total_rewards: 0.014309895833333334, loss_avg: 0.011784020662307739, epsilon: 0.13521437889662113 curr_temp_size: 2 (24634.63 ms/iter)
2019-05-05 14:07:10,612:INFO: Validating model on same-size sequences
2019-05-05 14:08:08,168:INFO: Validating model on same-size sequences
2019-05-05 14:08:56,980:INFO: Validating model on same-size sequences
2019-05-05 14:09:43,220:INFO: Validating model on same-size sequences
2019-05-05 14:10:56,909:INFO: Validating model on same-size sequences
2019-05-05 14:12:03,535:INFO: Validating model on same-size sequences
2019-05-05 14:13:13,945:INFO: Validating model on same-size sequences
2019-05-05 14:14:22,884:INFO: Validating model on same-size sequences
2019-05-05 14:15:16,259:INFO: Sequences: 32000, Mean episode_total_rewards: 0.012756696428571428, loss_avg: 0.01108681559562683, epsilon: 0.13078867967299912 curr_temp_size: 2 (21207.49 ms/iter)
2019-05-05 14:15:16,263:INFO: Validating model on longer sequences
2019-05-05 14:16:02,877:INFO: Validating model on same-size sequences
2019-05-05 14:17:10,295:INFO: Validating model on same-size sequences
2019-05-05 14:18:19,225:INFO: Validating model on same-size sequences
2019-05-05 14:19:32,228:INFO: Validating model on same-size sequences
2019-05-05 14:20:47,453:INFO: Validating model on same-size sequences
2019-05-05 14:21:58,493:INFO: Validating model on same-size sequences
2019-05-05 14:23:12,640:INFO: Validating model on same-size sequences
2019-05-05 14:24:25,680:INFO: Validating model on same-size sequences
2019-05-05 14:25:35,948:INFO: Sequences: 33600, Mean episode_total_rewards: 0.011034598214285714, loss_avg: 0.010859395265579224, epsilon: 0.12659283383646486 curr_temp_size: 2 (24787.59 ms/iter)
2019-05-05 14:25:35,949:INFO: Validating model on same-size sequences
2019-05-05 14:26:34,613:INFO: Validating model on same-size sequences
2019-05-05 14:27:41,314:INFO: Validating model on same-size sequences
2019-05-05 14:28:49,175:INFO: Validating model on same-size sequences
2019-05-05 14:30:01,108:INFO: Validating model on same-size sequences
2019-05-05 14:31:12,068:INFO: Validating model on same-size sequences
2019-05-05 14:32:27,104:INFO: Validating model on same-size sequences
2019-05-05 14:33:42,421:INFO: Validating model on same-size sequences
2019-05-05 14:34:58,489:INFO: Validating model on same-size sequences
2019-05-05 14:35:24,872:INFO: Sequences: 35200, Mean episode_total_rewards: 0.014352678571428572, loss_avg: 0.010294538736343384, epsilon: 0.12213241443389419 curr_temp_size: 2 (23556.93 ms/iter)
2019-05-05 14:36:11,112:INFO: Validating model on same-size sequences
2019-05-05 14:37:25,869:INFO: Validating model on same-size sequences
2019-05-05 14:38:41,998:INFO: Validating model on same-size sequences
2019-05-05 14:40:03,477:INFO: Validating model on same-size sequences
2019-05-05 14:41:20,133:INFO: Validating model on same-size sequences
2019-05-05 14:42:30,564:INFO: Validating model on same-size sequences
2019-05-05 14:43:45,402:INFO: Validating model on same-size sequences
2019-05-05 14:45:06,967:INFO: Validating model on same-size sequences
2019-05-05 14:46:01,806:INFO: Sequences: 36800, Mean episode_total_rewards: 0.012102678571428572, loss_avg: 0.00988655984401703, epsilon: 0.11838614092123557 curr_temp_size: 2 (25477.38 ms/iter)
2019-05-05 14:46:27,404:INFO: Validating model on same-size sequences
2019-05-05 14:47:45,180:INFO: Validating model on same-size sequences
2019-05-05 14:49:06,571:INFO: Validating model on same-size sequences
2019-05-05 14:50:26,168:INFO: Validating model on same-size sequences
2019-05-05 14:51:43,594:INFO: Validating model on same-size sequences
2019-05-05 14:53:04,467:INFO: Validating model on same-size sequences
2019-05-05 14:54:11,688:INFO: Validating model on same-size sequences
2019-05-05 14:55:16,981:INFO: Validating model on same-size sequences
2019-05-05 14:56:32,919:INFO: Sequences: 38400, Mean episode_total_rewards: 0.020183035714285716, loss_avg: 0.00985171616077423, epsilon: 0.11483443410015097 curr_temp_size: 2 (25244.52 ms/iter)
2019-05-05 14:56:32,940:INFO: Validating model on same-size sequences
2019-05-05 14:56:35,394:INFO: Validating model on longer sequences
2019-05-05 14:57:49,672:INFO: Validating model on same-size sequences
2019-05-05 14:59:12,154:INFO: Validating model on same-size sequences
2019-05-05 15:00:39,555:INFO: Validating model on same-size sequences
2019-05-05 15:02:01,512:INFO: Validating model on same-size sequences
2019-05-05 15:03:23,985:INFO: Validating model on same-size sequences
2019-05-05 15:04:50,459:INFO: Validating model on same-size sequences
2019-05-05 15:06:16,283:INFO: Validating model on same-size sequences
2019-05-05 15:07:35,710:INFO: Validating model on same-size sequences
2019-05-05 15:08:03,572:INFO: Sequences: 40000, Mean episode_total_rewards: 0.0183125, loss_avg: 0.009869408011436463, epsilon: 0.11105877059052738 curr_temp_size: 2 (27626.12 ms/iter)
2019-05-05 15:08:58,635:INFO: Validating model on same-size sequences
2019-05-05 15:10:19,587:INFO: Validating model on same-size sequences
2019-05-05 15:11:35,790:INFO: Validating model on same-size sequences
2019-05-05 15:12:57,363:INFO: Validating model on same-size sequences
2019-05-05 15:14:17,430:INFO: Validating model on same-size sequences
2019-05-05 15:15:38,545:INFO: Validating model on same-size sequences
2019-05-05 15:17:03,387:INFO: Validating model on same-size sequences
2019-05-05 15:18:26,251:INFO: Validating model on same-size sequences
2019-05-05 15:19:23,726:INFO: Sequences: 41600, Mean episode_total_rewards: 0.015450994318181817, loss_avg: 0.010532195568084718, epsilon: 0.10788761852562011 curr_temp_size: 2 (27206.14 ms/iter)
2019-05-05 15:19:48,606:INFO: Validating model on same-size sequences
2019-05-05 15:21:16,082:INFO: Validating model on same-size sequences
2019-05-05 15:22:42,547:INFO: Validating model on same-size sequences
2019-05-05 15:24:08,254:INFO: Validating model on same-size sequences
2019-05-05 15:25:30,884:INFO: Validating model on same-size sequences
2019-05-05 15:26:48,146:INFO: Validating model on same-size sequences
2019-05-05 15:28:12,776:INFO: Validating model on same-size sequences
2019-05-05 15:29:40,829:INFO: Validating model on same-size sequences
2019-05-05 15:31:00,719:INFO: Sequences: 43200, Mean episode_total_rewards: 0.018767857142857145, loss_avg: 0.008879163265228272, epsilon: 0.10488116360940264 curr_temp_size: 2 (27879.76 ms/iter)
2019-05-05 15:31:00,725:INFO: Validating model on same-size sequences
2019-05-05 15:32:26,453:INFO: Validating model on same-size sequences
2019-05-05 15:33:49,894:INFO: Validating model on same-size sequences
2019-05-05 15:35:09,573:INFO: Validating model on same-size sequences
2019-05-05 15:36:35,235:INFO: Validating model on same-size sequences
2019-05-05 15:38:01,943:INFO: Validating model on same-size sequences
2019-05-05 15:39:19,596:INFO: Validating model on same-size sequences
2019-05-05 15:40:43,321:INFO: Validating model on same-size sequences
2019-05-05 15:42:10,494:INFO: Validating model on same-size sequences
2019-05-05 15:42:35,347:INFO: Sequences: 44800, Mean episode_total_rewards: 0.014968750000000001, loss_avg: 0.009365029335021972, epsilon: 0.1016851334491699 curr_temp_size: 2 (27785.09 ms/iter)
2019-05-05 15:42:35,352:INFO: Validating model on longer sequences
2019-05-05 15:43:39,180:INFO: Validating model on same-size sequences
2019-05-05 15:44:38,105:INFO: Validating model on same-size sequences
2019-05-05 15:45:31,116:INFO: Validating model on same-size sequences
2019-05-05 15:46:27,386:INFO: Validating model on same-size sequences
2019-05-05 15:47:42,231:INFO: Validating model on same-size sequences
2019-05-05 15:49:12,792:INFO: Validating model on same-size sequences
2019-05-05 15:50:39,590:INFO: Validating model on same-size sequences
2019-05-05 15:52:09,367:INFO: Validating model on same-size sequences
2019-05-05 15:53:07,574:INFO: Sequences: 46400, Mean episode_total_rewards: 0.018656250000000003, loss_avg: 0.010258818864822388, epsilon: 0.09900081117937677 curr_temp_size: 2 (25289.09 ms/iter)
2019-05-05 15:53:32,883:INFO: Validating model on same-size sequences
2019-05-05 15:54:59,300:INFO: Validating model on same-size sequences
2019-05-05 15:56:22,932:INFO: Validating model on same-size sequences
2019-05-05 15:57:49,967:INFO: Validating model on same-size sequences
2019-05-05 15:59:13,430:INFO: Validating model on same-size sequences
2019-05-05 16:00:34,537:INFO: Validating model on same-size sequences
2019-05-05 16:01:59,635:INFO: Validating model on same-size sequences
2019-05-05 16:03:22,957:INFO: Validating model on same-size sequences
2019-05-05 16:04:49,453:INFO: Sequences: 48000, Mean episode_total_rewards: 0.01846949404761905, loss_avg: 0.00977426290512085, epsilon: 0.09645590203609114 curr_temp_size: 2 (28075.14 ms/iter)
2019-05-05 16:04:49,456:INFO: Validating model on same-size sequences
2019-05-05 16:06:12,790:INFO: Validating model on same-size sequences
2019-05-05 16:07:40,065:INFO: Validating model on same-size sequences
2019-05-05 16:09:05,967:INFO: Validating model on same-size sequences
2019-05-05 16:10:28,241:INFO: Validating model on same-size sequences
2019-05-05 16:11:53,831:INFO: Validating model on same-size sequences
2019-05-05 16:13:18,425:INFO: Validating model on same-size sequences
2019-05-05 16:14:39,731:INFO: Validating model on same-size sequences
2019-05-05 16:16:05,419:INFO: Validating model on same-size sequences
2019-05-05 16:16:36,123:INFO: Sequences: 49600, Mean episode_total_rewards: 0.020013392857142858, loss_avg: 0.009533694982528686, epsilon: 0.09375052091325492 curr_temp_size: 2 (28266.84 ms/iter)
2019-05-05 16:17:30,323:INFO: Validating model on same-size sequences
2019-05-05 16:18:42,515:INFO: Validating model on same-size sequences
2019-05-05 16:20:04,902:INFO: Validating model on same-size sequences
2019-05-05 16:21:29,310:INFO: Validating model on same-size sequences
2019-05-05 16:22:53,544:INFO: Validating model on same-size sequences
2019-05-05 16:24:18,269:INFO: Validating model on same-size sequences
2019-05-05 16:25:35,377:INFO: Validating model on same-size sequences
2019-05-05 16:27:06,402:INFO: Validating model on same-size sequences
2019-05-05 16:28:07,646:INFO: Sequences: 51200, Mean episode_total_rewards: 0.017685267857142858, loss_avg: 0.00891089916229248, epsilon: 0.09147829116815814 curr_temp_size: 2 (27660.91 ms/iter)
2019-05-05 16:28:07,679:INFO: Validating model on longer sequences
2019-05-05 16:28:53,042:INFO: Validating model on same-size sequences
2019-05-05 16:30:19,172:INFO: Validating model on same-size sequences
2019-05-05 16:31:41,646:INFO: Validating model on same-size sequences
2019-05-05 16:33:10,998:INFO: Validating model on same-size sequences
2019-05-05 16:34:34,361:INFO: Validating model on same-size sequences
2019-05-05 16:36:03,474:INFO: Validating model on same-size sequences
2019-05-05 16:37:31,588:INFO: Validating model on same-size sequences
2019-05-05 16:38:55,219:INFO: Validating model on same-size sequences
2019-05-05 16:40:25,014:INFO: Sequences: 52800, Mean episode_total_rewards: 0.015495535714285713, loss_avg: 0.010395658016204835, epsilon: 0.08932407208685983 curr_temp_size: 2 (29494.70 ms/iter)
2019-05-05 16:40:25,015:INFO: Validating model on same-size sequences
2019-05-05 16:41:52,413:INFO: Validating model on same-size sequences
2019-05-05 16:43:17,177:INFO: Validating model on same-size sequences
2019-05-05 16:44:39,823:INFO: Validating model on same-size sequences
2019-05-05 16:46:00,545:INFO: Validating model on same-size sequences
2019-05-05 16:47:21,647:INFO: Validating model on same-size sequences
2019-05-05 16:48:45,883:INFO: Validating model on same-size sequences
2019-05-05 16:50:09,307:INFO: Validating model on same-size sequences
2019-05-05 16:51:36,046:INFO: Validating model on same-size sequences
2019-05-05 16:52:06,008:INFO: Sequences: 54400, Mean episode_total_rewards: 0.015723214285714285, loss_avg: 0.011615582704544068, epsilon: 0.08703401640751492 curr_temp_size: 2 (28039.80 ms/iter)
2019-05-05 16:53:00,990:INFO: Validating model on same-size sequences
2019-05-05 16:54:28,477:INFO: Validating model on same-size sequences
2019-05-05 16:55:53,715:INFO: Validating model on same-size sequences
2019-05-05 16:57:20,094:INFO: Validating model on same-size sequences
2019-05-05 16:58:46,567:INFO: Validating model on same-size sequences
2019-05-05 17:00:15,032:INFO: Validating model on same-size sequences
2019-05-05 17:01:44,971:INFO: Validating model on same-size sequences
2019-05-05 17:03:13,688:INFO: Validating model on same-size sequences
2019-05-05 17:04:11,083:INFO: Sequences: 56000, Mean episode_total_rewards: 0.016226663961038962, loss_avg: 0.010305094718933105, epsilon: 0.08511061545353762 curr_temp_size: 2 (29002.99 ms/iter)
2019-05-05 17:04:35,069:INFO: Validating model on same-size sequences
2019-05-05 17:05:39,137:INFO: Validating model on same-size sequences
2019-05-05 17:07:10,627:INFO: Validating model on same-size sequences
2019-05-05 17:08:39,403:INFO: Validating model on same-size sequences
2019-05-05 17:10:11,725:INFO: Validating model on same-size sequences
2019-05-05 17:11:37,573:INFO: Validating model on same-size sequences
2019-05-05 17:13:09,157:INFO: Validating model on same-size sequences
2019-05-05 17:14:39,061:INFO: Validating model on same-size sequences
2019-05-05 17:16:03,212:INFO: Sequences: 57600, Mean episode_total_rewards: 0.020707589285714288, loss_avg: 0.009460111260414123, epsilon: 0.08328710836980796 curr_temp_size: 2 (28485.17 ms/iter)
2019-05-05 17:16:03,213:INFO: Validating model on same-size sequences
2019-05-05 17:16:06,161:INFO: Validating model on longer sequences
2019-05-05 17:17:56,917:INFO: Validating model on same-size sequences
2019-05-05 17:19:29,728:INFO: Validating model on same-size sequences
2019-05-05 17:21:02,033:INFO: Validating model on same-size sequences
2019-05-05 17:22:33,042:INFO: Validating model on same-size sequences
2019-05-05 17:23:59,036:INFO: Validating model on same-size sequences
2019-05-05 17:25:29,240:INFO: Validating model on same-size sequences
2019-05-05 17:26:59,793:INFO: Validating model on same-size sequences
2019-05-05 17:28:31,027:INFO: Validating model on same-size sequences
2019-05-05 17:29:03,857:INFO: Sequences: 59200, Mean episode_total_rewards: 0.015613230519480518, loss_avg: 0.009676222801208495, epsilon: 0.08134861808826054 curr_temp_size: 2 (31225.77 ms/iter)
2019-05-05 17:30:04,725:INFO: Validating model on same-size sequences
2019-05-05 17:31:25,613:INFO: Validating model on same-size sequences
2019-05-05 17:32:34,713:INFO: Validating model on same-size sequences
2019-05-05 17:33:37,823:INFO: Validating model on same-size sequences
2019-05-05 17:34:24,608:INFO: Validating model on same-size sequences
2019-05-05 17:35:12,965:INFO: Validating model on same-size sequences
2019-05-05 17:36:09,082:INFO: Validating model on same-size sequences
2019-05-05 17:36:59,427:INFO: Validating model on same-size sequences
2019-05-05 17:37:39,035:INFO: Sequences: 60800, Mean episode_total_rewards: 0.019218749999999996, loss_avg: 0.009942786693572998, epsilon: 0.07972049433108158 curr_temp_size: 2 (20607.14 ms/iter)
2019-05-05 17:37:57,912:INFO: Validating model on same-size sequences
2019-05-05 17:38:58,437:INFO: Validating model on same-size sequences
2019-05-05 17:39:59,394:INFO: Validating model on same-size sequences
2019-05-05 17:40:58,736:INFO: Validating model on same-size sequences
2019-05-05 17:42:18,403:INFO: Validating model on same-size sequences
2019-05-05 17:43:44,203:INFO: Validating model on same-size sequences
2019-05-05 17:45:10,972:INFO: Validating model on same-size sequences
2019-05-05 17:46:42,754:INFO: Validating model on same-size sequences
2019-05-05 17:48:11,812:INFO: Sequences: 62400, Mean episode_total_rewards: 0.02135491071428572, loss_avg: 0.008856319189071656, epsilon: 0.07817692890949583 curr_temp_size: 2 (25311.10 ms/iter)
2019-05-05 17:48:11,813:INFO: Validating model on same-size sequences
2019-05-05 17:49:41,295:INFO: Validating model on same-size sequences
2019-05-05 17:51:10,270:INFO: Validating model on same-size sequences
2019-05-05 17:52:37,596:INFO: Validating model on same-size sequences
2019-05-05 17:54:07,863:INFO: Validating model on same-size sequences
2019-05-05 17:55:32,691:INFO: Validating model on same-size sequences
2019-05-05 17:56:50,297:INFO: Validating model on same-size sequences
2019-05-05 17:57:57,579:INFO: Validating model on same-size sequences
2019-05-05 17:59:03,694:INFO: Validating model on same-size sequences
2019-05-05 17:59:30,423:INFO: Sequences: 64000, Mean episode_total_rewards: 0.016307291666666668, loss_avg: 0.009787079095840454, epsilon: 0.07653603231228788 curr_temp_size: 2 (27144.41 ms/iter)
2019-05-05 17:59:30,432:INFO: Validating model on longer sequences
2019-05-05 18:00:29,195:INFO: Validating model on same-size sequences
2019-05-05 18:01:53,368:INFO: Validating model on same-size sequences
2019-05-05 18:03:24,459:INFO: Validating model on same-size sequences
2019-05-05 18:04:55,748:INFO: Validating model on same-size sequences
2019-05-05 18:06:20,824:INFO: Validating model on same-size sequences
2019-05-05 18:07:46,981:INFO: Validating model on same-size sequences
2019-05-05 18:09:16,128:INFO: Validating model on same-size sequences
2019-05-05 18:10:46,676:INFO: Validating model on same-size sequences
2019-05-05 18:11:49,997:INFO: Sequences: 65600, Mean episode_total_rewards: 0.020184523809523805, loss_avg: 0.010832668542861938, epsilon: 0.07515785530597566 curr_temp_size: 2 (29582.98 ms/iter)
2019-05-05 18:12:18,475:INFO: Validating model on same-size sequences
2019-05-05 18:13:47,290:INFO: Validating model on same-size sequences
2019-05-05 18:15:20,182:INFO: Validating model on same-size sequences
2019-05-05 18:16:43,995:INFO: Validating model on same-size sequences
2019-05-05 18:18:14,565:INFO: Validating model on same-size sequences
2019-05-05 18:19:45,740:INFO: Validating model on same-size sequences
2019-05-05 18:21:16,537:INFO: Validating model on same-size sequences
2019-05-05 18:22:32,940:INFO: Validating model on same-size sequences
2019-05-05 18:24:01,343:INFO: Sequences: 67200, Mean episode_total_rewards: 0.013656622023809524, loss_avg: 0.009593969583511353, epsilon: 0.14867551618071956 curr_temp_size: 3 (29253.82 ms/iter)
2019-05-05 18:24:01,372:INFO: Validating model on same-size sequences
2019-05-05 18:25:35,310:INFO: Validating model on same-size sequences
2019-05-05 18:27:08,297:INFO: Validating model on same-size sequences
2019-05-05 18:28:22,472:INFO: Validating model on same-size sequences
2019-05-05 18:29:24,727:INFO: Validating model on same-size sequences
2019-05-05 18:30:51,849:INFO: Validating model on same-size sequences
2019-05-05 18:32:29,098:INFO: Validating model on same-size sequences
2019-05-05 18:34:06,230:INFO: Validating model on same-size sequences
2019-05-05 18:35:39,277:INFO: Validating model on same-size sequences
2019-05-05 18:36:10,626:INFO: Sequences: 68800, Mean episode_total_rewards: 0.022244791666666663, loss_avg: 0.008731101155281067, epsilon: 0.14292910147212035 curr_temp_size: 3 (29171.35 ms/iter)
2019-05-05 18:37:10,191:INFO: Validating model on same-size sequences
2019-05-05 18:38:49,225:INFO: Validating model on same-size sequences
2019-05-05 18:40:19,692:INFO: Validating model on same-size sequences
2019-05-05 18:41:34,041:INFO: Validating model on same-size sequences
2019-05-05 18:42:38,941:INFO: Validating model on same-size sequences
2019-05-05 18:43:44,849:INFO: Validating model on same-size sequences
2019-05-05 18:45:16,395:INFO: Validating model on same-size sequences
2019-05-05 18:46:53,155:INFO: Validating model on same-size sequences
2019-05-05 18:47:54,428:INFO: Sequences: 70400, Mean episode_total_rewards: 0.01836532738095238, loss_avg: 0.009812158942222595, epsilon: 0.13810272994231082 curr_temp_size: 3 (28152.05 ms/iter)
2019-05-05 18:47:54,434:INFO: Validating model on longer sequences
2019-05-05 18:48:37,879:INFO: Validating model on same-size sequences
2019-05-05 18:50:03,505:INFO: Validating model on same-size sequences
2019-05-05 18:51:35,943:INFO: Validating model on same-size sequences
2019-05-05 18:53:09,166:INFO: Validating model on same-size sequences
2019-05-05 18:54:39,951:INFO: Validating model on same-size sequences
2019-05-05 18:56:10,019:INFO: Validating model on same-size sequences
2019-05-05 18:57:46,914:INFO: Validating model on same-size sequences
2019-05-05 18:59:20,700:INFO: Validating model on same-size sequences
2019-05-05 19:00:55,360:INFO: Sequences: 72000, Mean episode_total_rewards: 0.013112723214285716, loss_avg: 0.01249946117401123, epsilon: 0.1335270211411272 curr_temp_size: 3 (31237.30 ms/iter)
2019-05-05 19:00:55,363:INFO: Validating model on same-size sequences
2019-05-05 19:02:21,624:INFO: Validating model on same-size sequences
2019-05-05 19:03:49,065:INFO: Validating model on same-size sequences
2019-05-05 19:05:23,466:INFO: Validating model on same-size sequences
2019-05-05 19:07:00,898:INFO: Validating model on same-size sequences
2019-05-05 19:08:38,431:INFO: Validating model on same-size sequences
2019-05-05 19:10:15,943:INFO: Validating model on same-size sequences
2019-05-05 19:11:34,013:INFO: Validating model on same-size sequences
2019-05-05 19:13:03,239:INFO: Validating model on same-size sequences
2019-05-05 19:13:39,722:INFO: Sequences: 73600, Mean episode_total_rewards: 0.011394581980519482, loss_avg: 0.010184774398803711, epsilon: 0.12866278610665532 curr_temp_size: 3 (30574.47 ms/iter)
2019-05-05 19:14:40,240:INFO: Validating model on same-size sequences
2019-05-05 19:16:12,645:INFO: Validating model on same-size sequences
2019-05-05 19:17:41,575:INFO: Validating model on same-size sequences
2019-05-05 19:19:16,787:INFO: Validating model on same-size sequences
2019-05-05 19:20:42,013:INFO: Validating model on same-size sequences
2019-05-05 19:21:48,942:INFO: Validating model on same-size sequences
2019-05-05 19:22:44,342:INFO: Validating model on same-size sequences
2019-05-05 19:23:43,417:INFO: Validating model on same-size sequences
2019-05-05 19:24:19,763:INFO: Sequences: 75200, Mean episode_total_rewards: 0.01894494047619048, loss_avg: 0.01000519871711731, epsilon: 0.12457735080913922 curr_temp_size: 3 (25601.67 ms/iter)
2019-05-05 19:24:33,878:INFO: Validating model on same-size sequences
2019-05-05 19:25:09,917:INFO: Validating model on same-size sequences
2019-05-05 19:25:48,957:INFO: Validating model on same-size sequences
2019-05-05 19:26:44,566:INFO: Validating model on same-size sequences
2019-05-05 19:27:51,079:INFO: Validating model on same-size sequences
2019-05-05 19:29:02,289:INFO: Validating model on same-size sequences
2019-05-05 19:30:14,488:INFO: Validating model on same-size sequences
2019-05-05 19:31:24,255:INFO: Validating model on same-size sequences
2019-05-05 19:32:38,468:INFO: Sequences: 76800, Mean episode_total_rewards: 0.01555766369047619, loss_avg: 0.01100692868232727, epsilon: 0.12070409693051613 curr_temp_size: 3 (19948.17 ms/iter)
2019-05-05 19:32:38,468:INFO: Validating model on same-size sequences
2019-05-05 19:32:42,127:INFO: Validating model on longer sequences
2019-05-05 19:34:21,484:INFO: Validating model on same-size sequences
2019-05-05 19:35:36,839:INFO: Validating model on same-size sequences
2019-05-05 19:36:49,125:INFO: Validating model on same-size sequences
2019-05-05 19:37:55,058:INFO: Validating model on same-size sequences
2019-05-05 19:39:08,055:INFO: Validating model on same-size sequences
2019-05-05 19:40:18,268:INFO: Validating model on same-size sequences
2019-05-05 19:41:28,553:INFO: Validating model on same-size sequences
2019-05-05 19:42:37,385:INFO: Validating model on same-size sequences
2019-05-05 19:43:01,427:INFO: Sequences: 78400, Mean episode_total_rewards: 0.016315104166666664, loss_avg: 0.010546348094940185, epsilon: 0.11658661086826304 curr_temp_size: 3 (24918.38 ms/iter)
2019-05-05 19:43:44,573:INFO: Validating model on same-size sequences
2019-05-05 19:44:56,091:INFO: Validating model on same-size sequences
2019-05-05 19:46:04,605:INFO: Validating model on same-size sequences
2019-05-05 19:47:08,655:INFO: Validating model on same-size sequences
2019-05-05 19:48:20,964:INFO: Validating model on same-size sequences
2019-05-05 19:49:27,731:INFO: Validating model on same-size sequences
2019-05-05 19:50:33,625:INFO: Validating model on same-size sequences
2019-05-05 19:51:51,915:INFO: Validating model on same-size sequences
2019-05-05 19:52:44,086:INFO: Sequences: 80000, Mean episode_total_rewards: 0.01894010416666667, loss_avg: 0.009517212510108947, epsilon: 0.1131283645506926 curr_temp_size: 3 (23306.36 ms/iter)
2019-05-05 19:53:06,175:INFO: Validating model on same-size sequences
2019-05-05 19:54:17,292:INFO: Validating model on same-size sequences
2019-05-05 19:55:28,714:INFO: Validating model on same-size sequences
2019-05-05 19:56:31,941:INFO: Validating model on same-size sequences
2019-05-05 19:57:40,135:INFO: Validating model on same-size sequences
2019-05-05 19:58:50,032:INFO: Validating model on same-size sequences
2019-05-05 20:00:02,120:INFO: Validating model on same-size sequences
2019-05-05 20:01:18,520:INFO: Validating model on same-size sequences
2019-05-05 20:02:27,172:INFO: Sequences: 81600, Mean episode_total_rewards: 0.018107886904761908, loss_avg: 0.010002068281173705, epsilon: 0.10984972592657648 curr_temp_size: 3 (23323.45 ms/iter)
2019-05-05 20:02:27,173:INFO: Validating model on same-size sequences
2019-05-05 20:03:33,711:INFO: Validating model on same-size sequences
2019-05-05 20:04:49,932:INFO: Validating model on same-size sequences
2019-05-05 20:06:01,853:INFO: Validating model on same-size sequences
2019-05-05 20:07:09,909:INFO: Validating model on same-size sequences
2019-05-05 20:08:22,195:INFO: Validating model on same-size sequences
2019-05-05 20:09:28,519:INFO: Validating model on same-size sequences
2019-05-05 20:10:40,285:INFO: Validating model on same-size sequences
2019-05-05 20:11:56,266:INFO: Validating model on same-size sequences
2019-05-05 20:12:21,112:INFO: Sequences: 83200, Mean episode_total_rewards: 0.018015252976190478, loss_avg: 0.009623308777809142, epsilon: 0.10636434922238741 curr_temp_size: 3 (23757.60 ms/iter)
2019-05-05 20:12:21,140:INFO: Validating model on longer sequences
2019-05-05 20:13:34,051:INFO: Validating model on same-size sequences
2019-05-05 20:14:43,674:INFO: Validating model on same-size sequences
2019-05-05 20:15:56,062:INFO: Validating model on same-size sequences
2019-05-05 20:17:04,803:INFO: Validating model on same-size sequences
2019-05-05 20:18:18,033:INFO: Validating model on same-size sequences
2019-05-05 20:19:29,360:INFO: Validating model on same-size sequences
2019-05-05 20:20:45,656:INFO: Validating model on same-size sequences
2019-05-05 20:21:51,876:INFO: Validating model on same-size sequences
2019-05-05 20:22:39,090:INFO: Sequences: 84800, Mean episode_total_rewards: 0.019953869047619047, loss_avg: 0.010271767377853394, epsilon: 0.10343700691439375 curr_temp_size: 3 (24719.11 ms/iter)
2019-05-05 20:23:01,925:INFO: Validating model on same-size sequences
2019-05-05 20:24:09,973:INFO: Validating model on same-size sequences
2019-05-05 20:25:16,691:INFO: Validating model on same-size sequences
2019-05-05 20:26:20,832:INFO: Validating model on same-size sequences
2019-05-05 20:27:25,585:INFO: Validating model on same-size sequences
2019-05-05 20:28:34,128:INFO: Validating model on same-size sequences
2019-05-05 20:29:45,842:INFO: Validating model on same-size sequences
2019-05-05 20:30:57,947:INFO: Validating model on same-size sequences
2019-05-05 20:32:04,707:INFO: Sequences: 86400, Mean episode_total_rewards: 0.01791443452380952, loss_avg: 0.009111581444740295, epsilon: 0.10066169923655896 curr_temp_size: 3 (22624.68 ms/iter)
2019-05-05 20:32:04,708:INFO: Validating model on same-size sequences
2019-05-05 20:33:09,671:INFO: Validating model on same-size sequences
2019-05-05 20:34:08,653:INFO: Validating model on same-size sequences
2019-05-05 20:34:57,170:INFO: Validating model on same-size sequences
2019-05-05 20:35:42,616:INFO: Validating model on same-size sequences
2019-05-05 20:36:45,984:INFO: Validating model on same-size sequences
2019-05-05 20:37:46,117:INFO: Validating model on same-size sequences
2019-05-05 20:38:47,892:INFO: Validating model on same-size sequences
2019-05-05 20:39:33,107:INFO: Validating model on same-size sequences
2019-05-05 20:39:47,188:INFO: Sequences: 88000, Mean episode_total_rewards: 0.018627232142857143, loss_avg: 0.009468889832496642, epsilon: 0.09771139155210343 curr_temp_size: 3 (18499.23 ms/iter)
2019-05-05 20:40:14,429:INFO: Validating model on same-size sequences
2019-05-05 20:41:10,115:INFO: Validating model on same-size sequences
2019-05-05 20:42:11,683:INFO: Validating model on same-size sequences
2019-05-05 20:43:14,143:INFO: Validating model on same-size sequences
2019-05-05 20:44:23,448:INFO: Validating model on same-size sequences
2019-05-05 20:45:35,978:INFO: Validating model on same-size sequences
2019-05-05 20:46:47,989:INFO: Validating model on same-size sequences
2019-05-05 20:48:04,658:INFO: Validating model on same-size sequences
2019-05-05 20:48:55,052:INFO: Sequences: 89600, Mean episode_total_rewards: 0.021012276785714285, loss_avg: 0.009180344343185425, epsilon: 0.0952334497858877 curr_temp_size: 3 (21914.57 ms/iter)
2019-05-05 20:48:55,053:INFO: Validating model on longer sequences
2019-05-05 20:49:42,912:INFO: Validating model on same-size sequences
2019-05-05 20:50:52,860:INFO: Validating model on same-size sequences
2019-05-05 20:52:00,910:INFO: Validating model on same-size sequences
2019-05-05 20:53:13,012:INFO: Validating model on same-size sequences
2019-05-05 20:54:25,074:INFO: Validating model on same-size sequences
2019-05-05 20:55:36,981:INFO: Validating model on same-size sequences
2019-05-05 20:56:45,635:INFO: Validating model on same-size sequences
2019-05-05 20:57:57,111:INFO: Validating model on same-size sequences
2019-05-05 20:59:05,112:INFO: Sequences: 91200, Mean episode_total_rewards: 0.017970238095238098, loss_avg: 0.009568262696266174, epsilon: 0.09288420255565194 curr_temp_size: 3 (24402.39 ms/iter)
2019-05-05 20:59:05,112:INFO: Validating model on same-size sequences
2019-05-05 21:00:09,564:INFO: Validating model on same-size sequences
2019-05-05 21:01:13,471:INFO: Validating model on same-size sequences
2019-05-05 21:02:18,387:INFO: Validating model on same-size sequences
2019-05-05 21:03:09,353:INFO: Validating model on same-size sequences
2019-05-05 21:03:56,712:INFO: Validating model on same-size sequences
2019-05-05 21:04:59,186:INFO: Validating model on same-size sequences
2019-05-05 21:06:04,412:INFO: Validating model on same-size sequences
2019-05-05 21:07:08,117:INFO: Validating model on same-size sequences
2019-05-05 21:07:29,001:INFO: Sequences: 92800, Mean episode_total_rewards: 0.021895089285714285, loss_avg: 0.009643120765686035, epsilon: 0.09038682101795599 curr_temp_size: 3 (20155.55 ms/iter)
2019-05-05 21:08:04,475:INFO: Validating model on same-size sequences
2019-05-05 21:09:10,523:INFO: Validating model on same-size sequences
2019-05-05 21:10:18,597:INFO: Validating model on same-size sequences
2019-05-05 21:11:33,627:INFO: Validating model on same-size sequences
2019-05-05 21:12:43,829:INFO: Validating model on same-size sequences
2019-05-05 21:14:00,326:INFO: Validating model on same-size sequences
2019-05-05 21:15:09,869:INFO: Validating model on same-size sequences
2019-05-05 21:16:24,932:INFO: Validating model on same-size sequences
2019-05-05 21:17:17,111:INFO: Sequences: 94400, Mean episode_total_rewards: 0.02012834821428571, loss_avg: 0.009677193164825439, epsilon: 0.0882892885975112 curr_temp_size: 3 (23524.40 ms/iter)
2019-05-05 21:17:41,925:INFO: Validating model on same-size sequences
2019-05-05 21:18:55,539:INFO: Validating model on same-size sequences
2019-05-05 21:20:10,065:INFO: Validating model on same-size sequences
2019-05-05 21:21:23,714:INFO: Validating model on same-size sequences
2019-05-05 21:22:38,221:INFO: Validating model on same-size sequences
2019-05-05 21:23:52,219:INFO: Validating model on same-size sequences
2019-05-05 21:25:03,760:INFO: Validating model on same-size sequences
2019-05-05 21:26:13,762:INFO: Validating model on same-size sequences
2019-05-05 21:27:24,767:INFO: Sequences: 96000, Mean episode_total_rewards: 0.019857142857142858, loss_avg: 0.008787903189659118, epsilon: 0.08630069374986672 curr_temp_size: 3 (24306.26 ms/iter)
2019-05-05 21:27:24,769:INFO: Validating model on same-size sequences
2019-05-05 21:27:28,411:INFO: Validating model on longer sequences
2019-05-05 21:28:59,492:INFO: Validating model on same-size sequences
2019-05-05 21:30:11,296:INFO: Validating model on same-size sequences
2019-05-05 21:31:21,011:INFO: Validating model on same-size sequences
2019-05-05 21:32:38,879:INFO: Validating model on same-size sequences
2019-05-05 21:33:50,943:INFO: Validating model on same-size sequences
2019-05-05 21:35:01,284:INFO: Validating model on same-size sequences
2019-05-05 21:36:13,835:INFO: Validating model on same-size sequences
2019-05-05 21:37:37,527:INFO: Validating model on same-size sequences
2019-05-05 21:38:10,383:INFO: Sequences: 97600, Mean episode_total_rewards: 0.01788318452380952, loss_avg: 0.008608457446098328, epsilon: 0.0841867059181279 curr_temp_size: 3 (25824.64 ms/iter)
2019-05-05 21:39:00,369:INFO: Validating model on same-size sequences
2019-05-05 21:40:18,779:INFO: Validating model on same-size sequences
2019-05-05 21:41:37,945:INFO: Validating model on same-size sequences
2019-05-05 21:42:51,523:INFO: Validating model on same-size sequences
2019-05-05 21:44:11,988:INFO: Validating model on same-size sequences
2019-05-05 21:45:29,543:INFO: Validating model on same-size sequences
2019-05-05 21:46:37,392:INFO: Validating model on same-size sequences
2019-05-05 21:47:45,125:INFO: Validating model on same-size sequences
2019-05-05 21:48:43,935:INFO: Sequences: 99200, Mean episode_total_rewards: 0.017536458333333334, loss_avg: 0.009293398857116698, epsilon: 0.0824111830568558 curr_temp_size: 3 (25342.06 ms/iter)
2019-05-05 21:49:12,149:INFO: Validating model on same-size sequences
2019-05-05 21:50:19,759:INFO: Validating model on same-size sequences
2019-05-05 21:51:30,608:INFO: Validating model on same-size sequences
2019-05-05 21:52:50,242:INFO: Validating model on same-size sequences
2019-05-05 21:54:11,606:INFO: Validating model on same-size sequences
2019-05-05 21:55:24,446:INFO: Validating model on same-size sequences
2019-05-05 21:56:39,977:INFO: Validating model on same-size sequences
2019-05-05 21:57:53,402:INFO: Validating model on same-size sequences
2019-05-05 21:59:02,251:INFO: Sequences: 100800, Mean episode_total_rewards: 0.016505580357142856, loss_avg: 0.010193971395492553, epsilon: 0.08072787386011313 curr_temp_size: 3 (24732.66 ms/iter)
2019-05-05 21:59:02,273:INFO: Validating model on same-size sequences
2019-05-05 22:00:12,074:INFO: Validating model on same-size sequences
2019-05-05 22:01:28,677:INFO: Validating model on same-size sequences
2019-05-05 22:02:41,464:INFO: Validating model on same-size sequences
2019-05-05 22:04:03,228:INFO: Validating model on same-size sequences
2019-05-05 22:05:21,663:INFO: Validating model on same-size sequences
2019-05-05 22:06:49,669:INFO: Validating model on same-size sequences
2019-05-05 22:08:10,254:INFO: Validating model on same-size sequences
2019-05-05 22:09:27,576:INFO: Validating model on same-size sequences
2019-05-05 22:09:56,066:INFO: Sequences: 102400, Mean episode_total_rewards: 0.018397321428571426, loss_avg: 0.010552045106887818, epsilon: 0.07893842179390506 curr_temp_size: 3 (26152.58 ms/iter)
2019-05-05 22:09:56,074:INFO: Validating model on longer sequences
2019-05-05 22:11:10,830:INFO: Validating model on same-size sequences
2019-05-05 22:12:32,060:INFO: Validating model on same-size sequences
2019-05-05 22:13:51,919:INFO: Validating model on same-size sequences
2019-05-05 22:15:25,151:INFO: Validating model on same-size sequences
2019-05-05 22:17:16,436:INFO: Validating model on same-size sequences
2019-05-05 22:18:56,619:INFO: Validating model on same-size sequences
2019-05-05 22:20:45,878:INFO: Validating model on same-size sequences
2019-05-05 22:22:09,853:INFO: Validating model on same-size sequences
2019-05-05 22:23:01,534:INFO: Sequences: 104000, Mean episode_total_rewards: 0.02226873647186147, loss_avg: 0.00973732054233551, epsilon: 0.07743547413971275 curr_temp_size: 3 (31418.75 ms/iter)
2019-05-05 22:23:21,756:INFO: Validating model on same-size sequences
2019-05-05 22:24:14,496:INFO: Validating model on same-size sequences
2019-05-05 22:25:00,854:INFO: Validating model on same-size sequences
2019-05-05 22:25:40,299:INFO: Validating model on same-size sequences
2019-05-05 22:26:22,147:INFO: Validating model on same-size sequences
2019-05-05 22:27:14,359:INFO: Validating model on same-size sequences
2019-05-05 22:28:23,507:INFO: Validating model on same-size sequences
2019-05-05 22:29:21,667:INFO: Validating model on same-size sequences
2019-05-05 22:30:12,961:INFO: Sequences: 105600, Mean episode_total_rewards: 0.023737351190476194, loss_avg: 0.008548415899276733, epsilon: 0.07601058366732977 curr_temp_size: 3 (17257.06 ms/iter)
2019-05-05 22:30:12,963:INFO: Validating model on same-size sequences
2019-05-05 22:31:15,900:INFO: Validating model on same-size sequences
2019-05-05 22:32:16,801:INFO: Validating model on same-size sequences
2019-05-05 22:33:19,716:INFO: Validating model on same-size sequences
2019-05-05 22:34:24,064:INFO: Validating model on same-size sequences
2019-05-05 22:35:13,108:INFO: Validating model on same-size sequences
2019-05-05 22:36:03,688:INFO: Validating model on same-size sequences
2019-05-05 22:36:59,700:INFO: Validating model on same-size sequences
2019-05-05 22:37:59,899:INFO: Validating model on same-size sequences
2019-05-05 22:38:21,238:INFO: Sequences: 107200, Mean episode_total_rewards: 0.023249255952380955, loss_avg: 0.007901958227157592, epsilon: 0.07449584519571689 curr_temp_size: 3 (19531.07 ms/iter)
2019-05-05 22:38:59,052:INFO: Validating model on same-size sequences
2019-05-05 22:40:03,020:INFO: Validating model on same-size sequences
2019-05-05 22:41:02,319:INFO: Validating model on same-size sequences
2019-05-05 22:42:02,749:INFO: Validating model on same-size sequences
2019-05-05 22:42:59,696:INFO: Validating model on same-size sequences
2019-05-05 22:43:36,999:INFO: Validating model on same-size sequences
2019-05-05 22:44:16,456:INFO: Validating model on same-size sequences
2019-05-05 22:44:54,930:INFO: Validating model on same-size sequences
2019-05-05 22:45:22,440:INFO: Sequences: 108800, Mean episode_total_rewards: 0.02084151785714286, loss_avg: 0.008143709897994995, epsilon: 0.07322362747297588 curr_temp_size: 3 (16848.09 ms/iter)
2019-05-05 22:45:22,447:INFO: Validating model on longer sequences
2019-05-05 22:45:50,880:INFO: Validating model on same-size sequences
2019-05-05 22:46:33,436:INFO: Validating model on same-size sequences
2019-05-05 22:47:13,883:INFO: Validating model on same-size sequences
2019-05-05 22:48:05,157:INFO: Validating model on same-size sequences
2019-05-05 22:49:04,491:INFO: Validating model on same-size sequences
2019-05-05 22:50:04,958:INFO: Validating model on same-size sequences
2019-05-05 22:51:09,081:INFO: Validating model on same-size sequences
2019-05-05 22:52:13,418:INFO: Validating model on same-size sequences
2019-05-05 22:53:17,650:INFO: Sequences: 110400, Mean episode_total_rewards: 0.01839025297619047, loss_avg: 0.010560544729232789, epsilon: 0.07201748372813294 curr_temp_size: 3 (19008.39 ms/iter)
2019-05-05 22:53:17,658:INFO: Validating model on same-size sequences
2019-05-05 22:54:16,346:INFO: Validating model on same-size sequences
2019-05-05 22:55:18,888:INFO: Validating model on same-size sequences
2019-05-05 22:56:22,151:INFO: Validating model on same-size sequences
2019-05-05 22:57:25,133:INFO: Validating model on same-size sequences
2019-05-05 22:58:34,282:INFO: Validating model on same-size sequences
2019-05-05 22:59:43,058:INFO: Validating model on same-size sequences
2019-05-05 23:00:44,963:INFO: Validating model on same-size sequences
2019-05-05 23:01:53,020:INFO: Validating model on same-size sequences
2019-05-05 23:02:18,009:INFO: Sequences: 112000, Mean episode_total_rewards: 0.020505580357142852, loss_avg: 0.008759259581565856, epsilon: 0.07073528529392391 curr_temp_size: 3 (21614.36 ms/iter)
2019-05-05 23:03:04,175:INFO: Validating model on same-size sequences
2019-05-05 23:04:24,669:INFO: Validating model on same-size sequences
2019-05-05 23:05:40,712:INFO: Validating model on same-size sequences
2019-05-05 23:06:54,486:INFO: Validating model on same-size sequences
2019-05-05 23:08:17,083:INFO: Validating model on same-size sequences
2019-05-05 23:09:29,478:INFO: Validating model on same-size sequences
2019-05-05 23:10:41,342:INFO: Validating model on same-size sequences
2019-05-05 23:11:53,926:INFO: Validating model on same-size sequences
2019-05-05 23:12:43,334:INFO: Sequences: 113600, Mean episode_total_rewards: 0.02254017857142857, loss_avg: 0.008923149704933166, epsilon: 0.06965837624154168 curr_temp_size: 3 (25013.02 ms/iter)
2019-05-05 23:13:10,013:INFO: Validating model on same-size sequences
