2019-04-22 14:28:22,162:INFO: Loaded config:

2019-04-22 14:28:22,162:INFO: ==============================

2019-04-22 14:28:22,162:INFO: name: Associative Recall NTM

task:
  name: recall
  bit_width: 6
  item_len: 3
  min_cnt: 2
  max_cnt: 6
  batch_size: 64
  seed: 10

model:
  name: ntm
  mem_word_length: 20
  mem_cells_count: 128
  n_writes: 1
  n_reads: 1
  controller_n_hidden: 100
  controller_n_layers: 1
  controller_clip: 20
  seed: 20

optimizer: rmsprop
learning_rate: 0.0001
momentum: 0.9
gradient_clipping: 10.0

gpu: true
scheduler: null

checkpoint_interval: 500
report_interval: 200
verbose_interval: 10
exit_after: null

2019-04-22 14:28:22,162:INFO: ==============================

2019-04-22 14:28:22,162:INFO: Start training
2019-04-22 14:28:29,097:INFO: Loaded model
2019-04-22 14:28:29,097:INFO: Total number of parameters 62346
2019-04-22 14:28:31,802:INFO: Iter: 10, Sequences: 640, loss: 18.31, cost: 10.80, (269.99 ms/iter)
2019-04-22 14:28:34,469:INFO: Iter: 20, Sequences: 1280, loss: 17.13, cost: 9.89, (266.71 ms/iter)
2019-04-22 14:28:37,135:INFO: Iter: 30, Sequences: 1920, loss: 16.30, cost: 9.55, (266.64 ms/iter)
2019-04-22 14:28:39,805:INFO: Iter: 40, Sequences: 2560, loss: 15.41, cost: 9.18, (266.91 ms/iter)
2019-04-22 14:28:42,433:INFO: Iter: 50, Sequences: 3200, loss: 14.81, cost: 9.05, (262.81 ms/iter)
2019-04-22 14:28:45,072:INFO: Iter: 60, Sequences: 3840, loss: 14.26, cost: 9.10, (263.90 ms/iter)
2019-04-22 14:28:47,722:INFO: Iter: 70, Sequences: 4480, loss: 13.86, cost: 8.75, (265.00 ms/iter)
2019-04-22 14:28:50,335:INFO: Iter: 80, Sequences: 5120, loss: 13.00, cost: 8.71, (261.37 ms/iter)
2019-04-22 14:28:52,946:INFO: Iter: 90, Sequences: 5760, loss: 12.60, cost: 8.70, (261.10 ms/iter)
2019-04-22 14:28:55,500:INFO: Iter: 100, Sequences: 6400, loss: 12.51, cost: 8.64, (255.33 ms/iter)
2019-04-22 14:28:58,132:INFO: Iter: 110, Sequences: 7040, loss: 12.42, cost: 8.32, (263.25 ms/iter)
2019-04-22 14:29:00,684:INFO: Iter: 120, Sequences: 7680, loss: 12.42, cost: 8.30, (255.14 ms/iter)
2019-04-22 14:29:03,243:INFO: Iter: 130, Sequences: 8320, loss: 12.41, cost: 8.10, (255.90 ms/iter)
2019-04-22 14:29:05,785:INFO: Iter: 140, Sequences: 8960, loss: 12.36, cost: 7.97, (254.21 ms/iter)
2019-04-22 14:29:08,534:INFO: Iter: 150, Sequences: 9600, loss: 12.34, cost: 8.12, (274.96 ms/iter)
2019-04-22 14:29:11,133:INFO: Iter: 160, Sequences: 10240, loss: 12.26, cost: 7.76, (259.86 ms/iter)
2019-04-22 14:29:13,757:INFO: Iter: 170, Sequences: 10880, loss: 12.24, cost: 7.69, (262.43 ms/iter)
2019-04-22 14:29:16,324:INFO: Iter: 180, Sequences: 11520, loss: 12.27, cost: 7.74, (256.72 ms/iter)
2019-04-22 14:29:18,939:INFO: Iter: 190, Sequences: 12160, loss: 12.22, cost: 7.71, (261.45 ms/iter)
2019-04-22 14:29:21,536:INFO: Iter: 200, Sequences: 12800, loss: 12.23, cost: 7.67, (259.75 ms/iter)
2019-04-22 14:29:24,104:INFO: Iter: 210, Sequences: 13440, loss: 12.13, cost: 7.49, (256.76 ms/iter)
2019-04-22 14:29:26,675:INFO: Iter: 220, Sequences: 14080, loss: 12.19, cost: 7.72, (257.16 ms/iter)
2019-04-22 14:29:29,274:INFO: Iter: 230, Sequences: 14720, loss: 12.19, cost: 7.71, (259.81 ms/iter)
2019-04-22 14:29:31,849:INFO: Iter: 240, Sequences: 15360, loss: 12.10, cost: 7.45, (257.51 ms/iter)
2019-04-22 14:29:34,423:INFO: Iter: 250, Sequences: 16000, loss: 12.13, cost: 7.50, (257.41 ms/iter)
2019-04-22 14:29:36,992:INFO: Iter: 260, Sequences: 16640, loss: 12.18, cost: 7.45, (256.89 ms/iter)
2019-04-22 14:29:39,587:INFO: Iter: 270, Sequences: 17280, loss: 12.12, cost: 7.56, (259.53 ms/iter)
2019-04-22 14:29:42,182:INFO: Iter: 280, Sequences: 17920, loss: 12.06, cost: 7.40, (259.48 ms/iter)
2019-04-22 14:29:44,740:INFO: Iter: 290, Sequences: 18560, loss: 12.03, cost: 7.28, (255.79 ms/iter)
2019-04-22 14:29:47,340:INFO: Iter: 300, Sequences: 19200, loss: 12.03, cost: 7.28, (259.99 ms/iter)
2019-04-22 14:29:49,951:INFO: Iter: 310, Sequences: 19840, loss: 11.94, cost: 7.30, (261.14 ms/iter)
2019-04-22 14:29:52,593:INFO: Iter: 320, Sequences: 20480, loss: 11.95, cost: 7.15, (264.24 ms/iter)
2019-04-22 14:29:55,187:INFO: Iter: 330, Sequences: 21120, loss: 11.89, cost: 6.99, (259.39 ms/iter)
2019-04-22 14:29:57,811:INFO: Iter: 340, Sequences: 21760, loss: 12.06, cost: 7.22, (262.37 ms/iter)
2019-04-22 14:30:00,404:INFO: Iter: 350, Sequences: 22400, loss: 11.87, cost: 7.10, (259.31 ms/iter)
2019-04-22 14:30:02,997:INFO: Iter: 360, Sequences: 23040, loss: 11.88, cost: 7.20, (259.25 ms/iter)
2019-04-22 14:30:05,609:INFO: Iter: 370, Sequences: 23680, loss: 12.15, cost: 7.04, (261.24 ms/iter)
2019-04-22 14:30:08,208:INFO: Iter: 380, Sequences: 24320, loss: 11.79, cost: 6.95, (259.87 ms/iter)
2019-04-22 14:30:10,795:INFO: Iter: 390, Sequences: 24960, loss: 11.79, cost: 7.05, (258.75 ms/iter)
2019-04-22 14:30:13,381:INFO: Iter: 400, Sequences: 25600, loss: 11.82, cost: 7.04, (258.57 ms/iter)
2019-04-22 14:30:15,965:INFO: Iter: 410, Sequences: 26240, loss: 11.79, cost: 7.04, (258.46 ms/iter)
2019-04-22 14:30:18,574:INFO: Iter: 420, Sequences: 26880, loss: 11.65, cost: 6.70, (260.87 ms/iter)
2019-04-22 14:30:21,163:INFO: Iter: 430, Sequences: 27520, loss: 11.67, cost: 6.81, (258.92 ms/iter)
2019-04-22 14:30:23,749:INFO: Iter: 440, Sequences: 28160, loss: 11.78, cost: 7.05, (258.55 ms/iter)
2019-04-22 14:30:26,359:INFO: Iter: 450, Sequences: 28800, loss: 11.69, cost: 6.86, (260.98 ms/iter)
2019-04-22 14:30:28,970:INFO: Iter: 460, Sequences: 29440, loss: 11.56, cost: 6.68, (261.16 ms/iter)
2019-04-22 14:30:31,566:INFO: Iter: 470, Sequences: 30080, loss: 11.64, cost: 6.76, (259.57 ms/iter)
2019-04-22 14:30:34,170:INFO: Iter: 480, Sequences: 30720, loss: 11.58, cost: 6.78, (260.38 ms/iter)
2019-04-22 14:30:36,763:INFO: Iter: 490, Sequences: 31360, loss: 11.57, cost: 6.81, (259.28 ms/iter)
2019-04-22 14:30:39,361:INFO: Iter: 500, Sequences: 32000, loss: 11.57, cost: 6.79, (259.83 ms/iter)
2019-04-22 14:30:39,361:INFO: Saving checkpoint
2019-04-22 14:30:41,975:INFO: Iter: 510, Sequences: 32640, loss: 11.65, cost: 6.56, (261.41 ms/iter)
2019-04-22 14:30:44,604:INFO: Iter: 520, Sequences: 33280, loss: 11.46, cost: 6.62, (262.91 ms/iter)
2019-04-22 14:30:47,196:INFO: Iter: 530, Sequences: 33920, loss: 11.52, cost: 6.71, (259.20 ms/iter)
2019-04-22 14:30:49,791:INFO: Iter: 540, Sequences: 34560, loss: 11.51, cost: 6.61, (259.43 ms/iter)
2019-04-22 14:30:52,396:INFO: Iter: 550, Sequences: 35200, loss: 11.44, cost: 6.66, (260.53 ms/iter)
2019-04-22 14:30:54,998:INFO: Iter: 560, Sequences: 35840, loss: 11.41, cost: 6.57, (260.20 ms/iter)
2019-04-22 14:30:57,608:INFO: Iter: 570, Sequences: 36480, loss: 11.38, cost: 6.56, (260.98 ms/iter)
2019-04-22 14:31:00,206:INFO: Iter: 580, Sequences: 37120, loss: 11.47, cost: 6.68, (259.80 ms/iter)
2019-04-22 14:31:02,806:INFO: Iter: 590, Sequences: 37760, loss: 11.35, cost: 6.52, (259.99 ms/iter)
2019-04-22 14:31:05,416:INFO: Iter: 600, Sequences: 38400, loss: 11.32, cost: 6.46, (261.00 ms/iter)
2019-04-22 14:31:08,013:INFO: Iter: 610, Sequences: 39040, loss: 11.32, cost: 6.41, (259.75 ms/iter)
2019-04-22 14:31:10,613:INFO: Iter: 620, Sequences: 39680, loss: 11.29, cost: 6.45, (259.98 ms/iter)
2019-04-22 14:31:13,215:INFO: Iter: 630, Sequences: 40320, loss: 11.46, cost: 6.60, (260.16 ms/iter)
2019-04-22 14:31:15,812:INFO: Iter: 640, Sequences: 40960, loss: 11.29, cost: 6.45, (259.76 ms/iter)
2019-04-22 14:31:18,445:INFO: Iter: 650, Sequences: 41600, loss: 11.33, cost: 6.65, (263.25 ms/iter)
2019-04-22 14:31:21,039:INFO: Iter: 660, Sequences: 42240, loss: 11.39, cost: 6.50, (259.41 ms/iter)
2019-04-22 14:31:23,660:INFO: Iter: 670, Sequences: 42880, loss: 11.26, cost: 6.49, (262.11 ms/iter)
2019-04-22 14:31:26,260:INFO: Iter: 680, Sequences: 43520, loss: 11.28, cost: 6.42, (259.98 ms/iter)
2019-04-22 14:31:28,846:INFO: Iter: 690, Sequences: 44160, loss: 11.18, cost: 6.37, (258.62 ms/iter)
2019-04-22 14:31:31,413:INFO: Iter: 700, Sequences: 44800, loss: 11.23, cost: 6.44, (256.68 ms/iter)
2019-04-22 14:31:34,000:INFO: Iter: 710, Sequences: 45440, loss: 11.27, cost: 6.48, (258.73 ms/iter)
2019-04-22 14:31:36,566:INFO: Iter: 720, Sequences: 46080, loss: 11.19, cost: 6.38, (256.56 ms/iter)
2019-04-22 14:31:39,148:INFO: Iter: 730, Sequences: 46720, loss: 11.14, cost: 6.46, (258.26 ms/iter)
2019-04-22 14:31:41,730:INFO: Iter: 740, Sequences: 47360, loss: 11.14, cost: 6.35, (258.17 ms/iter)
2019-04-22 14:31:44,351:INFO: Iter: 750, Sequences: 48000, loss: 11.14, cost: 6.34, (262.09 ms/iter)
2019-04-22 14:31:46,939:INFO: Iter: 760, Sequences: 48640, loss: 11.09, cost: 6.23, (258.78 ms/iter)
2019-04-22 14:31:49,505:INFO: Iter: 770, Sequences: 49280, loss: 11.06, cost: 6.32, (256.62 ms/iter)
2019-04-22 14:31:52,073:INFO: Iter: 780, Sequences: 49920, loss: 11.09, cost: 6.32, (256.79 ms/iter)
2019-04-22 14:31:54,654:INFO: Iter: 790, Sequences: 50560, loss: 11.09, cost: 6.37, (258.10 ms/iter)
2019-04-22 14:31:57,243:INFO: Iter: 800, Sequences: 51200, loss: 11.15, cost: 6.27, (258.87 ms/iter)
2019-04-22 14:31:59,812:INFO: Iter: 810, Sequences: 51840, loss: 11.15, cost: 6.38, (257.00 ms/iter)
2019-04-22 14:32:02,376:INFO: Iter: 820, Sequences: 52480, loss: 10.99, cost: 6.20, (256.32 ms/iter)
2019-04-22 14:32:04,956:INFO: Iter: 830, Sequences: 53120, loss: 11.08, cost: 6.36, (258.07 ms/iter)
2019-04-22 14:32:07,536:INFO: Iter: 840, Sequences: 53760, loss: 11.15, cost: 6.38, (257.96 ms/iter)
2019-04-22 14:32:10,132:INFO: Iter: 850, Sequences: 54400, loss: 11.04, cost: 6.33, (259.61 ms/iter)
2019-04-22 14:32:12,751:INFO: Iter: 860, Sequences: 55040, loss: 11.15, cost: 6.47, (261.89 ms/iter)
2019-04-22 14:32:15,315:INFO: Iter: 870, Sequences: 55680, loss: 11.03, cost: 6.24, (256.42 ms/iter)
2019-04-22 14:32:17,905:INFO: Iter: 880, Sequences: 56320, loss: 11.02, cost: 6.26, (258.95 ms/iter)
2019-04-22 14:32:20,475:INFO: Iter: 890, Sequences: 56960, loss: 11.07, cost: 6.31, (257.06 ms/iter)
2019-04-22 14:32:23,065:INFO: Iter: 900, Sequences: 57600, loss: 10.96, cost: 6.13, (258.97 ms/iter)
2019-04-22 14:32:25,641:INFO: Iter: 910, Sequences: 58240, loss: 10.91, cost: 6.20, (257.63 ms/iter)
2019-04-22 14:32:28,233:INFO: Iter: 920, Sequences: 58880, loss: 11.08, cost: 6.33, (259.13 ms/iter)
2019-04-22 14:32:30,803:INFO: Iter: 930, Sequences: 59520, loss: 11.01, cost: 6.23, (257.07 ms/iter)
2019-04-22 14:32:33,447:INFO: Iter: 940, Sequences: 60160, loss: 10.90, cost: 6.15, (264.41 ms/iter)
2019-04-22 14:32:36,059:INFO: Iter: 950, Sequences: 60800, loss: 10.98, cost: 6.26, (261.20 ms/iter)
2019-04-22 14:32:38,694:INFO: Iter: 960, Sequences: 61440, loss: 10.89, cost: 6.16, (263.50 ms/iter)
2019-04-22 14:32:41,266:INFO: Iter: 970, Sequences: 62080, loss: 11.03, cost: 6.20, (257.13 ms/iter)
2019-04-22 14:32:43,852:INFO: Iter: 980, Sequences: 62720, loss: 10.89, cost: 6.12, (258.58 ms/iter)
2019-04-22 14:32:46,431:INFO: Iter: 990, Sequences: 63360, loss: 10.95, cost: 6.27, (257.91 ms/iter)
2019-04-22 14:32:49,022:INFO: Iter: 1000, Sequences: 64000, loss: 10.99, cost: 6.22, (259.17 ms/iter)
2019-04-22 14:32:49,023:INFO: Saving checkpoint
2019-04-22 14:32:51,589:INFO: Iter: 1010, Sequences: 64640, loss: 10.91, cost: 6.15, (256.67 ms/iter)
2019-04-22 14:32:54,195:INFO: Iter: 1020, Sequences: 65280, loss: 10.95, cost: 6.23, (260.62 ms/iter)
2019-04-22 14:32:56,778:INFO: Iter: 1030, Sequences: 65920, loss: 10.93, cost: 6.17, (258.29 ms/iter)
2019-04-22 14:32:59,333:INFO: Iter: 1040, Sequences: 66560, loss: 10.84, cost: 6.09, (255.46 ms/iter)
2019-04-22 14:33:01,894:INFO: Iter: 1050, Sequences: 67200, loss: 10.72, cost: 6.00, (256.09 ms/iter)
2019-04-22 14:33:04,505:INFO: Iter: 1060, Sequences: 67840, loss: 10.99, cost: 6.27, (261.18 ms/iter)
2019-04-22 14:33:07,116:INFO: Iter: 1070, Sequences: 68480, loss: 10.96, cost: 6.21, (261.09 ms/iter)
2019-04-22 14:33:09,675:INFO: Iter: 1080, Sequences: 69120, loss: 10.94, cost: 6.15, (255.83 ms/iter)
2019-04-22 14:33:12,221:INFO: Iter: 1090, Sequences: 69760, loss: 10.78, cost: 6.02, (254.67 ms/iter)
2019-04-22 14:33:14,807:INFO: Iter: 1100, Sequences: 70400, loss: 10.74, cost: 5.96, (258.55 ms/iter)
2019-04-22 14:33:17,393:INFO: Iter: 1110, Sequences: 71040, loss: 10.79, cost: 6.09, (258.61 ms/iter)
2019-04-22 14:33:19,971:INFO: Iter: 1120, Sequences: 71680, loss: 10.77, cost: 6.05, (257.77 ms/iter)
2019-04-22 14:33:22,548:INFO: Iter: 1130, Sequences: 72320, loss: 10.88, cost: 6.11, (257.74 ms/iter)
2019-04-22 14:33:25,120:INFO: Iter: 1140, Sequences: 72960, loss: 10.69, cost: 6.03, (257.16 ms/iter)
2019-04-22 14:33:27,674:INFO: Iter: 1150, Sequences: 73600, loss: 10.90, cost: 6.21, (255.40 ms/iter)
2019-04-22 14:33:30,228:INFO: Iter: 1160, Sequences: 74240, loss: 10.84, cost: 6.10, (255.39 ms/iter)
2019-04-22 14:33:32,807:INFO: Iter: 1170, Sequences: 74880, loss: 10.96, cost: 6.15, (257.93 ms/iter)
2019-04-22 14:33:35,386:INFO: Iter: 1180, Sequences: 75520, loss: 10.76, cost: 5.92, (257.91 ms/iter)
2019-04-22 14:33:37,954:INFO: Iter: 1190, Sequences: 76160, loss: 10.69, cost: 5.95, (256.82 ms/iter)
2019-04-22 14:33:40,489:INFO: Iter: 1200, Sequences: 76800, loss: 10.77, cost: 6.02, (253.47 ms/iter)
2019-04-22 14:33:43,046:INFO: Iter: 1210, Sequences: 77440, loss: 10.75, cost: 6.05, (255.71 ms/iter)
2019-04-22 14:33:45,603:INFO: Iter: 1220, Sequences: 78080, loss: 10.75, cost: 6.05, (255.70 ms/iter)
2019-04-22 14:33:48,200:INFO: Iter: 1230, Sequences: 78720, loss: 10.66, cost: 6.08, (259.68 ms/iter)
2019-04-22 14:33:50,768:INFO: Iter: 1240, Sequences: 79360, loss: 10.94, cost: 6.23, (256.82 ms/iter)
2019-04-22 14:33:53,371:INFO: Iter: 1250, Sequences: 80000, loss: 10.56, cost: 5.84, (260.30 ms/iter)
2019-04-22 14:33:55,965:INFO: Iter: 1260, Sequences: 80640, loss: 10.54, cost: 5.89, (259.43 ms/iter)
2019-04-22 14:33:58,579:INFO: Iter: 1270, Sequences: 81280, loss: 10.50, cost: 5.90, (261.39 ms/iter)
2019-04-22 14:34:01,170:INFO: Iter: 1280, Sequences: 81920, loss: 10.74, cost: 6.03, (259.02 ms/iter)
2019-04-22 14:34:03,774:INFO: Iter: 1290, Sequences: 82560, loss: 10.69, cost: 6.02, (260.42 ms/iter)
2019-04-22 14:34:06,355:INFO: Iter: 1300, Sequences: 83200, loss: 10.61, cost: 5.90, (258.14 ms/iter)
2019-04-22 14:34:08,945:INFO: Iter: 1310, Sequences: 83840, loss: 10.52, cost: 5.93, (259.02 ms/iter)
2019-04-22 14:34:11,524:INFO: Iter: 1320, Sequences: 84480, loss: 10.57, cost: 5.85, (257.82 ms/iter)
2019-04-22 14:34:14,084:INFO: Iter: 1330, Sequences: 85120, loss: 10.65, cost: 5.95, (256.04 ms/iter)
2019-04-22 14:34:16,666:INFO: Iter: 1340, Sequences: 85760, loss: 10.52, cost: 5.81, (258.18 ms/iter)
2019-04-22 14:34:19,240:INFO: Iter: 1350, Sequences: 86400, loss: 10.52, cost: 5.81, (257.41 ms/iter)
2019-04-22 14:34:21,815:INFO: Iter: 1360, Sequences: 87040, loss: 10.50, cost: 5.90, (257.53 ms/iter)
2019-04-22 14:34:24,395:INFO: Iter: 1370, Sequences: 87680, loss: 10.57, cost: 5.92, (257.97 ms/iter)
2019-04-22 14:34:27,009:INFO: Iter: 1380, Sequences: 88320, loss: 10.66, cost: 5.95, (261.40 ms/iter)
2019-04-22 14:34:29,603:INFO: Iter: 1390, Sequences: 88960, loss: 10.41, cost: 5.82, (259.43 ms/iter)
2019-04-22 14:34:32,161:INFO: Iter: 1400, Sequences: 89600, loss: 10.35, cost: 5.71, (255.77 ms/iter)
2019-04-22 14:34:34,726:INFO: Iter: 1410, Sequences: 90240, loss: 10.59, cost: 5.81, (256.51 ms/iter)
2019-04-22 14:34:37,279:INFO: Iter: 1420, Sequences: 90880, loss: 10.45, cost: 5.70, (255.28 ms/iter)
2019-04-22 14:34:39,848:INFO: Iter: 1430, Sequences: 91520, loss: 10.54, cost: 5.83, (256.89 ms/iter)
2019-04-22 14:34:42,398:INFO: Iter: 1440, Sequences: 92160, loss: 10.60, cost: 5.91, (254.98 ms/iter)
2019-04-22 14:34:44,969:INFO: Iter: 1450, Sequences: 92800, loss: 10.44, cost: 5.79, (257.18 ms/iter)
2019-04-22 14:34:47,526:INFO: Iter: 1460, Sequences: 93440, loss: 10.44, cost: 5.71, (255.67 ms/iter)
2019-04-22 14:34:50,079:INFO: Iter: 1470, Sequences: 94080, loss: 10.54, cost: 5.84, (255.33 ms/iter)
2019-04-22 14:34:52,635:INFO: Iter: 1480, Sequences: 94720, loss: 10.41, cost: 5.81, (255.52 ms/iter)
2019-04-22 14:34:55,211:INFO: Iter: 1490, Sequences: 95360, loss: 10.39, cost: 5.69, (257.60 ms/iter)
2019-04-22 14:34:57,830:INFO: Iter: 1500, Sequences: 96000, loss: 10.36, cost: 5.70, (261.92 ms/iter)
2019-04-22 14:34:57,830:INFO: Saving checkpoint
2019-04-22 14:35:00,426:INFO: Iter: 1510, Sequences: 96640, loss: 10.40, cost: 5.76, (259.59 ms/iter)
2019-04-22 14:35:03,001:INFO: Iter: 1520, Sequences: 97280, loss: 10.29, cost: 5.71, (257.49 ms/iter)
2019-04-22 14:35:05,587:INFO: Iter: 1530, Sequences: 97920, loss: 10.42, cost: 5.78, (258.65 ms/iter)
2019-04-22 14:35:08,176:INFO: Iter: 1540, Sequences: 98560, loss: 10.38, cost: 5.66, (258.93 ms/iter)
2019-04-22 14:35:10,756:INFO: Iter: 1550, Sequences: 99200, loss: 10.33, cost: 5.69, (257.98 ms/iter)
2019-04-22 14:35:13,357:INFO: Iter: 1560, Sequences: 99840, loss: 10.37, cost: 5.76, (260.09 ms/iter)
2019-04-22 14:35:15,912:INFO: Iter: 1570, Sequences: 100480, loss: 10.34, cost: 5.71, (255.45 ms/iter)
2019-04-22 14:35:18,516:INFO: Iter: 1580, Sequences: 101120, loss: 10.34, cost: 5.71, (260.47 ms/iter)
2019-04-22 14:35:21,114:INFO: Iter: 1590, Sequences: 101760, loss: 10.27, cost: 5.72, (259.82 ms/iter)
2019-04-22 14:35:23,688:INFO: Iter: 1600, Sequences: 102400, loss: 10.17, cost: 5.61, (257.34 ms/iter)
2019-04-22 14:35:26,280:INFO: Iter: 1610, Sequences: 103040, loss: 10.31, cost: 5.71, (259.20 ms/iter)
2019-04-22 14:35:28,844:INFO: Iter: 1620, Sequences: 103680, loss: 10.37, cost: 5.69, (256.38 ms/iter)
2019-04-22 14:35:31,405:INFO: Iter: 1630, Sequences: 104320, loss: 10.47, cost: 5.88, (256.15 ms/iter)
2019-04-22 14:35:33,963:INFO: Iter: 1640, Sequences: 104960, loss: 10.32, cost: 5.66, (255.82 ms/iter)
2019-04-22 14:35:36,524:INFO: Iter: 1650, Sequences: 105600, loss: 10.29, cost: 5.62, (256.03 ms/iter)
2019-04-22 14:35:39,107:INFO: Iter: 1660, Sequences: 106240, loss: 10.01, cost: 5.42, (258.33 ms/iter)
2019-04-22 14:35:41,699:INFO: Iter: 1670, Sequences: 106880, loss: 10.12, cost: 5.59, (259.24 ms/iter)
2019-04-22 14:35:44,283:INFO: Iter: 1680, Sequences: 107520, loss: 10.16, cost: 5.57, (258.34 ms/iter)
2019-04-22 14:35:46,860:INFO: Iter: 1690, Sequences: 108160, loss: 10.22, cost: 5.62, (257.75 ms/iter)
2019-04-22 14:35:49,470:INFO: Iter: 1700, Sequences: 108800, loss: 10.11, cost: 5.57, (260.93 ms/iter)
2019-04-22 14:35:52,066:INFO: Iter: 1710, Sequences: 109440, loss: 10.06, cost: 5.56, (259.66 ms/iter)
2019-04-22 14:35:54,678:INFO: Iter: 1720, Sequences: 110080, loss: 10.04, cost: 5.57, (261.23 ms/iter)
2019-04-22 14:35:57,306:INFO: Iter: 1730, Sequences: 110720, loss: 9.99, cost: 5.33, (262.72 ms/iter)
2019-04-22 14:35:59,899:INFO: Iter: 1740, Sequences: 111360, loss: 10.27, cost: 5.76, (259.30 ms/iter)
2019-04-22 14:36:02,500:INFO: Iter: 1750, Sequences: 112000, loss: 10.24, cost: 5.66, (260.12 ms/iter)
2019-04-22 14:36:05,099:INFO: Iter: 1760, Sequences: 112640, loss: 9.95, cost: 5.41, (259.88 ms/iter)
2019-04-22 14:36:07,687:INFO: Iter: 1770, Sequences: 113280, loss: 9.98, cost: 5.39, (258.88 ms/iter)
2019-04-22 14:36:10,298:INFO: Iter: 1780, Sequences: 113920, loss: 9.93, cost: 5.30, (261.07 ms/iter)
2019-04-22 14:36:12,901:INFO: Iter: 1790, Sequences: 114560, loss: 9.98, cost: 5.43, (260.28 ms/iter)
2019-04-22 14:36:15,490:INFO: Iter: 1800, Sequences: 115200, loss: 9.94, cost: 5.38, (258.86 ms/iter)
2019-04-22 14:36:18,092:INFO: Iter: 1810, Sequences: 115840, loss: 9.88, cost: 5.32, (260.19 ms/iter)
2019-04-22 14:36:20,707:INFO: Iter: 1820, Sequences: 116480, loss: 10.00, cost: 5.46, (261.57 ms/iter)
2019-04-22 14:36:23,301:INFO: Iter: 1830, Sequences: 117120, loss: 9.96, cost: 5.46, (259.37 ms/iter)
2019-04-22 14:36:25,895:INFO: Iter: 1840, Sequences: 117760, loss: 9.85, cost: 5.27, (259.44 ms/iter)
2019-04-22 14:36:28,494:INFO: Iter: 1850, Sequences: 118400, loss: 9.77, cost: 5.22, (259.90 ms/iter)
2019-04-22 14:36:31,091:INFO: Iter: 1860, Sequences: 119040, loss: 9.92, cost: 5.38, (259.68 ms/iter)
2019-04-22 14:36:33,690:INFO: Iter: 1870, Sequences: 119680, loss: 9.91, cost: 5.42, (259.87 ms/iter)
2019-04-22 14:36:36,277:INFO: Iter: 1880, Sequences: 120320, loss: 9.90, cost: 5.38, (258.69 ms/iter)
2019-04-22 14:36:38,888:INFO: Iter: 1890, Sequences: 120960, loss: 9.82, cost: 5.20, (261.14 ms/iter)
2019-04-22 14:36:41,477:INFO: Iter: 1900, Sequences: 121600, loss: 9.82, cost: 5.31, (258.86 ms/iter)
2019-04-22 14:36:44,063:INFO: Iter: 1910, Sequences: 122240, loss: 9.67, cost: 5.09, (258.60 ms/iter)
2019-04-22 14:36:46,649:INFO: Iter: 1920, Sequences: 122880, loss: 9.77, cost: 5.19, (258.58 ms/iter)
2019-04-22 14:36:49,235:INFO: Iter: 1930, Sequences: 123520, loss: 9.45, cost: 5.03, (258.61 ms/iter)
2019-04-22 14:36:51,806:INFO: Iter: 1940, Sequences: 124160, loss: 9.62, cost: 5.19, (257.18 ms/iter)
2019-04-22 14:36:54,402:INFO: Iter: 1950, Sequences: 124800, loss: 9.77, cost: 5.33, (259.54 ms/iter)
2019-04-22 14:36:56,984:INFO: Iter: 1960, Sequences: 125440, loss: 9.69, cost: 5.15, (258.20 ms/iter)
2019-04-22 14:36:59,572:INFO: Iter: 1970, Sequences: 126080, loss: 9.76, cost: 5.35, (258.78 ms/iter)
2019-04-22 14:37:02,156:INFO: Iter: 1980, Sequences: 126720, loss: 9.79, cost: 5.27, (258.46 ms/iter)
2019-04-22 14:37:04,744:INFO: Iter: 1990, Sequences: 127360, loss: 9.46, cost: 5.02, (258.78 ms/iter)
2019-04-22 14:37:07,344:INFO: Iter: 2000, Sequences: 128000, loss: 9.79, cost: 5.27, (260.03 ms/iter)
2019-04-22 14:37:07,345:INFO: Saving checkpoint
2019-04-22 14:37:09,943:INFO: Iter: 2010, Sequences: 128640, loss: 9.62, cost: 5.15, (259.88 ms/iter)
2019-04-22 14:37:12,537:INFO: Iter: 2020, Sequences: 129280, loss: 9.52, cost: 5.09, (259.41 ms/iter)
2019-04-22 14:37:15,117:INFO: Iter: 2030, Sequences: 129920, loss: 9.60, cost: 5.18, (257.93 ms/iter)
2019-04-22 14:37:17,725:INFO: Iter: 2040, Sequences: 130560, loss: 9.82, cost: 5.29, (260.82 ms/iter)
2019-04-22 14:37:20,320:INFO: Iter: 2050, Sequences: 131200, loss: 9.56, cost: 5.09, (259.54 ms/iter)
2019-04-22 14:37:22,919:INFO: Iter: 2060, Sequences: 131840, loss: 9.74, cost: 5.25, (259.85 ms/iter)
2019-04-22 14:37:25,496:INFO: Iter: 2070, Sequences: 132480, loss: 9.60, cost: 5.17, (257.70 ms/iter)
2019-04-22 14:37:28,090:INFO: Iter: 2080, Sequences: 133120, loss: 9.52, cost: 5.14, (259.41 ms/iter)
2019-04-22 14:37:30,668:INFO: Iter: 2090, Sequences: 133760, loss: 9.22, cost: 4.94, (257.85 ms/iter)
2019-04-22 14:37:33,288:INFO: Iter: 2100, Sequences: 134400, loss: 9.71, cost: 5.33, (261.95 ms/iter)
2019-04-22 14:37:35,890:INFO: Iter: 2110, Sequences: 135040, loss: 9.48, cost: 5.07, (260.19 ms/iter)
2019-04-22 14:37:38,478:INFO: Iter: 2120, Sequences: 135680, loss: 9.40, cost: 5.04, (258.84 ms/iter)
2019-04-22 14:37:41,062:INFO: Iter: 2130, Sequences: 136320, loss: 9.83, cost: 5.29, (258.42 ms/iter)
2019-04-22 14:37:43,654:INFO: Iter: 2140, Sequences: 136960, loss: 9.55, cost: 5.07, (259.21 ms/iter)
2019-04-22 14:37:46,275:INFO: Iter: 2150, Sequences: 137600, loss: 9.64, cost: 5.17, (262.04 ms/iter)
2019-04-22 14:37:48,864:INFO: Iter: 2160, Sequences: 138240, loss: 9.65, cost: 5.13, (258.88 ms/iter)
2019-04-22 14:37:51,439:INFO: Iter: 2170, Sequences: 138880, loss: 9.51, cost: 5.12, (257.59 ms/iter)
2019-04-22 14:37:53,999:INFO: Iter: 2180, Sequences: 139520, loss: 9.41, cost: 5.03, (255.97 ms/iter)
2019-04-22 14:37:56,561:INFO: Iter: 2190, Sequences: 140160, loss: 9.43, cost: 5.08, (256.17 ms/iter)
2019-04-22 14:37:59,169:INFO: Iter: 2200, Sequences: 140800, loss: 9.56, cost: 5.13, (260.82 ms/iter)
2019-04-22 14:38:01,750:INFO: Iter: 2210, Sequences: 141440, loss: 9.51, cost: 5.01, (258.10 ms/iter)
2019-04-22 14:38:04,313:INFO: Iter: 2220, Sequences: 142080, loss: 9.30, cost: 4.89, (256.33 ms/iter)
2019-04-22 14:38:06,899:INFO: Iter: 2230, Sequences: 142720, loss: 9.22, cost: 4.85, (258.53 ms/iter)
2019-04-22 14:38:09,478:INFO: Iter: 2240, Sequences: 143360, loss: 9.45, cost: 5.00, (257.95 ms/iter)
2019-04-22 14:38:12,064:INFO: Iter: 2250, Sequences: 144000, loss: 9.43, cost: 5.02, (258.61 ms/iter)
2019-04-22 14:38:14,654:INFO: Iter: 2260, Sequences: 144640, loss: 9.28, cost: 4.95, (258.95 ms/iter)
2019-04-22 14:38:17,294:INFO: Iter: 2270, Sequences: 145280, loss: 9.16, cost: 4.92, (264.01 ms/iter)
2019-04-22 14:38:19,888:INFO: Iter: 2280, Sequences: 145920, loss: 9.24, cost: 4.87, (259.43 ms/iter)
2019-04-22 14:38:22,489:INFO: Iter: 2290, Sequences: 146560, loss: 9.39, cost: 4.98, (260.06 ms/iter)
2019-04-22 14:38:25,080:INFO: Iter: 2300, Sequences: 147200, loss: 9.23, cost: 4.96, (259.09 ms/iter)
2019-04-22 14:38:27,688:INFO: Iter: 2310, Sequences: 147840, loss: 9.25, cost: 4.85, (260.86 ms/iter)
2019-04-22 14:38:30,279:INFO: Iter: 2320, Sequences: 148480, loss: 9.33, cost: 5.00, (259.04 ms/iter)
2019-04-22 14:38:32,897:INFO: Iter: 2330, Sequences: 149120, loss: 9.20, cost: 4.88, (261.86 ms/iter)
2019-04-22 14:38:35,486:INFO: Iter: 2340, Sequences: 149760, loss: 9.04, cost: 4.82, (258.85 ms/iter)
2019-04-22 14:38:38,079:INFO: Iter: 2350, Sequences: 150400, loss: 9.31, cost: 4.95, (259.28 ms/iter)
2019-04-22 14:38:40,663:INFO: Iter: 2360, Sequences: 151040, loss: 9.18, cost: 4.90, (258.44 ms/iter)
2019-04-22 14:38:43,267:INFO: Iter: 2370, Sequences: 151680, loss: 9.34, cost: 4.99, (260.37 ms/iter)
2019-04-22 14:38:45,876:INFO: Iter: 2380, Sequences: 152320, loss: 9.07, cost: 4.75, (260.91 ms/iter)
2019-04-22 14:38:48,443:INFO: Iter: 2390, Sequences: 152960, loss: 9.24, cost: 4.99, (256.76 ms/iter)
2019-04-22 14:38:51,011:INFO: Iter: 2400, Sequences: 153600, loss: 9.31, cost: 4.91, (256.72 ms/iter)
2019-04-22 14:38:53,603:INFO: Iter: 2410, Sequences: 154240, loss: 9.43, cost: 5.10, (259.19 ms/iter)
2019-04-22 14:38:56,199:INFO: Iter: 2420, Sequences: 154880, loss: 9.10, cost: 4.81, (259.61 ms/iter)
2019-04-22 14:38:58,801:INFO: Iter: 2430, Sequences: 155520, loss: 9.13, cost: 4.87, (260.29 ms/iter)
2019-04-22 14:39:01,412:INFO: Iter: 2440, Sequences: 156160, loss: 9.16, cost: 4.84, (261.08 ms/iter)
2019-04-22 14:39:04,013:INFO: Iter: 2450, Sequences: 156800, loss: 9.25, cost: 4.97, (260.03 ms/iter)
2019-04-22 14:39:06,594:INFO: Iter: 2460, Sequences: 157440, loss: 9.24, cost: 4.88, (258.14 ms/iter)
2019-04-22 14:39:09,217:INFO: Iter: 2470, Sequences: 158080, loss: 9.22, cost: 4.92, (262.33 ms/iter)
2019-04-22 14:39:12,102:INFO: Iter: 2480, Sequences: 158720, loss: 9.25, cost: 4.98, (288.50 ms/iter)
2019-04-22 14:39:14,704:INFO: Iter: 2490, Sequences: 159360, loss: 9.18, cost: 4.89, (260.17 ms/iter)
2019-04-22 14:39:17,303:INFO: Iter: 2500, Sequences: 160000, loss: 9.20, cost: 4.90, (259.95 ms/iter)
2019-04-22 14:39:17,304:INFO: Saving checkpoint
2019-04-22 14:39:19,901:INFO: Iter: 2510, Sequences: 160640, loss: 8.96, cost: 4.72, (259.81 ms/iter)
2019-04-22 14:39:22,508:INFO: Iter: 2520, Sequences: 161280, loss: 8.98, cost: 4.77, (260.62 ms/iter)
2019-04-22 14:39:25,103:INFO: Iter: 2530, Sequences: 161920, loss: 9.18, cost: 4.86, (259.52 ms/iter)
2019-04-22 14:39:27,695:INFO: Iter: 2540, Sequences: 162560, loss: 9.05, cost: 4.79, (259.23 ms/iter)
2019-04-22 14:39:30,284:INFO: Iter: 2550, Sequences: 163200, loss: 9.22, cost: 4.92, (258.89 ms/iter)
2019-04-22 14:39:32,849:INFO: Iter: 2560, Sequences: 163840, loss: 8.96, cost: 4.76, (256.50 ms/iter)
2019-04-22 14:39:35,409:INFO: Iter: 2570, Sequences: 164480, loss: 9.03, cost: 4.86, (255.94 ms/iter)
2019-04-22 14:39:37,977:INFO: Iter: 2580, Sequences: 165120, loss: 8.93, cost: 4.70, (256.88 ms/iter)
2019-04-22 14:39:40,538:INFO: Iter: 2590, Sequences: 165760, loss: 9.19, cost: 4.89, (256.07 ms/iter)
2019-04-22 14:39:43,091:INFO: Iter: 2600, Sequences: 166400, loss: 9.27, cost: 4.93, (255.34 ms/iter)
2019-04-22 14:39:45,682:INFO: Iter: 2610, Sequences: 167040, loss: 9.18, cost: 4.87, (259.01 ms/iter)
2019-04-22 14:39:48,269:INFO: Iter: 2620, Sequences: 167680, loss: 9.08, cost: 4.87, (258.70 ms/iter)
2019-04-22 14:39:50,845:INFO: Iter: 2630, Sequences: 168320, loss: 9.28, cost: 4.85, (257.62 ms/iter)
2019-04-22 14:39:53,458:INFO: Iter: 2640, Sequences: 168960, loss: 8.99, cost: 4.69, (261.29 ms/iter)
2019-04-22 14:39:56,012:INFO: Iter: 2650, Sequences: 169600, loss: 8.96, cost: 4.76, (255.42 ms/iter)
2019-04-22 14:39:58,554:INFO: Iter: 2660, Sequences: 170240, loss: 8.95, cost: 4.72, (254.18 ms/iter)
2019-04-22 14:40:01,068:INFO: Iter: 2670, Sequences: 170880, loss: 8.80, cost: 4.58, (251.41 ms/iter)
2019-04-22 14:40:03,584:INFO: Iter: 2680, Sequences: 171520, loss: 9.27, cost: 4.98, (251.61 ms/iter)
2019-04-22 14:40:06,084:INFO: Iter: 2690, Sequences: 172160, loss: 8.94, cost: 4.71, (250.02 ms/iter)
2019-04-22 14:40:08,595:INFO: Iter: 2700, Sequences: 172800, loss: 8.90, cost: 4.69, (251.08 ms/iter)
2019-04-22 14:40:11,096:INFO: Iter: 2710, Sequences: 173440, loss: 9.07, cost: 4.82, (250.08 ms/iter)
2019-04-22 14:40:13,603:INFO: Iter: 2720, Sequences: 174080, loss: 8.84, cost: 4.72, (250.76 ms/iter)
2019-04-22 14:40:16,124:INFO: Iter: 2730, Sequences: 174720, loss: 8.99, cost: 4.79, (252.06 ms/iter)
2019-04-22 14:40:18,640:INFO: Iter: 2740, Sequences: 175360, loss: 9.02, cost: 4.81, (251.59 ms/iter)
2019-04-22 14:40:21,138:INFO: Iter: 2750, Sequences: 176000, loss: 8.95, cost: 4.76, (249.77 ms/iter)
2019-04-22 14:40:23,653:INFO: Iter: 2760, Sequences: 176640, loss: 9.01, cost: 4.72, (251.50 ms/iter)
2019-04-22 14:40:26,162:INFO: Iter: 2770, Sequences: 177280, loss: 9.08, cost: 4.76, (250.96 ms/iter)
2019-04-22 14:40:28,643:INFO: Iter: 2780, Sequences: 177920, loss: 8.92, cost: 4.74, (248.05 ms/iter)
2019-04-22 14:40:31,160:INFO: Iter: 2790, Sequences: 178560, loss: 8.85, cost: 4.64, (251.69 ms/iter)
2019-04-22 14:40:33,648:INFO: Iter: 2800, Sequences: 179200, loss: 8.89, cost: 4.76, (248.85 ms/iter)
2019-04-22 14:40:36,149:INFO: Iter: 2810, Sequences: 179840, loss: 8.71, cost: 4.52, (250.09 ms/iter)
2019-04-22 14:40:38,662:INFO: Iter: 2820, Sequences: 180480, loss: 8.95, cost: 4.75, (251.35 ms/iter)
2019-04-22 14:40:41,187:INFO: Iter: 2830, Sequences: 181120, loss: 9.06, cost: 4.77, (252.44 ms/iter)
2019-04-22 14:40:43,664:INFO: Iter: 2840, Sequences: 181760, loss: 8.91, cost: 4.79, (247.69 ms/iter)
2019-04-22 14:40:46,122:INFO: Iter: 2850, Sequences: 182400, loss: 8.77, cost: 4.58, (245.80 ms/iter)
2019-04-22 14:40:48,586:INFO: Iter: 2860, Sequences: 183040, loss: 8.83, cost: 4.63, (246.47 ms/iter)
2019-04-22 14:40:51,067:INFO: Iter: 2870, Sequences: 183680, loss: 9.04, cost: 4.76, (248.06 ms/iter)
2019-04-22 14:40:53,551:INFO: Iter: 2880, Sequences: 184320, loss: 8.73, cost: 4.60, (248.37 ms/iter)
2019-04-22 14:40:56,036:INFO: Iter: 2890, Sequences: 184960, loss: 8.75, cost: 4.62, (248.53 ms/iter)
2019-04-22 14:40:58,521:INFO: Iter: 2900, Sequences: 185600, loss: 8.94, cost: 4.75, (248.54 ms/iter)
2019-04-22 14:41:00,978:INFO: Iter: 2910, Sequences: 186240, loss: 8.82, cost: 4.73, (245.71 ms/iter)
2019-04-22 14:41:03,458:INFO: Iter: 2920, Sequences: 186880, loss: 8.67, cost: 4.54, (248.01 ms/iter)
2019-04-22 14:41:05,924:INFO: Iter: 2930, Sequences: 187520, loss: 8.79, cost: 4.59, (246.51 ms/iter)
2019-04-22 14:41:08,433:INFO: Iter: 2940, Sequences: 188160, loss: 8.83, cost: 4.67, (250.91 ms/iter)
2019-04-22 14:41:10,910:INFO: Iter: 2950, Sequences: 188800, loss: 8.65, cost: 4.47, (247.73 ms/iter)
2019-04-22 14:41:13,389:INFO: Iter: 2960, Sequences: 189440, loss: 8.82, cost: 4.72, (247.93 ms/iter)
2019-04-22 14:41:15,859:INFO: Iter: 2970, Sequences: 190080, loss: 8.74, cost: 4.68, (246.95 ms/iter)
2019-04-22 14:41:18,329:INFO: Iter: 2980, Sequences: 190720, loss: 8.80, cost: 4.65, (247.07 ms/iter)
2019-04-22 14:41:20,803:INFO: Iter: 2990, Sequences: 191360, loss: 8.82, cost: 4.69, (247.33 ms/iter)
2019-04-22 14:41:23,276:INFO: Iter: 3000, Sequences: 192000, loss: 8.81, cost: 4.62, (247.29 ms/iter)
2019-04-22 14:41:23,276:INFO: Saving checkpoint
2019-04-22 14:41:25,750:INFO: Iter: 3010, Sequences: 192640, loss: 8.75, cost: 4.60, (247.42 ms/iter)
2019-04-22 14:41:28,235:INFO: Iter: 3020, Sequences: 193280, loss: 8.82, cost: 4.60, (248.54 ms/iter)
2019-04-22 14:41:30,700:INFO: Iter: 3030, Sequences: 193920, loss: 8.69, cost: 4.67, (246.48 ms/iter)
2019-04-22 14:41:33,193:INFO: Iter: 3040, Sequences: 194560, loss: 8.63, cost: 4.55, (249.25 ms/iter)
2019-04-22 14:41:35,650:INFO: Iter: 3050, Sequences: 195200, loss: 8.74, cost: 4.62, (245.73 ms/iter)
2019-04-22 14:41:38,111:INFO: Iter: 3060, Sequences: 195840, loss: 8.60, cost: 4.55, (246.10 ms/iter)
2019-04-22 14:41:40,589:INFO: Iter: 3070, Sequences: 196480, loss: 8.49, cost: 4.48, (247.84 ms/iter)
2019-04-22 14:41:43,066:INFO: Iter: 3080, Sequences: 197120, loss: 8.62, cost: 4.49, (247.71 ms/iter)
2019-04-22 14:41:45,530:INFO: Iter: 3090, Sequences: 197760, loss: 8.66, cost: 4.61, (246.37 ms/iter)
2019-04-22 14:41:47,997:INFO: Iter: 3100, Sequences: 198400, loss: 8.58, cost: 4.59, (246.72 ms/iter)
2019-04-22 14:41:50,452:INFO: Iter: 3110, Sequences: 199040, loss: 8.78, cost: 4.65, (245.47 ms/iter)
2019-04-22 14:41:52,907:INFO: Iter: 3120, Sequences: 199680, loss: 8.87, cost: 4.65, (245.54 ms/iter)
2019-04-22 14:41:55,409:INFO: Iter: 3130, Sequences: 200320, loss: 8.72, cost: 4.64, (250.13 ms/iter)
2019-04-22 14:41:57,898:INFO: Iter: 3140, Sequences: 200960, loss: 8.88, cost: 4.69, (248.98 ms/iter)
2019-04-22 14:42:00,382:INFO: Iter: 3150, Sequences: 201600, loss: 8.82, cost: 4.70, (248.36 ms/iter)
2019-04-22 14:42:02,864:INFO: Iter: 3160, Sequences: 202240, loss: 8.62, cost: 4.55, (248.17 ms/iter)
2019-04-22 14:42:05,360:INFO: Iter: 3170, Sequences: 202880, loss: 8.81, cost: 4.57, (249.65 ms/iter)
2019-04-22 14:42:07,858:INFO: Iter: 3180, Sequences: 203520, loss: 8.71, cost: 4.56, (249.76 ms/iter)
2019-04-22 14:42:10,342:INFO: Iter: 3190, Sequences: 204160, loss: 8.50, cost: 4.46, (248.40 ms/iter)
2019-04-22 14:42:12,826:INFO: Iter: 3200, Sequences: 204800, loss: 8.74, cost: 4.60, (248.44 ms/iter)
2019-04-22 14:42:15,289:INFO: Iter: 3210, Sequences: 205440, loss: 8.60, cost: 4.57, (246.28 ms/iter)
2019-04-22 14:42:17,788:INFO: Iter: 3220, Sequences: 206080, loss: 8.68, cost: 4.56, (249.89 ms/iter)
2019-04-22 14:42:20,266:INFO: Iter: 3230, Sequences: 206720, loss: 8.30, cost: 4.32, (247.77 ms/iter)
2019-04-22 14:42:22,740:INFO: Iter: 3240, Sequences: 207360, loss: 8.65, cost: 4.67, (247.40 ms/iter)
2019-04-22 14:42:25,224:INFO: Iter: 3250, Sequences: 208000, loss: 8.71, cost: 4.60, (248.42 ms/iter)
2019-04-22 14:42:27,698:INFO: Iter: 3260, Sequences: 208640, loss: 8.68, cost: 4.59, (247.37 ms/iter)
2019-04-22 14:42:30,180:INFO: Iter: 3270, Sequences: 209280, loss: 8.51, cost: 4.48, (248.19 ms/iter)
2019-04-22 14:42:32,672:INFO: Iter: 3280, Sequences: 209920, loss: 8.79, cost: 4.72, (249.21 ms/iter)
2019-04-22 14:42:35,164:INFO: Iter: 3290, Sequences: 210560, loss: 8.70, cost: 4.50, (249.24 ms/iter)
2019-04-22 14:42:37,611:INFO: Iter: 3300, Sequences: 211200, loss: 8.74, cost: 4.68, (244.67 ms/iter)
2019-04-22 14:42:40,081:INFO: Iter: 3310, Sequences: 211840, loss: 8.48, cost: 4.52, (247.03 ms/iter)
2019-04-22 14:42:42,553:INFO: Iter: 3320, Sequences: 212480, loss: 8.38, cost: 4.44, (247.18 ms/iter)
2019-04-22 14:42:45,059:INFO: Iter: 3330, Sequences: 213120, loss: 8.69, cost: 4.66, (250.67 ms/iter)
2019-04-22 14:42:47,538:INFO: Iter: 3340, Sequences: 213760, loss: 8.68, cost: 4.53, (247.87 ms/iter)
2019-04-22 14:42:50,002:INFO: Iter: 3350, Sequences: 214400, loss: 8.62, cost: 4.53, (246.41 ms/iter)
2019-04-22 14:42:52,463:INFO: Iter: 3360, Sequences: 215040, loss: 8.52, cost: 4.44, (246.11 ms/iter)
2019-04-22 14:42:54,930:INFO: Iter: 3370, Sequences: 215680, loss: 8.70, cost: 4.64, (246.67 ms/iter)
2019-04-22 14:42:57,408:INFO: Iter: 3380, Sequences: 216320, loss: 8.69, cost: 4.62, (247.74 ms/iter)
2019-04-22 14:42:59,874:INFO: Iter: 3390, Sequences: 216960, loss: 8.42, cost: 4.47, (246.66 ms/iter)
2019-04-22 14:43:02,360:INFO: Iter: 3400, Sequences: 217600, loss: 8.51, cost: 4.47, (248.61 ms/iter)
2019-04-22 14:43:04,821:INFO: Iter: 3410, Sequences: 218240, loss: 8.39, cost: 4.47, (246.03 ms/iter)
2019-04-22 14:43:07,293:INFO: Iter: 3420, Sequences: 218880, loss: 8.72, cost: 4.58, (247.23 ms/iter)
2019-04-22 14:43:09,758:INFO: Iter: 3430, Sequences: 219520, loss: 8.57, cost: 4.61, (246.52 ms/iter)
2019-04-22 14:43:12,231:INFO: Iter: 3440, Sequences: 220160, loss: 8.56, cost: 4.52, (247.31 ms/iter)
2019-04-22 14:43:14,722:INFO: Iter: 3450, Sequences: 220800, loss: 8.21, cost: 4.31, (249.06 ms/iter)
2019-04-22 14:43:17,192:INFO: Iter: 3460, Sequences: 221440, loss: 8.54, cost: 4.55, (247.04 ms/iter)
2019-04-22 14:43:19,676:INFO: Iter: 3470, Sequences: 222080, loss: 8.39, cost: 4.48, (248.40 ms/iter)
2019-04-22 14:43:22,139:INFO: Iter: 3480, Sequences: 222720, loss: 8.57, cost: 4.48, (246.23 ms/iter)
2019-04-22 14:43:24,623:INFO: Iter: 3490, Sequences: 223360, loss: 8.55, cost: 4.52, (248.49 ms/iter)
2019-04-22 14:43:27,085:INFO: Iter: 3500, Sequences: 224000, loss: 8.31, cost: 4.41, (246.21 ms/iter)
2019-04-22 14:43:27,086:INFO: Saving checkpoint
2019-04-22 14:43:29,589:INFO: Iter: 3510, Sequences: 224640, loss: 8.44, cost: 4.49, (250.38 ms/iter)
2019-04-22 14:43:32,067:INFO: Iter: 3520, Sequences: 225280, loss: 8.61, cost: 4.53, (247.74 ms/iter)
2019-04-22 14:43:34,576:INFO: Iter: 3530, Sequences: 225920, loss: 8.72, cost: 4.77, (250.97 ms/iter)
2019-04-22 14:43:37,055:INFO: Iter: 3540, Sequences: 226560, loss: 8.32, cost: 4.48, (247.89 ms/iter)
2019-04-22 14:43:39,575:INFO: Iter: 3550, Sequences: 227200, loss: 8.33, cost: 4.44, (252.01 ms/iter)
2019-04-22 14:43:42,067:INFO: Iter: 3560, Sequences: 227840, loss: 8.35, cost: 4.42, (249.15 ms/iter)
2019-04-22 14:43:44,543:INFO: Iter: 3570, Sequences: 228480, loss: 8.37, cost: 4.36, (247.57 ms/iter)
2019-04-22 14:43:46,998:INFO: Iter: 3580, Sequences: 229120, loss: 8.36, cost: 4.42, (245.53 ms/iter)
2019-04-22 14:43:49,434:INFO: Iter: 3590, Sequences: 229760, loss: 8.39, cost: 4.37, (243.66 ms/iter)
2019-04-22 14:43:51,920:INFO: Iter: 3600, Sequences: 230400, loss: 8.22, cost: 4.30, (248.56 ms/iter)
2019-04-22 14:43:54,421:INFO: Iter: 3610, Sequences: 231040, loss: 8.43, cost: 4.46, (250.13 ms/iter)
2019-04-22 14:43:56,924:INFO: Iter: 3620, Sequences: 231680, loss: 8.32, cost: 4.36, (250.22 ms/iter)
2019-04-22 14:43:59,424:INFO: Iter: 3630, Sequences: 232320, loss: 8.52, cost: 4.48, (250.00 ms/iter)
2019-04-22 14:44:01,880:INFO: Iter: 3640, Sequences: 232960, loss: 8.32, cost: 4.37, (245.62 ms/iter)
2019-04-22 14:44:04,404:INFO: Iter: 3650, Sequences: 233600, loss: 8.33, cost: 4.38, (252.43 ms/iter)
2019-04-22 14:44:06,889:INFO: Iter: 3660, Sequences: 234240, loss: 8.26, cost: 4.38, (248.44 ms/iter)
2019-04-22 14:44:09,397:INFO: Iter: 3670, Sequences: 234880, loss: 8.22, cost: 4.34, (250.88 ms/iter)
2019-04-22 14:44:11,900:INFO: Iter: 3680, Sequences: 235520, loss: 8.08, cost: 4.35, (250.25 ms/iter)
2019-04-22 14:44:14,397:INFO: Iter: 3690, Sequences: 236160, loss: 8.49, cost: 4.57, (249.75 ms/iter)
2019-04-22 14:44:16,888:INFO: Iter: 3700, Sequences: 236800, loss: 8.56, cost: 4.58, (249.08 ms/iter)
2019-04-22 14:44:19,366:INFO: Iter: 3710, Sequences: 237440, loss: 8.20, cost: 4.22, (247.74 ms/iter)
2019-04-22 14:44:21,866:INFO: Iter: 3720, Sequences: 238080, loss: 8.04, cost: 4.25, (250.02 ms/iter)
2019-04-22 14:44:24,346:INFO: Iter: 3730, Sequences: 238720, loss: 7.86, cost: 4.11, (248.01 ms/iter)
2019-04-22 14:44:26,808:INFO: Iter: 3740, Sequences: 239360, loss: 8.08, cost: 4.28, (246.23 ms/iter)
2019-04-22 14:44:29,287:INFO: Iter: 3750, Sequences: 240000, loss: 8.17, cost: 4.33, (247.93 ms/iter)
2019-04-22 14:44:31,748:INFO: Iter: 3760, Sequences: 240640, loss: 8.15, cost: 4.37, (246.01 ms/iter)
2019-04-22 14:44:34,212:INFO: Iter: 3770, Sequences: 241280, loss: 7.93, cost: 4.20, (246.42 ms/iter)
2019-04-22 14:44:36,700:INFO: Iter: 3780, Sequences: 241920, loss: 8.36, cost: 4.38, (248.87 ms/iter)
2019-04-22 14:44:39,194:INFO: Iter: 3790, Sequences: 242560, loss: 8.36, cost: 4.49, (249.39 ms/iter)
2019-04-22 14:44:41,688:INFO: Iter: 3800, Sequences: 243200, loss: 8.09, cost: 4.26, (249.36 ms/iter)
2019-04-22 14:44:44,172:INFO: Iter: 3810, Sequences: 243840, loss: 7.99, cost: 4.16, (248.44 ms/iter)
2019-04-22 14:44:46,644:INFO: Iter: 3820, Sequences: 244480, loss: 8.09, cost: 4.32, (247.16 ms/iter)
2019-04-22 14:44:49,116:INFO: Iter: 3830, Sequences: 245120, loss: 8.49, cost: 4.52, (247.25 ms/iter)
2019-04-22 14:44:51,638:INFO: Iter: 3840, Sequences: 245760, loss: 8.28, cost: 4.42, (252.20 ms/iter)
2019-04-22 14:44:54,140:INFO: Iter: 3850, Sequences: 246400, loss: 7.93, cost: 4.12, (250.16 ms/iter)
2019-04-22 14:44:56,649:INFO: Iter: 3860, Sequences: 247040, loss: 7.87, cost: 4.12, (250.91 ms/iter)
2019-04-22 14:44:59,149:INFO: Iter: 3870, Sequences: 247680, loss: 8.13, cost: 4.27, (249.98 ms/iter)
2019-04-22 14:45:01,615:INFO: Iter: 3880, Sequences: 248320, loss: 7.99, cost: 4.21, (246.63 ms/iter)
2019-04-22 14:45:04,119:INFO: Iter: 3890, Sequences: 248960, loss: 8.28, cost: 4.40, (250.37 ms/iter)
2019-04-22 14:45:06,602:INFO: Iter: 3900, Sequences: 249600, loss: 8.30, cost: 4.41, (248.30 ms/iter)
2019-04-22 14:45:09,072:INFO: Iter: 3910, Sequences: 250240, loss: 8.20, cost: 4.37, (246.98 ms/iter)
2019-04-22 14:45:11,546:INFO: Iter: 3920, Sequences: 250880, loss: 8.06, cost: 4.27, (247.40 ms/iter)
2019-04-22 14:45:14,038:INFO: Iter: 3930, Sequences: 251520, loss: 8.19, cost: 4.40, (249.21 ms/iter)
2019-04-22 14:45:16,542:INFO: Iter: 3940, Sequences: 252160, loss: 8.34, cost: 4.53, (250.40 ms/iter)
2019-04-22 14:45:19,034:INFO: Iter: 3950, Sequences: 252800, loss: 7.82, cost: 4.09, (249.20 ms/iter)
2019-04-22 14:45:21,539:INFO: Iter: 3960, Sequences: 253440, loss: 7.92, cost: 4.17, (250.50 ms/iter)
2019-04-22 14:45:24,022:INFO: Iter: 3970, Sequences: 254080, loss: 8.45, cost: 4.53, (248.32 ms/iter)
2019-04-22 14:45:26,508:INFO: Iter: 3980, Sequences: 254720, loss: 7.99, cost: 4.17, (248.62 ms/iter)
2019-04-22 14:45:29,000:INFO: Iter: 3990, Sequences: 255360, loss: 8.14, cost: 4.26, (249.19 ms/iter)
2019-04-22 14:45:31,486:INFO: Iter: 4000, Sequences: 256000, loss: 7.92, cost: 4.23, (248.60 ms/iter)
2019-04-22 14:45:31,487:INFO: Saving checkpoint
2019-04-22 14:45:33,958:INFO: Iter: 4010, Sequences: 256640, loss: 8.00, cost: 4.19, (247.16 ms/iter)
2019-04-22 14:45:36,446:INFO: Iter: 4020, Sequences: 257280, loss: 8.06, cost: 4.14, (248.80 ms/iter)
2019-04-22 14:45:38,944:INFO: Iter: 4030, Sequences: 257920, loss: 8.08, cost: 4.27, (249.78 ms/iter)
2019-04-22 14:45:41,416:INFO: Iter: 4040, Sequences: 258560, loss: 7.96, cost: 4.24, (247.27 ms/iter)
2019-04-22 14:45:43,912:INFO: Iter: 4050, Sequences: 259200, loss: 7.76, cost: 4.13, (249.54 ms/iter)
2019-04-22 14:45:46,374:INFO: Iter: 4060, Sequences: 259840, loss: 8.31, cost: 4.35, (246.24 ms/iter)
2019-04-22 14:45:48,845:INFO: Iter: 4070, Sequences: 260480, loss: 7.83, cost: 4.13, (247.13 ms/iter)
2019-04-22 14:45:51,330:INFO: Iter: 4080, Sequences: 261120, loss: 7.98, cost: 4.29, (248.48 ms/iter)
2019-04-22 14:45:53,785:INFO: Iter: 4090, Sequences: 261760, loss: 8.21, cost: 4.36, (245.46 ms/iter)
2019-04-22 14:45:56,281:INFO: Iter: 4100, Sequences: 262400, loss: 7.99, cost: 4.28, (249.59 ms/iter)
2019-04-22 14:45:58,854:INFO: Iter: 4110, Sequences: 263040, loss: 8.12, cost: 4.33, (257.34 ms/iter)
2019-04-22 14:46:01,354:INFO: Iter: 4120, Sequences: 263680, loss: 7.83, cost: 4.20, (249.99 ms/iter)
2019-04-22 14:46:03,861:INFO: Iter: 4130, Sequences: 264320, loss: 8.03, cost: 4.26, (250.66 ms/iter)
2019-04-22 14:46:06,369:INFO: Iter: 4140, Sequences: 264960, loss: 7.86, cost: 4.22, (250.84 ms/iter)
2019-04-22 14:46:08,856:INFO: Iter: 4150, Sequences: 265600, loss: 7.97, cost: 4.18, (248.65 ms/iter)
2019-04-22 14:46:11,361:INFO: Iter: 4160, Sequences: 266240, loss: 8.10, cost: 4.24, (250.49 ms/iter)
2019-04-22 14:46:13,858:INFO: Iter: 4170, Sequences: 266880, loss: 7.88, cost: 4.17, (249.72 ms/iter)
2019-04-22 14:46:16,369:INFO: Iter: 4180, Sequences: 267520, loss: 7.81, cost: 4.19, (251.12 ms/iter)
2019-04-22 14:46:18,871:INFO: Iter: 4190, Sequences: 268160, loss: 8.23, cost: 4.41, (250.23 ms/iter)
2019-04-22 14:46:21,381:INFO: Iter: 4200, Sequences: 268800, loss: 8.11, cost: 4.28, (250.97 ms/iter)
2019-04-22 14:46:23,873:INFO: Iter: 4210, Sequences: 269440, loss: 7.84, cost: 4.15, (249.18 ms/iter)
2019-04-22 14:46:26,379:INFO: Iter: 4220, Sequences: 270080, loss: 7.90, cost: 4.16, (250.58 ms/iter)
2019-04-22 14:46:28,890:INFO: Iter: 4230, Sequences: 270720, loss: 8.09, cost: 4.32, (251.11 ms/iter)
2019-04-22 14:46:31,376:INFO: Iter: 4240, Sequences: 271360, loss: 7.91, cost: 4.25, (248.64 ms/iter)
2019-04-22 14:46:33,877:INFO: Iter: 4250, Sequences: 272000, loss: 7.81, cost: 4.22, (250.06 ms/iter)
2019-04-22 14:46:36,362:INFO: Iter: 4260, Sequences: 272640, loss: 7.79, cost: 4.27, (248.52 ms/iter)
2019-04-22 14:46:38,863:INFO: Iter: 4270, Sequences: 273280, loss: 8.23, cost: 4.38, (250.14 ms/iter)
2019-04-22 14:46:41,356:INFO: Iter: 4280, Sequences: 273920, loss: 7.89, cost: 4.21, (249.30 ms/iter)
2019-04-22 14:46:43,870:INFO: Iter: 4290, Sequences: 274560, loss: 8.01, cost: 4.30, (251.36 ms/iter)
2019-04-22 14:46:46,358:INFO: Iter: 4300, Sequences: 275200, loss: 7.79, cost: 4.15, (248.85 ms/iter)
2019-04-22 14:46:48,864:INFO: Iter: 4310, Sequences: 275840, loss: 8.01, cost: 4.31, (250.55 ms/iter)
2019-04-22 14:46:51,341:INFO: Iter: 4320, Sequences: 276480, loss: 7.89, cost: 4.18, (247.78 ms/iter)
2019-04-22 14:46:53,816:INFO: Iter: 4330, Sequences: 277120, loss: 7.77, cost: 4.10, (247.49 ms/iter)
2019-04-22 14:46:56,327:INFO: Iter: 4340, Sequences: 277760, loss: 8.09, cost: 4.38, (251.03 ms/iter)
2019-04-22 14:46:58,856:INFO: Iter: 4350, Sequences: 278400, loss: 7.89, cost: 4.16, (252.98 ms/iter)
2019-04-22 14:47:01,380:INFO: Iter: 4360, Sequences: 279040, loss: 7.85, cost: 4.17, (252.33 ms/iter)
2019-04-22 14:47:03,895:INFO: Iter: 4370, Sequences: 279680, loss: 7.87, cost: 4.18, (251.51 ms/iter)
2019-04-22 14:47:06,392:INFO: Iter: 4380, Sequences: 280320, loss: 7.79, cost: 4.15, (249.71 ms/iter)
2019-04-22 14:47:08,879:INFO: Iter: 4390, Sequences: 280960, loss: 7.95, cost: 4.25, (248.74 ms/iter)
2019-04-22 14:47:11,446:INFO: Iter: 4400, Sequences: 281600, loss: 7.77, cost: 4.12, (256.70 ms/iter)
2019-04-22 14:47:14,206:INFO: Iter: 4410, Sequences: 282240, loss: 7.75, cost: 4.00, (276.01 ms/iter)
2019-04-22 14:47:16,734:INFO: Iter: 4420, Sequences: 282880, loss: 8.06, cost: 4.20, (252.81 ms/iter)
2019-04-22 14:47:19,220:INFO: Iter: 4430, Sequences: 283520, loss: 7.92, cost: 4.22, (248.60 ms/iter)
2019-04-22 14:47:21,699:INFO: Iter: 4440, Sequences: 284160, loss: 7.99, cost: 4.27, (247.90 ms/iter)
2019-04-22 14:47:24,179:INFO: Iter: 4450, Sequences: 284800, loss: 8.00, cost: 4.28, (247.92 ms/iter)
2019-04-22 14:47:26,712:INFO: Iter: 4460, Sequences: 285440, loss: 7.63, cost: 4.02, (253.38 ms/iter)
2019-04-22 14:47:29,204:INFO: Iter: 4470, Sequences: 286080, loss: 7.70, cost: 4.11, (249.21 ms/iter)
2019-04-22 14:47:31,688:INFO: Iter: 4480, Sequences: 286720, loss: 7.78, cost: 4.09, (248.33 ms/iter)
2019-04-22 14:47:34,181:INFO: Iter: 4490, Sequences: 287360, loss: 7.90, cost: 4.16, (249.37 ms/iter)
2019-04-22 14:47:36,655:INFO: Iter: 4500, Sequences: 288000, loss: 8.03, cost: 4.31, (247.39 ms/iter)
2019-04-22 14:47:36,656:INFO: Saving checkpoint
2019-04-22 14:47:39,121:INFO: Iter: 4510, Sequences: 288640, loss: 7.98, cost: 4.26, (246.60 ms/iter)
2019-04-22 14:47:41,596:INFO: Iter: 4520, Sequences: 289280, loss: 7.80, cost: 4.17, (247.52 ms/iter)
2019-04-22 14:47:44,068:INFO: Iter: 4530, Sequences: 289920, loss: 7.47, cost: 3.95, (247.14 ms/iter)
2019-04-22 14:47:46,561:INFO: Iter: 4540, Sequences: 290560, loss: 7.76, cost: 4.14, (249.34 ms/iter)
2019-04-22 14:47:49,053:INFO: Iter: 4550, Sequences: 291200, loss: 7.66, cost: 4.10, (249.15 ms/iter)
2019-04-22 14:47:51,552:INFO: Iter: 4560, Sequences: 291840, loss: 7.76, cost: 4.12, (249.94 ms/iter)
2019-04-22 14:47:54,015:INFO: Iter: 4570, Sequences: 292480, loss: 7.88, cost: 4.13, (246.24 ms/iter)
2019-04-22 14:47:56,518:INFO: Iter: 4580, Sequences: 293120, loss: 7.73, cost: 4.14, (250.37 ms/iter)
2019-04-22 14:47:59,021:INFO: Iter: 4590, Sequences: 293760, loss: 7.90, cost: 4.19, (250.25 ms/iter)
2019-04-22 14:48:01,501:INFO: Iter: 4600, Sequences: 294400, loss: 7.85, cost: 4.15, (248.03 ms/iter)
2019-04-22 14:48:03,976:INFO: Iter: 4610, Sequences: 295040, loss: 7.54, cost: 4.08, (247.49 ms/iter)
2019-04-22 14:48:06,597:INFO: Iter: 4620, Sequences: 295680, loss: 7.54, cost: 3.96, (262.09 ms/iter)
2019-04-22 14:48:09,354:INFO: Iter: 4630, Sequences: 296320, loss: 7.79, cost: 4.15, (275.74 ms/iter)
2019-04-22 14:48:11,821:INFO: Iter: 4640, Sequences: 296960, loss: 7.78, cost: 4.15, (246.72 ms/iter)
2019-04-22 14:48:14,301:INFO: Iter: 4650, Sequences: 297600, loss: 7.64, cost: 4.09, (247.96 ms/iter)
2019-04-22 14:48:16,812:INFO: Iter: 4660, Sequences: 298240, loss: 8.05, cost: 4.31, (251.08 ms/iter)
2019-04-22 14:48:19,286:INFO: Iter: 4670, Sequences: 298880, loss: 7.82, cost: 4.16, (247.45 ms/iter)
2019-04-22 14:48:21,758:INFO: Iter: 4680, Sequences: 299520, loss: 7.69, cost: 4.14, (247.12 ms/iter)
2019-04-22 14:48:24,232:INFO: Iter: 4690, Sequences: 300160, loss: 7.79, cost: 4.06, (247.41 ms/iter)
2019-04-22 14:48:26,974:INFO: Iter: 4700, Sequences: 300800, loss: 7.91, cost: 4.21, (274.20 ms/iter)
2019-04-22 14:48:29,458:INFO: Iter: 4710, Sequences: 301440, loss: 7.74, cost: 3.98, (248.42 ms/iter)
2019-04-22 14:48:31,923:INFO: Iter: 4720, Sequences: 302080, loss: 7.84, cost: 4.12, (246.54 ms/iter)
2019-04-22 14:48:34,383:INFO: Iter: 4730, Sequences: 302720, loss: 7.75, cost: 4.20, (245.93 ms/iter)
2019-04-22 14:48:36,857:INFO: Iter: 4740, Sequences: 303360, loss: 7.45, cost: 3.98, (247.42 ms/iter)
2019-04-22 14:48:39,329:INFO: Iter: 4750, Sequences: 304000, loss: 7.94, cost: 4.18, (247.24 ms/iter)
2019-04-22 14:48:41,804:INFO: Iter: 4760, Sequences: 304640, loss: 7.44, cost: 3.90, (247.48 ms/iter)
2019-04-22 14:48:44,320:INFO: Iter: 4770, Sequences: 305280, loss: 7.92, cost: 4.23, (251.64 ms/iter)
2019-04-22 14:48:46,792:INFO: Iter: 4780, Sequences: 305920, loss: 7.71, cost: 4.08, (247.18 ms/iter)
2019-04-22 14:48:49,261:INFO: Iter: 4790, Sequences: 306560, loss: 7.57, cost: 4.09, (246.88 ms/iter)
2019-04-22 14:48:51,715:INFO: Iter: 4800, Sequences: 307200, loss: 7.41, cost: 3.87, (245.36 ms/iter)
2019-04-22 14:48:54,227:INFO: Iter: 4810, Sequences: 307840, loss: 7.66, cost: 4.00, (251.27 ms/iter)
2019-04-22 14:48:56,796:INFO: Iter: 4820, Sequences: 308480, loss: 7.92, cost: 4.24, (256.89 ms/iter)
2019-04-22 14:48:59,275:INFO: Iter: 4830, Sequences: 309120, loss: 7.91, cost: 4.27, (247.90 ms/iter)
2019-04-22 14:49:01,763:INFO: Iter: 4840, Sequences: 309760, loss: 7.61, cost: 4.07, (248.79 ms/iter)
2019-04-22 14:49:04,216:INFO: Iter: 4850, Sequences: 310400, loss: 7.70, cost: 4.03, (245.33 ms/iter)
2019-04-22 14:49:06,689:INFO: Iter: 4860, Sequences: 311040, loss: 7.55, cost: 4.00, (247.27 ms/iter)
2019-04-22 14:49:09,165:INFO: Iter: 4870, Sequences: 311680, loss: 7.93, cost: 4.26, (247.59 ms/iter)
2019-04-22 14:49:11,653:INFO: Iter: 4880, Sequences: 312320, loss: 7.45, cost: 3.98, (248.75 ms/iter)
2019-04-22 14:49:14,134:INFO: Iter: 4890, Sequences: 312960, loss: 7.55, cost: 4.01, (248.19 ms/iter)
2019-04-22 14:49:16,609:INFO: Iter: 4900, Sequences: 313600, loss: 7.59, cost: 4.05, (247.41 ms/iter)
2019-04-22 14:49:19,082:INFO: Iter: 4910, Sequences: 314240, loss: 7.65, cost: 4.03, (247.32 ms/iter)
2019-04-22 14:49:21,559:INFO: Iter: 4920, Sequences: 314880, loss: 7.68, cost: 4.12, (247.76 ms/iter)
2019-04-22 14:49:24,029:INFO: Iter: 4930, Sequences: 315520, loss: 7.60, cost: 3.99, (246.97 ms/iter)
2019-04-22 14:49:26,509:INFO: Iter: 4940, Sequences: 316160, loss: 7.74, cost: 4.16, (248.03 ms/iter)
2019-04-22 14:49:29,017:INFO: Iter: 4950, Sequences: 316800, loss: 7.65, cost: 4.11, (250.76 ms/iter)
2019-04-22 14:49:31,524:INFO: Iter: 4960, Sequences: 317440, loss: 8.02, cost: 4.29, (250.71 ms/iter)
2019-04-22 14:49:33,960:INFO: Iter: 4970, Sequences: 318080, loss: 7.69, cost: 4.12, (243.56 ms/iter)
2019-04-22 14:49:36,422:INFO: Iter: 4980, Sequences: 318720, loss: 7.72, cost: 4.22, (246.23 ms/iter)
2019-04-22 14:49:38,887:INFO: Iter: 4990, Sequences: 319360, loss: 7.67, cost: 4.07, (246.54 ms/iter)
2019-04-22 14:49:41,346:INFO: Iter: 5000, Sequences: 320000, loss: 7.57, cost: 3.98, (245.84 ms/iter)
2019-04-22 14:49:41,346:INFO: Saving checkpoint
2019-04-22 14:49:43,836:INFO: Iter: 5010, Sequences: 320640, loss: 7.30, cost: 3.86, (249.03 ms/iter)
2019-04-22 14:49:46,330:INFO: Iter: 5020, Sequences: 321280, loss: 7.52, cost: 4.02, (249.37 ms/iter)
2019-04-22 14:49:48,799:INFO: Iter: 5030, Sequences: 321920, loss: 7.55, cost: 4.06, (246.91 ms/iter)
2019-04-22 14:49:51,298:INFO: Iter: 5040, Sequences: 322560, loss: 7.61, cost: 4.02, (249.86 ms/iter)
2019-04-22 14:49:53,788:INFO: Iter: 5050, Sequences: 323200, loss: 7.73, cost: 4.13, (249.08 ms/iter)
2019-04-22 14:49:56,276:INFO: Iter: 5060, Sequences: 323840, loss: 7.49, cost: 4.00, (248.73 ms/iter)
2019-04-22 14:49:58,780:INFO: Iter: 5070, Sequences: 324480, loss: 7.47, cost: 4.05, (250.47 ms/iter)
2019-04-22 14:50:01,279:INFO: Iter: 5080, Sequences: 325120, loss: 7.61, cost: 4.05, (249.88 ms/iter)
2019-04-22 14:50:03,777:INFO: Iter: 5090, Sequences: 325760, loss: 7.56, cost: 3.98, (249.82 ms/iter)
2019-04-22 14:50:06,274:INFO: Iter: 5100, Sequences: 326400, loss: 7.44, cost: 3.96, (249.70 ms/iter)
2019-04-22 14:50:08,776:INFO: Iter: 5110, Sequences: 327040, loss: 7.84, cost: 4.20, (250.21 ms/iter)
2019-04-22 14:50:11,267:INFO: Iter: 5120, Sequences: 327680, loss: 7.65, cost: 4.06, (249.10 ms/iter)
2019-04-22 14:50:13,789:INFO: Iter: 5130, Sequences: 328320, loss: 7.36, cost: 3.88, (252.19 ms/iter)
2019-04-22 14:50:16,276:INFO: Iter: 5140, Sequences: 328960, loss: 7.37, cost: 3.90, (248.68 ms/iter)
2019-04-22 14:50:18,765:INFO: Iter: 5150, Sequences: 329600, loss: 7.71, cost: 4.05, (248.94 ms/iter)
2019-04-22 14:50:21,261:INFO: Iter: 5160, Sequences: 330240, loss: 7.67, cost: 4.05, (249.56 ms/iter)
2019-04-22 14:50:23,767:INFO: Iter: 5170, Sequences: 330880, loss: 7.64, cost: 4.01, (250.54 ms/iter)
2019-04-22 14:50:26,260:INFO: Iter: 5180, Sequences: 331520, loss: 7.52, cost: 3.94, (249.32 ms/iter)
2019-04-22 14:50:28,752:INFO: Iter: 5190, Sequences: 332160, loss: 7.32, cost: 3.88, (249.22 ms/iter)
2019-04-22 14:50:31,254:INFO: Iter: 5200, Sequences: 332800, loss: 7.53, cost: 4.05, (250.16 ms/iter)
2019-04-22 14:50:33,746:INFO: Iter: 5210, Sequences: 333440, loss: 7.48, cost: 4.04, (249.28 ms/iter)
2019-04-22 14:50:36,243:INFO: Iter: 5220, Sequences: 334080, loss: 7.68, cost: 4.04, (249.67 ms/iter)
2019-04-22 14:50:38,740:INFO: Iter: 5230, Sequences: 334720, loss: 7.73, cost: 4.06, (249.69 ms/iter)
2019-04-22 14:50:41,259:INFO: Iter: 5240, Sequences: 335360, loss: 7.57, cost: 3.96, (251.89 ms/iter)
2019-04-22 14:50:43,762:INFO: Iter: 5250, Sequences: 336000, loss: 7.50, cost: 3.98, (250.35 ms/iter)
2019-04-22 14:50:46,254:INFO: Iter: 5260, Sequences: 336640, loss: 7.48, cost: 4.01, (249.17 ms/iter)
2019-04-22 14:50:48,776:INFO: Iter: 5270, Sequences: 337280, loss: 7.48, cost: 3.97, (252.17 ms/iter)
2019-04-22 14:50:51,291:INFO: Iter: 5280, Sequences: 337920, loss: 7.51, cost: 4.03, (251.57 ms/iter)
2019-04-22 14:50:53,779:INFO: Iter: 5290, Sequences: 338560, loss: 7.53, cost: 3.98, (248.80 ms/iter)
2019-04-22 14:50:56,289:INFO: Iter: 5300, Sequences: 339200, loss: 7.59, cost: 4.03, (250.96 ms/iter)
2019-04-22 14:50:58,787:INFO: Iter: 5310, Sequences: 339840, loss: 7.64, cost: 4.12, (249.85 ms/iter)
2019-04-22 14:51:01,285:INFO: Iter: 5320, Sequences: 340480, loss: 7.46, cost: 3.93, (249.72 ms/iter)
2019-04-22 14:51:03,776:INFO: Iter: 5330, Sequences: 341120, loss: 7.44, cost: 3.94, (249.11 ms/iter)
2019-04-22 14:51:06,290:INFO: Iter: 5340, Sequences: 341760, loss: 7.47, cost: 3.89, (251.43 ms/iter)
2019-04-22 14:51:08,785:INFO: Iter: 5350, Sequences: 342400, loss: 7.73, cost: 4.03, (249.51 ms/iter)
2019-04-22 14:51:11,279:INFO: Iter: 5360, Sequences: 343040, loss: 7.35, cost: 3.96, (249.39 ms/iter)
2019-04-22 14:51:13,787:INFO: Iter: 5370, Sequences: 343680, loss: 7.61, cost: 3.95, (250.75 ms/iter)
2019-04-22 14:51:16,299:INFO: Iter: 5380, Sequences: 344320, loss: 7.38, cost: 3.90, (251.24 ms/iter)
2019-04-22 14:51:18,799:INFO: Iter: 5390, Sequences: 344960, loss: 7.19, cost: 3.85, (249.96 ms/iter)
2019-04-22 14:51:21,296:INFO: Iter: 5400, Sequences: 345600, loss: 7.32, cost: 3.85, (249.77 ms/iter)
2019-04-22 14:51:23,798:INFO: Iter: 5410, Sequences: 346240, loss: 7.49, cost: 4.00, (250.13 ms/iter)
2019-04-22 14:51:26,275:INFO: Iter: 5420, Sequences: 346880, loss: 7.20, cost: 3.80, (247.79 ms/iter)
2019-04-22 14:51:28,777:INFO: Iter: 5430, Sequences: 347520, loss: 7.68, cost: 4.01, (250.12 ms/iter)
2019-04-22 14:51:31,254:INFO: Iter: 5440, Sequences: 348160, loss: 7.54, cost: 3.94, (247.76 ms/iter)
2019-04-22 14:51:33,739:INFO: Iter: 5450, Sequences: 348800, loss: 7.35, cost: 3.87, (248.49 ms/iter)
2019-04-22 14:51:36,221:INFO: Iter: 5460, Sequences: 349440, loss: 7.72, cost: 4.10, (248.15 ms/iter)
2019-04-22 14:51:38,686:INFO: Iter: 5470, Sequences: 350080, loss: 7.64, cost: 4.06, (246.59 ms/iter)
2019-04-22 14:51:41,149:INFO: Iter: 5480, Sequences: 350720, loss: 7.18, cost: 3.79, (246.29 ms/iter)
2019-04-22 14:51:43,646:INFO: Iter: 5490, Sequences: 351360, loss: 7.64, cost: 4.07, (249.62 ms/iter)
2019-04-22 14:51:46,102:INFO: Iter: 5500, Sequences: 352000, loss: 7.55, cost: 4.05, (245.61 ms/iter)
2019-04-22 14:51:46,102:INFO: Saving checkpoint
2019-04-22 14:51:48,587:INFO: Iter: 5510, Sequences: 352640, loss: 7.33, cost: 3.86, (248.57 ms/iter)
2019-04-22 14:51:51,056:INFO: Iter: 5520, Sequences: 353280, loss: 7.53, cost: 4.01, (246.85 ms/iter)
2019-04-22 14:51:53,530:INFO: Iter: 5530, Sequences: 353920, loss: 7.67, cost: 4.06, (247.38 ms/iter)
2019-04-22 14:51:56,016:INFO: Iter: 5540, Sequences: 354560, loss: 7.38, cost: 3.94, (248.64 ms/iter)
2019-04-22 14:51:58,496:INFO: Iter: 5550, Sequences: 355200, loss: 7.82, cost: 4.33, (248.04 ms/iter)
2019-04-22 14:52:00,980:INFO: Iter: 5560, Sequences: 355840, loss: 7.59, cost: 4.03, (248.38 ms/iter)
2019-04-22 14:52:03,473:INFO: Iter: 5570, Sequences: 356480, loss: 7.60, cost: 4.10, (249.25 ms/iter)
2019-04-22 14:52:05,961:INFO: Iter: 5580, Sequences: 357120, loss: 7.52, cost: 3.95, (248.82 ms/iter)
2019-04-22 14:52:08,423:INFO: Iter: 5590, Sequences: 357760, loss: 7.47, cost: 3.95, (246.18 ms/iter)
2019-04-22 14:52:10,889:INFO: Iter: 5600, Sequences: 358400, loss: 7.63, cost: 4.00, (246.63 ms/iter)
2019-04-22 14:52:13,373:INFO: Iter: 5610, Sequences: 359040, loss: 7.89, cost: 4.15, (248.38 ms/iter)
2019-04-22 14:52:15,846:INFO: Iter: 5620, Sequences: 359680, loss: 7.73, cost: 4.13, (247.30 ms/iter)
2019-04-22 14:52:18,301:INFO: Iter: 5630, Sequences: 360320, loss: 7.39, cost: 3.90, (245.52 ms/iter)
2019-04-22 14:52:20,784:INFO: Iter: 5640, Sequences: 360960, loss: 7.10, cost: 3.71, (248.32 ms/iter)
2019-04-22 14:52:23,267:INFO: Iter: 5650, Sequences: 361600, loss: 7.81, cost: 4.16, (248.29 ms/iter)
2019-04-22 14:52:25,739:INFO: Iter: 5660, Sequences: 362240, loss: 7.23, cost: 3.83, (247.19 ms/iter)
2019-04-22 14:52:28,224:INFO: Iter: 5670, Sequences: 362880, loss: 7.67, cost: 4.12, (248.48 ms/iter)
2019-04-22 14:52:30,767:INFO: Iter: 5680, Sequences: 363520, loss: 7.46, cost: 3.95, (254.32 ms/iter)
2019-04-22 14:52:33,272:INFO: Iter: 5690, Sequences: 364160, loss: 7.23, cost: 3.83, (250.54 ms/iter)
2019-04-22 14:52:35,748:INFO: Iter: 5700, Sequences: 364800, loss: 7.25, cost: 3.85, (247.58 ms/iter)
2019-04-22 14:52:38,245:INFO: Iter: 5710, Sequences: 365440, loss: 7.33, cost: 3.83, (249.66 ms/iter)
2019-04-22 14:52:40,746:INFO: Iter: 5720, Sequences: 366080, loss: 7.54, cost: 4.08, (250.15 ms/iter)
2019-04-22 14:52:43,234:INFO: Iter: 5730, Sequences: 366720, loss: 7.42, cost: 3.93, (248.80 ms/iter)
2019-04-22 14:52:45,758:INFO: Iter: 5740, Sequences: 367360, loss: 7.24, cost: 3.90, (252.41 ms/iter)
2019-04-22 14:52:48,250:INFO: Iter: 5750, Sequences: 368000, loss: 8.01, cost: 4.28, (249.12 ms/iter)
2019-04-22 14:52:50,757:INFO: Iter: 5760, Sequences: 368640, loss: 7.56, cost: 4.08, (250.76 ms/iter)
2019-04-22 14:52:53,264:INFO: Iter: 5770, Sequences: 369280, loss: 7.30, cost: 3.81, (250.68 ms/iter)
2019-04-22 14:52:55,759:INFO: Iter: 5780, Sequences: 369920, loss: 7.34, cost: 3.83, (249.50 ms/iter)
2019-04-22 14:52:58,285:INFO: Iter: 5790, Sequences: 370560, loss: 7.58, cost: 4.03, (252.59 ms/iter)
2019-04-22 14:53:00,801:INFO: Iter: 5800, Sequences: 371200, loss: 7.87, cost: 4.11, (251.64 ms/iter)
2019-04-22 14:53:03,299:INFO: Iter: 5810, Sequences: 371840, loss: 7.45, cost: 3.99, (249.74 ms/iter)
2019-04-22 14:53:05,800:INFO: Iter: 5820, Sequences: 372480, loss: 7.46, cost: 3.96, (250.15 ms/iter)
2019-04-22 14:53:08,324:INFO: Iter: 5830, Sequences: 373120, loss: 7.44, cost: 3.88, (252.33 ms/iter)
2019-04-22 14:53:10,811:INFO: Iter: 5840, Sequences: 373760, loss: 7.34, cost: 3.87, (248.74 ms/iter)
2019-04-22 14:53:13,293:INFO: Iter: 5850, Sequences: 374400, loss: 7.55, cost: 3.97, (248.16 ms/iter)
2019-04-22 14:53:15,803:INFO: Iter: 5860, Sequences: 375040, loss: 7.59, cost: 3.97, (251.01 ms/iter)
2019-04-22 14:53:18,285:INFO: Iter: 5870, Sequences: 375680, loss: 7.43, cost: 3.92, (248.19 ms/iter)
2019-04-22 14:53:20,773:INFO: Iter: 5880, Sequences: 376320, loss: 7.57, cost: 4.04, (248.83 ms/iter)
2019-04-22 14:53:23,248:INFO: Iter: 5890, Sequences: 376960, loss: 7.36, cost: 3.81, (247.50 ms/iter)
2019-04-22 14:53:25,751:INFO: Iter: 5900, Sequences: 377600, loss: 7.20, cost: 3.83, (250.29 ms/iter)
2019-04-22 14:53:28,266:INFO: Iter: 5910, Sequences: 378240, loss: 7.33, cost: 3.97, (251.50 ms/iter)
2019-04-22 14:53:30,763:INFO: Iter: 5920, Sequences: 378880, loss: 7.37, cost: 3.86, (249.69 ms/iter)
2019-04-22 14:53:33,261:INFO: Iter: 5930, Sequences: 379520, loss: 7.36, cost: 3.91, (249.87 ms/iter)
2019-04-22 14:53:35,754:INFO: Iter: 5940, Sequences: 380160, loss: 7.22, cost: 3.81, (249.22 ms/iter)
2019-04-22 14:53:38,265:INFO: Iter: 5950, Sequences: 380800, loss: 7.54, cost: 3.98, (251.10 ms/iter)
2019-04-22 14:53:40,749:INFO: Iter: 5960, Sequences: 381440, loss: 7.28, cost: 3.80, (248.44 ms/iter)
2019-04-22 14:53:43,230:INFO: Iter: 5970, Sequences: 382080, loss: 7.14, cost: 3.73, (248.10 ms/iter)
2019-04-22 14:53:45,723:INFO: Iter: 5980, Sequences: 382720, loss: 7.44, cost: 3.96, (249.35 ms/iter)
2019-04-22 14:53:48,217:INFO: Iter: 5990, Sequences: 383360, loss: 7.29, cost: 3.81, (249.35 ms/iter)
2019-04-22 14:53:50,721:INFO: Iter: 6000, Sequences: 384000, loss: 7.23, cost: 3.83, (250.41 ms/iter)
2019-04-22 14:53:50,721:INFO: Saving checkpoint
2019-04-22 14:53:53,184:INFO: Iter: 6010, Sequences: 384640, loss: 7.26, cost: 3.89, (246.29 ms/iter)
2019-04-22 14:53:55,693:INFO: Iter: 6020, Sequences: 385280, loss: 6.94, cost: 3.63, (250.88 ms/iter)
2019-04-22 14:53:58,203:INFO: Iter: 6030, Sequences: 385920, loss: 7.39, cost: 3.87, (251.00 ms/iter)
2019-04-22 14:54:00,695:INFO: Iter: 6040, Sequences: 386560, loss: 7.37, cost: 3.91, (249.25 ms/iter)
2019-04-22 14:54:03,183:INFO: Iter: 6050, Sequences: 387200, loss: 7.39, cost: 3.92, (248.76 ms/iter)
2019-04-22 14:54:05,675:INFO: Iter: 6060, Sequences: 387840, loss: 7.34, cost: 3.87, (249.17 ms/iter)
2019-04-22 14:54:08,164:INFO: Iter: 6070, Sequences: 388480, loss: 7.11, cost: 3.72, (248.96 ms/iter)
2019-04-22 14:54:10,674:INFO: Iter: 6080, Sequences: 389120, loss: 7.33, cost: 3.83, (250.95 ms/iter)
2019-04-22 14:54:13,198:INFO: Iter: 6090, Sequences: 389760, loss: 7.27, cost: 3.75, (252.42 ms/iter)
2019-04-22 14:54:15,694:INFO: Iter: 6100, Sequences: 390400, loss: 7.29, cost: 3.89, (249.57 ms/iter)
2019-04-22 14:54:18,194:INFO: Iter: 6110, Sequences: 391040, loss: 7.59, cost: 4.01, (249.99 ms/iter)
2019-04-22 14:54:20,735:INFO: Iter: 6120, Sequences: 391680, loss: 7.33, cost: 3.92, (254.13 ms/iter)
2019-04-22 14:54:23,254:INFO: Iter: 6130, Sequences: 392320, loss: 7.19, cost: 3.87, (251.92 ms/iter)
2019-04-22 14:54:25,747:INFO: Iter: 6140, Sequences: 392960, loss: 7.27, cost: 3.78, (249.31 ms/iter)
2019-04-22 14:54:28,257:INFO: Iter: 6150, Sequences: 393600, loss: 7.06, cost: 3.75, (251.01 ms/iter)
2019-04-22 14:54:30,770:INFO: Iter: 6160, Sequences: 394240, loss: 6.95, cost: 3.73, (251.23 ms/iter)
2019-04-22 14:54:33,266:INFO: Iter: 6170, Sequences: 394880, loss: 7.54, cost: 4.00, (249.63 ms/iter)
2019-04-22 14:54:35,772:INFO: Iter: 6180, Sequences: 395520, loss: 7.32, cost: 3.83, (250.65 ms/iter)
2019-04-22 14:54:38,273:INFO: Iter: 6190, Sequences: 396160, loss: 6.91, cost: 3.60, (250.09 ms/iter)
2019-04-22 14:54:40,763:INFO: Iter: 6200, Sequences: 396800, loss: 7.13, cost: 3.71, (248.99 ms/iter)
2019-04-22 14:54:43,267:INFO: Iter: 6210, Sequences: 397440, loss: 7.18, cost: 3.77, (250.41 ms/iter)
2019-04-22 14:54:45,764:INFO: Iter: 6220, Sequences: 398080, loss: 7.47, cost: 3.90, (249.67 ms/iter)
2019-04-22 14:54:48,275:INFO: Iter: 6230, Sequences: 398720, loss: 7.33, cost: 3.90, (251.13 ms/iter)
2019-04-22 14:54:50,784:INFO: Iter: 6240, Sequences: 399360, loss: 7.15, cost: 3.72, (250.85 ms/iter)
2019-04-22 14:54:53,287:INFO: Iter: 6250, Sequences: 400000, loss: 7.32, cost: 3.84, (250.31 ms/iter)
2019-04-22 14:54:55,788:INFO: Iter: 6260, Sequences: 400640, loss: 7.44, cost: 3.93, (250.11 ms/iter)
2019-04-22 14:54:58,298:INFO: Iter: 6270, Sequences: 401280, loss: 7.01, cost: 3.64, (251.04 ms/iter)
2019-04-22 14:55:00,817:INFO: Iter: 6280, Sequences: 401920, loss: 7.26, cost: 3.85, (251.88 ms/iter)
2019-04-22 14:55:03,327:INFO: Iter: 6290, Sequences: 402560, loss: 7.16, cost: 3.78, (250.93 ms/iter)
2019-04-22 14:55:05,828:INFO: Iter: 6300, Sequences: 403200, loss: 7.33, cost: 3.91, (250.15 ms/iter)
2019-04-22 14:55:08,330:INFO: Iter: 6310, Sequences: 403840, loss: 7.12, cost: 3.77, (250.15 ms/iter)
2019-04-22 14:55:10,822:INFO: Iter: 6320, Sequences: 404480, loss: 6.85, cost: 3.60, (249.29 ms/iter)
2019-04-22 14:55:13,356:INFO: Iter: 6330, Sequences: 405120, loss: 7.29, cost: 3.79, (253.39 ms/iter)
2019-04-22 14:55:15,861:INFO: Iter: 6340, Sequences: 405760, loss: 7.17, cost: 3.74, (250.51 ms/iter)
2019-04-22 14:55:18,372:INFO: Iter: 6350, Sequences: 406400, loss: 7.28, cost: 3.83, (251.02 ms/iter)
2019-04-22 14:55:20,877:INFO: Iter: 6360, Sequences: 407040, loss: 7.14, cost: 3.78, (250.52 ms/iter)
2019-04-22 14:55:23,382:INFO: Iter: 6370, Sequences: 407680, loss: 7.30, cost: 3.85, (250.52 ms/iter)
2019-04-22 14:55:25,874:INFO: Iter: 6380, Sequences: 408320, loss: 7.19, cost: 3.72, (249.23 ms/iter)
2019-04-22 14:55:28,370:INFO: Iter: 6390, Sequences: 408960, loss: 7.16, cost: 3.75, (249.55 ms/iter)
2019-04-22 14:55:30,892:INFO: Iter: 6400, Sequences: 409600, loss: 6.79, cost: 3.44, (252.20 ms/iter)
2019-04-22 14:55:33,390:INFO: Iter: 6410, Sequences: 410240, loss: 7.43, cost: 3.81, (249.85 ms/iter)
2019-04-22 14:55:35,894:INFO: Iter: 6420, Sequences: 410880, loss: 6.63, cost: 3.49, (250.37 ms/iter)
2019-04-22 14:55:38,370:INFO: Iter: 6430, Sequences: 411520, loss: 6.98, cost: 3.65, (247.61 ms/iter)
2019-04-22 14:55:40,862:INFO: Iter: 6440, Sequences: 412160, loss: 6.81, cost: 3.42, (249.20 ms/iter)
2019-04-22 14:55:43,390:INFO: Iter: 6450, Sequences: 412800, loss: 7.17, cost: 3.73, (252.75 ms/iter)
2019-04-22 14:55:45,905:INFO: Iter: 6460, Sequences: 413440, loss: 7.15, cost: 3.76, (251.57 ms/iter)
2019-04-22 14:55:48,391:INFO: Iter: 6470, Sequences: 414080, loss: 7.01, cost: 3.57, (248.57 ms/iter)
2019-04-22 14:55:50,891:INFO: Iter: 6480, Sequences: 414720, loss: 7.24, cost: 3.79, (250.01 ms/iter)
2019-04-22 14:55:53,368:INFO: Iter: 6490, Sequences: 415360, loss: 7.31, cost: 3.79, (247.65 ms/iter)
2019-04-22 14:55:55,875:INFO: Iter: 6500, Sequences: 416000, loss: 6.84, cost: 3.58, (250.71 ms/iter)
2019-04-22 14:55:55,875:INFO: Saving checkpoint
2019-04-22 14:55:58,381:INFO: Iter: 6510, Sequences: 416640, loss: 6.82, cost: 3.56, (250.61 ms/iter)
2019-04-22 14:56:00,880:INFO: Iter: 6520, Sequences: 417280, loss: 6.96, cost: 3.61, (249.90 ms/iter)
2019-04-22 14:56:03,373:INFO: Iter: 6530, Sequences: 417920, loss: 7.31, cost: 3.87, (249.37 ms/iter)
2019-04-22 14:56:05,867:INFO: Iter: 6540, Sequences: 418560, loss: 6.89, cost: 3.52, (249.38 ms/iter)
2019-04-22 14:56:08,404:INFO: Iter: 6550, Sequences: 419200, loss: 7.13, cost: 3.70, (253.71 ms/iter)
2019-04-22 14:56:10,909:INFO: Iter: 6560, Sequences: 419840, loss: 6.85, cost: 3.62, (250.51 ms/iter)
2019-04-22 14:56:13,423:INFO: Iter: 6570, Sequences: 420480, loss: 6.82, cost: 3.53, (251.31 ms/iter)
2019-04-22 14:56:15,911:INFO: Iter: 6580, Sequences: 421120, loss: 6.81, cost: 3.60, (248.89 ms/iter)
2019-04-22 14:56:18,406:INFO: Iter: 6590, Sequences: 421760, loss: 6.70, cost: 3.46, (249.44 ms/iter)
2019-04-22 14:56:20,922:INFO: Iter: 6600, Sequences: 422400, loss: 6.86, cost: 3.55, (251.62 ms/iter)
2019-04-22 14:56:23,408:INFO: Iter: 6610, Sequences: 423040, loss: 6.66, cost: 3.43, (248.57 ms/iter)
2019-04-22 14:56:25,910:INFO: Iter: 6620, Sequences: 423680, loss: 6.87, cost: 3.54, (250.27 ms/iter)
2019-04-22 14:56:28,430:INFO: Iter: 6630, Sequences: 424320, loss: 6.89, cost: 3.55, (251.99 ms/iter)
2019-04-22 14:56:30,918:INFO: Iter: 6640, Sequences: 424960, loss: 7.31, cost: 3.75, (248.79 ms/iter)
2019-04-22 14:56:33,412:INFO: Iter: 6650, Sequences: 425600, loss: 7.20, cost: 3.71, (249.37 ms/iter)
2019-04-22 14:56:35,902:INFO: Iter: 6660, Sequences: 426240, loss: 6.79, cost: 3.44, (248.97 ms/iter)
2019-04-22 14:56:38,466:INFO: Iter: 6670, Sequences: 426880, loss: 6.71, cost: 3.46, (256.43 ms/iter)
2019-04-22 14:56:40,955:INFO: Iter: 6680, Sequences: 427520, loss: 7.08, cost: 3.71, (248.91 ms/iter)
2019-04-22 14:56:43,467:INFO: Iter: 6690, Sequences: 428160, loss: 6.81, cost: 3.46, (251.25 ms/iter)
2019-04-22 14:56:45,954:INFO: Iter: 6700, Sequences: 428800, loss: 7.02, cost: 3.61, (248.62 ms/iter)
2019-04-22 14:56:48,455:INFO: Iter: 6710, Sequences: 429440, loss: 7.11, cost: 3.68, (250.10 ms/iter)
2019-04-22 14:56:50,939:INFO: Iter: 6720, Sequences: 430080, loss: 6.78, cost: 3.52, (248.45 ms/iter)
2019-04-22 14:56:53,419:INFO: Iter: 6730, Sequences: 430720, loss: 6.60, cost: 3.46, (247.94 ms/iter)
2019-04-22 14:56:55,943:INFO: Iter: 6740, Sequences: 431360, loss: 6.62, cost: 3.32, (252.42 ms/iter)
2019-04-22 14:56:58,454:INFO: Iter: 6750, Sequences: 432000, loss: 6.64, cost: 3.42, (251.11 ms/iter)
2019-04-22 14:57:00,950:INFO: Iter: 6760, Sequences: 432640, loss: 6.89, cost: 3.59, (249.58 ms/iter)
2019-04-22 14:57:03,443:INFO: Iter: 6770, Sequences: 433280, loss: 6.63, cost: 3.38, (249.32 ms/iter)
2019-04-22 14:57:05,928:INFO: Iter: 6780, Sequences: 433920, loss: 6.55, cost: 3.37, (248.54 ms/iter)
2019-04-22 14:57:08,433:INFO: Iter: 6790, Sequences: 434560, loss: 6.33, cost: 3.20, (250.48 ms/iter)
2019-04-22 14:57:10,898:INFO: Iter: 6800, Sequences: 435200, loss: 6.84, cost: 3.47, (246.45 ms/iter)
2019-04-22 14:57:13,405:INFO: Iter: 6810, Sequences: 435840, loss: 6.94, cost: 3.58, (250.72 ms/iter)
2019-04-22 14:57:15,905:INFO: Iter: 6820, Sequences: 436480, loss: 6.81, cost: 3.49, (250.00 ms/iter)
2019-04-22 14:57:18,416:INFO: Iter: 6830, Sequences: 437120, loss: 6.45, cost: 3.27, (251.17 ms/iter)
2019-04-22 14:57:20,916:INFO: Iter: 6840, Sequences: 437760, loss: 7.08, cost: 3.65, (249.99 ms/iter)
2019-04-22 14:57:23,386:INFO: Iter: 6850, Sequences: 438400, loss: 6.53, cost: 3.26, (246.93 ms/iter)
2019-04-22 14:57:25,878:INFO: Iter: 6860, Sequences: 439040, loss: 6.51, cost: 3.34, (249.22 ms/iter)
2019-04-22 14:57:28,376:INFO: Iter: 6870, Sequences: 439680, loss: 6.63, cost: 3.35, (249.78 ms/iter)
2019-04-22 14:57:30,871:INFO: Iter: 6880, Sequences: 440320, loss: 6.41, cost: 3.30, (249.50 ms/iter)
2019-04-22 14:57:33,352:INFO: Iter: 6890, Sequences: 440960, loss: 6.43, cost: 3.28, (248.15 ms/iter)
2019-04-22 14:57:35,829:INFO: Iter: 6900, Sequences: 441600, loss: 6.47, cost: 3.25, (247.66 ms/iter)
2019-04-22 14:57:38,335:INFO: Iter: 6910, Sequences: 442240, loss: 6.38, cost: 3.20, (250.66 ms/iter)
2019-04-22 14:57:40,816:INFO: Iter: 6920, Sequences: 442880, loss: 6.27, cost: 3.14, (248.02 ms/iter)
2019-04-22 14:57:43,292:INFO: Iter: 6930, Sequences: 443520, loss: 6.19, cost: 3.07, (247.69 ms/iter)
2019-04-22 14:57:45,804:INFO: Iter: 6940, Sequences: 444160, loss: 6.32, cost: 3.15, (251.15 ms/iter)
2019-04-22 14:57:48,257:INFO: Iter: 6950, Sequences: 444800, loss: 6.32, cost: 3.22, (245.25 ms/iter)
2019-04-22 14:57:50,727:INFO: Iter: 6960, Sequences: 445440, loss: 5.95, cost: 2.98, (247.06 ms/iter)
2019-04-22 14:57:53,195:INFO: Iter: 6970, Sequences: 446080, loss: 6.28, cost: 3.10, (246.76 ms/iter)
2019-04-22 14:57:55,661:INFO: Iter: 6980, Sequences: 446720, loss: 6.31, cost: 3.18, (246.60 ms/iter)
2019-04-22 14:57:58,141:INFO: Iter: 6990, Sequences: 447360, loss: 6.38, cost: 3.16, (248.03 ms/iter)
2019-04-22 14:58:00,599:INFO: Iter: 7000, Sequences: 448000, loss: 6.34, cost: 3.17, (245.80 ms/iter)
2019-04-22 14:58:00,599:INFO: Saving checkpoint
2019-04-22 14:58:03,050:INFO: Iter: 7010, Sequences: 448640, loss: 6.06, cost: 3.04, (245.14 ms/iter)
2019-04-22 14:58:05,512:INFO: Iter: 7020, Sequences: 449280, loss: 6.49, cost: 3.23, (246.18 ms/iter)
2019-04-22 14:58:08,005:INFO: Iter: 7030, Sequences: 449920, loss: 6.32, cost: 3.16, (249.33 ms/iter)
2019-04-22 14:58:10,455:INFO: Iter: 7040, Sequences: 450560, loss: 6.19, cost: 3.05, (244.98 ms/iter)
2019-04-22 14:58:12,950:INFO: Iter: 7050, Sequences: 451200, loss: 6.02, cost: 2.95, (249.45 ms/iter)
2019-04-22 14:58:15,425:INFO: Iter: 7060, Sequences: 451840, loss: 5.98, cost: 2.94, (247.56 ms/iter)
2019-04-22 14:58:17,915:INFO: Iter: 7070, Sequences: 452480, loss: 6.17, cost: 3.03, (249.01 ms/iter)
2019-04-22 14:58:20,381:INFO: Iter: 7080, Sequences: 453120, loss: 5.57, cost: 2.64, (246.57 ms/iter)
2019-04-22 14:58:22,868:INFO: Iter: 7090, Sequences: 453760, loss: 5.80, cost: 2.79, (248.74 ms/iter)
2019-04-22 14:58:25,325:INFO: Iter: 7100, Sequences: 454400, loss: 6.18, cost: 2.97, (245.62 ms/iter)
2019-04-22 14:58:27,794:INFO: Iter: 7110, Sequences: 455040, loss: 6.27, cost: 3.12, (246.92 ms/iter)
2019-04-22 14:58:30,270:INFO: Iter: 7120, Sequences: 455680, loss: 5.72, cost: 2.83, (247.61 ms/iter)
2019-04-22 14:58:32,750:INFO: Iter: 7130, Sequences: 456320, loss: 6.08, cost: 2.90, (248.04 ms/iter)
2019-04-22 14:58:35,191:INFO: Iter: 7140, Sequences: 456960, loss: 6.06, cost: 3.01, (244.03 ms/iter)
2019-04-22 14:58:37,662:INFO: Iter: 7150, Sequences: 457600, loss: 5.75, cost: 2.86, (247.08 ms/iter)
2019-04-22 14:58:40,118:INFO: Iter: 7160, Sequences: 458240, loss: 5.84, cost: 2.88, (245.64 ms/iter)
2019-04-22 14:58:42,558:INFO: Iter: 7170, Sequences: 458880, loss: 5.82, cost: 2.82, (244.01 ms/iter)
2019-04-22 14:58:44,994:INFO: Iter: 7180, Sequences: 459520, loss: 5.67, cost: 2.79, (243.64 ms/iter)
2019-04-22 14:58:47,436:INFO: Iter: 7190, Sequences: 460160, loss: 5.58, cost: 2.72, (244.14 ms/iter)
2019-04-22 14:58:49,881:INFO: Iter: 7200, Sequences: 460800, loss: 5.88, cost: 2.83, (244.55 ms/iter)
2019-04-22 14:58:52,336:INFO: Iter: 7210, Sequences: 461440, loss: 5.54, cost: 2.67, (245.47 ms/iter)
2019-04-22 14:58:54,797:INFO: Iter: 7220, Sequences: 462080, loss: 5.76, cost: 2.70, (246.14 ms/iter)
2019-04-22 14:58:57,250:INFO: Iter: 7230, Sequences: 462720, loss: 5.65, cost: 2.70, (245.23 ms/iter)
2019-04-22 14:58:59,698:INFO: Iter: 7240, Sequences: 463360, loss: 5.93, cost: 2.90, (244.83 ms/iter)
2019-04-22 14:59:02,209:INFO: Iter: 7250, Sequences: 464000, loss: 5.83, cost: 2.88, (251.12 ms/iter)
2019-04-22 14:59:04,661:INFO: Iter: 7260, Sequences: 464640, loss: 5.58, cost: 2.72, (245.19 ms/iter)
2019-04-22 14:59:07,109:INFO: Iter: 7270, Sequences: 465280, loss: 5.58, cost: 2.64, (244.79 ms/iter)
2019-04-22 14:59:09,535:INFO: Iter: 7280, Sequences: 465920, loss: 5.48, cost: 2.72, (242.60 ms/iter)
2019-04-22 14:59:11,995:INFO: Iter: 7290, Sequences: 466560, loss: 5.66, cost: 2.73, (246.04 ms/iter)
2019-04-22 14:59:14,461:INFO: Iter: 7300, Sequences: 467200, loss: 5.72, cost: 2.84, (246.60 ms/iter)
2019-04-22 14:59:16,944:INFO: Iter: 7310, Sequences: 467840, loss: 5.34, cost: 2.65, (248.23 ms/iter)
2019-04-22 14:59:19,397:INFO: Iter: 7320, Sequences: 468480, loss: 5.49, cost: 2.61, (245.38 ms/iter)
2019-04-22 14:59:21,879:INFO: Iter: 7330, Sequences: 469120, loss: 5.96, cost: 2.87, (248.14 ms/iter)
2019-04-22 14:59:24,339:INFO: Iter: 7340, Sequences: 469760, loss: 5.39, cost: 2.60, (246.04 ms/iter)
2019-04-22 14:59:26,818:INFO: Iter: 7350, Sequences: 470400, loss: 5.17, cost: 2.38, (247.86 ms/iter)
2019-04-22 14:59:29,271:INFO: Iter: 7360, Sequences: 471040, loss: 5.19, cost: 2.45, (245.32 ms/iter)
2019-04-22 14:59:31,730:INFO: Iter: 7370, Sequences: 471680, loss: 5.27, cost: 2.45, (245.92 ms/iter)
2019-04-22 14:59:34,204:INFO: Iter: 7380, Sequences: 472320, loss: 5.31, cost: 2.50, (247.40 ms/iter)
2019-04-22 14:59:36,679:INFO: Iter: 7390, Sequences: 472960, loss: 5.12, cost: 2.30, (247.50 ms/iter)
2019-04-22 14:59:39,140:INFO: Iter: 7400, Sequences: 473600, loss: 5.12, cost: 2.43, (246.09 ms/iter)
2019-04-22 14:59:41,616:INFO: Iter: 7410, Sequences: 474240, loss: 4.98, cost: 2.28, (247.59 ms/iter)
2019-04-22 14:59:44,086:INFO: Iter: 7420, Sequences: 474880, loss: 4.89, cost: 2.25, (247.05 ms/iter)
2019-04-22 14:59:46,553:INFO: Iter: 7430, Sequences: 475520, loss: 5.09, cost: 2.42, (246.62 ms/iter)
2019-04-22 14:59:49,012:INFO: Iter: 7440, Sequences: 476160, loss: 5.19, cost: 2.36, (245.94 ms/iter)
2019-04-22 14:59:51,498:INFO: Iter: 7450, Sequences: 476800, loss: 4.35, cost: 1.90, (248.61 ms/iter)
2019-04-22 14:59:53,964:INFO: Iter: 7460, Sequences: 477440, loss: 4.84, cost: 2.14, (246.61 ms/iter)
2019-04-22 14:59:56,435:INFO: Iter: 7470, Sequences: 478080, loss: 4.66, cost: 2.07, (247.09 ms/iter)
2019-04-22 14:59:58,893:INFO: Iter: 7480, Sequences: 478720, loss: 4.25, cost: 1.83, (245.77 ms/iter)
2019-04-22 15:00:01,354:INFO: Iter: 7490, Sequences: 479360, loss: 4.40, cost: 1.80, (246.10 ms/iter)
2019-04-22 15:00:03,843:INFO: Iter: 7500, Sequences: 480000, loss: 4.47, cost: 1.91, (248.90 ms/iter)
2019-04-22 15:00:03,843:INFO: Saving checkpoint
2019-04-22 15:00:06,305:INFO: Iter: 7510, Sequences: 480640, loss: 4.50, cost: 1.87, (246.22 ms/iter)
2019-04-22 15:00:08,785:INFO: Iter: 7520, Sequences: 481280, loss: 3.70, cost: 1.53, (248.03 ms/iter)
2019-04-22 15:00:11,266:INFO: Iter: 7530, Sequences: 481920, loss: 4.04, cost: 1.59, (248.04 ms/iter)
2019-04-22 15:00:13,767:INFO: Iter: 7540, Sequences: 482560, loss: 4.54, cost: 1.84, (250.15 ms/iter)
2019-04-22 15:00:16,228:INFO: Iter: 7550, Sequences: 483200, loss: 3.44, cost: 1.37, (246.06 ms/iter)
2019-04-22 15:00:18,714:INFO: Iter: 7560, Sequences: 483840, loss: 3.42, cost: 1.31, (248.64 ms/iter)
2019-04-22 15:00:21,201:INFO: Iter: 7570, Sequences: 484480, loss: 3.35, cost: 1.23, (248.71 ms/iter)
2019-04-22 15:00:23,678:INFO: Iter: 7580, Sequences: 485120, loss: 3.43, cost: 1.25, (247.72 ms/iter)
2019-04-22 15:00:26,143:INFO: Iter: 7590, Sequences: 485760, loss: 3.35, cost: 1.19, (246.47 ms/iter)
2019-04-22 15:00:28,623:INFO: Iter: 7600, Sequences: 486400, loss: 2.72, cost: 0.92, (248.01 ms/iter)
2019-04-22 15:00:31,127:INFO: Iter: 7610, Sequences: 487040, loss: 2.79, cost: 0.93, (250.32 ms/iter)
2019-04-22 15:00:33,594:INFO: Iter: 7620, Sequences: 487680, loss: 3.13, cost: 1.03, (246.73 ms/iter)
2019-04-22 15:00:36,078:INFO: Iter: 7630, Sequences: 488320, loss: 2.50, cost: 0.82, (248.41 ms/iter)
2019-04-22 15:00:38,562:INFO: Iter: 7640, Sequences: 488960, loss: 2.49, cost: 0.78, (248.39 ms/iter)
2019-04-22 15:00:41,049:INFO: Iter: 7650, Sequences: 489600, loss: 2.57, cost: 0.72, (248.72 ms/iter)
2019-04-22 15:00:43,555:INFO: Iter: 7660, Sequences: 490240, loss: 2.07, cost: 0.65, (250.66 ms/iter)
2019-04-22 15:00:46,056:INFO: Iter: 7670, Sequences: 490880, loss: 1.97, cost: 0.60, (250.10 ms/iter)
2019-04-22 15:00:48,547:INFO: Iter: 7680, Sequences: 491520, loss: 1.83, cost: 0.53, (249.02 ms/iter)
2019-04-22 15:00:51,028:INFO: Iter: 7690, Sequences: 492160, loss: 2.01, cost: 0.58, (248.17 ms/iter)
2019-04-22 15:00:53,510:INFO: Iter: 7700, Sequences: 492800, loss: 2.10, cost: 0.60, (248.15 ms/iter)
2019-04-22 15:00:56,000:INFO: Iter: 7710, Sequences: 493440, loss: 1.93, cost: 0.53, (249.02 ms/iter)
2019-04-22 15:00:58,513:INFO: Iter: 7720, Sequences: 494080, loss: 1.78, cost: 0.51, (251.29 ms/iter)
2019-04-22 15:01:01,022:INFO: Iter: 7730, Sequences: 494720, loss: 1.68, cost: 0.48, (250.87 ms/iter)
2019-04-22 15:01:03,518:INFO: Iter: 7740, Sequences: 495360, loss: 1.37, cost: 0.33, (249.63 ms/iter)
2019-04-22 15:01:05,995:INFO: Iter: 7750, Sequences: 496000, loss: 1.48, cost: 0.37, (247.67 ms/iter)
2019-04-22 15:01:08,511:INFO: Iter: 7760, Sequences: 496640, loss: 1.35, cost: 0.34, (251.66 ms/iter)
2019-04-22 15:01:10,995:INFO: Iter: 7770, Sequences: 497280, loss: 1.44, cost: 0.41, (248.43 ms/iter)
2019-04-22 15:01:13,471:INFO: Iter: 7780, Sequences: 497920, loss: 1.05, cost: 0.30, (247.54 ms/iter)
2019-04-22 15:01:15,932:INFO: Iter: 7790, Sequences: 498560, loss: 1.67, cost: 0.43, (246.15 ms/iter)
2019-04-22 15:01:18,394:INFO: Iter: 7800, Sequences: 499200, loss: 1.28, cost: 0.33, (246.12 ms/iter)
2019-04-22 15:01:20,837:INFO: Iter: 7810, Sequences: 499840, loss: 1.33, cost: 0.32, (244.37 ms/iter)
2019-04-22 15:01:23,304:INFO: Iter: 7820, Sequences: 500480, loss: 1.27, cost: 0.31, (246.71 ms/iter)
2019-04-22 15:01:25,753:INFO: Iter: 7830, Sequences: 501120, loss: 1.55, cost: 0.36, (244.89 ms/iter)
2019-04-22 15:01:28,226:INFO: Iter: 7840, Sequences: 501760, loss: 1.10, cost: 0.25, (247.31 ms/iter)
2019-04-22 15:01:30,716:INFO: Iter: 7850, Sequences: 502400, loss: 0.86, cost: 0.20, (248.99 ms/iter)
2019-04-22 15:01:33,205:INFO: Iter: 7860, Sequences: 503040, loss: 0.78, cost: 0.17, (248.87 ms/iter)
2019-04-22 15:01:35,676:INFO: Iter: 7870, Sequences: 503680, loss: 1.25, cost: 0.25, (247.08 ms/iter)
2019-04-22 15:01:38,131:INFO: Iter: 7880, Sequences: 504320, loss: 1.08, cost: 0.29, (245.54 ms/iter)
2019-04-22 15:01:40,587:INFO: Iter: 7890, Sequences: 504960, loss: 0.81, cost: 0.16, (245.54 ms/iter)
2019-04-22 15:01:43,031:INFO: Iter: 7900, Sequences: 505600, loss: 0.75, cost: 0.20, (244.42 ms/iter)
2019-04-22 15:01:45,601:INFO: Iter: 7910, Sequences: 506240, loss: 0.95, cost: 0.20, (257.00 ms/iter)
2019-04-22 15:01:48,060:INFO: Iter: 7920, Sequences: 506880, loss: 1.17, cost: 0.25, (245.93 ms/iter)
2019-04-22 15:01:50,516:INFO: Iter: 7930, Sequences: 507520, loss: 0.92, cost: 0.22, (245.54 ms/iter)
2019-04-22 15:01:52,965:INFO: Iter: 7940, Sequences: 508160, loss: 0.89, cost: 0.19, (244.89 ms/iter)
2019-04-22 15:01:55,439:INFO: Iter: 7950, Sequences: 508800, loss: 0.60, cost: 0.14, (247.46 ms/iter)
2019-04-22 15:01:57,924:INFO: Iter: 7960, Sequences: 509440, loss: 0.99, cost: 0.27, (248.51 ms/iter)
2019-04-22 15:02:00,415:INFO: Iter: 7970, Sequences: 510080, loss: 0.58, cost: 0.16, (249.07 ms/iter)
2019-04-22 15:02:02,886:INFO: Iter: 7980, Sequences: 510720, loss: 0.57, cost: 0.14, (247.07 ms/iter)
2019-04-22 15:02:05,332:INFO: Iter: 7990, Sequences: 511360, loss: 0.69, cost: 0.17, (244.67 ms/iter)
2019-04-22 15:02:07,791:INFO: Iter: 8000, Sequences: 512000, loss: 0.49, cost: 0.10, (245.85 ms/iter)
2019-04-22 15:02:07,791:INFO: Saving checkpoint
2019-04-22 15:02:10,266:INFO: Iter: 8010, Sequences: 512640, loss: 1.10, cost: 0.23, (247.48 ms/iter)
2019-04-22 15:02:12,740:INFO: Iter: 8020, Sequences: 513280, loss: 0.87, cost: 0.22, (247.46 ms/iter)
2019-04-22 15:02:15,208:INFO: Iter: 8030, Sequences: 513920, loss: 0.57, cost: 0.12, (246.75 ms/iter)
2019-04-22 15:02:17,693:INFO: Iter: 8040, Sequences: 514560, loss: 0.75, cost: 0.17, (248.48 ms/iter)
2019-04-22 15:02:20,181:INFO: Iter: 8050, Sequences: 515200, loss: 0.52, cost: 0.12, (248.87 ms/iter)
2019-04-22 15:02:22,692:INFO: Iter: 8060, Sequences: 515840, loss: 0.62, cost: 0.12, (251.09 ms/iter)
2019-04-22 15:02:25,151:INFO: Iter: 8070, Sequences: 516480, loss: 0.40, cost: 0.06, (245.85 ms/iter)
2019-04-22 15:02:27,626:INFO: Iter: 8080, Sequences: 517120, loss: 0.43, cost: 0.08, (247.55 ms/iter)
2019-04-22 15:02:30,089:INFO: Iter: 8090, Sequences: 517760, loss: 0.35, cost: 0.07, (246.32 ms/iter)
2019-04-22 15:02:32,551:INFO: Iter: 8100, Sequences: 518400, loss: 0.29, cost: 0.05, (246.19 ms/iter)
2019-04-22 15:02:35,006:INFO: Iter: 8110, Sequences: 519040, loss: 0.77, cost: 0.12, (245.41 ms/iter)
2019-04-22 15:02:37,486:INFO: Iter: 8120, Sequences: 519680, loss: 0.54, cost: 0.10, (248.09 ms/iter)
2019-04-22 15:02:39,958:INFO: Iter: 8130, Sequences: 520320, loss: 0.40, cost: 0.08, (247.13 ms/iter)
2019-04-22 15:02:42,465:INFO: Iter: 8140, Sequences: 520960, loss: 0.56, cost: 0.10, (250.73 ms/iter)
2019-04-22 15:02:44,931:INFO: Iter: 8150, Sequences: 521600, loss: 0.69, cost: 0.16, (246.61 ms/iter)
2019-04-22 15:02:47,395:INFO: Iter: 8160, Sequences: 522240, loss: 0.60, cost: 0.10, (246.36 ms/iter)
2019-04-22 15:02:49,858:INFO: Iter: 8170, Sequences: 522880, loss: 0.51, cost: 0.08, (246.37 ms/iter)
2019-04-22 15:02:52,363:INFO: Iter: 8180, Sequences: 523520, loss: 0.20, cost: 0.04, (250.48 ms/iter)
2019-04-22 15:02:54,835:INFO: Iter: 8190, Sequences: 524160, loss: 0.29, cost: 0.05, (247.18 ms/iter)
2019-04-22 15:02:57,393:INFO: Iter: 8200, Sequences: 524800, loss: 0.40, cost: 0.08, (255.77 ms/iter)
2019-04-22 15:02:59,954:INFO: Iter: 8210, Sequences: 525440, loss: 0.40, cost: 0.06, (256.11 ms/iter)
2019-04-22 15:03:02,419:INFO: Iter: 8220, Sequences: 526080, loss: 0.28, cost: 0.06, (246.50 ms/iter)
2019-04-22 15:03:04,909:INFO: Iter: 8230, Sequences: 526720, loss: 0.28, cost: 0.05, (248.99 ms/iter)
2019-04-22 15:03:07,387:INFO: Iter: 8240, Sequences: 527360, loss: 0.46, cost: 0.07, (247.83 ms/iter)
2019-04-22 15:03:09,870:INFO: Iter: 8250, Sequences: 528000, loss: 0.53, cost: 0.08, (248.34 ms/iter)
2019-04-22 15:03:12,349:INFO: Iter: 8260, Sequences: 528640, loss: 0.16, cost: 0.02, (247.82 ms/iter)
2019-04-22 15:03:14,814:INFO: Iter: 8270, Sequences: 529280, loss: 0.42, cost: 0.07, (246.58 ms/iter)
2019-04-22 15:03:17,312:INFO: Iter: 8280, Sequences: 529920, loss: 0.26, cost: 0.05, (249.74 ms/iter)
2019-04-22 15:03:19,756:INFO: Iter: 8290, Sequences: 530560, loss: 0.26, cost: 0.06, (244.42 ms/iter)
2019-04-22 15:03:22,215:INFO: Iter: 8300, Sequences: 531200, loss: 0.40, cost: 0.07, (245.93 ms/iter)
2019-04-22 15:03:24,702:INFO: Iter: 8310, Sequences: 531840, loss: 0.42, cost: 0.07, (248.69 ms/iter)
2019-04-22 15:03:27,168:INFO: Iter: 8320, Sequences: 532480, loss: 0.32, cost: 0.06, (246.60 ms/iter)
2019-04-22 15:03:29,631:INFO: Iter: 8330, Sequences: 533120, loss: 0.51, cost: 0.09, (246.26 ms/iter)
2019-04-22 15:03:32,087:INFO: Iter: 8340, Sequences: 533760, loss: 0.39, cost: 0.08, (245.66 ms/iter)
2019-04-22 15:03:34,576:INFO: Iter: 8350, Sequences: 534400, loss: 0.14, cost: 0.03, (248.82 ms/iter)
2019-04-22 15:03:37,036:INFO: Iter: 8360, Sequences: 535040, loss: 0.40, cost: 0.06, (246.04 ms/iter)
2019-04-22 15:03:39,505:INFO: Iter: 8370, Sequences: 535680, loss: 0.49, cost: 0.10, (246.91 ms/iter)
2019-04-22 15:03:41,942:INFO: Iter: 8380, Sequences: 536320, loss: 0.17, cost: 0.03, (243.73 ms/iter)
2019-04-22 15:03:44,403:INFO: Iter: 8390, Sequences: 536960, loss: 0.38, cost: 0.07, (246.08 ms/iter)
2019-04-22 15:03:46,901:INFO: Iter: 8400, Sequences: 537600, loss: 0.21, cost: 0.04, (249.78 ms/iter)
2019-04-22 15:03:49,377:INFO: Iter: 8410, Sequences: 538240, loss: 0.21, cost: 0.03, (247.63 ms/iter)
2019-04-22 15:03:51,837:INFO: Iter: 8420, Sequences: 538880, loss: 0.26, cost: 0.04, (245.95 ms/iter)
2019-04-22 15:03:54,288:INFO: Iter: 8430, Sequences: 539520, loss: 0.19, cost: 0.03, (245.14 ms/iter)
2019-04-22 15:03:56,784:INFO: Iter: 8440, Sequences: 540160, loss: 0.12, cost: 0.03, (249.57 ms/iter)
2019-04-22 15:03:59,268:INFO: Iter: 8450, Sequences: 540800, loss: 0.18, cost: 0.05, (248.41 ms/iter)
2019-04-22 15:04:01,741:INFO: Iter: 8460, Sequences: 541440, loss: 0.10, cost: 0.01, (247.30 ms/iter)
2019-04-22 15:04:04,208:INFO: Iter: 8470, Sequences: 542080, loss: 0.44, cost: 0.09, (246.68 ms/iter)
2019-04-22 15:04:06,682:INFO: Iter: 8480, Sequences: 542720, loss: 0.20, cost: 0.05, (247.37 ms/iter)
2019-04-22 15:04:09,160:INFO: Iter: 8490, Sequences: 543360, loss: 0.54, cost: 0.10, (247.84 ms/iter)
2019-04-22 15:04:11,632:INFO: Iter: 8500, Sequences: 544000, loss: 0.31, cost: 0.06, (247.25 ms/iter)
2019-04-22 15:04:11,633:INFO: Saving checkpoint
2019-04-22 15:04:14,102:INFO: Iter: 8510, Sequences: 544640, loss: 0.27, cost: 0.06, (246.90 ms/iter)
2019-04-22 15:04:16,583:INFO: Iter: 8520, Sequences: 545280, loss: 0.33, cost: 0.06, (248.16 ms/iter)
2019-04-22 15:04:19,048:INFO: Iter: 8530, Sequences: 545920, loss: 0.64, cost: 0.09, (246.53 ms/iter)
2019-04-22 15:04:21,540:INFO: Iter: 8540, Sequences: 546560, loss: 0.23, cost: 0.04, (249.17 ms/iter)
2019-04-22 15:04:24,028:INFO: Iter: 8550, Sequences: 547200, loss: 0.20, cost: 0.02, (248.77 ms/iter)
2019-04-22 15:04:26,488:INFO: Iter: 8560, Sequences: 547840, loss: 0.26, cost: 0.04, (246.02 ms/iter)
2019-04-22 15:04:28,980:INFO: Iter: 8570, Sequences: 548480, loss: 0.23, cost: 0.03, (249.21 ms/iter)
2019-04-22 15:04:31,442:INFO: Iter: 8580, Sequences: 549120, loss: 0.34, cost: 0.06, (246.19 ms/iter)
2019-04-22 15:04:33,915:INFO: Iter: 8590, Sequences: 549760, loss: 0.34, cost: 0.05, (247.26 ms/iter)
2019-04-22 15:04:36,372:INFO: Iter: 8600, Sequences: 550400, loss: 0.08, cost: 0.01, (245.72 ms/iter)
2019-04-22 15:04:38,864:INFO: Iter: 8610, Sequences: 551040, loss: 0.18, cost: 0.04, (249.22 ms/iter)
2019-04-22 15:04:41,355:INFO: Iter: 8620, Sequences: 551680, loss: 0.26, cost: 0.07, (249.14 ms/iter)
2019-04-22 15:04:43,815:INFO: Iter: 8630, Sequences: 552320, loss: 0.27, cost: 0.06, (245.95 ms/iter)
2019-04-22 15:04:46,252:INFO: Iter: 8640, Sequences: 552960, loss: 0.43, cost: 0.07, (243.70 ms/iter)
2019-04-22 15:04:48,756:INFO: Iter: 8650, Sequences: 553600, loss: 0.17, cost: 0.03, (250.45 ms/iter)
2019-04-22 15:04:51,240:INFO: Iter: 8660, Sequences: 554240, loss: 0.13, cost: 0.03, (248.41 ms/iter)
2019-04-22 15:04:53,734:INFO: Iter: 8670, Sequences: 554880, loss: 0.23, cost: 0.05, (249.37 ms/iter)
2019-04-22 15:04:56,206:INFO: Iter: 8680, Sequences: 555520, loss: 0.09, cost: 0.03, (247.21 ms/iter)
2019-04-22 15:04:58,681:INFO: Iter: 8690, Sequences: 556160, loss: 0.10, cost: 0.02, (247.47 ms/iter)
2019-04-22 15:05:01,161:INFO: Iter: 8700, Sequences: 556800, loss: 0.28, cost: 0.04, (247.98 ms/iter)
2019-04-22 15:05:03,657:INFO: Iter: 8710, Sequences: 557440, loss: 0.17, cost: 0.02, (249.59 ms/iter)
2019-04-22 15:05:06,111:INFO: Iter: 8720, Sequences: 558080, loss: 0.08, cost: 0.02, (245.37 ms/iter)
2019-04-22 15:05:08,598:INFO: Iter: 8730, Sequences: 558720, loss: 0.29, cost: 0.08, (248.76 ms/iter)
2019-04-22 15:05:11,058:INFO: Iter: 8740, Sequences: 559360, loss: 0.12, cost: 0.02, (246.03 ms/iter)
2019-04-22 15:05:13,540:INFO: Iter: 8750, Sequences: 560000, loss: 0.06, cost: 0.01, (248.13 ms/iter)
2019-04-22 15:05:15,989:INFO: Iter: 8760, Sequences: 560640, loss: 0.31, cost: 0.06, (244.92 ms/iter)
2019-04-22 15:05:18,478:INFO: Iter: 8770, Sequences: 561280, loss: 0.05, cost: 0.00, (248.91 ms/iter)
2019-04-22 15:05:20,950:INFO: Iter: 8780, Sequences: 561920, loss: 0.10, cost: 0.02, (247.20 ms/iter)
2019-04-22 15:05:23,426:INFO: Iter: 8790, Sequences: 562560, loss: 0.05, cost: 0.01, (247.56 ms/iter)
2019-04-22 15:05:25,892:INFO: Iter: 8800, Sequences: 563200, loss: 0.16, cost: 0.04, (246.67 ms/iter)
2019-04-22 15:05:28,387:INFO: Iter: 8810, Sequences: 563840, loss: 0.05, cost: 0.01, (249.44 ms/iter)
2019-04-22 15:05:30,866:INFO: Iter: 8820, Sequences: 564480, loss: 0.13, cost: 0.03, (247.93 ms/iter)
2019-04-22 15:05:33,334:INFO: Iter: 8830, Sequences: 565120, loss: 0.19, cost: 0.02, (246.83 ms/iter)
2019-04-22 15:05:35,815:INFO: Iter: 8840, Sequences: 565760, loss: 0.21, cost: 0.04, (248.09 ms/iter)
2019-04-22 15:05:38,294:INFO: Iter: 8850, Sequences: 566400, loss: 0.28, cost: 0.05, (247.91 ms/iter)
2019-04-22 15:05:40,766:INFO: Iter: 8860, Sequences: 567040, loss: 0.03, cost: 0.00, (247.15 ms/iter)
2019-04-22 15:05:43,235:INFO: Iter: 8870, Sequences: 567680, loss: 0.36, cost: 0.07, (246.88 ms/iter)
2019-04-22 15:05:45,700:INFO: Iter: 8880, Sequences: 568320, loss: 0.15, cost: 0.02, (246.56 ms/iter)
2019-04-22 15:05:48,167:INFO: Iter: 8890, Sequences: 568960, loss: 0.05, cost: 0.01, (246.62 ms/iter)
2019-04-22 15:05:50,642:INFO: Iter: 8900, Sequences: 569600, loss: 0.18, cost: 0.03, (247.50 ms/iter)
2019-04-22 15:05:53,130:INFO: Iter: 8910, Sequences: 570240, loss: 0.04, cost: 0.00, (248.84 ms/iter)
2019-04-22 15:05:55,614:INFO: Iter: 8920, Sequences: 570880, loss: 0.06, cost: 0.01, (248.38 ms/iter)
2019-04-22 15:05:58,098:INFO: Iter: 8930, Sequences: 571520, loss: 0.03, cost: 0.01, (248.44 ms/iter)
2019-04-22 15:06:00,584:INFO: Iter: 8940, Sequences: 572160, loss: 0.07, cost: 0.02, (248.62 ms/iter)
2019-04-22 15:06:03,069:INFO: Iter: 8950, Sequences: 572800, loss: 0.12, cost: 0.02, (248.47 ms/iter)
2019-04-22 15:06:05,545:INFO: Iter: 8960, Sequences: 573440, loss: 0.34, cost: 0.06, (247.59 ms/iter)
2019-04-22 15:06:08,059:INFO: Iter: 8970, Sequences: 574080, loss: 0.11, cost: 0.02, (251.39 ms/iter)
2019-04-22 15:06:10,534:INFO: Iter: 8980, Sequences: 574720, loss: 0.03, cost: 0.01, (247.56 ms/iter)
2019-04-22 15:06:13,037:INFO: Iter: 8990, Sequences: 575360, loss: 0.13, cost: 0.02, (250.26 ms/iter)
2019-04-22 15:06:15,518:INFO: Iter: 9000, Sequences: 576000, loss: 0.03, cost: 0.00, (248.16 ms/iter)
2019-04-22 15:06:15,519:INFO: Saving checkpoint
2019-04-22 15:06:18,014:INFO: Iter: 9010, Sequences: 576640, loss: 0.05, cost: 0.01, (249.54 ms/iter)
2019-04-22 15:06:20,497:INFO: Iter: 9020, Sequences: 577280, loss: 0.07, cost: 0.01, (248.30 ms/iter)
2019-04-22 15:06:22,985:INFO: Iter: 9030, Sequences: 577920, loss: 0.29, cost: 0.03, (248.81 ms/iter)
2019-04-22 15:06:25,471:INFO: Iter: 9040, Sequences: 578560, loss: 0.14, cost: 0.02, (248.57 ms/iter)
2019-04-22 15:06:27,954:INFO: Iter: 9050, Sequences: 579200, loss: 0.03, cost: 0.00, (248.28 ms/iter)
2019-04-22 15:06:30,443:INFO: Iter: 9060, Sequences: 579840, loss: 0.02, cost: 0.00, (248.98 ms/iter)
2019-04-22 15:06:32,915:INFO: Iter: 9070, Sequences: 580480, loss: 0.08, cost: 0.03, (247.13 ms/iter)
