2019-05-07 20:38:58,606:INFO: Loaded config:

2019-05-07 20:38:58,606:INFO: ==============================

2019-05-07 20:38:58,606:INFO: name: Copy NTM seed

task:
  name: copy
  bit_width: 8
  min_len: 1
  max_len: 20
  batch_size: 16
  seed: 1

model:
  name: ntm
  mem_word_length: 20
  mem_cells_count: 128
  n_writes: 1
  n_reads: 1
  controller_n_hidden: 100
  controller_n_layers: 1
  clip_value: 20
  seed: 1

optimizer: rmsprop
learning_rate: 0.0001
momentum: 0.9
gradient_clipping: 10.0

gpu: true

checkpoint_interval: 200
verbose_interval: 10
exit_after: null

2019-05-07 20:38:58,606:INFO: ==============================

2019-05-07 20:38:58,607:INFO: Start training
2019-05-07 20:39:02,583:INFO: Loaded model
2019-05-07 20:39:02,584:INFO: Total number of parameters 62990
2019-05-07 20:39:02,600:INFO: Generating grammar tables from /usr/lib/python3.6/lib2to3/Grammar.txt
2019-05-07 20:39:02,625:INFO: Generating grammar tables from /usr/lib/python3.6/lib2to3/PatternGrammar.txt
2019-05-07 20:39:05,435:INFO: Iter: 10, Sequences: 160, loss: 71.17, cost: 44.66, (279.71 ms/iter)
2019-05-07 20:39:08,249:INFO: Iter: 20, Sequences: 320, loss: 67.50, cost: 43.70, (281.36 ms/iter)
2019-05-07 20:39:11,041:INFO: Iter: 30, Sequences: 480, loss: 66.38, cost: 42.37, (279.26 ms/iter)
2019-05-07 20:39:13,725:INFO: Iter: 40, Sequences: 640, loss: 64.01, cost: 41.64, (268.36 ms/iter)
2019-05-07 20:39:17,061:INFO: Iter: 50, Sequences: 800, loss: 68.63, cost: 45.29, (333.60 ms/iter)
2019-05-07 20:39:20,205:INFO: Iter: 60, Sequences: 960, loss: 66.66, cost: 44.38, (314.44 ms/iter)
2019-05-07 20:39:22,957:INFO: Iter: 70, Sequences: 1120, loss: 62.70, cost: 42.18, (275.12 ms/iter)
2019-05-07 20:39:25,748:INFO: Iter: 80, Sequences: 1280, loss: 63.19, cost: 43.17, (279.13 ms/iter)
2019-05-07 20:39:28,544:INFO: Iter: 90, Sequences: 1440, loss: 61.07, cost: 41.19, (279.60 ms/iter)
2019-05-07 20:39:31,318:INFO: Iter: 100, Sequences: 1600, loss: 62.48, cost: 42.54, (277.43 ms/iter)
2019-05-07 20:39:34,053:INFO: Iter: 110, Sequences: 1760, loss: 59.00, cost: 40.18, (273.45 ms/iter)
2019-05-07 20:39:36,766:INFO: Iter: 120, Sequences: 1920, loss: 61.75, cost: 42.52, (271.28 ms/iter)
2019-05-07 20:39:39,659:INFO: Iter: 130, Sequences: 2080, loss: 59.27, cost: 40.66, (289.40 ms/iter)
2019-05-07 20:39:42,700:INFO: Iter: 140, Sequences: 2240, loss: 67.95, cost: 45.18, (304.10 ms/iter)
2019-05-07 20:39:45,745:INFO: Iter: 150, Sequences: 2400, loss: 58.49, cost: 39.69, (304.44 ms/iter)
2019-05-07 20:39:48,627:INFO: Iter: 160, Sequences: 2560, loss: 57.19, cost: 38.93, (288.23 ms/iter)
2019-05-07 20:39:51,542:INFO: Iter: 170, Sequences: 2720, loss: 62.79, cost: 43.26, (291.48 ms/iter)
2019-05-07 20:39:54,696:INFO: Iter: 180, Sequences: 2880, loss: 59.59, cost: 40.76, (315.37 ms/iter)
2019-05-07 20:39:57,631:INFO: Iter: 190, Sequences: 3040, loss: 62.73, cost: 42.92, (293.53 ms/iter)
2019-05-07 20:40:00,432:INFO: Iter: 200, Sequences: 3200, loss: 60.86, cost: 41.63, (280.15 ms/iter)
2019-05-07 20:40:00,433:INFO: Saving checkpoint
2019-05-07 20:40:00,437:INFO: Validating model on longer sequences
2019-05-07 20:40:04,983:INFO: Iter: 210, Sequences: 3360, loss: 62.67, cost: 43.46, (455.11 ms/iter)
2019-05-07 20:40:07,833:INFO: Iter: 220, Sequences: 3520, loss: 63.01, cost: 43.59, (284.96 ms/iter)
2019-05-07 20:40:10,583:INFO: Iter: 230, Sequences: 3680, loss: 65.37, cost: 45.04, (274.97 ms/iter)
2019-05-07 20:40:13,346:INFO: Iter: 240, Sequences: 3840, loss: 60.63, cost: 42.11, (276.38 ms/iter)
2019-05-07 20:40:16,055:INFO: Iter: 250, Sequences: 4000, loss: 57.89, cost: 39.84, (270.89 ms/iter)
2019-05-07 20:40:18,884:INFO: Iter: 260, Sequences: 4160, loss: 63.45, cost: 44.05, (282.86 ms/iter)
2019-05-07 20:40:21,662:INFO: Iter: 270, Sequences: 4320, loss: 62.40, cost: 43.11, (277.75 ms/iter)
2019-05-07 20:40:24,491:INFO: Iter: 280, Sequences: 4480, loss: 62.14, cost: 43.89, (282.97 ms/iter)
2019-05-07 20:40:27,430:INFO: Iter: 290, Sequences: 4640, loss: 61.81, cost: 43.05, (293.89 ms/iter)
2019-05-07 20:40:30,214:INFO: Iter: 300, Sequences: 4800, loss: 58.93, cost: 41.12, (278.39 ms/iter)
2019-05-07 20:40:32,981:INFO: Iter: 310, Sequences: 4960, loss: 59.87, cost: 42.37, (276.73 ms/iter)
2019-05-07 20:40:35,737:INFO: Iter: 320, Sequences: 5120, loss: 61.75, cost: 42.36, (275.56 ms/iter)
2019-05-07 20:40:38,497:INFO: Iter: 330, Sequences: 5280, loss: 61.08, cost: 42.53, (275.95 ms/iter)
2019-05-07 20:40:41,233:INFO: Iter: 340, Sequences: 5440, loss: 60.84, cost: 42.00, (273.61 ms/iter)
2019-05-07 20:40:44,046:INFO: Iter: 350, Sequences: 5600, loss: 63.50, cost: 44.44, (281.32 ms/iter)
2019-05-07 20:40:46,764:INFO: Iter: 360, Sequences: 5760, loss: 58.42, cost: 40.96, (271.78 ms/iter)
2019-05-07 20:40:49,656:INFO: Iter: 370, Sequences: 5920, loss: 58.94, cost: 40.99, (289.27 ms/iter)
2019-05-07 20:40:52,376:INFO: Iter: 380, Sequences: 6080, loss: 56.69, cost: 39.39, (271.98 ms/iter)
2019-05-07 20:40:55,166:INFO: Iter: 390, Sequences: 6240, loss: 59.28, cost: 41.26, (278.98 ms/iter)
2019-05-07 20:40:58,006:INFO: Iter: 400, Sequences: 6400, loss: 59.68, cost: 41.86, (284.02 ms/iter)
2019-05-07 20:40:58,006:INFO: Saving checkpoint
2019-05-07 20:40:58,010:INFO: Validating model on longer sequences
2019-05-07 20:41:02,992:INFO: Iter: 410, Sequences: 6560, loss: 60.99, cost: 42.78, (498.55 ms/iter)
2019-05-07 20:41:06,127:INFO: Iter: 420, Sequences: 6720, loss: 57.89, cost: 40.93, (313.57 ms/iter)
2019-05-07 20:41:09,138:INFO: Iter: 430, Sequences: 6880, loss: 58.77, cost: 40.45, (301.11 ms/iter)
2019-05-07 20:41:11,995:INFO: Iter: 440, Sequences: 7040, loss: 59.73, cost: 42.13, (285.66 ms/iter)
2019-05-07 20:41:14,814:INFO: Iter: 450, Sequences: 7200, loss: 59.24, cost: 41.58, (281.91 ms/iter)
2019-05-07 20:41:17,535:INFO: Iter: 460, Sequences: 7360, loss: 57.47, cost: 40.19, (272.07 ms/iter)
2019-05-07 20:41:20,519:INFO: Iter: 470, Sequences: 7520, loss: 60.38, cost: 41.45, (298.41 ms/iter)
2019-05-07 20:41:23,749:INFO: Iter: 480, Sequences: 7680, loss: 57.93, cost: 41.24, (323.03 ms/iter)
2019-05-07 20:41:27,048:INFO: Iter: 490, Sequences: 7840, loss: 62.92, cost: 44.64, (329.85 ms/iter)
2019-05-07 20:41:30,182:INFO: Iter: 500, Sequences: 8000, loss: 61.69, cost: 43.36, (313.49 ms/iter)
2019-05-07 20:41:32,945:INFO: Iter: 510, Sequences: 8160, loss: 56.15, cost: 39.77, (276.27 ms/iter)
2019-05-07 20:41:35,663:INFO: Iter: 520, Sequences: 8320, loss: 56.57, cost: 39.80, (271.77 ms/iter)
2019-05-07 20:41:38,418:INFO: Iter: 530, Sequences: 8480, loss: 56.48, cost: 39.81, (275.53 ms/iter)
2019-05-07 20:41:41,200:INFO: Iter: 540, Sequences: 8640, loss: 56.84, cost: 38.88, (278.16 ms/iter)
2019-05-07 20:41:44,118:INFO: Iter: 550, Sequences: 8800, loss: 59.84, cost: 42.12, (291.86 ms/iter)
2019-05-07 20:41:46,876:INFO: Iter: 560, Sequences: 8960, loss: 51.90, cost: 36.38, (275.75 ms/iter)
2019-05-07 20:41:49,712:INFO: Iter: 570, Sequences: 9120, loss: 59.73, cost: 41.30, (283.65 ms/iter)
2019-05-07 20:41:52,597:INFO: Iter: 580, Sequences: 9280, loss: 55.13, cost: 38.81, (288.48 ms/iter)
2019-05-07 20:41:55,506:INFO: Iter: 590, Sequences: 9440, loss: 60.02, cost: 42.13, (290.90 ms/iter)
2019-05-07 20:41:58,374:INFO: Iter: 600, Sequences: 9600, loss: 59.17, cost: 41.92, (286.82 ms/iter)
2019-05-07 20:41:58,374:INFO: Saving checkpoint
2019-05-07 20:41:58,379:INFO: Validating model on longer sequences
2019-05-07 20:42:02,961:INFO: Iter: 610, Sequences: 9760, loss: 59.59, cost: 42.12, (458.70 ms/iter)
2019-05-07 20:42:05,816:INFO: Iter: 620, Sequences: 9920, loss: 59.12, cost: 41.36, (285.46 ms/iter)
2019-05-07 20:42:08,650:INFO: Iter: 630, Sequences: 10080, loss: 51.57, cost: 36.12, (283.38 ms/iter)
2019-05-07 20:42:11,424:INFO: Iter: 640, Sequences: 10240, loss: 54.35, cost: 38.66, (277.46 ms/iter)
2019-05-07 20:42:14,252:INFO: Iter: 650, Sequences: 10400, loss: 61.68, cost: 43.08, (282.75 ms/iter)
2019-05-07 20:42:17,090:INFO: Iter: 660, Sequences: 10560, loss: 56.69, cost: 39.62, (283.84 ms/iter)
2019-05-07 20:42:19,963:INFO: Iter: 670, Sequences: 10720, loss: 56.96, cost: 39.54, (287.30 ms/iter)
2019-05-07 20:42:23,153:INFO: Iter: 680, Sequences: 10880, loss: 60.89, cost: 42.46, (318.98 ms/iter)
2019-05-07 20:42:26,343:INFO: Iter: 690, Sequences: 11040, loss: 61.07, cost: 43.12, (319.03 ms/iter)
2019-05-07 20:42:29,480:INFO: Iter: 700, Sequences: 11200, loss: 57.47, cost: 40.57, (313.63 ms/iter)
2019-05-07 20:42:32,363:INFO: Iter: 710, Sequences: 11360, loss: 57.37, cost: 40.60, (288.34 ms/iter)
2019-05-07 20:42:35,177:INFO: Iter: 720, Sequences: 11520, loss: 55.78, cost: 39.70, (281.35 ms/iter)
2019-05-07 20:42:37,952:INFO: Iter: 730, Sequences: 11680, loss: 53.40, cost: 37.21, (277.55 ms/iter)
2019-05-07 20:42:40,716:INFO: Iter: 740, Sequences: 11840, loss: 57.27, cost: 39.83, (276.41 ms/iter)
2019-05-07 20:42:43,581:INFO: Iter: 750, Sequences: 12000, loss: 58.74, cost: 42.06, (286.49 ms/iter)
2019-05-07 20:42:46,306:INFO: Iter: 760, Sequences: 12160, loss: 52.63, cost: 36.38, (272.50 ms/iter)
2019-05-07 20:42:49,120:INFO: Iter: 770, Sequences: 12320, loss: 59.45, cost: 41.23, (281.37 ms/iter)
2019-05-07 20:42:51,878:INFO: Iter: 780, Sequences: 12480, loss: 53.60, cost: 37.09, (275.85 ms/iter)
2019-05-07 20:42:54,685:INFO: Iter: 790, Sequences: 12640, loss: 56.01, cost: 39.27, (280.69 ms/iter)
2019-05-07 20:42:57,475:INFO: Iter: 800, Sequences: 12800, loss: 56.99, cost: 40.03, (279.01 ms/iter)
2019-05-07 20:42:57,476:INFO: Saving checkpoint
2019-05-07 20:42:57,479:INFO: Validating model on longer sequences
2019-05-07 20:43:02,009:INFO: Iter: 810, Sequences: 12960, loss: 58.69, cost: 40.70, (453.41 ms/iter)
2019-05-07 20:43:04,751:INFO: Iter: 820, Sequences: 13120, loss: 58.31, cost: 40.56, (274.20 ms/iter)
2019-05-07 20:43:07,469:INFO: Iter: 830, Sequences: 13280, loss: 58.13, cost: 40.07, (271.75 ms/iter)
2019-05-07 20:43:10,316:INFO: Iter: 840, Sequences: 13440, loss: 56.26, cost: 39.59, (284.75 ms/iter)
2019-05-07 20:43:13,210:INFO: Iter: 850, Sequences: 13600, loss: 56.87, cost: 39.67, (289.35 ms/iter)
2019-05-07 20:43:15,997:INFO: Iter: 860, Sequences: 13760, loss: 51.17, cost: 35.59, (278.72 ms/iter)
2019-05-07 20:43:18,834:INFO: Iter: 870, Sequences: 13920, loss: 59.63, cost: 40.57, (283.72 ms/iter)
2019-05-07 20:43:21,534:INFO: Iter: 880, Sequences: 14080, loss: 53.64, cost: 37.28, (269.96 ms/iter)
2019-05-07 20:43:24,305:INFO: Iter: 890, Sequences: 14240, loss: 54.21, cost: 37.77, (277.15 ms/iter)
2019-05-07 20:43:27,147:INFO: Iter: 900, Sequences: 14400, loss: 57.46, cost: 39.81, (284.18 ms/iter)
2019-05-07 20:43:30,038:INFO: Iter: 910, Sequences: 14560, loss: 58.55, cost: 40.08, (289.10 ms/iter)
2019-05-07 20:43:32,976:INFO: Iter: 920, Sequences: 14720, loss: 58.88, cost: 40.33, (293.83 ms/iter)
2019-05-07 20:43:35,896:INFO: Iter: 930, Sequences: 14880, loss: 57.34, cost: 39.76, (291.99 ms/iter)
2019-05-07 20:43:38,750:INFO: Iter: 940, Sequences: 15040, loss: 55.67, cost: 37.76, (285.39 ms/iter)
2019-05-07 20:43:41,781:INFO: Iter: 950, Sequences: 15200, loss: 53.20, cost: 36.06, (303.05 ms/iter)
2019-05-07 20:43:44,929:INFO: Iter: 960, Sequences: 15360, loss: 55.02, cost: 37.56, (314.86 ms/iter)
2019-05-07 20:43:48,019:INFO: Iter: 970, Sequences: 15520, loss: 61.43, cost: 41.83, (308.97 ms/iter)
2019-05-07 20:43:51,003:INFO: Iter: 980, Sequences: 15680, loss: 59.87, cost: 39.78, (298.38 ms/iter)
2019-05-07 20:43:53,878:INFO: Iter: 990, Sequences: 15840, loss: 52.92, cost: 37.27, (287.49 ms/iter)
2019-05-07 20:43:56,911:INFO: Iter: 1000, Sequences: 16000, loss: 55.37, cost: 38.59, (303.29 ms/iter)
2019-05-07 20:43:56,911:INFO: Saving checkpoint
2019-05-07 20:43:56,915:INFO: Validating model on longer sequences
2019-05-07 20:44:01,546:INFO: Iter: 1010, Sequences: 16160, loss: 57.28, cost: 39.84, (463.58 ms/iter)
2019-05-07 20:44:04,425:INFO: Iter: 1020, Sequences: 16320, loss: 53.38, cost: 36.56, (287.82 ms/iter)
2019-05-07 20:44:07,239:INFO: Iter: 1030, Sequences: 16480, loss: 52.90, cost: 35.75, (281.45 ms/iter)
2019-05-07 20:44:10,039:INFO: Iter: 1040, Sequences: 16640, loss: 55.82, cost: 37.77, (280.01 ms/iter)
2019-05-07 20:44:12,915:INFO: Iter: 1050, Sequences: 16800, loss: 58.87, cost: 39.73, (287.61 ms/iter)
2019-05-07 20:44:15,752:INFO: Iter: 1060, Sequences: 16960, loss: 54.89, cost: 36.52, (283.63 ms/iter)
2019-05-07 20:44:18,482:INFO: Iter: 1070, Sequences: 17120, loss: 54.87, cost: 37.49, (273.00 ms/iter)
2019-05-07 20:44:21,364:INFO: Iter: 1080, Sequences: 17280, loss: 59.17, cost: 39.97, (288.26 ms/iter)
2019-05-07 20:44:24,010:INFO: Iter: 1090, Sequences: 17440, loss: 49.73, cost: 33.33, (264.59 ms/iter)
2019-05-07 20:44:26,881:INFO: Iter: 1100, Sequences: 17600, loss: 50.99, cost: 34.16, (287.09 ms/iter)
2019-05-07 20:44:29,638:INFO: Iter: 1110, Sequences: 17760, loss: 56.98, cost: 37.70, (275.69 ms/iter)
2019-05-07 20:44:32,392:INFO: Iter: 1120, Sequences: 17920, loss: 57.71, cost: 38.99, (275.38 ms/iter)
2019-05-07 20:44:35,256:INFO: Iter: 1130, Sequences: 18080, loss: 58.58, cost: 39.92, (286.41 ms/iter)
2019-05-07 20:44:38,014:INFO: Iter: 1140, Sequences: 18240, loss: 54.84, cost: 36.79, (275.77 ms/iter)
2019-05-07 20:44:40,779:INFO: Iter: 1150, Sequences: 18400, loss: 55.69, cost: 38.01, (276.52 ms/iter)
2019-05-07 20:44:43,686:INFO: Iter: 1160, Sequences: 18560, loss: 56.81, cost: 38.19, (290.72 ms/iter)
2019-05-07 20:44:46,568:INFO: Iter: 1170, Sequences: 18720, loss: 57.24, cost: 38.97, (288.19 ms/iter)
2019-05-07 20:44:49,317:INFO: Iter: 1180, Sequences: 18880, loss: 57.34, cost: 39.08, (274.96 ms/iter)
2019-05-07 20:44:52,170:INFO: Iter: 1190, Sequences: 19040, loss: 55.93, cost: 37.33, (285.27 ms/iter)
2019-05-07 20:44:55,080:INFO: Iter: 1200, Sequences: 19200, loss: 53.57, cost: 35.47, (291.01 ms/iter)
2019-05-07 20:44:55,081:INFO: Saving checkpoint
2019-05-07 20:44:55,085:INFO: Validating model on longer sequences
2019-05-07 20:45:00,192:INFO: Iter: 1210, Sequences: 19360, loss: 56.44, cost: 38.00, (511.16 ms/iter)
2019-05-07 20:45:03,392:INFO: Iter: 1220, Sequences: 19520, loss: 54.46, cost: 35.41, (320.04 ms/iter)
2019-05-07 20:45:06,631:INFO: Iter: 1230, Sequences: 19680, loss: 55.30, cost: 36.79, (323.86 ms/iter)
2019-05-07 20:45:09,732:INFO: Iter: 1240, Sequences: 19840, loss: 48.46, cost: 31.95, (310.12 ms/iter)
2019-05-07 20:45:12,657:INFO: Iter: 1250, Sequences: 20000, loss: 55.35, cost: 36.74, (292.52 ms/iter)
2019-05-07 20:45:15,494:INFO: Iter: 1260, Sequences: 20160, loss: 55.25, cost: 36.00, (283.66 ms/iter)
2019-05-07 20:45:18,418:INFO: Iter: 1270, Sequences: 20320, loss: 57.72, cost: 38.11, (292.43 ms/iter)
2019-05-07 20:45:21,368:INFO: Iter: 1280, Sequences: 20480, loss: 55.12, cost: 36.74, (294.96 ms/iter)
2019-05-07 20:45:24,306:INFO: Iter: 1290, Sequences: 20640, loss: 56.15, cost: 37.00, (293.85 ms/iter)
2019-05-07 20:45:27,316:INFO: Iter: 1300, Sequences: 20800, loss: 56.12, cost: 37.26, (300.99 ms/iter)
2019-05-07 20:45:30,366:INFO: Iter: 1310, Sequences: 20960, loss: 53.50, cost: 35.35, (305.00 ms/iter)
2019-05-07 20:45:33,361:INFO: Iter: 1320, Sequences: 21120, loss: 53.96, cost: 34.49, (299.43 ms/iter)
2019-05-07 20:45:36,375:INFO: Iter: 1330, Sequences: 21280, loss: 52.50, cost: 33.88, (301.40 ms/iter)
2019-05-07 20:45:39,356:INFO: Iter: 1340, Sequences: 21440, loss: 54.10, cost: 34.76, (298.11 ms/iter)
2019-05-07 20:45:42,328:INFO: Iter: 1350, Sequences: 21600, loss: 55.95, cost: 36.86, (297.24 ms/iter)
2019-05-07 20:45:45,313:INFO: Iter: 1360, Sequences: 21760, loss: 53.35, cost: 35.48, (298.54 ms/iter)
2019-05-07 20:45:48,155:INFO: Iter: 1370, Sequences: 21920, loss: 51.94, cost: 33.92, (284.12 ms/iter)
2019-05-07 20:45:51,114:INFO: Iter: 1380, Sequences: 22080, loss: 50.22, cost: 32.94, (295.95 ms/iter)
2019-05-07 20:45:54,055:INFO: Iter: 1390, Sequences: 22240, loss: 56.68, cost: 36.75, (294.06 ms/iter)
2019-05-07 20:45:56,982:INFO: Iter: 1400, Sequences: 22400, loss: 57.29, cost: 36.89, (292.70 ms/iter)
2019-05-07 20:45:56,982:INFO: Saving checkpoint
2019-05-07 20:45:56,986:INFO: Validating model on longer sequences
2019-05-07 20:46:01,469:INFO: Iter: 1410, Sequences: 22560, loss: 52.78, cost: 33.96, (448.71 ms/iter)
2019-05-07 20:46:04,280:INFO: Iter: 1420, Sequences: 22720, loss: 52.44, cost: 33.84, (281.17 ms/iter)
2019-05-07 20:46:06,986:INFO: Iter: 1430, Sequences: 22880, loss: 57.39, cost: 36.74, (270.60 ms/iter)
2019-05-07 20:46:09,828:INFO: Iter: 1440, Sequences: 23040, loss: 49.56, cost: 31.74, (284.17 ms/iter)
2019-05-07 20:46:12,648:INFO: Iter: 1450, Sequences: 23200, loss: 54.74, cost: 34.81, (281.94 ms/iter)
2019-05-07 20:46:15,322:INFO: Iter: 1460, Sequences: 23360, loss: 51.13, cost: 31.94, (267.41 ms/iter)
2019-05-07 20:46:18,105:INFO: Iter: 1470, Sequences: 23520, loss: 55.92, cost: 36.02, (278.36 ms/iter)
2019-05-07 20:46:20,835:INFO: Iter: 1480, Sequences: 23680, loss: 54.86, cost: 34.84, (272.94 ms/iter)
2019-05-07 20:46:23,934:INFO: Iter: 1490, Sequences: 23840, loss: 54.34, cost: 35.23, (309.96 ms/iter)
2019-05-07 20:46:27,058:INFO: Iter: 1500, Sequences: 24000, loss: 52.09, cost: 32.86, (312.42 ms/iter)
2019-05-07 20:46:30,200:INFO: Iter: 1510, Sequences: 24160, loss: 55.15, cost: 34.76, (314.17 ms/iter)
2019-05-07 20:46:33,494:INFO: Iter: 1520, Sequences: 24320, loss: 56.59, cost: 34.27, (329.35 ms/iter)
2019-05-07 20:46:36,679:INFO: Iter: 1530, Sequences: 24480, loss: 49.60, cost: 31.06, (318.58 ms/iter)
2019-05-07 20:46:39,937:INFO: Iter: 1540, Sequences: 24640, loss: 52.86, cost: 30.15, (325.72 ms/iter)
2019-05-07 20:46:42,648:INFO: Iter: 1550, Sequences: 24800, loss: 57.40, cost: 36.02, (271.18 ms/iter)
2019-05-07 20:46:45,400:INFO: Iter: 1560, Sequences: 24960, loss: 54.20, cost: 33.96, (275.11 ms/iter)
2019-05-07 20:46:48,208:INFO: Iter: 1570, Sequences: 25120, loss: 49.07, cost: 28.06, (280.87 ms/iter)
2019-05-07 20:46:51,020:INFO: Iter: 1580, Sequences: 25280, loss: 49.53, cost: 31.89, (281.20 ms/iter)
2019-05-07 20:46:53,786:INFO: Iter: 1590, Sequences: 25440, loss: 48.77, cost: 28.88, (276.54 ms/iter)
2019-05-07 20:46:56,646:INFO: Iter: 1600, Sequences: 25600, loss: 50.39, cost: 29.46, (286.04 ms/iter)
2019-05-07 20:46:56,646:INFO: Saving checkpoint
2019-05-07 20:46:56,651:INFO: Validating model on longer sequences
2019-05-07 20:47:01,173:INFO: Iter: 1610, Sequences: 25760, loss: 47.58, cost: 27.98, (452.66 ms/iter)
2019-05-07 20:47:04,000:INFO: Iter: 1620, Sequences: 25920, loss: 52.39, cost: 31.38, (282.75 ms/iter)
2019-05-07 20:47:06,826:INFO: Iter: 1630, Sequences: 26080, loss: 49.60, cost: 28.76, (282.62 ms/iter)
2019-05-07 20:47:09,631:INFO: Iter: 1640, Sequences: 26240, loss: 50.25, cost: 29.10, (280.52 ms/iter)
2019-05-07 20:47:12,444:INFO: Iter: 1650, Sequences: 26400, loss: 40.80, cost: 23.26, (281.29 ms/iter)
2019-05-07 20:47:15,231:INFO: Iter: 1660, Sequences: 26560, loss: 43.94, cost: 23.45, (278.63 ms/iter)
2019-05-07 20:47:18,017:INFO: Iter: 1670, Sequences: 26720, loss: 45.13, cost: 24.07, (278.65 ms/iter)
2019-05-07 20:47:20,837:INFO: Iter: 1680, Sequences: 26880, loss: 43.79, cost: 22.64, (282.01 ms/iter)
2019-05-07 20:47:23,656:INFO: Iter: 1690, Sequences: 27040, loss: 42.10, cost: 22.10, (281.89 ms/iter)
2019-05-07 20:47:26,543:INFO: Iter: 1700, Sequences: 27200, loss: 39.36, cost: 18.94, (288.70 ms/iter)
2019-05-07 20:47:29,372:INFO: Iter: 1710, Sequences: 27360, loss: 38.40, cost: 19.14, (282.86 ms/iter)
2019-05-07 20:47:32,236:INFO: Iter: 1720, Sequences: 27520, loss: 35.97, cost: 17.01, (286.44 ms/iter)
2019-05-07 20:47:34,896:INFO: Iter: 1730, Sequences: 27680, loss: 35.34, cost: 16.81, (265.97 ms/iter)
2019-05-07 20:47:37,671:INFO: Iter: 1740, Sequences: 27840, loss: 33.95, cost: 14.91, (277.46 ms/iter)
2019-05-07 20:47:40,516:INFO: Iter: 1750, Sequences: 28000, loss: 32.90, cost: 13.52, (284.55 ms/iter)
2019-05-07 20:47:43,519:INFO: Iter: 1760, Sequences: 28160, loss: 34.14, cost: 14.15, (300.34 ms/iter)
2019-05-07 20:47:46,699:INFO: Iter: 1770, Sequences: 28320, loss: 37.08, cost: 16.08, (317.91 ms/iter)
2019-05-07 20:47:49,837:INFO: Iter: 1780, Sequences: 28480, loss: 37.03, cost: 17.15, (313.84 ms/iter)
2019-05-07 20:47:52,834:INFO: Iter: 1790, Sequences: 28640, loss: 27.13, cost: 10.99, (299.72 ms/iter)
2019-05-07 20:47:55,621:INFO: Iter: 1800, Sequences: 28800, loss: 29.80, cost: 11.82, (278.72 ms/iter)
2019-05-07 20:47:55,622:INFO: Saving checkpoint
2019-05-07 20:47:55,626:INFO: Validating model on longer sequences
2019-05-07 20:48:00,333:INFO: Iter: 1810, Sequences: 28960, loss: 28.01, cost: 10.02, (471.13 ms/iter)
2019-05-07 20:48:03,204:INFO: Iter: 1820, Sequences: 29120, loss: 26.06, cost: 9.37, (287.14 ms/iter)
2019-05-07 20:48:06,039:INFO: Iter: 1830, Sequences: 29280, loss: 25.86, cost: 8.95, (283.47 ms/iter)
2019-05-07 20:48:08,789:INFO: Iter: 1840, Sequences: 29440, loss: 23.69, cost: 8.01, (275.01 ms/iter)
2019-05-07 20:48:11,504:INFO: Iter: 1850, Sequences: 29600, loss: 23.93, cost: 7.86, (271.56 ms/iter)
2019-05-07 20:48:14,441:INFO: Iter: 1860, Sequences: 29760, loss: 23.20, cost: 7.31, (293.70 ms/iter)
2019-05-07 20:48:17,204:INFO: Iter: 1870, Sequences: 29920, loss: 22.84, cost: 7.32, (276.27 ms/iter)
2019-05-07 20:48:20,058:INFO: Iter: 1880, Sequences: 30080, loss: 22.96, cost: 6.99, (285.41 ms/iter)
2019-05-07 20:48:22,852:INFO: Iter: 1890, Sequences: 30240, loss: 20.99, cost: 5.84, (279.40 ms/iter)
2019-05-07 20:48:25,697:INFO: Iter: 1900, Sequences: 30400, loss: 21.04, cost: 5.86, (284.51 ms/iter)
2019-05-07 20:48:28,535:INFO: Iter: 1910, Sequences: 30560, loss: 20.19, cost: 5.09, (283.78 ms/iter)
2019-05-07 20:48:31,335:INFO: Iter: 1920, Sequences: 30720, loss: 18.07, cost: 4.19, (280.03 ms/iter)
2019-05-07 20:48:34,074:INFO: Iter: 1930, Sequences: 30880, loss: 17.50, cost: 3.86, (273.85 ms/iter)
2019-05-07 20:48:36,951:INFO: Iter: 1940, Sequences: 31040, loss: 18.14, cost: 4.16, (287.69 ms/iter)
2019-05-07 20:48:39,776:INFO: Iter: 1950, Sequences: 31200, loss: 18.26, cost: 4.11, (282.53 ms/iter)
2019-05-07 20:48:42,572:INFO: Iter: 1960, Sequences: 31360, loss: 16.67, cost: 3.25, (279.55 ms/iter)
2019-05-07 20:48:45,471:INFO: Iter: 1970, Sequences: 31520, loss: 15.44, cost: 2.88, (289.89 ms/iter)
2019-05-07 20:48:48,260:INFO: Iter: 1980, Sequences: 31680, loss: 14.96, cost: 2.36, (278.99 ms/iter)
2019-05-07 20:48:51,025:INFO: Iter: 1990, Sequences: 31840, loss: 14.53, cost: 2.56, (276.48 ms/iter)
2019-05-07 20:48:53,829:INFO: Iter: 2000, Sequences: 32000, loss: 13.13, cost: 1.89, (280.36 ms/iter)
2019-05-07 20:48:53,829:INFO: Saving checkpoint
2019-05-07 20:48:53,833:INFO: Validating model on longer sequences
2019-05-07 20:48:58,237:INFO: Iter: 2010, Sequences: 32160, loss: 12.25, cost: 1.79, (440.78 ms/iter)
2019-05-07 20:49:01,002:INFO: Iter: 2020, Sequences: 32320, loss: 11.69, cost: 1.48, (276.56 ms/iter)
2019-05-07 20:49:03,944:INFO: Iter: 2030, Sequences: 32480, loss: 12.72, cost: 1.57, (294.16 ms/iter)
2019-05-07 20:49:07,032:INFO: Iter: 2040, Sequences: 32640, loss: 13.26, cost: 1.92, (308.80 ms/iter)
2019-05-07 20:49:10,174:INFO: Iter: 2050, Sequences: 32800, loss: 12.80, cost: 1.83, (314.24 ms/iter)
2019-05-07 20:49:13,337:INFO: Iter: 2060, Sequences: 32960, loss: 25.57, cost: 7.62, (316.29 ms/iter)
2019-05-07 20:49:16,264:INFO: Iter: 2070, Sequences: 33120, loss: 18.03, cost: 5.54, (292.70 ms/iter)
2019-05-07 20:49:19,147:INFO: Iter: 2080, Sequences: 33280, loss: 13.94, cost: 3.10, (288.28 ms/iter)
2019-05-07 20:49:21,937:INFO: Iter: 2090, Sequences: 33440, loss: 10.58, cost: 1.42, (279.00 ms/iter)
2019-05-07 20:49:24,793:INFO: Iter: 2100, Sequences: 33600, loss: 9.71, cost: 0.69, (285.58 ms/iter)
2019-05-07 20:49:27,608:INFO: Iter: 2110, Sequences: 33760, loss: 9.13, cost: 0.54, (281.53 ms/iter)
2019-05-07 20:49:30,509:INFO: Iter: 2120, Sequences: 33920, loss: 9.10, cost: 0.53, (290.06 ms/iter)
2019-05-07 20:49:33,340:INFO: Iter: 2130, Sequences: 34080, loss: 9.20, cost: 0.85, (283.16 ms/iter)
2019-05-07 20:49:36,286:INFO: Iter: 2140, Sequences: 34240, loss: 8.28, cost: 0.36, (294.60 ms/iter)
2019-05-07 20:49:39,125:INFO: Iter: 2150, Sequences: 34400, loss: 8.11, cost: 0.21, (283.88 ms/iter)
2019-05-07 20:49:42,062:INFO: Iter: 2160, Sequences: 34560, loss: 7.64, cost: 0.28, (293.69 ms/iter)
2019-05-07 20:49:44,917:INFO: Iter: 2170, Sequences: 34720, loss: 6.89, cost: 0.19, (285.51 ms/iter)
2019-05-07 20:49:47,790:INFO: Iter: 2180, Sequences: 34880, loss: 7.04, cost: 0.24, (287.29 ms/iter)
2019-05-07 20:49:50,706:INFO: Iter: 2190, Sequences: 35040, loss: 6.84, cost: 0.10, (291.61 ms/iter)
2019-05-07 20:49:53,716:INFO: Iter: 2200, Sequences: 35200, loss: 7.00, cost: 0.19, (301.00 ms/iter)
2019-05-07 20:49:53,716:INFO: Saving checkpoint
2019-05-07 20:49:53,720:INFO: Validating model on longer sequences
2019-05-07 20:49:58,626:INFO: Iter: 2210, Sequences: 35360, loss: 6.97, cost: 0.17, (491.03 ms/iter)
2019-05-07 20:50:01,578:INFO: Iter: 2220, Sequences: 35520, loss: 6.18, cost: 0.16, (295.15 ms/iter)
2019-05-07 20:50:04,846:INFO: Iter: 2230, Sequences: 35680, loss: 6.48, cost: 0.05, (326.78 ms/iter)
2019-05-07 20:50:07,947:INFO: Iter: 2240, Sequences: 35840, loss: 5.90, cost: 0.09, (310.16 ms/iter)
2019-05-07 20:50:10,739:INFO: Iter: 2250, Sequences: 36000, loss: 6.20, cost: 0.12, (279.23 ms/iter)
2019-05-07 20:50:13,528:INFO: Iter: 2260, Sequences: 36160, loss: 5.53, cost: 0.09, (278.83 ms/iter)
2019-05-07 20:50:16,454:INFO: Iter: 2270, Sequences: 36320, loss: 5.89, cost: 0.07, (292.68 ms/iter)
2019-05-07 20:50:19,299:INFO: Iter: 2280, Sequences: 36480, loss: 8.01, cost: 0.85, (284.48 ms/iter)
2019-05-07 20:50:22,041:INFO: Iter: 2290, Sequences: 36640, loss: 5.04, cost: 0.05, (274.13 ms/iter)
2019-05-07 20:50:25,138:INFO: Iter: 2300, Sequences: 36800, loss: 4.97, cost: 0.04, (309.77 ms/iter)
2019-05-07 20:50:28,297:INFO: Iter: 2310, Sequences: 36960, loss: 6.43, cost: 0.61, (315.86 ms/iter)
2019-05-07 20:50:31,368:INFO: Iter: 2320, Sequences: 37120, loss: 4.97, cost: 0.26, (307.08 ms/iter)
2019-05-07 20:50:34,416:INFO: Iter: 2330, Sequences: 37280, loss: 4.76, cost: 0.04, (304.79 ms/iter)
2019-05-07 20:50:37,335:INFO: Iter: 2340, Sequences: 37440, loss: 4.64, cost: 0.03, (291.94 ms/iter)
2019-05-07 20:50:40,231:INFO: Iter: 2350, Sequences: 37600, loss: 4.42, cost: 0.03, (289.62 ms/iter)
2019-05-07 20:50:43,201:INFO: Iter: 2360, Sequences: 37760, loss: 5.64, cost: 1.21, (296.98 ms/iter)
2019-05-07 20:50:46,186:INFO: Iter: 2370, Sequences: 37920, loss: 7.31, cost: 1.32, (298.49 ms/iter)
2019-05-07 20:50:49,124:INFO: Iter: 2380, Sequences: 38080, loss: 7.32, cost: 0.42, (293.84 ms/iter)
2019-05-07 20:50:52,091:INFO: Iter: 2390, Sequences: 38240, loss: 7.90, cost: 1.03, (296.68 ms/iter)
2019-05-07 20:50:54,993:INFO: Iter: 2400, Sequences: 38400, loss: 5.64, cost: 0.53, (290.22 ms/iter)
2019-05-07 20:50:54,994:INFO: Saving checkpoint
2019-05-07 20:50:54,997:INFO: Validating model on longer sequences
2019-05-07 20:50:59,878:INFO: Iter: 2410, Sequences: 38560, loss: 5.24, cost: 0.09, (488.48 ms/iter)
2019-05-07 20:51:02,762:INFO: Iter: 2420, Sequences: 38720, loss: 4.69, cost: 0.06, (288.38 ms/iter)
2019-05-07 20:51:05,658:INFO: Iter: 2430, Sequences: 38880, loss: 4.34, cost: 0.07, (289.58 ms/iter)
2019-05-07 20:51:08,599:INFO: Iter: 2440, Sequences: 39040, loss: 4.62, cost: 0.10, (294.08 ms/iter)
2019-05-07 20:51:11,498:INFO: Iter: 2450, Sequences: 39200, loss: 4.15, cost: 0.06, (289.97 ms/iter)
2019-05-07 20:51:14,308:INFO: Iter: 2460, Sequences: 39360, loss: 3.85, cost: 0.03, (280.94 ms/iter)
2019-05-07 20:51:17,161:INFO: Iter: 2470, Sequences: 39520, loss: 3.75, cost: 0.01, (285.30 ms/iter)
2019-05-07 20:51:20,057:INFO: Iter: 2480, Sequences: 39680, loss: 3.87, cost: 0.02, (289.63 ms/iter)
2019-05-07 20:51:22,899:INFO: Iter: 2490, Sequences: 39840, loss: 3.54, cost: 0.02, (284.15 ms/iter)
2019-05-07 20:51:25,718:INFO: Iter: 2500, Sequences: 40000, loss: 3.34, cost: 0.01, (281.91 ms/iter)
2019-05-07 20:51:28,652:INFO: Iter: 2510, Sequences: 40160, loss: 3.46, cost: 0.01, (293.43 ms/iter)
2019-05-07 20:51:31,617:INFO: Iter: 2520, Sequences: 40320, loss: 3.51, cost: 0.02, (296.47 ms/iter)
2019-05-07 20:51:34,586:INFO: Iter: 2530, Sequences: 40480, loss: 3.19, cost: 0.03, (296.91 ms/iter)
2019-05-07 20:51:37,502:INFO: Iter: 2540, Sequences: 40640, loss: 3.29, cost: 0.01, (291.63 ms/iter)
2019-05-07 20:51:40,410:INFO: Iter: 2550, Sequences: 40800, loss: 2.89, cost: 0.01, (290.79 ms/iter)
2019-05-07 20:51:43,675:INFO: Iter: 2560, Sequences: 40960, loss: 3.96, cost: 0.30, (326.53 ms/iter)
2019-05-07 20:51:47,002:INFO: Iter: 2570, Sequences: 41120, loss: 3.09, cost: 0.01, (332.64 ms/iter)
2019-05-07 20:51:50,236:INFO: Iter: 2580, Sequences: 41280, loss: 5.13, cost: 0.57, (323.39 ms/iter)
2019-05-07 20:51:53,427:INFO: Iter: 2590, Sequences: 41440, loss: 2.89, cost: 0.02, (319.13 ms/iter)
2019-05-07 20:51:56,323:INFO: Iter: 2600, Sequences: 41600, loss: 2.66, cost: 0.00, (289.57 ms/iter)
2019-05-07 20:51:56,323:INFO: Saving checkpoint
2019-05-07 20:51:56,327:INFO: Validating model on longer sequences
2019-05-07 20:52:00,971:INFO: Iter: 2610, Sequences: 41760, loss: 2.54, cost: 0.00, (464.86 ms/iter)
2019-05-07 20:52:03,849:INFO: Iter: 2620, Sequences: 41920, loss: 2.41, cost: 0.00, (287.80 ms/iter)
2019-05-07 20:52:06,830:INFO: Iter: 2630, Sequences: 42080, loss: 2.59, cost: 0.01, (298.10 ms/iter)
2019-05-07 20:52:09,851:INFO: Iter: 2640, Sequences: 42240, loss: 4.44, cost: 0.47, (302.07 ms/iter)
2019-05-07 20:52:12,819:INFO: Iter: 2650, Sequences: 42400, loss: 2.34, cost: 0.01, (296.85 ms/iter)
2019-05-07 20:52:15,666:INFO: Iter: 2660, Sequences: 42560, loss: 2.29, cost: 0.04, (284.67 ms/iter)
2019-05-07 20:52:18,481:INFO: Iter: 2670, Sequences: 42720, loss: 2.10, cost: 0.01, (281.46 ms/iter)
2019-05-07 20:52:21,305:INFO: Iter: 2680, Sequences: 42880, loss: 2.17, cost: 0.00, (282.47 ms/iter)
2019-05-07 20:52:24,039:INFO: Iter: 2690, Sequences: 43040, loss: 1.85, cost: 0.00, (273.40 ms/iter)
2019-05-07 20:52:26,820:INFO: Iter: 2700, Sequences: 43200, loss: 1.98, cost: 0.01, (278.06 ms/iter)
2019-05-07 20:52:29,589:INFO: Iter: 2710, Sequences: 43360, loss: 1.90, cost: 0.00, (276.87 ms/iter)
2019-05-07 20:52:32,416:INFO: Iter: 2720, Sequences: 43520, loss: 1.83, cost: 0.00, (282.71 ms/iter)
2019-05-07 20:52:35,246:INFO: Iter: 2730, Sequences: 43680, loss: 1.86, cost: 0.00, (282.99 ms/iter)
2019-05-07 20:52:38,135:INFO: Iter: 2740, Sequences: 43840, loss: 1.79, cost: 0.00, (288.93 ms/iter)
2019-05-07 20:52:40,918:INFO: Iter: 2750, Sequences: 44000, loss: 1.63, cost: 0.00, (278.33 ms/iter)
2019-05-07 20:52:43,869:INFO: Iter: 2760, Sequences: 44160, loss: 1.70, cost: 0.01, (295.08 ms/iter)
2019-05-07 20:52:46,738:INFO: Iter: 2770, Sequences: 44320, loss: 1.78, cost: 0.01, (286.85 ms/iter)
2019-05-07 20:52:49,630:INFO: Iter: 2780, Sequences: 44480, loss: 1.76, cost: 0.00, (289.24 ms/iter)
2019-05-07 20:52:52,480:INFO: Iter: 2790, Sequences: 44640, loss: 3.18, cost: 0.37, (284.98 ms/iter)
2019-05-07 20:52:55,453:INFO: Iter: 2800, Sequences: 44800, loss: 1.62, cost: 0.02, (297.31 ms/iter)
2019-05-07 20:52:55,453:INFO: Saving checkpoint
2019-05-07 20:52:55,457:INFO: Validating model on longer sequences
2019-05-07 20:53:00,122:INFO: Iter: 2810, Sequences: 44960, loss: 1.63, cost: 0.01, (466.93 ms/iter)
2019-05-07 20:53:02,978:INFO: Iter: 2820, Sequences: 45120, loss: 1.68, cost: 0.01, (285.56 ms/iter)
2019-05-07 20:53:06,017:INFO: Iter: 2830, Sequences: 45280, loss: 2.14, cost: 0.32, (303.91 ms/iter)
2019-05-07 20:53:09,204:INFO: Iter: 2840, Sequences: 45440, loss: 1.51, cost: 0.01, (318.72 ms/iter)
2019-05-07 20:53:12,437:INFO: Iter: 2850, Sequences: 45600, loss: 1.45, cost: 0.00, (323.25 ms/iter)
2019-05-07 20:53:15,576:INFO: Iter: 2860, Sequences: 45760, loss: 1.44, cost: 0.00, (313.94 ms/iter)
2019-05-07 20:53:18,360:INFO: Iter: 2870, Sequences: 45920, loss: 1.40, cost: 0.00, (278.45 ms/iter)
2019-05-07 20:53:21,143:INFO: Iter: 2880, Sequences: 46080, loss: 1.50, cost: 0.10, (278.27 ms/iter)
2019-05-07 20:53:23,870:INFO: Iter: 2890, Sequences: 46240, loss: 1.43, cost: 0.01, (272.73 ms/iter)
2019-05-07 20:53:26,657:INFO: Iter: 2900, Sequences: 46400, loss: 1.38, cost: 0.01, (278.68 ms/iter)
2019-05-07 20:53:29,498:INFO: Iter: 2910, Sequences: 46560, loss: 1.41, cost: 0.00, (284.07 ms/iter)
2019-05-07 20:53:32,310:INFO: Iter: 2920, Sequences: 46720, loss: 1.35, cost: 0.01, (281.24 ms/iter)
2019-05-07 20:53:34,969:INFO: Iter: 2930, Sequences: 46880, loss: 1.12, cost: 0.00, (265.87 ms/iter)
2019-05-07 20:53:37,765:INFO: Iter: 2940, Sequences: 47040, loss: 1.20, cost: 0.00, (279.56 ms/iter)
2019-05-07 20:53:40,585:INFO: Iter: 2950, Sequences: 47200, loss: 1.15, cost: 0.03, (282.10 ms/iter)
2019-05-07 20:53:43,587:INFO: Iter: 2960, Sequences: 47360, loss: 1.27, cost: 0.00, (300.11 ms/iter)
2019-05-07 20:53:46,391:INFO: Iter: 2970, Sequences: 47520, loss: 1.28, cost: 0.07, (280.43 ms/iter)
2019-05-07 20:53:49,199:INFO: Iter: 2980, Sequences: 47680, loss: 1.15, cost: 0.01, (280.78 ms/iter)
2019-05-07 20:53:52,004:INFO: Iter: 2990, Sequences: 47840, loss: 1.14, cost: 0.01, (280.50 ms/iter)
2019-05-07 20:53:54,892:INFO: Iter: 3000, Sequences: 48000, loss: 1.03, cost: 0.01, (288.87 ms/iter)
2019-05-07 20:53:54,893:INFO: Saving checkpoint
2019-05-07 20:53:54,896:INFO: Validating model on longer sequences
2019-05-07 20:53:59,502:INFO: Iter: 3010, Sequences: 48160, loss: 0.98, cost: 0.01, (460.92 ms/iter)
2019-05-07 20:54:02,341:INFO: Iter: 3020, Sequences: 48320, loss: 1.01, cost: 0.00, (283.93 ms/iter)
2019-05-07 20:54:05,206:INFO: Iter: 3030, Sequences: 48480, loss: 0.92, cost: 0.01, (286.50 ms/iter)
2019-05-07 20:54:08,029:INFO: Iter: 3040, Sequences: 48640, loss: 0.90, cost: 0.00, (282.26 ms/iter)
2019-05-07 20:54:10,919:INFO: Iter: 3050, Sequences: 48800, loss: 0.92, cost: 0.00, (289.05 ms/iter)
2019-05-07 20:54:13,825:INFO: Iter: 3060, Sequences: 48960, loss: 0.87, cost: 0.01, (290.58 ms/iter)
2019-05-07 20:54:16,788:INFO: Iter: 3070, Sequences: 49120, loss: 0.92, cost: 0.01, (296.34 ms/iter)
2019-05-07 20:54:19,642:INFO: Iter: 3080, Sequences: 49280, loss: 0.80, cost: 0.00, (285.32 ms/iter)
2019-05-07 20:54:22,566:INFO: Iter: 3090, Sequences: 49440, loss: 0.78, cost: 0.00, (292.46 ms/iter)
2019-05-07 20:54:25,517:INFO: Iter: 3100, Sequences: 49600, loss: 0.74, cost: 0.00, (295.13 ms/iter)
2019-05-07 20:54:28,662:INFO: Iter: 3110, Sequences: 49760, loss: 0.73, cost: 0.00, (314.45 ms/iter)
2019-05-07 20:54:31,799:INFO: Iter: 3120, Sequences: 49920, loss: 0.78, cost: 0.01, (313.67 ms/iter)
2019-05-07 20:54:34,877:INFO: Iter: 3130, Sequences: 50080, loss: 0.79, cost: 0.03, (307.85 ms/iter)
2019-05-07 20:54:37,940:INFO: Iter: 3140, Sequences: 50240, loss: 0.72, cost: 0.00, (306.32 ms/iter)
2019-05-07 20:54:40,806:INFO: Iter: 3150, Sequences: 50400, loss: 0.66, cost: 0.00, (286.60 ms/iter)
2019-05-07 20:54:43,667:INFO: Iter: 3160, Sequences: 50560, loss: 0.63, cost: 0.01, (286.07 ms/iter)
2019-05-07 20:54:46,552:INFO: Iter: 3170, Sequences: 50720, loss: 0.64, cost: 0.00, (288.46 ms/iter)
2019-05-07 20:54:49,477:INFO: Iter: 3180, Sequences: 50880, loss: 0.63, cost: 0.00, (292.57 ms/iter)
2019-05-07 20:54:52,370:INFO: Iter: 3190, Sequences: 51040, loss: 0.61, cost: 0.00, (289.26 ms/iter)
2019-05-07 20:54:55,336:INFO: Iter: 3200, Sequences: 51200, loss: 0.59, cost: 0.01, (296.59 ms/iter)
2019-05-07 20:54:55,336:INFO: Saving checkpoint
2019-05-07 20:54:55,340:INFO: Validating model on longer sequences
2019-05-07 20:55:00,025:INFO: Iter: 3210, Sequences: 51360, loss: 0.56, cost: 0.00, (468.89 ms/iter)
2019-05-07 20:55:02,901:INFO: Iter: 3220, Sequences: 51520, loss: 0.58, cost: 0.00, (287.63 ms/iter)
2019-05-07 20:55:05,768:INFO: Iter: 3230, Sequences: 51680, loss: 0.55, cost: 0.00, (286.73 ms/iter)
2019-05-07 20:55:08,892:INFO: Iter: 3240, Sequences: 51840, loss: 0.52, cost: 0.00, (312.37 ms/iter)
2019-05-07 20:55:12,122:INFO: Iter: 3250, Sequences: 52000, loss: 0.54, cost: 0.00, (323.02 ms/iter)
2019-05-07 20:55:14,952:INFO: Iter: 3260, Sequences: 52160, loss: 0.53, cost: 0.00, (282.96 ms/iter)
2019-05-07 20:55:17,797:INFO: Iter: 3270, Sequences: 52320, loss: 0.51, cost: 0.00, (284.47 ms/iter)
2019-05-07 20:55:20,720:INFO: Iter: 3280, Sequences: 52480, loss: 0.53, cost: 0.01, (292.28 ms/iter)
2019-05-07 20:55:23,579:INFO: Iter: 3290, Sequences: 52640, loss: 0.50, cost: 0.00, (285.97 ms/iter)
2019-05-07 20:55:26,434:INFO: Iter: 3300, Sequences: 52800, loss: 0.42, cost: 0.00, (285.51 ms/iter)
2019-05-07 20:55:29,258:INFO: Iter: 3310, Sequences: 52960, loss: 0.44, cost: 0.00, (282.36 ms/iter)
2019-05-07 20:55:32,110:INFO: Iter: 3320, Sequences: 53120, loss: 0.43, cost: 0.00, (285.21 ms/iter)
2019-05-07 20:55:35,005:INFO: Iter: 3330, Sequences: 53280, loss: 0.41, cost: 0.00, (289.51 ms/iter)
2019-05-07 20:55:37,961:INFO: Iter: 3340, Sequences: 53440, loss: 0.42, cost: 0.01, (295.59 ms/iter)
2019-05-07 20:55:40,889:INFO: Iter: 3350, Sequences: 53600, loss: 0.39, cost: 0.00, (292.80 ms/iter)
2019-05-07 20:55:43,845:INFO: Iter: 3360, Sequences: 53760, loss: 0.40, cost: 0.00, (295.55 ms/iter)
2019-05-07 20:55:46,742:INFO: Iter: 3370, Sequences: 53920, loss: 0.34, cost: 0.00, (289.71 ms/iter)
2019-05-07 20:55:49,900:INFO: Iter: 3380, Sequences: 54080, loss: 0.37, cost: 0.00, (315.82 ms/iter)
2019-05-07 20:55:53,062:INFO: Iter: 3390, Sequences: 54240, loss: 0.36, cost: 0.00, (316.25 ms/iter)
2019-05-07 20:55:56,080:INFO: Iter: 3400, Sequences: 54400, loss: 0.34, cost: 0.00, (301.73 ms/iter)
2019-05-07 20:55:56,080:INFO: Saving checkpoint
2019-05-07 20:55:56,084:INFO: Validating model on longer sequences
2019-05-07 20:56:00,671:INFO: Iter: 3410, Sequences: 54560, loss: 1.06, cost: 0.36, (459.18 ms/iter)
2019-05-07 20:56:03,538:INFO: Iter: 3420, Sequences: 54720, loss: 0.62, cost: 0.10, (286.64 ms/iter)
2019-05-07 20:56:06,468:INFO: Iter: 3430, Sequences: 54880, loss: 0.44, cost: 0.00, (293.03 ms/iter)
2019-05-07 20:56:09,301:INFO: Iter: 3440, Sequences: 55040, loss: 0.41, cost: 0.00, (283.31 ms/iter)
2019-05-07 20:56:12,147:INFO: Iter: 3450, Sequences: 55200, loss: 0.38, cost: 0.00, (284.57 ms/iter)
2019-05-07 20:56:14,997:INFO: Iter: 3460, Sequences: 55360, loss: 0.35, cost: 0.00, (284.97 ms/iter)
2019-05-07 20:56:17,707:INFO: Iter: 3470, Sequences: 55520, loss: 0.31, cost: 0.00, (271.08 ms/iter)
2019-05-07 20:56:20,489:INFO: Iter: 3480, Sequences: 55680, loss: 0.30, cost: 0.00, (278.12 ms/iter)
2019-05-07 20:56:23,216:INFO: Iter: 3490, Sequences: 55840, loss: 0.27, cost: 0.00, (272.79 ms/iter)
2019-05-07 20:56:25,963:INFO: Iter: 3500, Sequences: 56000, loss: 0.26, cost: 0.00, (274.63 ms/iter)
2019-05-07 20:56:28,705:INFO: Iter: 3510, Sequences: 56160, loss: 0.25, cost: 0.00, (274.19 ms/iter)
2019-05-07 20:56:31,481:INFO: Iter: 3520, Sequences: 56320, loss: 0.27, cost: 0.00, (277.61 ms/iter)
2019-05-07 20:56:34,233:INFO: Iter: 3530, Sequences: 56480, loss: 0.26, cost: 0.00, (275.19 ms/iter)
2019-05-07 20:56:37,060:INFO: Iter: 3540, Sequences: 56640, loss: 0.24, cost: 0.00, (282.75 ms/iter)
2019-05-07 20:56:39,802:INFO: Iter: 3550, Sequences: 56800, loss: 0.24, cost: 0.00, (274.15 ms/iter)
2019-05-07 20:56:42,560:INFO: Iter: 3560, Sequences: 56960, loss: 0.23, cost: 0.01, (275.88 ms/iter)
2019-05-07 20:56:45,327:INFO: Iter: 3570, Sequences: 57120, loss: 0.21, cost: 0.00, (276.68 ms/iter)
2019-05-07 20:56:48,065:INFO: Iter: 3580, Sequences: 57280, loss: 0.22, cost: 0.00, (273.81 ms/iter)
2019-05-07 20:56:50,768:INFO: Iter: 3590, Sequences: 57440, loss: 0.20, cost: 0.00, (270.28 ms/iter)
2019-05-07 20:56:53,911:INFO: Iter: 3600, Sequences: 57600, loss: 0.20, cost: 0.00, (314.30 ms/iter)
2019-05-07 20:56:53,911:INFO: Saving checkpoint
2019-05-07 20:56:53,915:INFO: Validating model on longer sequences
2019-05-07 20:56:59,161:INFO: Iter: 3610, Sequences: 57760, loss: 0.21, cost: 0.00, (524.96 ms/iter)
2019-05-07 20:57:02,221:INFO: Iter: 3620, Sequences: 57920, loss: 0.18, cost: 0.00, (306.04 ms/iter)
2019-05-07 20:57:04,960:INFO: Iter: 3630, Sequences: 58080, loss: 0.18, cost: 0.00, (273.86 ms/iter)
2019-05-07 20:57:07,884:INFO: Iter: 3640, Sequences: 58240, loss: 0.18, cost: 0.00, (292.48 ms/iter)
2019-05-07 20:57:10,928:INFO: Iter: 3650, Sequences: 58400, loss: 0.18, cost: 0.00, (304.39 ms/iter)
2019-05-07 20:57:14,001:INFO: Iter: 3660, Sequences: 58560, loss: 0.17, cost: 0.00, (307.23 ms/iter)
2019-05-07 20:57:17,119:INFO: Iter: 3670, Sequences: 58720, loss: 0.15, cost: 0.00, (311.88 ms/iter)
2019-05-07 20:57:19,961:INFO: Iter: 3680, Sequences: 58880, loss: 0.16, cost: 0.00, (284.11 ms/iter)
2019-05-07 20:57:22,773:INFO: Iter: 3690, Sequences: 59040, loss: 0.16, cost: 0.00, (281.21 ms/iter)
2019-05-07 20:57:25,538:INFO: Iter: 3700, Sequences: 59200, loss: 0.15, cost: 0.01, (276.54 ms/iter)
2019-05-07 20:57:28,343:INFO: Iter: 3710, Sequences: 59360, loss: 0.16, cost: 0.00, (280.49 ms/iter)
2019-05-07 20:57:31,194:INFO: Iter: 3720, Sequences: 59520, loss: 0.15, cost: 0.00, (285.15 ms/iter)
2019-05-07 20:57:33,975:INFO: Iter: 3730, Sequences: 59680, loss: 0.13, cost: 0.00, (278.05 ms/iter)
2019-05-07 20:57:36,768:INFO: Iter: 3740, Sequences: 59840, loss: 0.14, cost: 0.00, (279.32 ms/iter)
2019-05-07 20:57:39,558:INFO: Iter: 3750, Sequences: 60000, loss: 0.13, cost: 0.00, (278.95 ms/iter)
2019-05-07 20:57:42,379:INFO: Iter: 3760, Sequences: 60160, loss: 3.03, cost: 0.41, (282.15 ms/iter)
2019-05-07 20:57:45,235:INFO: Iter: 3770, Sequences: 60320, loss: 3.57, cost: 0.57, (285.58 ms/iter)
2019-05-07 20:57:48,008:INFO: Iter: 3780, Sequences: 60480, loss: 1.31, cost: 0.17, (277.28 ms/iter)
2019-05-07 20:57:50,730:INFO: Iter: 3790, Sequences: 60640, loss: 0.61, cost: 0.02, (272.27 ms/iter)
2019-05-07 20:57:53,566:INFO: Iter: 3800, Sequences: 60800, loss: 0.67, cost: 0.09, (283.57 ms/iter)
2019-05-07 20:57:53,566:INFO: Saving checkpoint
2019-05-07 20:57:53,570:INFO: Validating model on longer sequences
2019-05-07 20:57:58,247:INFO: Iter: 3810, Sequences: 60960, loss: 0.42, cost: 0.01, (468.10 ms/iter)
2019-05-07 20:58:01,093:INFO: Iter: 3820, Sequences: 61120, loss: 0.36, cost: 0.01, (284.60 ms/iter)
2019-05-07 20:58:03,906:INFO: Iter: 3830, Sequences: 61280, loss: 0.35, cost: 0.00, (281.33 ms/iter)
2019-05-07 20:58:06,746:INFO: Iter: 3840, Sequences: 61440, loss: 0.38, cost: 0.01, (283.96 ms/iter)
2019-05-07 20:58:09,491:INFO: Iter: 3850, Sequences: 61600, loss: 0.32, cost: 0.01, (274.45 ms/iter)
2019-05-07 20:58:12,173:INFO: Iter: 3860, Sequences: 61760, loss: 0.30, cost: 0.00, (268.20 ms/iter)
2019-05-07 20:58:15,027:INFO: Iter: 3870, Sequences: 61920, loss: 0.28, cost: 0.01, (285.46 ms/iter)
2019-05-07 20:58:17,742:INFO: Iter: 3880, Sequences: 62080, loss: 0.26, cost: 0.00, (271.46 ms/iter)
2019-05-07 20:58:20,598:INFO: Iter: 3890, Sequences: 62240, loss: 0.29, cost: 0.00, (285.60 ms/iter)
2019-05-07 20:58:23,355:INFO: Iter: 3900, Sequences: 62400, loss: 0.24, cost: 0.00, (275.68 ms/iter)
2019-05-07 20:58:26,148:INFO: Iter: 3910, Sequences: 62560, loss: 0.23, cost: 0.00, (279.35 ms/iter)
2019-05-07 20:58:29,059:INFO: Iter: 3920, Sequences: 62720, loss: 0.22, cost: 0.00, (291.12 ms/iter)
2019-05-07 20:58:32,228:INFO: Iter: 3930, Sequences: 62880, loss: 0.23, cost: 0.00, (316.90 ms/iter)
2019-05-07 20:58:35,201:INFO: Iter: 3940, Sequences: 63040, loss: 0.20, cost: 0.00, (297.24 ms/iter)
2019-05-07 20:58:38,238:INFO: Iter: 3950, Sequences: 63200, loss: 0.21, cost: 0.00, (303.72 ms/iter)
2019-05-07 20:58:40,933:INFO: Iter: 3960, Sequences: 63360, loss: 0.19, cost: 0.00, (269.49 ms/iter)
2019-05-07 20:58:43,738:INFO: Iter: 3970, Sequences: 63520, loss: 0.19, cost: 0.00, (280.51 ms/iter)
2019-05-07 20:58:46,618:INFO: Iter: 3980, Sequences: 63680, loss: 0.20, cost: 0.00, (288.02 ms/iter)
2019-05-07 20:58:49,417:INFO: Iter: 3990, Sequences: 63840, loss: 0.19, cost: 0.00, (279.85 ms/iter)
2019-05-07 20:58:52,166:INFO: Iter: 4000, Sequences: 64000, loss: 0.18, cost: 0.00, (274.95 ms/iter)
2019-05-07 20:58:52,167:INFO: Saving checkpoint
2019-05-07 20:58:52,170:INFO: Validating model on longer sequences
2019-05-07 20:58:56,655:INFO: Iter: 4010, Sequences: 64160, loss: 0.17, cost: 0.00, (448.82 ms/iter)
2019-05-07 20:58:59,412:INFO: Iter: 4020, Sequences: 64320, loss: 0.18, cost: 0.00, (275.77 ms/iter)
2019-05-07 20:59:02,081:INFO: Iter: 4030, Sequences: 64480, loss: 0.16, cost: 0.00, (266.88 ms/iter)
2019-05-07 20:59:04,926:INFO: Iter: 4040, Sequences: 64640, loss: 0.16, cost: 0.00, (284.49 ms/iter)
2019-05-07 20:59:07,736:INFO: Iter: 4050, Sequences: 64800, loss: 0.16, cost: 0.00, (281.01 ms/iter)
2019-05-07 20:59:10,487:INFO: Iter: 4060, Sequences: 64960, loss: 0.16, cost: 0.00, (275.15 ms/iter)
2019-05-07 20:59:13,293:INFO: Iter: 4070, Sequences: 65120, loss: 0.50, cost: 0.17, (280.51 ms/iter)
2019-05-07 20:59:16,070:INFO: Iter: 4080, Sequences: 65280, loss: 0.15, cost: 0.00, (277.74 ms/iter)
2019-05-07 20:59:18,835:INFO: Iter: 4090, Sequences: 65440, loss: 0.16, cost: 0.01, (276.55 ms/iter)
2019-05-07 20:59:21,637:INFO: Iter: 4100, Sequences: 65600, loss: 0.14, cost: 0.00, (280.13 ms/iter)
2019-05-07 20:59:24,306:INFO: Iter: 4110, Sequences: 65760, loss: 0.13, cost: 0.00, (266.89 ms/iter)
2019-05-07 20:59:27,095:INFO: Iter: 4120, Sequences: 65920, loss: 0.13, cost: 0.00, (278.91 ms/iter)
2019-05-07 20:59:29,808:INFO: Iter: 4130, Sequences: 66080, loss: 0.13, cost: 0.00, (271.31 ms/iter)
2019-05-07 20:59:32,529:INFO: Iter: 4140, Sequences: 66240, loss: 0.13, cost: 0.00, (272.14 ms/iter)
2019-05-07 20:59:35,393:INFO: Iter: 4150, Sequences: 66400, loss: 0.12, cost: 0.00, (286.34 ms/iter)
2019-05-07 20:59:38,253:INFO: Iter: 4160, Sequences: 66560, loss: 0.12, cost: 0.00, (285.99 ms/iter)
2019-05-07 20:59:41,043:INFO: Iter: 4170, Sequences: 66720, loss: 0.12, cost: 0.00, (279.03 ms/iter)
2019-05-07 20:59:43,930:INFO: Iter: 4180, Sequences: 66880, loss: 0.11, cost: 0.00, (288.73 ms/iter)
2019-05-07 20:59:46,757:INFO: Iter: 4190, Sequences: 67040, loss: 0.11, cost: 0.00, (282.68 ms/iter)
2019-05-07 20:59:49,606:INFO: Iter: 4200, Sequences: 67200, loss: 0.11, cost: 0.00, (284.87 ms/iter)
2019-05-07 20:59:49,606:INFO: Saving checkpoint
2019-05-07 20:59:49,610:INFO: Validating model on longer sequences
2019-05-07 20:59:54,606:INFO: Iter: 4210, Sequences: 67360, loss: 0.10, cost: 0.00, (500.06 ms/iter)
2019-05-07 20:59:57,748:INFO: Iter: 4220, Sequences: 67520, loss: 0.11, cost: 0.00, (314.20 ms/iter)
2019-05-07 21:00:00,670:INFO: Iter: 4230, Sequences: 67680, loss: 0.11, cost: 0.01, (292.22 ms/iter)
2019-05-07 21:00:03,432:INFO: Iter: 4240, Sequences: 67840, loss: 0.23, cost: 0.04, (276.14 ms/iter)
2019-05-07 21:00:06,251:INFO: Iter: 4250, Sequences: 68000, loss: 0.11, cost: 0.01, (281.89 ms/iter)
2019-05-07 21:00:09,112:INFO: Iter: 4260, Sequences: 68160, loss: 0.10, cost: 0.00, (286.17 ms/iter)
2019-05-07 21:00:11,896:INFO: Iter: 4270, Sequences: 68320, loss: 0.10, cost: 0.00, (278.41 ms/iter)
2019-05-07 21:00:14,995:INFO: Iter: 4280, Sequences: 68480, loss: 0.09, cost: 0.00, (309.86 ms/iter)
2019-05-07 21:00:18,019:INFO: Iter: 4290, Sequences: 68640, loss: 0.09, cost: 0.00, (302.36 ms/iter)
2019-05-07 21:00:20,782:INFO: Iter: 4300, Sequences: 68800, loss: 0.08, cost: 0.00, (276.37 ms/iter)
2019-05-07 21:00:23,583:INFO: Iter: 4310, Sequences: 68960, loss: 0.09, cost: 0.00, (280.06 ms/iter)
2019-05-07 21:00:26,441:INFO: Iter: 4320, Sequences: 69120, loss: 0.09, cost: 0.00, (285.83 ms/iter)
2019-05-07 21:00:29,205:INFO: Iter: 4330, Sequences: 69280, loss: 0.08, cost: 0.00, (276.35 ms/iter)
2019-05-07 21:00:32,003:INFO: Iter: 4340, Sequences: 69440, loss: 0.08, cost: 0.00, (279.80 ms/iter)
2019-05-07 21:00:34,754:INFO: Iter: 4350, Sequences: 69600, loss: 0.08, cost: 0.00, (275.18 ms/iter)
2019-05-07 21:00:37,589:INFO: Iter: 4360, Sequences: 69760, loss: 0.07, cost: 0.00, (283.50 ms/iter)
2019-05-07 21:00:40,393:INFO: Iter: 4370, Sequences: 69920, loss: 0.08, cost: 0.00, (280.36 ms/iter)
2019-05-07 21:00:43,120:INFO: Iter: 4380, Sequences: 70080, loss: 0.07, cost: 0.00, (272.70 ms/iter)
2019-05-07 21:00:45,882:INFO: Iter: 4390, Sequences: 70240, loss: 0.07, cost: 0.00, (276.21 ms/iter)
2019-05-07 21:00:48,676:INFO: Iter: 4400, Sequences: 70400, loss: 0.07, cost: 0.00, (279.39 ms/iter)
2019-05-07 21:00:48,676:INFO: Saving checkpoint
2019-05-07 21:00:48,680:INFO: Validating model on longer sequences
2019-05-07 21:00:53,187:INFO: Iter: 4410, Sequences: 70560, loss: 0.07, cost: 0.00, (451.04 ms/iter)
2019-05-07 21:00:55,919:INFO: Iter: 4420, Sequences: 70720, loss: 0.07, cost: 0.00, (273.25 ms/iter)
2019-05-07 21:00:58,732:INFO: Iter: 4430, Sequences: 70880, loss: 0.06, cost: 0.00, (281.28 ms/iter)
2019-05-07 21:01:01,555:INFO: Iter: 4440, Sequences: 71040, loss: 0.06, cost: 0.00, (282.28 ms/iter)
2019-05-07 21:01:04,448:INFO: Iter: 4450, Sequences: 71200, loss: 0.06, cost: 0.00, (289.37 ms/iter)
2019-05-07 21:01:07,326:INFO: Iter: 4460, Sequences: 71360, loss: 0.05, cost: 0.00, (287.74 ms/iter)
2019-05-07 21:01:10,171:INFO: Iter: 4470, Sequences: 71520, loss: 0.06, cost: 0.00, (284.52 ms/iter)
2019-05-07 21:01:13,221:INFO: Iter: 4480, Sequences: 71680, loss: 0.06, cost: 0.00, (305.00 ms/iter)
2019-05-07 21:01:16,298:INFO: Iter: 4490, Sequences: 71840, loss: 0.06, cost: 0.00, (307.73 ms/iter)
2019-05-07 21:01:19,431:INFO: Iter: 4500, Sequences: 72000, loss: 0.06, cost: 0.00, (313.30 ms/iter)
2019-05-07 21:01:22,273:INFO: Iter: 4510, Sequences: 72160, loss: 0.06, cost: 0.00, (284.20 ms/iter)
2019-05-07 21:01:24,985:INFO: Iter: 4520, Sequences: 72320, loss: 0.05, cost: 0.00, (271.17 ms/iter)
2019-05-07 21:01:27,805:INFO: Iter: 4530, Sequences: 72480, loss: 0.06, cost: 0.00, (282.01 ms/iter)
2019-05-07 21:01:30,622:INFO: Iter: 4540, Sequences: 72640, loss: 0.09, cost: 0.01, (281.68 ms/iter)
2019-05-07 21:01:33,490:INFO: Iter: 4550, Sequences: 72800, loss: 0.05, cost: 0.00, (286.83 ms/iter)
2019-05-07 21:01:36,381:INFO: Iter: 4560, Sequences: 72960, loss: 0.05, cost: 0.00, (289.06 ms/iter)
2019-05-07 21:01:39,149:INFO: Iter: 4570, Sequences: 73120, loss: 0.05, cost: 0.00, (276.86 ms/iter)
2019-05-07 21:01:41,831:INFO: Iter: 4580, Sequences: 73280, loss: 0.05, cost: 0.00, (268.22 ms/iter)
2019-05-07 21:01:44,585:INFO: Iter: 4590, Sequences: 73440, loss: 0.05, cost: 0.01, (275.38 ms/iter)
2019-05-07 21:01:47,430:INFO: Iter: 4600, Sequences: 73600, loss: 0.05, cost: 0.00, (284.51 ms/iter)
2019-05-07 21:01:47,431:INFO: Saving checkpoint
2019-05-07 21:01:47,434:INFO: Validating model on longer sequences
2019-05-07 21:01:51,970:INFO: Iter: 4610, Sequences: 73760, loss: 0.05, cost: 0.00, (453.99 ms/iter)
2019-05-07 21:01:54,745:INFO: Iter: 4620, Sequences: 73920, loss: 0.04, cost: 0.00, (277.44 ms/iter)
2019-05-07 21:01:57,544:INFO: Iter: 4630, Sequences: 74080, loss: 0.05, cost: 0.00, (279.93 ms/iter)
2019-05-07 21:02:00,368:INFO: Iter: 4640, Sequences: 74240, loss: 0.04, cost: 0.00, (282.35 ms/iter)
2019-05-07 21:02:03,459:INFO: Iter: 4650, Sequences: 74400, loss: 0.04, cost: 0.00, (309.19 ms/iter)
2019-05-07 21:02:06,688:INFO: Iter: 4660, Sequences: 74560, loss: 0.04, cost: 0.00, (322.84 ms/iter)
2019-05-07 21:02:09,848:INFO: Iter: 4670, Sequences: 74720, loss: 0.04, cost: 0.00, (316.01 ms/iter)
2019-05-07 21:02:12,834:INFO: Iter: 4680, Sequences: 74880, loss: 0.04, cost: 0.00, (298.63 ms/iter)
2019-05-07 21:02:15,533:INFO: Iter: 4690, Sequences: 75040, loss: 0.04, cost: 0.00, (269.83 ms/iter)
2019-05-07 21:02:18,187:INFO: Iter: 4700, Sequences: 75200, loss: 0.04, cost: 0.00, (265.49 ms/iter)
2019-05-07 21:02:20,896:INFO: Iter: 4710, Sequences: 75360, loss: 0.03, cost: 0.00, (270.86 ms/iter)
2019-05-07 21:02:23,711:INFO: Iter: 4720, Sequences: 75520, loss: 0.03, cost: 0.00, (281.46 ms/iter)
2019-05-07 21:02:26,414:INFO: Iter: 4730, Sequences: 75680, loss: 0.03, cost: 0.00, (270.39 ms/iter)
2019-05-07 21:02:29,186:INFO: Iter: 4740, Sequences: 75840, loss: 0.03, cost: 0.00, (277.13 ms/iter)
2019-05-07 21:02:32,260:INFO: Iter: 4750, Sequences: 76000, loss: 0.03, cost: 0.00, (307.41 ms/iter)
2019-05-07 21:02:35,325:INFO: Iter: 4760, Sequences: 76160, loss: 0.03, cost: 0.00, (306.54 ms/iter)
2019-05-07 21:02:38,409:INFO: Iter: 4770, Sequences: 76320, loss: 0.03, cost: 0.00, (308.42 ms/iter)
2019-05-07 21:02:41,318:INFO: Iter: 4780, Sequences: 76480, loss: 0.03, cost: 0.00, (290.88 ms/iter)
2019-05-07 21:02:44,119:INFO: Iter: 4790, Sequences: 76640, loss: 0.03, cost: 0.00, (280.06 ms/iter)
2019-05-07 21:02:46,845:INFO: Iter: 4800, Sequences: 76800, loss: 0.03, cost: 0.00, (272.61 ms/iter)
2019-05-07 21:02:46,845:INFO: Saving checkpoint
2019-05-07 21:02:46,849:INFO: Validating model on longer sequences
2019-05-07 21:02:51,281:INFO: Iter: 4810, Sequences: 76960, loss: 0.02, cost: 0.00, (443.57 ms/iter)
2019-05-07 21:02:54,072:INFO: Iter: 4820, Sequences: 77120, loss: 0.03, cost: 0.00, (279.12 ms/iter)
2019-05-07 21:02:56,911:INFO: Iter: 4830, Sequences: 77280, loss: 0.03, cost: 0.00, (283.93 ms/iter)
2019-05-07 21:02:59,759:INFO: Iter: 4840, Sequences: 77440, loss: 0.03, cost: 0.00, (284.78 ms/iter)
2019-05-07 21:03:02,607:INFO: Iter: 4850, Sequences: 77600, loss: 0.03, cost: 0.00, (284.80 ms/iter)
2019-05-07 21:03:05,396:INFO: Iter: 4860, Sequences: 77760, loss: 0.04, cost: 0.01, (278.89 ms/iter)
2019-05-07 21:03:08,239:INFO: Iter: 4870, Sequences: 77920, loss: 0.03, cost: 0.00, (284.30 ms/iter)
2019-05-07 21:03:11,124:INFO: Iter: 4880, Sequences: 78080, loss: 0.03, cost: 0.00, (288.57 ms/iter)
2019-05-07 21:03:14,024:INFO: Iter: 4890, Sequences: 78240, loss: 0.03, cost: 0.00, (289.94 ms/iter)
2019-05-07 21:03:16,785:INFO: Iter: 4900, Sequences: 78400, loss: 0.02, cost: 0.00, (276.06 ms/iter)
