2019-05-18 10:07:30,095:INFO: Loaded config
2019-05-18 10:07:30,096:INFO: ('name', 'Copy Q-learning LSTM')
2019-05-18 10:07:30,096:INFO: ('seed', 1)
2019-05-18 10:07:30,096:INFO: ('gpu', True)
2019-05-18 10:07:30,096:INFO: ('task', {'name': 'copy', 'len_alphabet': 5, 'min_len': 1, 'max_len': 20, 'n_copies': 1, 'update_limit': 1.0, 'min_update_iters': 75})
2019-05-18 10:07:30,096:INFO: ('model', {'name': 'lstm', 'n_hidden': 256, 'n_layers': 3})
2019-05-18 10:07:30,096:INFO: ('train', {'checkpoint_interval': 1000, 'report_interval': 100, 'verbose_interval': 25, 'train_iterations': 18000, 'update_interval': 3, 'batch_size': 64, 'loss': 'mse_lsize', 'loss_k_start': 0, 'loss_k_end': 0.25, 'loss_k_decay': 100})
2019-05-18 10:07:30,096:INFO: ('q_learning', {'gamma': 0.999, 'alpha': 0.1, 'eps_start': 0.9, 'eps_restart': 0.15, 'eps_end': 0.05, 'eps_decay': 150})
2019-05-18 10:07:30,096:INFO: ('validation', {'iterations': 5, 'len_val_seqs': [25, 50, 75, 100, 150]})
2019-05-18 10:07:30,096:INFO: ('optim', {'optimizer': 'adam', 'learning_rate': 0.0001, 'momentum': 0.9, 'gradient_clipping': 15.0})
2019-05-18 10:07:30,096:INFO: ('path', PosixPath('experiments/copy_lstm_rl_loss'))
2019-05-18 10:07:30,096:INFO: ('tensorboard', PosixPath('experiments/copy_lstm_rl_loss/tensorboard'))
2019-05-18 10:07:30,096:INFO: ('checkpoints', PosixPath('experiments/copy_lstm_rl_loss/checkpoints'))
2019-05-18 10:07:30,096:INFO: Start training
2019-05-18 10:07:45,453:INFO: Loaded model
2019-05-18 10:07:45,454:INFO: Total number of parameters 1326343
2019-05-18 10:07:45,559:INFO: Generating grammar tables from /usr/lib/python3.6/lib2to3/Grammar.txt
2019-05-18 10:07:45,660:INFO: Generating grammar tables from /usr/lib/python3.6/lib2to3/PatternGrammar.txt
2019-05-18 10:07:49,317:INFO: Sequences: 0, Mean episode_total_rewards: -0.008979807038291945, loss_avg: 0.00016556084156036377, epsilon: 0.9 curr_temp_size: 1 (142.96 ms/iter), temp_k in loss: 0.0
2019-05-18 10:07:49,317:INFO: Validating model on same-size sequences
2019-05-18 10:07:49,808:INFO: Validating model on longer sequences
2019-05-18 10:08:19,563:INFO: Validating model on same-size sequences
2019-05-18 10:08:26,020:INFO: Validating model on same-size sequences
2019-05-18 10:08:32,473:INFO: Validating model on same-size sequences
2019-05-18 10:08:39,396:INFO: Validating model on same-size sequences
2019-05-18 10:08:45,608:INFO: Validating model on same-size sequences
2019-05-18 10:08:53,438:INFO: Validating model on same-size sequences
2019-05-18 10:09:01,782:INFO: Validating model on same-size sequences
2019-05-18 10:09:08,869:INFO: Validating model on same-size sequences
2019-05-18 10:09:11,368:INFO: Sequences: 1600, Mean episode_total_rewards: -0.004768146327356854, loss_avg: 0.00017258694395422936, epsilon: 0.8504998535466114 curr_temp_size: 1 (3282.07 ms/iter), temp_k in loss: 0.0
2019-05-18 10:09:17,462:INFO: Validating model on same-size sequences
2019-05-18 10:09:25,491:INFO: Validating model on same-size sequences
2019-05-18 10:09:32,413:INFO: Validating model on same-size sequences
2019-05-18 10:09:38,547:INFO: Validating model on same-size sequences
2019-05-18 10:09:45,257:INFO: Validating model on same-size sequences
2019-05-18 10:09:52,495:INFO: Validating model on same-size sequences
2019-05-18 10:09:59,685:INFO: Validating model on same-size sequences
2019-05-18 10:10:06,003:INFO: Validating model on same-size sequences
2019-05-18 10:10:10,485:INFO: Sequences: 3200, Mean episode_total_rewards: -0.008404575892857142, loss_avg: 0.00014069041237235069, epsilon: 0.8089250439167868 curr_temp_size: 1 (2364.66 ms/iter), temp_k in loss: 0.0
2019-05-18 10:10:12,783:INFO: Validating model on same-size sequences
2019-05-18 10:10:19,673:INFO: Validating model on same-size sequences
2019-05-18 10:10:27,607:INFO: Validating model on same-size sequences
2019-05-18 10:10:34,860:INFO: Validating model on same-size sequences
2019-05-18 10:10:43,140:INFO: Validating model on same-size sequences
2019-05-18 10:10:48,984:INFO: Validating model on same-size sequences
2019-05-18 10:10:55,387:INFO: Validating model on same-size sequences
2019-05-18 10:11:02,510:INFO: Validating model on same-size sequences
2019-05-18 10:11:09,332:INFO: Sequences: 4800, Mean episode_total_rewards: 3.7388392857142795e-05, loss_avg: 0.00019542714580893515, epsilon: 0.769509466157022 curr_temp_size: 1 (2353.90 ms/iter), temp_k in loss: 0.0
2019-05-18 10:11:09,333:INFO: Validating model on same-size sequences
2019-05-18 10:11:18,068:INFO: Validating model on same-size sequences
2019-05-18 10:11:25,516:INFO: Validating model on same-size sequences
2019-05-18 10:11:32,697:INFO: Validating model on same-size sequences
2019-05-18 10:11:40,246:INFO: Validating model on same-size sequences
2019-05-18 10:11:47,511:INFO: Validating model on same-size sequences
2019-05-18 10:11:54,932:INFO: Validating model on same-size sequences
2019-05-18 10:12:02,322:INFO: Validating model on same-size sequences
2019-05-18 10:12:09,053:INFO: Validating model on same-size sequences
2019-05-18 10:12:11,449:INFO: Sequences: 6400, Mean episode_total_rewards: -0.004515625, loss_avg: 0.0001687760278582573, epsilon: 0.7276084968048195 curr_temp_size: 1 (2484.59 ms/iter), temp_k in loss: 0.0
2019-05-18 10:12:11,450:INFO: Validating model on longer sequences
2019-05-18 10:12:35,290:INFO: Validating model on same-size sequences
2019-05-18 10:12:41,034:INFO: Validating model on same-size sequences
2019-05-18 10:12:49,208:INFO: Validating model on same-size sequences
2019-05-18 10:12:56,340:INFO: Validating model on same-size sequences
2019-05-18 10:13:01,717:INFO: Validating model on same-size sequences
2019-05-18 10:13:08,178:INFO: Validating model on same-size sequences
2019-05-18 10:13:14,648:INFO: Validating model on same-size sequences
2019-05-18 10:13:21,561:INFO: Validating model on same-size sequences
2019-05-18 10:13:27,497:INFO: Sequences: 8000, Mean episode_total_rewards: -0.002568942775974026, loss_avg: 0.00019654983654618263, epsilon: 0.6924161802373666 curr_temp_size: 1 (3041.99 ms/iter), temp_k in loss: 0.0
2019-05-18 10:13:29,681:INFO: Validating model on same-size sequences
2019-05-18 10:13:36,787:INFO: Validating model on same-size sequences
2019-05-18 10:13:43,856:INFO: Validating model on same-size sequences
2019-05-18 10:13:51,407:INFO: Validating model on same-size sequences
2019-05-18 10:13:58,104:INFO: Validating model on same-size sequences
2019-05-18 10:14:05,904:INFO: Validating model on same-size sequences
2019-05-18 10:14:12,449:INFO: Validating model on same-size sequences
2019-05-18 10:14:19,540:INFO: Validating model on same-size sequences
2019-05-18 10:14:24,816:INFO: Sequences: 9600, Mean episode_total_rewards: -0.0007647058823529413, loss_avg: 0.0001774490624666214, epsilon: 0.6590516139877209 curr_temp_size: 1 (2292.78 ms/iter), temp_k in loss: 0.0
2019-05-18 10:14:24,817:INFO: Validating model on same-size sequences
2019-05-18 10:14:32,530:INFO: Validating model on same-size sequences
2019-05-18 10:14:39,435:INFO: Validating model on same-size sequences
2019-05-18 10:14:46,588:INFO: Validating model on same-size sequences
2019-05-18 10:14:53,557:INFO: Validating model on same-size sequences
2019-05-18 10:15:00,884:INFO: Validating model on same-size sequences
2019-05-18 10:15:07,957:INFO: Validating model on same-size sequences
2019-05-18 10:15:15,303:INFO: Validating model on same-size sequences
2019-05-18 10:15:22,525:INFO: Validating model on same-size sequences
2019-05-18 10:15:25,168:INFO: Sequences: 11200, Mean episode_total_rewards: -0.0005394345238095238, loss_avg: 0.00018942927941679956, epsilon: 0.6235832091758798 curr_temp_size: 1 (2414.06 ms/iter), temp_k in loss: 0.0
2019-05-18 10:15:29,691:INFO: Validating model on same-size sequences
2019-05-18 10:15:38,305:INFO: Validating model on same-size sequences
2019-05-18 10:15:45,471:INFO: Validating model on same-size sequences
2019-05-18 10:15:51,928:INFO: Validating model on same-size sequences
2019-05-18 10:15:59,182:INFO: Validating model on same-size sequences
2019-05-18 10:16:07,528:INFO: Validating model on same-size sequences
2019-05-18 10:16:14,350:INFO: Validating model on same-size sequences
2019-05-18 10:16:22,858:INFO: Validating model on same-size sequences
2019-05-18 10:16:28,650:INFO: Sequences: 12800, Mean episode_total_rewards: 0.008690397869674184, loss_avg: 0.00018476970493793487, epsilon: 0.5937935563449658 curr_temp_size: 1 (2539.27 ms/iter), temp_k in loss: 0.0
2019-05-18 10:16:28,652:INFO: Validating model on longer sequences
2019-05-18 10:16:51,111:INFO: Validating model on same-size sequences
2019-05-18 10:16:58,477:INFO: Validating model on same-size sequences
2019-05-18 10:17:04,828:INFO: Validating model on same-size sequences
2019-05-18 10:17:12,723:INFO: Validating model on same-size sequences
2019-05-18 10:17:20,016:INFO: Validating model on same-size sequences
2019-05-18 10:17:28,140:INFO: Validating model on same-size sequences
2019-05-18 10:17:35,557:INFO: Validating model on same-size sequences
2019-05-18 10:17:42,168:INFO: Validating model on same-size sequences
2019-05-18 10:17:47,688:INFO: Sequences: 14400, Mean episode_total_rewards: 0.004975118631368632, loss_avg: 0.00019631922245025635, epsilon: 0.5655510607557385 curr_temp_size: 1 (3161.55 ms/iter), temp_k in loss: 0.0
2019-05-18 10:17:47,689:INFO: Validating model on same-size sequences
2019-05-18 10:17:53,762:INFO: Validating model on same-size sequences
2019-05-18 10:17:59,969:INFO: Validating model on same-size sequences
2019-05-18 10:18:07,079:INFO: Validating model on same-size sequences
2019-05-18 10:18:13,579:INFO: Validating model on same-size sequences
2019-05-18 10:18:19,462:INFO: Validating model on same-size sequences
2019-05-18 10:18:26,492:INFO: Validating model on same-size sequences
2019-05-18 10:18:32,789:INFO: Validating model on same-size sequences
2019-05-18 10:18:39,440:INFO: Validating model on same-size sequences
2019-05-18 10:18:42,904:INFO: Sequences: 16000, Mean episode_total_rewards: 0.0067864413224804085, loss_avg: 0.00018876293674111367, epsilon: 0.5355277042714927 curr_temp_size: 1 (2208.54 ms/iter), temp_k in loss: 0.0
2019-05-18 10:18:48,267:INFO: Validating model on same-size sequences
2019-05-18 10:18:56,858:INFO: Validating model on same-size sequences
2019-05-18 10:19:03,557:INFO: Validating model on same-size sequences
2019-05-18 10:19:10,337:INFO: Validating model on same-size sequences
2019-05-18 10:19:18,155:INFO: Validating model on same-size sequences
2019-05-18 10:19:25,290:INFO: Validating model on same-size sequences
2019-05-18 10:19:33,740:INFO: Validating model on same-size sequences
2019-05-18 10:19:42,564:INFO: Validating model on same-size sequences
2019-05-18 10:19:48,886:INFO: Sequences: 17600, Mean episode_total_rewards: 0.008286940770626434, loss_avg: 0.00020635720342397689, epsilon: 0.510311307559288 curr_temp_size: 1 (2639.36 ms/iter), temp_k in loss: 0.0
2019-05-18 10:19:51,056:INFO: Validating model on same-size sequences
2019-05-18 10:19:58,391:INFO: Validating model on same-size sequences
2019-05-18 10:20:05,915:INFO: Validating model on same-size sequences
2019-05-18 10:20:13,100:INFO: Validating model on same-size sequences
2019-05-18 10:20:20,133:INFO: Validating model on same-size sequences
2019-05-18 10:20:27,347:INFO: Validating model on same-size sequences
2019-05-18 10:20:34,142:INFO: Validating model on same-size sequences
2019-05-18 10:20:40,569:INFO: Validating model on same-size sequences
2019-05-18 10:20:48,571:INFO: Sequences: 19200, Mean episode_total_rewards: 0.00480251409774436, loss_avg: 0.0001973607763648033, epsilon: 0.4864045511777032 curr_temp_size: 1 (2387.40 ms/iter), temp_k in loss: 0.0
2019-05-18 10:20:48,571:INFO: Validating model on same-size sequences
2019-05-18 10:20:49,004:INFO: Validating model on longer sequences
2019-05-18 10:21:18,042:INFO: Validating model on same-size sequences
2019-05-18 10:21:25,676:INFO: Validating model on same-size sequences
2019-05-18 10:21:33,685:INFO: Validating model on same-size sequences
2019-05-18 10:21:42,362:INFO: Validating model on same-size sequences
2019-05-18 10:21:51,333:INFO: Validating model on same-size sequences
2019-05-18 10:21:58,398:INFO: Validating model on same-size sequences
2019-05-18 10:22:04,321:INFO: Validating model on same-size sequences
2019-05-18 10:22:10,400:INFO: Validating model on same-size sequences
2019-05-18 10:22:13,168:INFO: Sequences: 20800, Mean episode_total_rewards: 0.007120955669717279, loss_avg: 0.0002206677757203579, epsilon: 0.46099032859391303 curr_temp_size: 1 (3383.90 ms/iter), temp_k in loss: 0.0
2019-05-18 10:22:17,828:INFO: Validating model on same-size sequences
2019-05-18 10:22:26,301:INFO: Validating model on same-size sequences
2019-05-18 10:22:33,191:INFO: Validating model on same-size sequences
2019-05-18 10:22:41,078:INFO: Validating model on same-size sequences
2019-05-18 10:22:50,210:INFO: Validating model on same-size sequences
2019-05-18 10:23:00,722:INFO: Validating model on same-size sequences
2019-05-18 10:23:09,168:INFO: Validating model on same-size sequences
2019-05-18 10:23:18,440:INFO: Validating model on same-size sequences
2019-05-18 10:23:24,044:INFO: Sequences: 22400, Mean episode_total_rewards: 0.024408311051693405, loss_avg: 0.00011735327541828155, epsilon: 0.1460789439152323 curr_temp_size: 2 (2835.02 ms/iter), temp_k in loss: 0.0024875415627079733
2019-05-18 10:23:27,251:INFO: Validating model on same-size sequences
2019-05-18 10:23:36,793:INFO: Validating model on same-size sequences
2019-05-18 10:23:45,944:INFO: Validating model on same-size sequences
2019-05-18 10:23:56,016:INFO: Validating model on same-size sequences
2019-05-18 10:24:06,241:INFO: Validating model on same-size sequences
2019-05-18 10:24:17,233:INFO: Validating model on same-size sequences
2019-05-18 10:24:25,873:INFO: Validating model on same-size sequences
2019-05-18 10:24:34,791:INFO: Validating model on same-size sequences
2019-05-18 10:24:44,456:INFO: Sequences: 24000, Mean episode_total_rewards: 0.028322610294117645, loss_avg: 9.299588389694691e-05, epsilon: 0.1410889819745612 curr_temp_size: 2 (3216.47 ms/iter), temp_k in loss: 0.0024875415627079733
2019-05-18 10:24:44,456:INFO: Validating model on same-size sequences
2019-05-18 10:24:53,560:INFO: Validating model on same-size sequences
2019-05-18 10:25:01,866:INFO: Validating model on same-size sequences
2019-05-18 10:25:12,289:INFO: Validating model on same-size sequences
2019-05-18 10:25:22,783:INFO: Validating model on same-size sequences
2019-05-18 10:25:34,208:INFO: Validating model on same-size sequences
2019-05-18 10:25:44,360:INFO: Validating model on same-size sequences
2019-05-18 10:25:52,891:INFO: Validating model on same-size sequences
2019-05-18 10:26:03,632:INFO: Validating model on same-size sequences
2019-05-18 10:26:06,760:INFO: Sequences: 25600, Mean episode_total_rewards: 0.02353183275058275, loss_avg: 0.00011810905300080777, epsilon: 0.13578437262393667 curr_temp_size: 2 (3292.19 ms/iter), temp_k in loss: 0.0024875415627079733
2019-05-18 10:26:06,761:INFO: Validating model on longer sequences
2019-05-18 10:26:31,574:INFO: Validating model on same-size sequences
2019-05-18 10:26:39,519:INFO: Validating model on same-size sequences
2019-05-18 10:26:48,696:INFO: Validating model on same-size sequences
2019-05-18 10:26:59,056:INFO: Validating model on same-size sequences
2019-05-18 10:27:10,017:INFO: Validating model on same-size sequences
2019-05-18 10:27:18,571:INFO: Validating model on same-size sequences
2019-05-18 10:27:28,917:INFO: Validating model on same-size sequences
2019-05-18 10:27:39,092:INFO: Validating model on same-size sequences
2019-05-18 10:27:44,177:INFO: Sequences: 27200, Mean episode_total_rewards: 0.026345982142857147, loss_avg: 9.400450624525548e-05, epsilon: 0.1313290701710344 curr_temp_size: 2 (3896.67 ms/iter), temp_k in loss: 0.0024875415627079733
2019-05-18 10:27:47,532:INFO: Validating model on same-size sequences
2019-05-18 10:27:55,330:INFO: Validating model on same-size sequences
2019-05-18 10:28:04,998:INFO: Validating model on same-size sequences
2019-05-18 10:28:14,098:INFO: Validating model on same-size sequences
2019-05-18 10:28:21,852:INFO: Validating model on same-size sequences
2019-05-18 10:28:30,061:INFO: Validating model on same-size sequences
2019-05-18 10:28:39,142:INFO: Validating model on same-size sequences
2019-05-18 10:28:48,320:INFO: Validating model on same-size sequences
2019-05-18 10:28:58,011:INFO: Sequences: 28800, Mean episode_total_rewards: 0.024348847972203234, loss_avg: 0.00012616389431059362, epsilon: 0.12710515858035662 curr_temp_size: 2 (2953.37 ms/iter), temp_k in loss: 0.0024875415627079733
2019-05-18 10:28:58,020:INFO: Validating model on same-size sequences
2019-05-18 10:29:09,229:INFO: Validating model on same-size sequences
2019-05-18 10:29:17,025:INFO: Validating model on same-size sequences
2019-05-18 10:29:27,540:INFO: Validating model on same-size sequences
2019-05-18 10:29:39,327:INFO: Validating model on same-size sequences
2019-05-18 10:29:49,659:INFO: Validating model on same-size sequences
2019-05-18 10:30:01,494:INFO: Validating model on same-size sequences
2019-05-18 10:30:11,363:INFO: Validating model on same-size sequences
2019-05-18 10:30:18,972:INFO: Validating model on same-size sequences
2019-05-18 10:30:22,534:INFO: Sequences: 30400, Mean episode_total_rewards: 0.022128480040341496, loss_avg: 0.00012630338780581952, epsilon: 0.12261490370736909 curr_temp_size: 2 (3380.92 ms/iter), temp_k in loss: 0.0024875415627079733
2019-05-18 10:30:27,815:INFO: Validating model on same-size sequences
2019-05-18 10:30:37,602:INFO: Validating model on same-size sequences
2019-05-18 10:30:48,001:INFO: Validating model on same-size sequences
2019-05-18 10:30:54,699:INFO: Validating model on same-size sequences
2019-05-18 10:31:02,161:INFO: Validating model on same-size sequences
2019-05-18 10:31:12,848:INFO: Validating model on same-size sequences
2019-05-18 10:31:18,857:INFO: Validating model on same-size sequences
2019-05-18 10:31:28,899:INFO: Validating model on same-size sequences
2019-05-18 10:31:37,535:INFO: Sequences: 32000, Mean episode_total_rewards: 0.02625353422619048, loss_avg: 7.047003135085105e-05, epsilon: 0.11884357160212701 curr_temp_size: 2 (3000.04 ms/iter), temp_k in loss: 0.0024875415627079733
2019-05-18 10:31:37,535:INFO: Validating model on longer sequences
2019-05-18 10:32:03,172:INFO: Validating model on same-size sequences
2019-05-18 10:32:13,236:INFO: Validating model on same-size sequences
2019-05-18 10:32:22,576:INFO: Validating model on same-size sequences
2019-05-18 10:32:31,260:INFO: Validating model on same-size sequences
2019-05-18 10:32:40,109:INFO: Validating model on same-size sequences
2019-05-18 10:32:49,058:INFO: Validating model on same-size sequences
2019-05-18 10:32:58,942:INFO: Validating model on same-size sequences
2019-05-18 10:33:08,396:INFO: Validating model on same-size sequences
2019-05-18 10:33:18,224:INFO: Sequences: 33600, Mean episode_total_rewards: 0.027796875000000002, loss_avg: 8.558793924748898e-05, epsilon: 0.11526810763306461 curr_temp_size: 2 (4027.56 ms/iter), temp_k in loss: 0.0024875415627079733
2019-05-18 10:33:18,224:INFO: Validating model on same-size sequences
2019-05-18 10:33:27,169:INFO: Validating model on same-size sequences
2019-05-18 10:33:35,565:INFO: Validating model on same-size sequences
2019-05-18 10:33:45,549:INFO: Validating model on same-size sequences
2019-05-18 10:33:54,390:INFO: Validating model on same-size sequences
2019-05-18 10:34:03,690:INFO: Validating model on same-size sequences
2019-05-18 10:34:14,458:INFO: Validating model on same-size sequences
2019-05-18 10:34:25,536:INFO: Validating model on same-size sequences
2019-05-18 10:34:36,658:INFO: Validating model on same-size sequences
2019-05-18 10:34:40,233:INFO: Sequences: 35200, Mean episode_total_rewards: 0.0237414325105042, loss_avg: 0.00010007239878177643, epsilon: 0.11146718894297963 curr_temp_size: 2 (3280.37 ms/iter), temp_k in loss: 0.0024875415627079733
2019-05-18 10:34:47,124:INFO: Validating model on same-size sequences
2019-05-18 10:34:57,190:INFO: Validating model on same-size sequences
2019-05-18 10:35:06,856:INFO: Validating model on same-size sequences
2019-05-18 10:35:14,327:INFO: Validating model on same-size sequences
2019-05-18 10:35:24,274:INFO: Validating model on same-size sequences
2019-05-18 10:35:35,105:INFO: Validating model on same-size sequences
2019-05-18 10:35:45,400:INFO: Validating model on same-size sequences
2019-05-18 10:35:53,897:INFO: Validating model on same-size sequences
2019-05-18 10:36:00,218:INFO: Sequences: 36800, Mean episode_total_rewards: 0.027644860347985346, loss_avg: 0.00010470455512404442, epsilon: 0.10827482523739895 curr_temp_size: 2 (3199.38 ms/iter), temp_k in loss: 0.0024875415627079733
2019-05-18 10:36:02,721:INFO: Validating model on same-size sequences
2019-05-18 10:36:15,212:INFO: Validating model on same-size sequences
2019-05-18 10:36:25,791:INFO: Validating model on same-size sequences
2019-05-18 10:36:34,672:INFO: Validating model on same-size sequences
2019-05-18 10:36:43,697:INFO: Validating model on same-size sequences
2019-05-18 10:36:52,542:INFO: Validating model on same-size sequences
2019-05-18 10:37:04,520:INFO: Validating model on same-size sequences
2019-05-18 10:37:14,821:INFO: Validating model on same-size sequences
2019-05-18 10:37:22,519:INFO: Sequences: 38400, Mean episode_total_rewards: 0.028885890151515152, loss_avg: 6.381989922374487e-05, epsilon: 0.10524826032958279 curr_temp_size: 2 (3292.06 ms/iter), temp_k in loss: 0.0024875415627079733
2019-05-18 10:37:22,520:INFO: Validating model on same-size sequences
2019-05-18 10:37:22,963:INFO: Validating model on longer sequences
2019-05-18 10:37:52,945:INFO: Validating model on same-size sequences
2019-05-18 10:38:02,035:INFO: Validating model on same-size sequences
2019-05-18 10:38:09,795:INFO: Validating model on same-size sequences
2019-05-18 10:38:18,726:INFO: Validating model on same-size sequences
2019-05-18 10:38:27,273:INFO: Validating model on same-size sequences
2019-05-18 10:38:36,615:INFO: Validating model on same-size sequences
2019-05-18 10:38:45,195:INFO: Validating model on same-size sequences
2019-05-18 10:38:55,387:INFO: Validating model on same-size sequences
2019-05-18 10:38:58,101:INFO: Sequences: 40000, Mean episode_total_rewards: 0.027511948529411762, loss_avg: 9.029212407767772e-05, epsilon: 0.10203085212063068 curr_temp_size: 2 (3823.25 ms/iter), temp_k in loss: 0.0024875415627079733
2019-05-18 10:39:03,234:INFO: Validating model on same-size sequences
2019-05-18 10:39:12,357:INFO: Validating model on same-size sequences
2019-05-18 10:39:21,154:INFO: Validating model on same-size sequences
2019-05-18 10:39:30,723:INFO: Validating model on same-size sequences
2019-05-18 10:39:38,391:INFO: Validating model on same-size sequences
2019-05-18 10:39:45,964:INFO: Validating model on same-size sequences
2019-05-18 10:39:55,440:INFO: Validating model on same-size sequences
2019-05-18 10:40:06,130:INFO: Validating model on same-size sequences
2019-05-18 10:40:13,469:INFO: Sequences: 41600, Mean episode_total_rewards: 0.024433882165306314, loss_avg: 0.00011738155037164688, epsilon: 0.09932857458465257 curr_temp_size: 2 (3014.72 ms/iter), temp_k in loss: 0.0024875415627079733
2019-05-18 10:40:16,766:INFO: Validating model on same-size sequences
2019-05-18 10:40:24,494:INFO: Validating model on same-size sequences
2019-05-18 10:40:34,998:INFO: Validating model on same-size sequences
2019-05-18 10:40:44,850:INFO: Validating model on same-size sequences
2019-05-18 10:40:54,259:INFO: Validating model on same-size sequences
2019-05-18 10:41:04,555:INFO: Validating model on same-size sequences
2019-05-18 10:41:14,721:INFO: Validating model on same-size sequences
2019-05-18 10:41:23,767:INFO: Validating model on same-size sequences
2019-05-18 10:41:33,823:INFO: Sequences: 43200, Mean episode_total_rewards: 0.025455180921052634, loss_avg: 9.904557839035988e-05, epsilon: 0.09676664270099092 curr_temp_size: 2 (3214.16 ms/iter), temp_k in loss: 0.0024875415627079733
2019-05-18 10:41:33,823:INFO: Validating model on same-size sequences
2019-05-18 10:41:42,497:INFO: Validating model on same-size sequences
2019-05-18 10:41:53,737:INFO: Validating model on same-size sequences
2019-05-18 10:42:01,902:INFO: Validating model on same-size sequences
2019-05-18 10:42:12,331:INFO: Validating model on same-size sequences
2019-05-18 10:42:20,439:INFO: Validating model on same-size sequences
2019-05-18 10:42:29,206:INFO: Validating model on same-size sequences
2019-05-18 10:42:37,561:INFO: Validating model on same-size sequences
2019-05-18 10:42:47,305:INFO: Validating model on same-size sequences
2019-05-18 10:42:50,382:INFO: Sequences: 44800, Mean episode_total_rewards: 0.02949869791666667, loss_avg: 5.830366630107164e-05, epsilon: 0.09404316545059993 curr_temp_size: 2 (3062.36 ms/iter), temp_k in loss: 0.0024875415627079733
2019-05-18 10:42:50,382:INFO: Validating model on longer sequences
2019-05-18 10:43:17,791:INFO: Validating model on same-size sequences
2019-05-18 10:43:28,560:INFO: Validating model on same-size sequences
2019-05-18 10:43:36,915:INFO: Validating model on same-size sequences
2019-05-18 10:43:46,196:INFO: Validating model on same-size sequences
2019-05-18 10:43:54,988:INFO: Validating model on same-size sequences
2019-05-18 10:44:05,007:INFO: Validating model on same-size sequences
2019-05-18 10:44:16,572:INFO: Validating model on same-size sequences
2019-05-18 10:44:25,877:INFO: Validating model on same-size sequences
2019-05-18 10:44:33,476:INFO: Sequences: 46400, Mean episode_total_rewards: 0.024213369963369966, loss_avg: 0.00010973550379276276, epsilon: 0.09175573690081201 curr_temp_size: 2 (4123.76 ms/iter), temp_k in loss: 0.0024875415627079733
2019-05-18 10:44:36,374:INFO: Validating model on same-size sequences
2019-05-18 10:44:46,179:INFO: Validating model on same-size sequences
2019-05-18 10:44:54,732:INFO: Validating model on same-size sequences
2019-05-18 10:45:06,917:INFO: Validating model on same-size sequences
2019-05-18 10:45:20,156:INFO: Validating model on same-size sequences
2019-05-18 10:45:31,151:INFO: Validating model on same-size sequences
2019-05-18 10:45:40,483:INFO: Validating model on same-size sequences
2019-05-18 10:45:49,952:INFO: Validating model on same-size sequences
2019-05-18 10:45:59,582:INFO: Sequences: 48000, Mean episode_total_rewards: 0.027938988095238104, loss_avg: 8.832350373268127e-05, epsilon: 0.08958710838087784 curr_temp_size: 2 (3444.26 ms/iter), temp_k in loss: 0.0024875415627079733
2019-05-18 10:45:59,583:INFO: Validating model on same-size sequences
2019-05-18 10:46:10,907:INFO: Validating model on same-size sequences
2019-05-18 10:46:20,450:INFO: Validating model on same-size sequences
2019-05-18 10:46:30,034:INFO: Validating model on same-size sequences
2019-05-18 10:46:38,328:INFO: Validating model on same-size sequences
2019-05-18 10:46:48,413:INFO: Validating model on same-size sequences
2019-05-18 10:47:00,058:INFO: Validating model on same-size sequences
2019-05-18 10:47:11,667:INFO: Validating model on same-size sequences
2019-05-18 10:47:20,863:INFO: Validating model on same-size sequences
2019-05-18 10:47:23,954:INFO: Sequences: 49600, Mean episode_total_rewards: 0.02678411226930964, loss_avg: 9.648308157920837e-05, epsilon: 0.08728173466026652 curr_temp_size: 2 (3374.88 ms/iter), temp_k in loss: 0.0024875415627079733
2019-05-18 10:47:30,712:INFO: Validating model on same-size sequences
2019-05-18 10:47:42,038:INFO: Validating model on same-size sequences
2019-05-18 10:47:52,473:INFO: Validating model on same-size sequences
2019-05-18 10:48:01,756:INFO: Validating model on same-size sequences
2019-05-18 10:48:09,711:INFO: Validating model on same-size sequences
2019-05-18 10:48:19,837:INFO: Validating model on same-size sequences
2019-05-18 10:48:29,627:INFO: Validating model on same-size sequences
2019-05-18 10:48:38,982:INFO: Validating model on same-size sequences
2019-05-18 10:48:45,347:INFO: Sequences: 51200, Mean episode_total_rewards: 0.02886884469696969, loss_avg: 7.198762148618698e-05, epsilon: 0.08534546819587802 curr_temp_size: 2 (3255.72 ms/iter), temp_k in loss: 0.0024875415627079733
2019-05-18 10:48:45,348:INFO: Validating model on longer sequences
2019-05-18 10:49:08,536:INFO: Validating model on same-size sequences
2019-05-18 10:49:19,419:INFO: Validating model on same-size sequences
2019-05-18 10:49:30,341:INFO: Validating model on same-size sequences
2019-05-18 10:49:40,356:INFO: Validating model on same-size sequences
2019-05-18 10:49:52,151:INFO: Validating model on same-size sequences
2019-05-18 10:50:02,287:INFO: Validating model on same-size sequences
2019-05-18 10:50:11,074:INFO: Validating model on same-size sequences
2019-05-18 10:50:24,153:INFO: Validating model on same-size sequences
2019-05-18 10:50:33,563:INFO: Sequences: 52800, Mean episode_total_rewards: 0.029167545995671, loss_avg: 7.122770883142948e-05, epsilon: 0.08350976378567716 curr_temp_size: 2 (4328.63 ms/iter), temp_k in loss: 0.0024875415627079733
2019-05-18 10:50:33,563:INFO: Validating model on same-size sequences
2019-05-18 10:50:45,267:INFO: Validating model on same-size sequences
2019-05-18 10:50:55,633:INFO: Validating model on same-size sequences
2019-05-18 10:51:06,942:INFO: Validating model on same-size sequences
2019-05-18 10:51:18,208:INFO: Validating model on same-size sequences
2019-05-18 10:51:29,222:INFO: Validating model on same-size sequences
2019-05-18 10:51:37,428:INFO: Validating model on same-size sequences
2019-05-18 10:51:49,621:INFO: Validating model on same-size sequences
2019-05-18 10:51:58,536:INFO: Validating model on same-size sequences
2019-05-18 10:52:02,887:INFO: Sequences: 54400, Mean episode_total_rewards: 0.023911956738437004, loss_avg: 9.856749325990676e-05, epsilon: 0.0815583070621366 curr_temp_size: 2 (3572.95 ms/iter), temp_k in loss: 0.0024875415627079733
2019-05-18 10:52:09,400:INFO: Validating model on same-size sequences
2019-05-18 10:52:22,839:INFO: Validating model on same-size sequences
2019-05-18 10:52:33,289:INFO: Validating model on same-size sequences
2019-05-18 10:52:43,525:INFO: Validating model on same-size sequences
2019-05-18 10:52:53,577:INFO: Validating model on same-size sequences
2019-05-18 10:53:04,610:INFO: Validating model on same-size sequences
2019-05-18 10:53:16,277:INFO: Validating model on same-size sequences
2019-05-18 10:53:28,641:INFO: Validating model on same-size sequences
2019-05-18 10:53:37,451:INFO: Sequences: 56000, Mean episode_total_rewards: 0.024451822916666664, loss_avg: 0.00010852362029254437, epsilon: 0.07991929288551317 curr_temp_size: 2 (3782.56 ms/iter), temp_k in loss: 0.0024875415627079733
2019-05-18 10:53:41,495:INFO: Validating model on same-size sequences
2019-05-18 10:53:50,741:INFO: Validating model on same-size sequences
2019-05-18 10:54:04,438:INFO: Validating model on same-size sequences
2019-05-18 10:54:12,506:INFO: Validating model on same-size sequences
2019-05-18 10:54:25,869:INFO: Validating model on same-size sequences
2019-05-18 10:54:37,267:INFO: Validating model on same-size sequences
2019-05-18 10:54:46,546:INFO: Validating model on same-size sequences
2019-05-18 10:54:57,566:INFO: Validating model on same-size sequences
2019-05-18 10:55:07,352:INFO: Sequences: 57600, Mean episode_total_rewards: 0.023232798793859654, loss_avg: 9.482012130320072e-05, epsilon: 0.07836540264997705 curr_temp_size: 2 (3596.03 ms/iter), temp_k in loss: 0.0024875415627079733
2019-05-18 10:55:07,352:INFO: Validating model on same-size sequences
2019-05-18 10:55:08,829:INFO: Validating model on longer sequences
2019-05-18 10:55:41,879:INFO: Validating model on same-size sequences
2019-05-18 10:55:52,980:INFO: Validating model on same-size sequences
2019-05-18 10:56:04,996:INFO: Validating model on same-size sequences
2019-05-18 10:56:16,620:INFO: Validating model on same-size sequences
2019-05-18 10:56:27,111:INFO: Validating model on same-size sequences
2019-05-18 10:56:40,826:INFO: Validating model on same-size sequences
2019-05-18 10:56:50,962:INFO: Validating model on same-size sequences
2019-05-18 10:57:01,742:INFO: Validating model on same-size sequences
2019-05-18 10:57:05,060:INFO: Sequences: 59200, Mean episode_total_rewards: 0.027428013392857144, loss_avg: 8.851229213178158e-05, epsilon: 0.07671353019658503 curr_temp_size: 2 (4708.35 ms/iter), temp_k in loss: 0.0024875415627079733
2019-05-18 10:57:10,509:INFO: Validating model on same-size sequences
2019-05-18 10:57:23,343:INFO: Validating model on same-size sequences
2019-05-18 10:57:32,612:INFO: Validating model on same-size sequences
2019-05-18 10:57:42,197:INFO: Validating model on same-size sequences
2019-05-18 10:57:50,264:INFO: Validating model on same-size sequences
2019-05-18 10:57:58,996:INFO: Validating model on same-size sequences
2019-05-18 10:58:07,729:INFO: Validating model on same-size sequences
2019-05-18 10:58:18,216:INFO: Validating model on same-size sequences
2019-05-18 10:58:25,583:INFO: Sequences: 60800, Mean episode_total_rewards: 0.025666630244755243, loss_avg: 8.446471765637398e-05, epsilon: 0.07532613464923665 curr_temp_size: 2 (3220.89 ms/iter), temp_k in loss: 0.0024875415627079733
2019-05-18 10:58:28,866:INFO: Validating model on same-size sequences
2019-05-18 10:58:39,857:INFO: Validating model on same-size sequences
2019-05-18 10:58:50,895:INFO: Validating model on same-size sequences
2019-05-18 10:59:03,670:INFO: Validating model on same-size sequences
2019-05-18 10:59:13,991:INFO: Validating model on same-size sequences
2019-05-18 10:59:24,715:INFO: Validating model on same-size sequences
2019-05-18 10:59:34,133:INFO: Validating model on same-size sequences
2019-05-18 10:59:44,724:INFO: Validating model on same-size sequences
2019-05-18 10:59:54,826:INFO: Sequences: 62400, Mean episode_total_rewards: 0.02495969012605042, loss_avg: 0.00011603743769228458, epsilon: 0.07401079496236936 curr_temp_size: 2 (3569.73 ms/iter), temp_k in loss: 0.0024875415627079733
2019-05-18 10:59:54,826:INFO: Validating model on same-size sequences
2019-05-18 11:00:07,649:INFO: Validating model on same-size sequences
2019-05-18 11:00:15,868:INFO: Validating model on same-size sequences
2019-05-18 11:00:28,420:INFO: Validating model on same-size sequences
2019-05-18 11:00:37,527:INFO: Validating model on same-size sequences
2019-05-18 11:00:45,622:INFO: Validating model on same-size sequences
2019-05-18 11:00:56,731:INFO: Validating model on same-size sequences
2019-05-18 11:01:04,035:INFO: Validating model on same-size sequences
2019-05-18 11:01:14,510:INFO: Validating model on same-size sequences
2019-05-18 11:01:18,668:INFO: Sequences: 64000, Mean episode_total_rewards: 0.026011820211038962, loss_avg: 9.193764999508858e-05, epsilon: 0.07261251511872281 curr_temp_size: 2 (3353.68 ms/iter), temp_k in loss: 0.0024875415627079733
2019-05-18 11:01:18,668:INFO: Validating model on longer sequences
2019-05-18 11:01:49,181:INFO: Validating model on same-size sequences
2019-05-18 11:02:00,543:INFO: Validating model on same-size sequences
2019-05-18 11:02:11,807:INFO: Validating model on same-size sequences
2019-05-18 11:02:24,565:INFO: Validating model on same-size sequences
2019-05-18 11:02:32,513:INFO: Validating model on same-size sequences
2019-05-18 11:02:44,048:INFO: Validating model on same-size sequences
2019-05-18 11:02:54,415:INFO: Validating model on same-size sequences
2019-05-18 11:03:06,923:INFO: Validating model on same-size sequences
2019-05-18 11:03:13,789:INFO: Sequences: 65600, Mean episode_total_rewards: 0.03035360863095238, loss_avg: 7.60973384603858e-05, epsilon: 0.0714381101426978 curr_temp_size: 2 (4604.87 ms/iter), temp_k in loss: 0.0024875415627079733
2019-05-18 11:03:17,024:INFO: Validating model on same-size sequences
2019-05-18 11:03:29,613:INFO: Validating model on same-size sequences
2019-05-18 11:03:38,658:INFO: Validating model on same-size sequences
2019-05-18 11:03:53,148:INFO: Validating model on same-size sequences
2019-05-18 11:04:05,196:INFO: Validating model on same-size sequences
2019-05-18 11:04:14,290:INFO: Validating model on same-size sequences
2019-05-18 11:04:24,425:INFO: Validating model on same-size sequences
2019-05-18 11:04:35,529:INFO: Validating model on same-size sequences
2019-05-18 11:04:46,250:INFO: Sequences: 67200, Mean episode_total_rewards: 0.028818050986842106, loss_avg: 8.079588413238525e-05, epsilon: 0.07032469913574128 curr_temp_size: 2 (3698.42 ms/iter), temp_k in loss: 0.0024875415627079733
2019-05-18 11:04:46,250:INFO: Validating model on same-size sequences
2019-05-18 11:04:56,568:INFO: Validating model on same-size sequences
2019-05-18 11:05:08,644:INFO: Validating model on same-size sequences
2019-05-18 11:05:17,567:INFO: Validating model on same-size sequences
2019-05-18 11:05:26,853:INFO: Validating model on same-size sequences
2019-05-18 11:05:37,708:INFO: Validating model on same-size sequences
2019-05-18 11:05:50,665:INFO: Validating model on same-size sequences
2019-05-18 11:06:00,858:INFO: Validating model on same-size sequences
2019-05-18 11:06:09,014:INFO: Validating model on same-size sequences
2019-05-18 11:06:14,875:INFO: Sequences: 68800, Mean episode_total_rewards: 0.02407318376068376, loss_avg: 0.00012199408374726772, epsilon: 0.06914108080181157 curr_temp_size: 2 (3545.02 ms/iter), temp_k in loss: 0.0024875415627079733
2019-05-18 11:06:22,209:INFO: Validating model on same-size sequences
2019-05-18 11:06:29,944:INFO: Validating model on same-size sequences
2019-05-18 11:06:39,404:INFO: Validating model on same-size sequences
2019-05-18 11:06:49,491:INFO: Validating model on same-size sequences
2019-05-18 11:07:02,102:INFO: Validating model on same-size sequences
2019-05-18 11:07:12,503:INFO: Validating model on same-size sequences
2019-05-18 11:07:23,522:INFO: Validating model on same-size sequences
2019-05-18 11:07:33,307:INFO: Validating model on same-size sequences
2019-05-18 11:07:42,073:INFO: Sequences: 70400, Mean episode_total_rewards: 0.02238095238095238, loss_avg: 0.00015529733151197433, epsilon: 0.0681469684519858 curr_temp_size: 2 (3487.89 ms/iter), temp_k in loss: 0.0024875415627079733
2019-05-18 11:07:42,073:INFO: Validating model on longer sequences
2019-05-18 11:08:07,328:INFO: Validating model on same-size sequences
2019-05-18 11:08:23,216:INFO: Validating model on same-size sequences
2019-05-18 11:08:33,365:INFO: Validating model on same-size sequences
2019-05-18 11:08:43,161:INFO: Validating model on same-size sequences
2019-05-18 11:08:54,866:INFO: Validating model on same-size sequences
2019-05-18 11:09:04,127:INFO: Validating model on same-size sequences
2019-05-18 11:09:17,042:INFO: Validating model on same-size sequences
2019-05-18 11:09:31,358:INFO: Validating model on same-size sequences
2019-05-18 11:09:40,769:INFO: Sequences: 72000, Mean episode_total_rewards: 0.03035365675990676, loss_avg: 6.24453416094184e-05, epsilon: 0.06720448638230506 curr_temp_size: 2 (4747.85 ms/iter), temp_k in loss: 0.0024875415627079733
2019-05-18 11:09:40,769:INFO: Validating model on same-size sequences
2019-05-18 11:09:49,087:INFO: Validating model on same-size sequences
2019-05-18 11:10:00,532:INFO: Validating model on same-size sequences
2019-05-18 11:10:09,944:INFO: Validating model on same-size sequences
2019-05-18 11:10:21,366:INFO: Validating model on same-size sequences
2019-05-18 11:10:33,121:INFO: Validating model on same-size sequences
2019-05-18 11:10:45,704:INFO: Validating model on same-size sequences
2019-05-18 11:10:56,599:INFO: Validating model on same-size sequences
2019-05-18 11:11:03,442:INFO: Validating model on same-size sequences
2019-05-18 11:11:09,210:INFO: Sequences: 73600, Mean episode_total_rewards: 0.02615677521008403, loss_avg: 8.149111643433571e-05, epsilon: 0.06620257509338807 curr_temp_size: 2 (3537.64 ms/iter), temp_k in loss: 0.0024875415627079733
2019-05-18 11:11:15,721:INFO: Validating model on same-size sequences
2019-05-18 11:11:26,273:INFO: Validating model on same-size sequences
2019-05-18 11:11:35,922:INFO: Validating model on same-size sequences
2019-05-18 11:11:46,562:INFO: Validating model on same-size sequences
2019-05-18 11:11:59,461:INFO: Validating model on same-size sequences
2019-05-18 11:12:11,856:INFO: Validating model on same-size sequences
2019-05-18 11:12:22,986:INFO: Validating model on same-size sequences
2019-05-18 11:12:36,349:INFO: Validating model on same-size sequences
2019-05-18 11:12:43,466:INFO: Sequences: 75200, Mean episode_total_rewards: 0.030962719298245612, loss_avg: 5.3670806810259816e-05, epsilon: 0.0653610771567725 curr_temp_size: 2 (3770.25 ms/iter), temp_k in loss: 0.0024875415627079733
2019-05-18 11:12:48,543:INFO: Validating model on same-size sequences
2019-05-18 11:12:56,525:INFO: Validating model on same-size sequences
2019-05-18 11:13:10,729:INFO: Validating model on same-size sequences
2019-05-18 11:13:22,294:INFO: Validating model on same-size sequences
2019-05-18 11:13:33,409:INFO: Validating model on same-size sequences
2019-05-18 11:13:43,236:INFO: Validating model on same-size sequences
2019-05-18 11:13:56,458:INFO: Validating model on same-size sequences
2019-05-18 11:14:07,681:INFO: Validating model on same-size sequences
2019-05-18 11:14:19,554:INFO: Sequences: 76800, Mean episode_total_rewards: 0.024847813956124717, loss_avg: 0.00010485368780791759, epsilon: 0.06456328330875066 curr_temp_size: 2 (3843.53 ms/iter), temp_k in loss: 0.0024875415627079733
2019-05-18 11:14:19,555:INFO: Validating model on same-size sequences
2019-05-18 11:14:20,401:INFO: Validating model on longer sequences
2019-05-18 11:14:52,441:INFO: Validating model on same-size sequences
2019-05-18 11:15:03,579:INFO: Validating model on same-size sequences
2019-05-18 11:15:13,407:INFO: Validating model on same-size sequences
2019-05-18 11:15:24,931:INFO: Validating model on same-size sequences
2019-05-18 11:15:35,702:INFO: Validating model on same-size sequences
2019-05-18 11:15:44,038:INFO: Validating model on same-size sequences
2019-05-18 11:15:54,215:INFO: Validating model on same-size sequences
2019-05-18 11:16:08,842:INFO: Validating model on same-size sequences
2019-05-18 11:16:12,302:INFO: Sequences: 78400, Mean episode_total_rewards: 0.025004464285714286, loss_avg: 0.00010413619689643383, epsilon: 0.06371518371272085 curr_temp_size: 2 (4509.92 ms/iter), temp_k in loss: 0.0024875415627079733
2019-05-18 11:16:19,335:INFO: Validating model on same-size sequences
2019-05-18 11:16:33,149:INFO: Validating model on same-size sequences
2019-05-18 11:16:44,602:INFO: Validating model on same-size sequences
2019-05-18 11:16:53,776:INFO: Validating model on same-size sequences
2019-05-18 11:17:03,375:INFO: Validating model on same-size sequences
2019-05-18 11:17:13,197:INFO: Validating model on same-size sequences
2019-05-18 11:17:24,493:INFO: Validating model on same-size sequences
2019-05-18 11:17:35,736:INFO: Validating model on same-size sequences
2019-05-18 11:17:45,009:INFO: Sequences: 80000, Mean episode_total_rewards: 0.028953124999999996, loss_avg: 5.446565803140402e-05, epsilon: 0.0630028710878426 curr_temp_size: 2 (3708.25 ms/iter), temp_k in loss: 0.0024875415627079733
2019-05-18 11:17:49,737:INFO: Validating model on same-size sequences
2019-05-18 11:18:03,654:INFO: Validating model on same-size sequences
2019-05-18 11:18:14,012:INFO: Validating model on same-size sequences
2019-05-18 11:18:25,829:INFO: Validating model on same-size sequences
2019-05-18 11:18:37,626:INFO: Validating model on same-size sequences
2019-05-18 11:18:52,544:INFO: Validating model on same-size sequences
2019-05-18 11:19:04,869:INFO: Validating model on same-size sequences
2019-05-18 11:19:17,480:INFO: Validating model on same-size sequences
2019-05-18 11:19:29,527:INFO: Sequences: 81600, Mean episode_total_rewards: 0.024120966478696743, loss_avg: 8.041762746870518e-05, epsilon: 0.06232755317526195 curr_temp_size: 2 (4180.74 ms/iter), temp_k in loss: 0.0024875415627079733
2019-05-18 11:19:29,527:INFO: Validating model on same-size sequences
2019-05-18 11:19:39,648:INFO: Validating model on same-size sequences
2019-05-18 11:19:52,284:INFO: Validating model on same-size sequences
2019-05-18 11:20:03,716:INFO: Validating model on same-size sequences
2019-05-18 11:20:16,580:INFO: Validating model on same-size sequences
2019-05-18 11:20:31,850:INFO: Validating model on same-size sequences
2019-05-18 11:20:44,126:INFO: Validating model on same-size sequences
2019-05-18 11:20:57,357:INFO: Validating model on same-size sequences
2019-05-18 11:21:09,887:INFO: Validating model on same-size sequences
2019-05-18 11:21:14,048:INFO: Sequences: 83200, Mean episode_total_rewards: 0.03075297619047619, loss_avg: 7.405056618154049e-05, epsilon: 0.061609652366335595 curr_temp_size: 2 (4180.85 ms/iter), temp_k in loss: 0.0024875415627079733
2019-05-18 11:21:14,049:INFO: Validating model on longer sequences
2019-05-18 11:21:43,294:INFO: Validating model on same-size sequences
2019-05-18 11:21:55,364:INFO: Validating model on same-size sequences
2019-05-18 11:22:07,797:INFO: Validating model on same-size sequences
2019-05-18 11:22:17,619:INFO: Validating model on same-size sequences
2019-05-18 11:22:27,908:INFO: Validating model on same-size sequences
2019-05-18 11:22:39,553:INFO: Validating model on same-size sequences
2019-05-18 11:22:50,959:INFO: Validating model on same-size sequences
2019-05-18 11:23:02,369:INFO: Validating model on same-size sequences
2019-05-18 11:23:11,084:INFO: Sequences: 84800, Mean episode_total_rewards: 0.028545587225274723, loss_avg: 7.741708774119615e-05, epsilon: 0.061006692746967295 curr_temp_size: 2 (4681.42 ms/iter), temp_k in loss: 0.0024875415627079733
2019-05-18 11:23:14,080:INFO: Validating model on same-size sequences
2019-05-18 11:23:27,348:INFO: Validating model on same-size sequences
2019-05-18 11:23:39,492:INFO: Validating model on same-size sequences
2019-05-18 11:23:51,285:INFO: Validating model on same-size sequences
2019-05-18 11:24:03,313:INFO: Validating model on same-size sequences
2019-05-18 11:24:15,353:INFO: Validating model on same-size sequences
2019-05-18 11:24:28,132:INFO: Validating model on same-size sequences
2019-05-18 11:24:42,144:INFO: Validating model on same-size sequences
2019-05-18 11:24:52,256:INFO: Sequences: 86400, Mean episode_total_rewards: 0.02729366987179487, loss_avg: 0.00010058364830911159, epsilon: 0.060435048475476504 curr_temp_size: 2 (4046.87 ms/iter), temp_k in loss: 0.0024875415627079733
2019-05-18 11:24:52,256:INFO: Validating model on same-size sequences
2019-05-18 11:25:01,650:INFO: Validating model on same-size sequences
2019-05-18 11:25:11,438:INFO: Validating model on same-size sequences
2019-05-18 11:25:25,996:INFO: Validating model on same-size sequences
2019-05-18 11:25:36,146:INFO: Validating model on same-size sequences
2019-05-18 11:25:48,620:INFO: Validating model on same-size sequences
2019-05-18 11:25:59,716:INFO: Validating model on same-size sequences
2019-05-18 11:26:09,289:INFO: Validating model on same-size sequences
2019-05-18 11:26:22,065:INFO: Validating model on same-size sequences
2019-05-18 11:26:25,128:INFO: Sequences: 88000, Mean episode_total_rewards: 0.029430803571428573, loss_avg: 7.250085938721895e-05, epsilon: 0.05982735856043615 curr_temp_size: 2 (3714.88 ms/iter), temp_k in loss: 0.0024875415627079733
2019-05-18 11:26:30,953:INFO: Validating model on same-size sequences
2019-05-18 11:26:44,729:INFO: Validating model on same-size sequences
2019-05-18 11:26:57,328:INFO: Validating model on same-size sequences
2019-05-18 11:27:09,498:INFO: Validating model on same-size sequences
2019-05-18 11:27:20,623:INFO: Validating model on same-size sequences
2019-05-18 11:27:33,443:INFO: Validating model on same-size sequences
2019-05-18 11:27:47,168:INFO: Validating model on same-size sequences
2019-05-18 11:27:57,712:INFO: Validating model on same-size sequences
2019-05-18 11:28:04,725:INFO: Sequences: 89600, Mean episode_total_rewards: 0.028515625, loss_avg: 6.94975070655346e-05, epsilon: 0.059316964261793885 curr_temp_size: 2 (3983.88 ms/iter), temp_k in loss: 0.0024875415627079733
2019-05-18 11:28:04,725:INFO: Validating model on longer sequences
2019-05-18 11:28:28,310:INFO: Validating model on same-size sequences
2019-05-18 11:28:39,811:INFO: Validating model on same-size sequences
2019-05-18 11:28:50,238:INFO: Validating model on same-size sequences
2019-05-18 11:29:06,261:INFO: Validating model on same-size sequences
2019-05-18 11:29:20,030:INFO: Validating model on same-size sequences
2019-05-18 11:29:35,050:INFO: Validating model on same-size sequences
2019-05-18 11:29:44,159:INFO: Validating model on same-size sequences
2019-05-18 11:29:57,395:INFO: Validating model on same-size sequences
2019-05-18 11:30:09,302:INFO: Sequences: 91200, Mean episode_total_rewards: 0.0328640350877193, loss_avg: 3.50965978577733e-05, epsilon: 0.058833077832838525 curr_temp_size: 2 (4983.08 ms/iter), temp_k in loss: 0.0024875415627079733
2019-05-18 11:30:09,302:INFO: Validating model on same-size sequences
2019-05-18 11:30:20,287:INFO: Validating model on same-size sequences
2019-05-18 11:30:32,103:INFO: Validating model on same-size sequences
2019-05-18 11:30:41,920:INFO: Validating model on same-size sequences
2019-05-18 11:30:53,124:INFO: Validating model on same-size sequences
2019-05-18 11:31:04,692:INFO: Validating model on same-size sequences
2019-05-18 11:31:15,063:INFO: Validating model on same-size sequences
2019-05-18 11:31:29,112:INFO: Validating model on same-size sequences
2019-05-18 11:31:40,801:INFO: Validating model on same-size sequences
2019-05-18 11:31:46,854:INFO: Sequences: 92800, Mean episode_total_rewards: 0.02809741950757576, loss_avg: 6.442407611757517e-05, epsilon: 0.05831867942535654 curr_temp_size: 2 (3902.08 ms/iter), temp_k in loss: 0.0024875415627079733
2019-05-18 11:31:54,719:INFO: Validating model on same-size sequences
2019-05-18 11:32:08,846:INFO: Validating model on same-size sequences
2019-05-18 11:32:21,979:INFO: Validating model on same-size sequences
2019-05-18 11:32:34,017:INFO: Validating model on same-size sequences
2019-05-18 11:32:47,005:INFO: Validating model on same-size sequences
2019-05-18 11:32:58,218:INFO: Validating model on same-size sequences
2019-05-18 11:33:09,237:INFO: Validating model on same-size sequences
2019-05-18 11:33:21,845:INFO: Validating model on same-size sequences
2019-05-18 11:33:28,898:INFO: Sequences: 94400, Mean episode_total_rewards: 0.030557864010989012, loss_avg: 5.5693075992166997e-05, epsilon: 0.0578866399790675 curr_temp_size: 2 (4081.77 ms/iter), temp_k in loss: 0.0024875415627079733
2019-05-18 11:33:33,491:INFO: Validating model on same-size sequences
2019-05-18 11:33:47,372:INFO: Validating model on same-size sequences
2019-05-18 11:34:00,796:INFO: Validating model on same-size sequences
2019-05-18 11:34:15,410:INFO: Validating model on same-size sequences
2019-05-18 11:34:28,266:INFO: Validating model on same-size sequences
2019-05-18 11:34:42,153:INFO: Validating model on same-size sequences
2019-05-18 11:34:54,814:INFO: Validating model on same-size sequences
2019-05-18 11:35:06,070:INFO: Validating model on same-size sequences
2019-05-18 11:35:17,148:INFO: Sequences: 96000, Mean episode_total_rewards: 0.02704556595365419, loss_avg: 8.583125658333302e-05, epsilon: 0.0574770389600342 curr_temp_size: 2 (4330.01 ms/iter), temp_k in loss: 0.0024875415627079733
2019-05-18 11:35:17,148:INFO: Validating model on same-size sequences
2019-05-18 11:35:18,414:INFO: Validating model on longer sequences
2019-05-18 11:35:58,403:INFO: Validating model on same-size sequences
2019-05-18 11:36:10,346:INFO: Validating model on same-size sequences
2019-05-18 11:36:21,938:INFO: Validating model on same-size sequences
2019-05-18 11:36:33,990:INFO: Validating model on same-size sequences
2019-05-18 11:36:44,904:INFO: Validating model on same-size sequences
2019-05-18 11:36:57,571:INFO: Validating model on same-size sequences
2019-05-18 11:37:09,368:INFO: Validating model on same-size sequences
2019-05-18 11:37:19,438:INFO: Validating model on same-size sequences
2019-05-18 11:37:22,550:INFO: Sequences: 97600, Mean episode_total_rewards: 0.02519249746963563, loss_avg: 9.62683092802763e-05, epsilon: 0.05704161010878787 curr_temp_size: 2 (5016.07 ms/iter), temp_k in loss: 0.0024875415627079733
2019-05-18 11:37:28,544:INFO: Validating model on same-size sequences
2019-05-18 11:37:38,017:INFO: Validating model on same-size sequences
2019-05-18 11:37:49,136:INFO: Validating model on same-size sequences
2019-05-18 11:38:00,369:INFO: Validating model on same-size sequences
2019-05-18 11:38:12,283:INFO: Validating model on same-size sequences
2019-05-18 11:38:25,019:INFO: Validating model on same-size sequences
2019-05-18 11:38:37,449:INFO: Validating model on same-size sequences
2019-05-18 11:38:49,675:INFO: Validating model on same-size sequences
2019-05-18 11:39:01,186:INFO: Sequences: 99200, Mean episode_total_rewards: 0.025544828869047617, loss_avg: 8.555081672966481e-05, epsilon: 0.05667589661307233 curr_temp_size: 2 (3945.43 ms/iter), temp_k in loss: 0.0024875415627079733
2019-05-18 11:39:04,736:INFO: Validating model on same-size sequences
2019-05-18 11:39:16,209:INFO: Validating model on same-size sequences
2019-05-18 11:39:30,039:INFO: Validating model on same-size sequences
2019-05-18 11:39:38,642:INFO: Validating model on same-size sequences
2019-05-18 11:39:48,905:INFO: Validating model on same-size sequences
2019-05-18 11:40:01,516:INFO: Validating model on same-size sequences
2019-05-18 11:40:12,093:INFO: Validating model on same-size sequences
2019-05-18 11:40:21,333:INFO: Validating model on same-size sequences
2019-05-18 11:40:33,446:INFO: Sequences: 100800, Mean episode_total_rewards: 0.029337463394448683, loss_avg: 5.812015850096941e-05, epsilon: 0.05632917683596408 curr_temp_size: 2 (3690.42 ms/iter), temp_k in loss: 0.0024875415627079733
2019-05-18 11:40:33,447:INFO: Validating model on same-size sequences
2019-05-18 11:40:50,034:INFO: Validating model on same-size sequences
2019-05-18 11:41:03,800:INFO: Validating model on same-size sequences
2019-05-18 11:41:14,736:INFO: Validating model on same-size sequences
2019-05-18 11:41:27,473:INFO: Validating model on same-size sequences
2019-05-18 11:41:37,037:INFO: Validating model on same-size sequences
2019-05-18 11:41:49,206:INFO: Validating model on same-size sequences
2019-05-18 11:42:00,898:INFO: Validating model on same-size sequences
2019-05-18 11:42:12,511:INFO: Validating model on same-size sequences
2019-05-18 11:42:17,230:INFO: Sequences: 102400, Mean episode_total_rewards: 0.027796875000000002, loss_avg: 6.536016240715981e-05, epsilon: 0.05596059427089394 curr_temp_size: 2 (4151.37 ms/iter), temp_k in loss: 0.0024875415627079733
2019-05-18 11:42:17,231:INFO: Validating model on longer sequences
2019-05-18 11:42:48,817:INFO: Validating model on same-size sequences
2019-05-18 11:43:02,361:INFO: Validating model on same-size sequences
2019-05-18 11:43:13,997:INFO: Validating model on same-size sequences
2019-05-18 11:43:27,889:INFO: Validating model on same-size sequences
2019-05-18 11:43:39,430:INFO: Validating model on same-size sequences
2019-05-18 11:43:49,313:INFO: Validating model on same-size sequences
2019-05-18 11:44:02,631:INFO: Validating model on same-size sequences
2019-05-18 11:44:12,667:INFO: Validating model on same-size sequences
2019-05-18 11:44:20,412:INFO: Sequences: 104000, Mean episode_total_rewards: 0.028119713345864657, loss_avg: 9.443096816539764e-05, epsilon: 0.055651024480224874 curr_temp_size: 2 (4927.27 ms/iter), temp_k in loss: 0.0024875415627079733
2019-05-18 11:44:25,132:INFO: Validating model on same-size sequences
2019-05-18 11:44:38,128:INFO: Validating model on same-size sequences
2019-05-18 11:44:48,419:INFO: Validating model on same-size sequences
2019-05-18 11:44:59,165:INFO: Validating model on same-size sequences
2019-05-18 11:45:12,646:INFO: Validating model on same-size sequences
2019-05-18 11:45:25,133:INFO: Validating model on same-size sequences
2019-05-18 11:45:36,776:INFO: Validating model on same-size sequences
2019-05-18 11:45:48,285:INFO: Validating model on same-size sequences
2019-05-18 11:46:00,487:INFO: Sequences: 105600, Mean episode_total_rewards: 0.03232549894957983, loss_avg: 5.2477703429758546e-05, epsilon: 0.055357532525244585 curr_temp_size: 2 (4003.01 ms/iter), temp_k in loss: 0.0024875415627079733
2019-05-18 11:46:00,488:INFO: Validating model on same-size sequences
2019-05-18 11:46:11,396:INFO: Validating model on same-size sequences
2019-05-18 11:46:22,589:INFO: Validating model on same-size sequences
2019-05-18 11:46:37,357:INFO: Validating model on same-size sequences
2019-05-18 11:46:52,370:INFO: Validating model on same-size sequences
2019-05-18 11:47:03,209:INFO: Validating model on same-size sequences
2019-05-18 11:47:13,579:INFO: Validating model on same-size sequences
2019-05-18 11:47:23,884:INFO: Validating model on same-size sequences
2019-05-18 11:47:35,807:INFO: Validating model on same-size sequences
2019-05-18 11:47:38,652:INFO: Sequences: 107200, Mean episode_total_rewards: 0.03271546052631579, loss_avg: 4.911158699542284e-05, epsilon: 0.055045534119799414 curr_temp_size: 2 (3926.60 ms/iter), temp_k in loss: 0.0024875415627079733
2019-05-18 11:47:46,513:INFO: Validating model on same-size sequences
2019-05-18 11:47:59,440:INFO: Validating model on same-size sequences
2019-05-18 11:48:12,156:INFO: Validating model on same-size sequences
2019-05-18 11:48:22,253:INFO: Validating model on same-size sequences
2019-05-18 11:48:37,819:INFO: Validating model on same-size sequences
2019-05-18 11:48:48,239:INFO: Validating model on same-size sequences
2019-05-18 11:48:58,588:INFO: Validating model on same-size sequences
2019-05-18 11:49:11,865:INFO: Validating model on same-size sequences
2019-05-18 11:49:22,055:INFO: Sequences: 108800, Mean episode_total_rewards: 0.022591346153846156, loss_avg: 8.736735209822654e-05, epsilon: 0.05478348894941984 curr_temp_size: 2 (4136.10 ms/iter), temp_k in loss: 0.0024875415627079733
2019-05-18 11:49:22,055:INFO: Validating model on longer sequences
2019-05-18 11:49:49,285:INFO: Validating model on same-size sequences
2019-05-18 11:50:03,415:INFO: Validating model on same-size sequences
2019-05-18 11:50:13,275:INFO: Validating model on same-size sequences
2019-05-18 11:50:25,076:INFO: Validating model on same-size sequences
2019-05-18 11:50:37,408:INFO: Validating model on same-size sequences
2019-05-18 11:50:51,806:INFO: Validating model on same-size sequences
2019-05-18 11:51:04,058:INFO: Validating model on same-size sequences
2019-05-18 11:51:19,633:INFO: Validating model on same-size sequences
2019-05-18 11:51:31,726:INFO: Sequences: 110400, Mean episode_total_rewards: 0.02960808722527473, loss_avg: 5.731448531150818e-05, epsilon: 0.054535053373126606 curr_temp_size: 2 (5186.85 ms/iter), temp_k in loss: 0.0024875415627079733
2019-05-18 11:51:31,727:INFO: Validating model on same-size sequences
2019-05-18 11:51:43,310:INFO: Validating model on same-size sequences
2019-05-18 11:51:57,120:INFO: Validating model on same-size sequences
2019-05-18 11:52:10,208:INFO: Validating model on same-size sequences
2019-05-18 11:52:22,075:INFO: Validating model on same-size sequences
2019-05-18 11:52:35,204:INFO: Validating model on same-size sequences
2019-05-18 11:52:46,746:INFO: Validating model on same-size sequences
2019-05-18 11:52:56,065:INFO: Validating model on same-size sequences
2019-05-18 11:53:08,292:INFO: Validating model on same-size sequences
2019-05-18 11:53:11,557:INFO: Sequences: 112000, Mean episode_total_rewards: 0.030797619047619046, loss_avg: 5.548706278204918e-05, epsilon: 0.054270952424722255 curr_temp_size: 2 (3993.21 ms/iter), temp_k in loss: 0.0024875415627079733
2019-05-18 11:53:19,625:INFO: Validating model on same-size sequences
2019-05-18 11:53:30,713:INFO: Validating model on same-size sequences
2019-05-18 11:53:41,821:INFO: Validating model on same-size sequences
2019-05-18 11:53:50,926:INFO: Validating model on same-size sequences
2019-05-18 11:54:05,692:INFO: Validating model on same-size sequences
2019-05-18 11:54:18,957:INFO: Validating model on same-size sequences
2019-05-18 11:54:32,252:INFO: Validating model on same-size sequences
2019-05-18 11:54:47,964:INFO: Validating model on same-size sequences
2019-05-18 11:54:55,223:INFO: Sequences: 113600, Mean episode_total_rewards: 0.03269549486461251, loss_avg: 5.046142730861902e-05, epsilon: 0.0540491359769001 curr_temp_size: 2 (4146.64 ms/iter), temp_k in loss: 0.0024875415627079733
2019-05-18 11:54:58,309:INFO: Validating model on same-size sequences
2019-05-18 11:55:12,986:INFO: Validating model on same-size sequences
2019-05-18 11:55:26,343:INFO: Validating model on same-size sequences
2019-05-18 11:55:38,421:INFO: Validating model on same-size sequences
2019-05-18 11:55:50,937:INFO: Validating model on same-size sequences
2019-05-18 11:56:03,089:INFO: Validating model on same-size sequences
2019-05-18 11:56:15,155:INFO: Validating model on same-size sequences
2019-05-18 11:56:29,051:INFO: Validating model on same-size sequences
2019-05-18 11:56:41,214:INFO: Sequences: 115200, Mean episode_total_rewards: 0.024729385504201683, loss_avg: 0.0001070708129554987, epsilon: 0.05383883980175521 curr_temp_size: 2 (4239.65 ms/iter), temp_k in loss: 0.0024875415627079733
2019-05-18 11:56:41,217:INFO: Validating model on same-size sequences
2019-05-18 11:56:42,567:INFO: Validating model on longer sequences
2019-05-18 11:57:15,988:INFO: Validating model on same-size sequences
2019-05-18 11:57:27,632:INFO: Validating model on same-size sequences
2019-05-18 11:57:43,413:INFO: Validating model on same-size sequences
2019-05-18 11:57:56,155:INFO: Validating model on same-size sequences
2019-05-18 11:58:08,838:INFO: Validating model on same-size sequences
2019-05-18 11:58:20,826:INFO: Validating model on same-size sequences
2019-05-18 11:58:31,462:INFO: Validating model on same-size sequences
2019-05-18 11:58:44,306:INFO: Validating model on same-size sequences
2019-05-18 11:58:48,755:INFO: Sequences: 116800, Mean episode_total_rewards: 0.027473410087719297, loss_avg: 8.408653549849987e-05, epsilon: 0.05361528317540464 curr_temp_size: 2 (5101.64 ms/iter), temp_k in loss: 0.0024875415627079733
2019-05-18 11:58:56,414:INFO: Validating model on same-size sequences
2019-05-18 11:59:07,637:INFO: Validating model on same-size sequences
2019-05-18 11:59:21,084:INFO: Validating model on same-size sequences
2019-05-18 11:59:36,792:INFO: Validating model on same-size sequences
2019-05-18 11:59:50,039:INFO: Validating model on same-size sequences
2019-05-18 12:00:02,179:INFO: Validating model on same-size sequences
2019-05-18 12:00:14,125:INFO: Validating model on same-size sequences
2019-05-18 12:00:27,229:INFO: Validating model on same-size sequences
2019-05-18 12:00:37,438:INFO: Sequences: 118400, Mean episode_total_rewards: 0.026158153044871794, loss_avg: 9.554760530591012e-05, epsilon: 0.053427519606043035 curr_temp_size: 2 (4347.35 ms/iter), temp_k in loss: 0.0024875415627079733
2019-05-18 12:00:43,217:INFO: Validating model on same-size sequences
2019-05-18 12:00:56,095:INFO: Validating model on same-size sequences
2019-05-18 12:01:08,520:INFO: Validating model on same-size sequences
2019-05-18 12:01:21,918:INFO: Validating model on same-size sequences
2019-05-18 12:01:31,679:INFO: Validating model on same-size sequences
2019-05-18 12:01:42,533:INFO: Validating model on same-size sequences
2019-05-18 12:01:51,838:INFO: Validating model on same-size sequences
2019-05-18 12:02:04,455:INFO: Validating model on same-size sequences
2019-05-18 12:02:19,050:INFO: Sequences: 120000, Mean episode_total_rewards: 0.023291895604395606, loss_avg: 8.755242452025413e-05, epsilon: 0.053249507736968495 curr_temp_size: 2 (4064.45 ms/iter), temp_k in loss: 0.0024875415627079733
2019-05-18 12:02:19,050:INFO: Validating model on same-size sequences
2019-05-18 12:02:33,212:INFO: Validating model on same-size sequences
2019-05-18 12:02:47,371:INFO: Validating model on same-size sequences
2019-05-18 12:03:01,315:INFO: Validating model on same-size sequences
2019-05-18 12:03:12,755:INFO: Validating model on same-size sequences
2019-05-18 12:03:28,156:INFO: Validating model on same-size sequences
2019-05-18 12:03:39,602:INFO: Validating model on same-size sequences
2019-05-18 12:03:50,266:INFO: Validating model on same-size sequences
2019-05-18 12:04:02,214:INFO: Validating model on same-size sequences
2019-05-18 12:04:05,870:INFO: Sequences: 121600, Mean episode_total_rewards: 0.027835060466494293, loss_avg: 7.324530743062496e-05, epsilon: 0.05306027113828454 curr_temp_size: 2 (4272.82 ms/iter), temp_k in loss: 0.0024875415627079733
2019-05-18 12:04:05,871:INFO: Validating model on longer sequences
2019-05-18 12:04:35,284:INFO: Validating model on same-size sequences
2019-05-18 12:04:47,142:INFO: Validating model on same-size sequences
2019-05-18 12:05:00,948:INFO: Validating model on same-size sequences
2019-05-18 12:05:12,493:INFO: Validating model on same-size sequences
2019-05-18 12:05:27,143:INFO: Validating model on same-size sequences
2019-05-18 12:05:38,773:INFO: Validating model on same-size sequences
2019-05-18 12:05:50,446:INFO: Validating model on same-size sequences
2019-05-18 12:06:05,537:INFO: Validating model on same-size sequences
2019-05-18 12:06:14,712:INFO: Sequences: 123200, Mean episode_total_rewards: 0.026274333050527905, loss_avg: 0.00010281761176884175, epsilon: 0.05290133270821971 curr_temp_size: 2 (5153.65 ms/iter), temp_k in loss: 0.0024875415627079733
2019-05-18 12:06:18,737:INFO: Validating model on same-size sequences
2019-05-18 12:06:32,646:INFO: Validating model on same-size sequences
2019-05-18 12:06:46,778:INFO: Validating model on same-size sequences
2019-05-18 12:06:56,350:INFO: Validating model on same-size sequences
2019-05-18 12:07:08,179:INFO: Validating model on same-size sequences
2019-05-18 12:07:22,948:INFO: Validating model on same-size sequences
2019-05-18 12:07:36,093:INFO: Validating model on same-size sequences
2019-05-18 12:07:50,150:INFO: Validating model on same-size sequences
2019-05-18 12:08:04,683:INFO: Sequences: 124800, Mean episode_total_rewards: 0.024282367577597844, loss_avg: 8.585737086832523e-05, epsilon: 0.052750648914234484 curr_temp_size: 2 (4398.83 ms/iter), temp_k in loss: 0.0024875415627079733
2019-05-18 12:08:04,683:INFO: Validating model on same-size sequences
2019-05-18 12:08:20,469:INFO: Validating model on same-size sequences
2019-05-18 12:08:31,816:INFO: Validating model on same-size sequences
2019-05-18 12:08:45,411:INFO: Validating model on same-size sequences
2019-05-18 12:08:57,470:INFO: Validating model on same-size sequences
2019-05-18 12:09:10,235:INFO: Validating model on same-size sequences
2019-05-18 12:09:23,973:INFO: Validating model on same-size sequences
2019-05-18 12:09:36,086:INFO: Validating model on same-size sequences
2019-05-18 12:09:50,224:INFO: Validating model on same-size sequences
2019-05-18 12:09:55,781:INFO: Sequences: 126400, Mean episode_total_rewards: 0.025246338502506266, loss_avg: 7.467671763151884e-05, epsilon: 0.05259046359176806 curr_temp_size: 2 (4443.92 ms/iter), temp_k in loss: 0.0024875415627079733
2019-05-18 12:10:02,540:INFO: Validating model on same-size sequences
2019-05-18 12:10:14,410:INFO: Validating model on same-size sequences
2019-05-18 12:10:29,189:INFO: Validating model on same-size sequences
2019-05-18 12:10:40,827:INFO: Validating model on same-size sequences
2019-05-18 12:10:50,245:INFO: Validating model on same-size sequences
2019-05-18 12:11:02,091:INFO: Validating model on same-size sequences
2019-05-18 12:11:17,091:INFO: Validating model on same-size sequences
2019-05-18 12:11:30,684:INFO: Validating model on same-size sequences
2019-05-18 12:11:38,061:INFO: Sequences: 128000, Mean episode_total_rewards: 0.031137152777777777, loss_avg: 7.165349554270506e-05, epsilon: 0.052455925115335374 curr_temp_size: 2 (4091.20 ms/iter), temp_k in loss: 0.0024875415627079733
2019-05-18 12:11:38,078:INFO: Validating model on longer sequences
2019-05-18 12:12:11,168:INFO: Validating model on same-size sequences
2019-05-18 12:12:23,114:INFO: Validating model on same-size sequences
2019-05-18 12:12:32,093:INFO: Validating model on same-size sequences
2019-05-18 12:12:45,591:INFO: Validating model on same-size sequences
2019-05-18 12:12:57,324:INFO: Validating model on same-size sequences
2019-05-18 12:13:07,670:INFO: Validating model on same-size sequences
2019-05-18 12:13:20,781:INFO: Validating model on same-size sequences
2019-05-18 12:13:34,232:INFO: Validating model on same-size sequences
2019-05-18 12:13:46,086:INFO: Sequences: 129600, Mean episode_total_rewards: 0.028351438492063494, loss_avg: 5.1518259570002554e-05, epsilon: 0.0523283740374897 curr_temp_size: 2 (5121.00 ms/iter), temp_k in loss: 0.0024875415627079733
2019-05-18 12:13:46,086:INFO: Validating model on same-size sequences
2019-05-18 12:13:59,331:INFO: Validating model on same-size sequences
2019-05-18 12:14:10,537:INFO: Validating model on same-size sequences
2019-05-18 12:14:25,747:INFO: Validating model on same-size sequences
2019-05-18 12:14:39,656:INFO: Validating model on same-size sequences
2019-05-18 12:14:50,458:INFO: Validating model on same-size sequences
2019-05-18 12:15:05,274:INFO: Validating model on same-size sequences
2019-05-18 12:15:18,402:INFO: Validating model on same-size sequences
2019-05-18 12:15:30,033:INFO: Validating model on same-size sequences
2019-05-18 12:15:35,011:INFO: Sequences: 131200, Mean episode_total_rewards: 0.02447834429824561, loss_avg: 8.337161503732204e-05, epsilon: 0.05219278008942616 curr_temp_size: 2 (4357.01 ms/iter), temp_k in loss: 0.0024875415627079733
2019-05-18 12:15:42,366:INFO: Validating model on same-size sequences
2019-05-18 12:15:55,323:INFO: Validating model on same-size sequences
2019-05-18 12:16:09,113:INFO: Validating model on same-size sequences
2019-05-18 12:16:21,144:INFO: Validating model on same-size sequences
2019-05-18 12:16:34,325:INFO: Validating model on same-size sequences
2019-05-18 12:16:45,190:INFO: Validating model on same-size sequences
2019-05-18 12:17:00,393:INFO: Validating model on same-size sequences
2019-05-18 12:17:14,091:INFO: Validating model on same-size sequences
2019-05-18 12:17:23,129:INFO: Sequences: 132800, Mean episode_total_rewards: 0.027575520833333332, loss_avg: 7.86544568836689e-05, epsilon: 0.05207889572783127 curr_temp_size: 2 (4324.73 ms/iter), temp_k in loss: 0.0024875415627079733
2019-05-18 12:17:29,376:INFO: Validating model on same-size sequences
2019-05-18 12:17:44,827:INFO: Validating model on same-size sequences
2019-05-18 12:17:55,525:INFO: Validating model on same-size sequences
2019-05-18 12:18:07,924:INFO: Validating model on same-size sequences
2019-05-18 12:18:22,150:INFO: Validating model on same-size sequences
2019-05-18 12:18:38,685:INFO: Validating model on same-size sequences
2019-05-18 12:18:50,946:INFO: Validating model on same-size sequences
2019-05-18 12:19:03,879:INFO: Validating model on same-size sequences
2019-05-18 12:19:17,127:INFO: Sequences: 134400, Mean episode_total_rewards: 0.029130374957000344, loss_avg: 7.028643973171711e-05, epsilon: 0.05197092607144481 curr_temp_size: 2 (4559.90 ms/iter), temp_k in loss: 0.0024875415627079733
2019-05-18 12:19:17,127:INFO: Validating model on same-size sequences
2019-05-18 12:19:18,670:INFO: Validating model on longer sequences
2019-05-18 12:20:01,918:INFO: Validating model on same-size sequences
2019-05-18 12:20:15,531:INFO: Validating model on same-size sequences
2019-05-18 12:20:27,164:INFO: Validating model on same-size sequences
2019-05-18 12:20:38,350:INFO: Validating model on same-size sequences
2019-05-18 12:20:52,008:INFO: Validating model on same-size sequences
2019-05-18 12:21:05,265:INFO: Validating model on same-size sequences
2019-05-18 12:21:15,812:INFO: Validating model on same-size sequences
2019-05-18 12:21:28,465:INFO: Validating model on same-size sequences
2019-05-18 12:21:32,952:INFO: Sequences: 136000, Mean episode_total_rewards: 0.028729166666666663, loss_avg: 6.240797229111195e-05, epsilon: 0.05185614827240326 curr_temp_size: 2 (5433.02 ms/iter), temp_k in loss: 0.0024875415627079733
2019-05-18 12:21:40,025:INFO: Validating model on same-size sequences
2019-05-18 12:21:50,258:INFO: Validating model on same-size sequences
2019-05-18 12:21:59,231:INFO: Validating model on same-size sequences
2019-05-18 12:22:09,906:INFO: Validating model on same-size sequences
2019-05-18 12:22:20,438:INFO: Validating model on same-size sequences
2019-05-18 12:22:31,113:INFO: Validating model on same-size sequences
2019-05-18 12:22:43,507:INFO: Validating model on same-size sequences
2019-05-18 12:22:55,355:INFO: Validating model on same-size sequences
2019-05-18 12:23:03,483:INFO: Sequences: 137600, Mean episode_total_rewards: 0.026563802083333338, loss_avg: 7.345530670136214e-05, epsilon: 0.05175974724156234 curr_temp_size: 2 (3621.24 ms/iter), temp_k in loss: 0.0024875415627079733
2019-05-18 12:23:08,951:INFO: Validating model on same-size sequences
2019-05-18 12:23:20,630:INFO: Validating model on same-size sequences
2019-05-18 12:23:33,575:INFO: Validating model on same-size sequences
2019-05-18 12:23:47,571:INFO: Validating model on same-size sequences
2019-05-18 12:24:00,585:INFO: Validating model on same-size sequences
2019-05-18 12:24:12,854:INFO: Validating model on same-size sequences
2019-05-18 12:24:24,809:INFO: Validating model on same-size sequences
2019-05-18 12:24:35,188:INFO: Validating model on same-size sequences
2019-05-18 12:24:49,495:INFO: Sequences: 139200, Mean episode_total_rewards: 0.0317207532051282, loss_avg: 5.482492037117481e-05, epsilon: 0.05166835290058848 curr_temp_size: 2 (4240.49 ms/iter), temp_k in loss: 0.0024875415627079733
2019-05-18 12:24:49,496:INFO: Validating model on same-size sequences
2019-05-18 12:25:03,935:INFO: Validating model on same-size sequences
2019-05-18 12:25:14,770:INFO: Validating model on same-size sequences
2019-05-18 12:25:30,621:INFO: Validating model on same-size sequences
2019-05-18 12:25:43,103:INFO: Validating model on same-size sequences
2019-05-18 12:25:52,966:INFO: Validating model on same-size sequences
2019-05-18 12:26:03,691:INFO: Validating model on same-size sequences
2019-05-18 12:26:17,644:INFO: Validating model on same-size sequences
2019-05-18 12:26:28,844:INFO: Validating model on same-size sequences
2019-05-18 12:26:33,074:INFO: Sequences: 140800, Mean episode_total_rewards: 0.02626302083333333, loss_avg: 7.574757561087608e-05, epsilon: 0.05157119559127664 curr_temp_size: 2 (4142.96 ms/iter), temp_k in loss: 0.0024875415627079733
2019-05-18 12:26:33,074:INFO: Validating model on longer sequences
2019-05-18 12:27:11,895:INFO: Validating model on same-size sequences
2019-05-18 12:27:26,655:INFO: Validating model on same-size sequences
2019-05-18 12:27:42,381:INFO: Validating model on same-size sequences
2019-05-18 12:27:55,881:INFO: Validating model on same-size sequences
2019-05-18 12:28:06,741:INFO: Validating model on same-size sequences
2019-05-18 12:28:18,342:INFO: Validating model on same-size sequences
2019-05-18 12:28:30,100:INFO: Validating model on same-size sequences
2019-05-18 12:28:39,912:INFO: Validating model on same-size sequences
2019-05-18 12:28:50,316:INFO: Sequences: 142400, Mean episode_total_rewards: 0.026529141865079365, loss_avg: 6.903837900608778e-05, epsilon: 0.05148959388040919 curr_temp_size: 2 (5489.86 ms/iter), temp_k in loss: 0.0024875415627079733
2019-05-18 12:28:54,936:INFO: Validating model on same-size sequences
2019-05-18 12:29:07,176:INFO: Validating model on same-size sequences
2019-05-18 12:29:21,411:INFO: Validating model on same-size sequences
2019-05-18 12:29:32,500:INFO: Validating model on same-size sequences
2019-05-18 12:29:44,582:INFO: Validating model on same-size sequences
2019-05-18 12:29:58,470:INFO: Validating model on same-size sequences
2019-05-18 12:30:10,760:INFO: Validating model on same-size sequences
2019-05-18 12:30:22,509:INFO: Validating model on same-size sequences
2019-05-18 12:30:32,055:INFO: Sequences: 144000, Mean episode_total_rewards: 0.031614583333333335, loss_avg: 6.0208593495190144e-05, epsilon: 0.0514122302410164 curr_temp_size: 2 (4069.57 ms/iter), temp_k in loss: 0.0024875415627079733
2019-05-18 12:30:32,055:INFO: Validating model on same-size sequences
2019-05-18 12:30:44,356:INFO: Validating model on same-size sequences
2019-05-18 12:30:56,195:INFO: Validating model on same-size sequences
2019-05-18 12:31:09,361:INFO: Validating model on same-size sequences
2019-05-18 12:31:22,613:INFO: Validating model on same-size sequences
2019-05-18 12:31:36,171:INFO: Validating model on same-size sequences
2019-05-18 12:31:48,018:INFO: Validating model on same-size sequences
2019-05-18 12:32:01,446:INFO: Validating model on same-size sequences
2019-05-18 12:32:14,087:INFO: Validating model on same-size sequences
2019-05-18 12:32:20,086:INFO: Sequences: 145600, Mean episode_total_rewards: 0.02579655005941771, loss_avg: 6.465217098593712e-05, epsilon: 0.05132998835424438 curr_temp_size: 2 (4321.23 ms/iter), temp_k in loss: 0.0024875415627079733
2019-05-18 12:32:26,515:INFO: Validating model on same-size sequences
2019-05-18 12:32:37,690:INFO: Validating model on same-size sequences
2019-05-18 12:32:52,183:INFO: Validating model on same-size sequences
2019-05-18 12:33:06,012:INFO: Validating model on same-size sequences
2019-05-18 12:33:19,669:INFO: Validating model on same-size sequences
2019-05-18 12:33:31,107:INFO: Validating model on same-size sequences
2019-05-18 12:33:42,686:INFO: Validating model on same-size sequences
2019-05-18 12:33:56,917:INFO: Validating model on same-size sequences
2019-05-18 12:34:05,196:INFO: Sequences: 147200, Mean episode_total_rewards: 0.029784989316239314, loss_avg: 6.000456400215626e-05, epsilon: 0.051260913997275274 curr_temp_size: 2 (4204.42 ms/iter), temp_k in loss: 0.0024875415627079733
2019-05-18 12:34:05,196:INFO: Validating model on longer sequences
2019-05-18 12:34:33,775:INFO: Validating model on same-size sequences
2019-05-18 12:34:48,619:INFO: Validating model on same-size sequences
2019-05-18 12:34:59,640:INFO: Validating model on same-size sequences
2019-05-18 12:35:13,212:INFO: Validating model on same-size sequences
2019-05-18 12:35:26,403:INFO: Validating model on same-size sequences
2019-05-18 12:35:39,685:INFO: Validating model on same-size sequences
2019-05-18 12:35:51,622:INFO: Validating model on same-size sequences
2019-05-18 12:36:08,158:INFO: Validating model on same-size sequences
2019-05-18 12:36:20,822:INFO: Sequences: 148800, Mean episode_total_rewards: 0.028297406928780286, loss_avg: 5.6645339354872705e-05, epsilon: 0.05119542709035825 curr_temp_size: 2 (5425.05 ms/iter), temp_k in loss: 0.0024875415627079733
2019-05-18 12:36:20,823:INFO: Validating model on same-size sequences
2019-05-18 12:36:32,978:INFO: Validating model on same-size sequences
2019-05-18 12:36:45,358:INFO: Validating model on same-size sequences
2019-05-18 12:36:59,470:INFO: Validating model on same-size sequences
2019-05-18 12:37:10,965:INFO: Validating model on same-size sequences
2019-05-18 12:37:21,845:INFO: Validating model on same-size sequences
2019-05-18 12:37:32,865:INFO: Validating model on same-size sequences
2019-05-18 12:37:47,117:INFO: Validating model on same-size sequences
2019-05-18 12:37:59,604:INFO: Validating model on same-size sequences
2019-05-18 12:38:03,795:INFO: Sequences: 150400, Mean episode_total_rewards: 0.028557528409090913, loss_avg: 8.663374930620193e-05, epsilon: 0.05112581083618521 curr_temp_size: 2 (4118.93 ms/iter), temp_k in loss: 0.0024875415627079733
2019-05-18 12:38:10,219:INFO: Validating model on same-size sequences
2019-05-18 12:38:22,954:INFO: Validating model on same-size sequences
2019-05-18 12:38:36,849:INFO: Validating model on same-size sequences
2019-05-18 12:38:49,024:INFO: Validating model on same-size sequences
2019-05-18 12:39:00,937:INFO: Validating model on same-size sequences
2019-05-18 12:39:13,099:INFO: Validating model on same-size sequences
2019-05-18 12:39:27,815:INFO: Validating model on same-size sequences
2019-05-18 12:39:40,120:INFO: Validating model on same-size sequences
2019-05-18 12:39:51,492:INFO: Sequences: 152000, Mean episode_total_rewards: 0.027434568903318902, loss_avg: 6.924984976649285e-05, epsilon: 0.051067340655352296 curr_temp_size: 2 (4307.86 ms/iter), temp_k in loss: 0.0024875415627079733
2019-05-18 12:39:56,382:INFO: Validating model on same-size sequences
2019-05-18 12:40:07,465:INFO: Validating model on same-size sequences
2019-05-18 12:40:24,510:INFO: Validating model on same-size sequences
2019-05-18 12:40:36,392:INFO: Validating model on same-size sequences
2019-05-18 12:40:49,141:INFO: Validating model on same-size sequences
2019-05-18 12:41:01,753:INFO: Validating model on same-size sequences
2019-05-18 12:41:13,976:INFO: Validating model on same-size sequences
2019-05-18 12:41:25,430:INFO: Validating model on same-size sequences
2019-05-18 12:41:38,295:INFO: Sequences: 153600, Mean episode_total_rewards: 0.027055241609203487, loss_avg: 6.823419593274594e-05, epsilon: 0.05101190718542742 curr_temp_size: 2 (4272.13 ms/iter), temp_k in loss: 0.0024875415627079733
2019-05-18 12:41:38,295:INFO: Validating model on same-size sequences
2019-05-18 12:41:38,922:INFO: Validating model on longer sequences
2019-05-18 12:42:10,909:INFO: Validating model on same-size sequences
2019-05-18 12:42:25,827:INFO: Validating model on same-size sequences
2019-05-18 12:42:38,828:INFO: Validating model on same-size sequences
2019-05-18 12:42:51,952:INFO: Validating model on same-size sequences
2019-05-18 12:43:06,880:INFO: Validating model on same-size sequences
2019-05-18 12:43:16,961:INFO: Validating model on same-size sequences
2019-05-18 12:43:31,669:INFO: Validating model on same-size sequences
2019-05-18 12:43:43,193:INFO: Validating model on same-size sequences
2019-05-18 12:43:48,196:INFO: Sequences: 155200, Mean episode_total_rewards: 0.030214743589743586, loss_avg: 7.593232207000256e-05, epsilon: 0.050952978298514605 curr_temp_size: 2 (5196.02 ms/iter), temp_k in loss: 0.0024875415627079733
2019-05-18 12:43:57,523:INFO: Validating model on same-size sequences
2019-05-18 12:44:08,716:INFO: Validating model on same-size sequences
2019-05-18 12:44:23,846:INFO: Validating model on same-size sequences
2019-05-18 12:44:41,525:INFO: Validating model on same-size sequences
2019-05-18 12:44:59,287:INFO: Validating model on same-size sequences
2019-05-18 12:45:15,611:INFO: Validating model on same-size sequences
2019-05-18 12:45:28,432:INFO: Validating model on same-size sequences
2019-05-18 12:45:45,240:INFO: Validating model on same-size sequences
2019-05-18 12:45:52,440:INFO: Sequences: 156800, Mean episode_total_rewards: 0.030752206127206128, loss_avg: 7.43840867653489e-05, epsilon: 0.05090348435898849 curr_temp_size: 2 (4969.79 ms/iter), temp_k in loss: 0.0024875415627079733
2019-05-18 12:45:55,957:INFO: Validating model on same-size sequences
2019-05-18 12:46:09,719:INFO: Validating model on same-size sequences
2019-05-18 12:46:18,182:INFO: Validating model on same-size sequences
2019-05-18 12:46:30,605:INFO: Validating model on same-size sequences
2019-05-18 12:46:42,338:INFO: Validating model on same-size sequences
2019-05-18 12:46:53,991:INFO: Validating model on same-size sequences
2019-05-18 12:47:07,196:INFO: Validating model on same-size sequences
2019-05-18 12:47:19,859:INFO: Validating model on same-size sequences
2019-05-18 12:47:33,434:INFO: Sequences: 158400, Mean episode_total_rewards: 0.02729248903508772, loss_avg: 8.344151079654694e-05, epsilon: 0.05085656093974981 curr_temp_size: 2 (4039.75 ms/iter), temp_k in loss: 0.0024875415627079733
2019-05-18 12:47:33,434:INFO: Validating model on same-size sequences
2019-05-18 12:47:47,836:INFO: Validating model on same-size sequences
2019-05-18 12:47:59,987:INFO: Validating model on same-size sequences
2019-05-18 12:48:16,088:INFO: Validating model on same-size sequences
2019-05-18 12:48:27,927:INFO: Validating model on same-size sequences
2019-05-18 12:48:40,217:INFO: Validating model on same-size sequences
2019-05-18 12:48:49,983:INFO: Validating model on same-size sequences
2019-05-18 12:49:01,993:INFO: Validating model on same-size sequences
2019-05-18 12:49:13,892:INFO: Validating model on same-size sequences
2019-05-18 12:49:18,977:INFO: Sequences: 160000, Mean episode_total_rewards: 0.024799244021694675, loss_avg: 8.270114660263061e-05, epsilon: 0.05080667871390997 curr_temp_size: 2 (4221.74 ms/iter), temp_k in loss: 0.0024875415627079733
2019-05-18 12:49:18,978:INFO: Validating model on longer sequences
2019-05-18 12:49:51,477:INFO: Validating model on same-size sequences
2019-05-18 12:50:01,518:INFO: Validating model on same-size sequences
2019-05-18 12:50:13,670:INFO: Validating model on same-size sequences
2019-05-18 12:50:23,817:INFO: Validating model on same-size sequences
2019-05-18 12:50:38,050:INFO: Validating model on same-size sequences
2019-05-18 12:50:51,336:INFO: Validating model on same-size sequences
2019-05-18 12:51:02,362:INFO: Validating model on same-size sequences
2019-05-18 12:51:14,484:INFO: Validating model on same-size sequences
2019-05-18 12:51:24,820:INFO: Sequences: 161600, Mean episode_total_rewards: 0.02624513086484594, loss_avg: 9.357540868222714e-05, epsilon: 0.05076478299860827 curr_temp_size: 2 (5033.70 ms/iter), temp_k in loss: 0.0024875415627079733
2019-05-18 12:51:29,216:INFO: Validating model on same-size sequences
2019-05-18 12:51:36,901:INFO: Validating model on same-size sequences
2019-05-18 12:51:50,084:INFO: Validating model on same-size sequences
2019-05-18 12:52:04,450:INFO: Validating model on same-size sequences
2019-05-18 12:52:16,065:INFO: Validating model on same-size sequences
2019-05-18 12:52:29,858:INFO: Validating model on same-size sequences
2019-05-18 12:52:42,332:INFO: Validating model on same-size sequences
2019-05-18 12:52:53,905:INFO: Validating model on same-size sequences
2019-05-18 12:53:05,821:INFO: Sequences: 163200, Mean episode_total_rewards: 0.0286000744047619, loss_avg: 6.869317963719368e-05, epsilon: 0.05072506318175334 curr_temp_size: 2 (4040.05 ms/iter), temp_k in loss: 0.0024875415627079733
2019-05-18 12:53:05,822:INFO: Validating model on same-size sequences
2019-05-18 12:53:21,102:INFO: Validating model on same-size sequences
2019-05-18 12:53:32,850:INFO: Validating model on same-size sequences
2019-05-18 12:53:45,584:INFO: Validating model on same-size sequences
2019-05-18 12:53:59,174:INFO: Validating model on same-size sequences
2019-05-18 12:54:10,347:INFO: Validating model on same-size sequences
